2021-09-25 15:39:25,573 INFO Grasp attempt: 4
2021-09-25 15:39:52,986 INFO Sampling opening angle
2021-09-25 15:39:52,988 DEBUG Opening angle: 0.130662934227788
2021-09-25 15:39:52,988 INFO Opening gripper
2021-09-25 15:42:04,310 DEBUG Counter: 145, Error:9.718458099081118e-05
2021-09-25 15:42:04,335 INFO Sampling gripper position
2021-09-25 15:42:04,418 DEBUG u: 1277, v: 901, d:0.9967274069786072
2021-09-25 15:42:04,418 DEBUG x_world: 0.09902303665876389, y_world: -0.11260245740413666, z_world:0.06909795105457306
2021-09-25 15:42:04,419 DEBUG Gripper pose: [-0.11260245740413666, 0.09902303665876389, 0.9309020489454269, -9.954305568689782e-05]
2021-09-25 15:42:04,419 INFO Moving gripper
2021-09-25 15:42:34,553 DEBUG Counter: 87, Error:9.446069102424232e-05
2021-09-25 15:42:34,554 INFO Computing opening width and jaw size
2021-09-25 15:42:34,555 DEBUG w: 244.0317397090127, h: 72.4919204711914
2021-09-25 15:42:34,621 INFO Sampling gripper rotation angle
2021-09-25 15:42:34,621 DEBUG Object yaw: 0.8598239082577824
2021-09-25 15:42:34,622 DEBUG Theta0: 0.8598239082577824
2021-09-25 15:42:34,622 DEBUG Theta: 1.2866305655122419
2021-09-25 15:42:34,622 INFO Rotating gripper
2021-09-25 15:42:34,622 DEBUG Gripper pose: [-0.11255387229715513, 0.09898915849857405, 0.9308284651171049, -1.2866305655122419]
2021-09-25 15:44:28,679 DEBUG Counter: 257, Error:9.014545504326676e-05
2021-09-25 15:44:28,754 INFO Moving gripper downwards until contact
2021-09-25 15:44:35,406 DEBUG Counter: 13, Error: 0.03847055243983485, Contact:1
2021-09-25 15:44:35,406 INFO Closing gripper
2021-09-25 16:32:03,383 DEBUG Counter: 2000, Error: 0.0019267718710681558
2021-09-25 16:32:03,383 INFO Moving gripper upwards
2021-09-25 16:34:10,702 DEBUG Counter: 90, Error: 9.716950630213728e-05
2021-09-25 16:34:10,702 DEBUG Grasp successful: False
2021-09-25 16:34:10,702 INFO Saving data
