2021-09-25 13:14:39,760 INFO Grasp attempt: 1
2021-09-25 13:14:39,760 INFO Sampling opening angle
2021-09-25 13:14:39,761 DEBUG Opening angle: 0.14167294755546253
2021-09-25 13:14:39,761 INFO Opening gripper
2021-09-25 13:14:42,906 DEBUG Counter: 192, Error:9.857006539912283e-05
2021-09-25 13:14:42,925 INFO Sampling gripper position
2021-09-25 13:14:43,027 DEBUG u: 746, v: 391, d:0.9967274069786072
2021-09-25 13:14:43,028 DEBUG x_world: -0.06595874577760696, y_world: 0.04565680772066116, z_world:0.06909795105457306
2021-09-25 13:14:43,028 DEBUG Gripper pose: [0.04565680772066116, -0.06595874577760696, 0.9309020489454269, -2.2018236803301041e-13]
2021-09-25 13:14:43,028 INFO Moving gripper
2021-09-25 13:14:44,004 DEBUG Counter: 85, Error:9.323196247471632e-05
2021-09-25 13:14:44,005 INFO Computing opening width and jaw size
2021-09-25 13:14:44,006 DEBUG w: 240.46051025390625, h: 72.43475341796875
2021-09-25 13:14:44,090 INFO Sampling gripper rotation angle
2021-09-25 13:14:44,090 DEBUG Object yaw: 0.8598234575493872
2021-09-25 13:14:44,090 DEBUG Theta0: 0.8598234575493872
2021-09-25 13:14:44,091 DEBUG Theta: 0.7499260987888705
2021-09-25 13:14:44,091 INFO Rotating gripper
2021-09-25 13:14:44,091 DEBUG Gripper pose: [0.04564694067508067, -0.06594120554781786, 0.9308110149925448, -0.7499260987888705]
2021-09-25 13:14:46,553 DEBUG Counter: 171, Error:9.5625187665376e-05
2021-09-25 13:14:46,642 INFO Moving gripper downwards until contact
2021-09-25 13:14:46,840 DEBUG Counter: 12, Error: 0.03944691663512174, Contact:1
2021-09-25 13:14:46,840 INFO Closing gripper
2021-09-25 13:22:08,143 DEBUG Counter: 2000, Error: 0.5718566033354363
2021-09-25 13:22:08,144 INFO Moving gripper upwards
2021-09-25 13:22:25,022 DEBUG Counter: 93, Error: 9.818612148261806e-05
2021-09-25 13:22:25,023 DEBUG Grasp successful: False
2021-09-25 13:22:25,023 INFO Saving data
