2021-09-25 16:34:10,779 INFO Grasp attempt: 5
2021-09-25 16:35:08,426 INFO Sampling opening angle
2021-09-25 16:35:08,427 DEBUG Opening angle: 0.2995982013300746
2021-09-25 16:35:08,427 INFO Opening gripper
2021-09-25 16:45:23,228 DEBUG Counter: 363, Error:9.724481607431557e-05
2021-09-25 16:45:23,274 INFO Sampling gripper position
2021-09-25 16:45:23,467 DEBUG u: 748, v: 251, d:0.9967274069786072
2021-09-25 16:45:23,468 DEBUG x_world: -0.06533735245466232, y_world: 0.08910053968429565, z_world:0.06909795105457306
2021-09-25 16:45:23,468 DEBUG Gripper pose: [0.08910053968429565, -0.06533735245466232, 0.9309020489454269, -9.029035203584037e-05]
2021-09-25 16:45:23,468 INFO Moving gripper
2021-09-25 16:45:58,042 DEBUG Counter: 85, Error:9.794529966554104e-05
2021-09-25 16:45:58,042 INFO Computing opening width and jaw size
2021-09-25 16:45:58,043 DEBUG w: 186.41394137142203, h: 71.70404052734375
2021-09-25 16:45:58,118 INFO Sampling gripper rotation angle
2021-09-25 16:45:58,118 DEBUG Object yaw: 0.8598227087035981
2021-09-25 16:45:58,118 DEBUG Theta0: 0.8598227087035981
2021-09-25 16:45:58,118 DEBUG Theta: 0.8326528986809241
2021-09-25 16:45:58,119 INFO Rotating gripper
2021-09-25 16:45:58,119 DEBUG Gripper pose: [0.08906824194431377, -0.06532008433740653, 0.9308112087018943, -0.8326528986809241]
2021-09-25 16:47:27,621 DEBUG Counter: 184, Error:9.72368517823119e-05
2021-09-25 16:47:27,711 INFO Moving gripper downwards until contact
2021-09-25 16:47:31,019 DEBUG Counter: 5, Error: 0.06495378803932922, Contact:1
2021-09-25 16:47:31,020 INFO Closing gripper
2021-09-25 18:56:50,263 DEBUG Counter: 2000, Error: 0.0033389796593331633
2021-09-25 18:56:50,263 INFO Moving gripper upwards
2021-09-25 19:04:00,663 DEBUG Counter: 86, Error: 9.301389941584172e-05
2021-09-25 19:04:00,664 DEBUG Grasp successful: False
2021-09-25 19:04:00,664 INFO Saving data
