2021-09-26 08:51:46,058 INFO Grasp attempt: 10
2021-09-26 08:57:11,860 INFO Sampling opening angle
2021-09-26 08:57:11,861 DEBUG Opening angle: 0.20563391743297893
2021-09-26 08:57:11,861 INFO Opening gripper
2021-09-26 09:14:12,993 DEBUG Counter: 224, Error:9.611246550356167e-05
2021-09-26 09:14:13,010 INFO Sampling gripper position
2021-09-26 09:14:13,108 DEBUG u: 1242, v: 804, d:0.9967274069786072
2021-09-26 09:14:13,109 DEBUG x_world: 0.08814854919910431, y_world: -0.08250216394662857, z_world:0.06909795105457306
2021-09-26 09:14:13,109 DEBUG Gripper pose: [-0.08250216394662857, 0.08814854919910431, 0.9309020489454269, -9.060162727523079e-05]
2021-09-26 09:14:13,109 INFO Moving gripper
2021-09-26 09:15:23,916 DEBUG Counter: 85, Error:9.988994918251082e-05
2021-09-26 09:15:23,916 INFO Computing opening width and jaw size
2021-09-26 09:15:23,917 DEBUG w: 218.8604747144503, h: 72.1119384765625
2021-09-26 09:15:23,982 INFO Sampling gripper rotation angle
2021-09-26 09:15:23,982 DEBUG Object yaw: 0.85982344479775
2021-09-26 09:15:23,983 DEBUG Theta0: 0.85982344479775
2021-09-26 09:15:23,983 DEBUG Theta: 0.9166967260059672
2021-09-26 09:15:23,983 INFO Rotating gripper
2021-09-26 09:15:23,983 DEBUG Gripper pose: [-0.08247506520492422, 0.08811705782438194, 0.9308112086819761, -0.9166967260059672]
2021-09-26 09:18:34,103 DEBUG Counter: 198, Error:9.101167251301945e-05
2021-09-26 09:18:34,179 INFO Moving gripper downwards until contact
2021-09-26 09:19:39,726 DEBUG Counter: 69, Error: 9.530485205784126e-05, Contact:0
2021-09-26 09:19:39,726 INFO Closing gripper
2021-09-26 12:37:48,524 DEBUG Counter: 2000, Error: 0.4170540288120721
2021-09-26 12:37:48,525 INFO Moving gripper upwards
2021-09-26 12:46:05,264 DEBUG Counter: 104, Error: 9.596756833476382e-05
2021-09-26 12:46:05,264 DEBUG Grasp successful: True
2021-09-26 12:46:05,264 INFO Saving data
