2021-09-26 02:11:18,458 INFO Grasp attempt: 8
2021-09-26 02:13:00,753 INFO Sampling opening angle
2021-09-26 02:13:00,754 DEBUG Opening angle: 0.20166678861255535
2021-09-26 02:13:00,754 INFO Opening gripper
2021-09-26 02:32:30,970 DEBUG Counter: 252, Error:9.809772936655858e-05
2021-09-26 02:32:30,984 INFO Sampling gripper position
2021-09-26 02:32:31,108 DEBUG u: 881, v: 388, d:0.9967274069786072
2021-09-26 02:32:31,108 DEBUG x_world: -0.024014223366975784, y_world: 0.0465877540409565, z_world:0.06909795105457306
2021-09-26 02:32:31,108 DEBUG Gripper pose: [0.0465877540409565, -0.024014223366975784, 0.9309020489454269, -9.445619917226298e-05]
2021-09-26 02:32:31,109 INFO Moving gripper
2021-09-26 02:34:31,588 DEBUG Counter: 85, Error:9.149871758425532e-05
2021-09-26 02:34:31,588 INFO Computing opening width and jaw size
2021-09-26 02:34:31,589 DEBUG w: 220.2088634941695, h: 72.13095092773438
2021-09-26 02:34:31,651 INFO Sampling gripper rotation angle
2021-09-26 02:34:31,652 DEBUG Object yaw: 0.8598233895060942
2021-09-26 02:34:31,652 DEBUG Theta0: 0.8598233895060942
2021-09-26 02:34:31,652 DEBUG Theta: 1.049352527803917
2021-09-26 02:34:31,652 INFO Rotating gripper
2021-09-26 02:34:31,652 DEBUG Gripper pose: [0.04657757706130603, -0.024010145036857868, 0.9308112094626664, -1.049352527803917]
2021-09-26 02:41:18,936 DEBUG Counter: 219, Error:9.221585575969193e-05
2021-09-26 02:41:19,016 INFO Moving gripper downwards until contact
2021-09-26 02:41:44,023 DEBUG Counter: 11, Error: 0.04670347523337089, Contact:1
2021-09-26 02:41:44,023 INFO Closing gripper
2021-09-26 06:26:10,482 DEBUG Counter: 2000, Error: 0.0010663713559529997
2021-09-26 06:26:10,482 INFO Moving gripper upwards
2021-09-26 06:28:26,294 DEBUG Counter: 89, Error: 9.168720792769723e-05
2021-09-26 06:28:26,295 DEBUG Grasp successful: False
2021-09-26 06:28:26,295 INFO Saving data
