2021-09-26 14:53:53,154 INFO Grasp attempt: 12
2021-09-26 14:55:42,162 INFO Sampling opening angle
2021-09-26 14:55:42,163 DEBUG Opening angle: 0.15732626001553612
2021-09-26 14:55:42,163 INFO Opening gripper
2021-09-26 16:07:09,763 DEBUG Counter: 526, Error:9.763168023210755e-05
2021-09-26 16:07:09,779 INFO Sampling gripper position
2021-09-26 16:07:09,878 DEBUG u: 1019, v: 599, d:0.9967274069786072
2021-09-26 16:07:09,878 DEBUG x_world: 0.01886240392923355, y_world: -0.018888143822550774, z_world:0.06909795105457306
2021-09-26 16:07:09,879 DEBUG Gripper pose: [-0.018888143822550774, 0.01886240392923355, 0.9309020489454269, -9.655167364704139e-05]
2021-09-26 16:07:09,879 INFO Moving gripper
2021-09-26 16:10:20,912 DEBUG Counter: 85, Error:9.093563976435881e-05
2021-09-26 16:10:20,912 INFO Computing opening width and jaw size
2021-09-26 16:10:20,913 DEBUG w: 235.16540657581956, h: 72.35307312011719
2021-09-26 16:10:20,976 INFO Sampling gripper rotation angle
2021-09-26 16:10:20,976 DEBUG Object yaw: 0.8598223042234819
2021-09-26 16:10:20,976 DEBUG Theta0: 0.8598223042234819
2021-09-26 16:10:20,977 DEBUG Theta: 0.785962035040297
2021-09-26 16:10:20,977 INFO Rotating gripper
2021-09-26 16:10:20,977 DEBUG Gripper pose: [-0.018885130391401134, 0.018859395612904204, 0.9308112130502922, -0.785962035040297]
2021-09-26 16:18:11,546 DEBUG Counter: 177, Error:9.281007420791632e-05
2021-09-26 16:18:11,626 INFO Moving gripper downwards until contact
2021-09-26 16:21:17,360 DEBUG Counter: 69, Error: 9.530484477219558e-05, Contact:0
2021-09-26 16:21:17,360 INFO Closing gripper
