2021-09-25 13:22:25,099 INFO Grasp attempt: 2
2021-09-25 13:22:33,059 INFO Sampling opening angle
2021-09-25 13:22:33,059 DEBUG Opening angle: 0.22367266935790298
2021-09-25 13:22:33,059 INFO Opening gripper
2021-09-25 13:22:59,382 DEBUG Counter: 75, Error:9.91903351734158e-05
2021-09-25 13:22:59,399 INFO Sampling gripper position
2021-09-25 13:22:59,479 DEBUG u: 941, v: 522, d:0.9967274069786072
2021-09-25 13:22:59,480 DEBUG x_world: -0.005372213199734688, y_world: 0.005005896557122469, z_world:0.06909795105457306
2021-09-25 13:22:59,480 DEBUG Gripper pose: [0.005005896557122469, -0.005372213199734688, 0.9309020489454269, -9.562518930363054e-05]
2021-09-25 13:22:59,480 INFO Moving gripper
2021-09-25 13:23:08,125 DEBUG Counter: 85, Error:9.08375924560637e-05
2021-09-25 13:23:08,125 INFO Computing opening width and jaw size
2021-09-25 13:23:08,126 DEBUG w: 212.70129511837774, h: 72.0274658203125
2021-09-25 13:23:08,191 INFO Sampling gripper rotation angle
2021-09-25 13:23:08,192 DEBUG Object yaw: 0.8598242992414397
2021-09-25 13:23:08,192 DEBUG Theta0: 0.8598242992414397
2021-09-25 13:23:08,192 DEBUG Theta: 1.0302100515354267
2021-09-25 13:23:08,192 INFO Rotating gripper
2021-09-25 13:23:08,192 DEBUG Gripper pose: [0.005005230078793244, -0.005371494496420864, 0.9308112166412869, -1.0302100515354267]
2021-09-25 13:23:44,768 DEBUG Counter: 216, Error:9.172476746810432e-05
2021-09-25 13:23:44,873 INFO Moving gripper downwards until contact
2021-09-25 13:23:58,186 DEBUG Counter: 69, Error: 9.530483760336047e-05, Contact:0
2021-09-25 13:23:58,186 INFO Closing gripper
2021-09-25 14:01:18,251 DEBUG Counter: 2000, Error: 0.44556161292517277
2021-09-25 14:01:18,252 INFO Moving gripper upwards
2021-09-25 14:04:30,225 DEBUG Counter: 104, Error: 9.594000224943204e-05
2021-09-25 14:04:30,226 DEBUG Grasp successful: True
2021-09-25 14:04:30,226 INFO Saving data
