2021-09-26 06:28:26,380 INFO Grasp attempt: 9
2021-09-26 06:29:42,325 INFO Sampling opening angle
2021-09-26 06:29:42,326 DEBUG Opening angle: 0.06532603841869981
2021-09-26 06:29:42,326 INFO Opening gripper
2021-09-26 06:50:47,818 DEBUG Counter: 605, Error:9.825130337219601e-05
2021-09-26 06:50:47,838 INFO Sampling gripper position
2021-09-26 06:50:47,943 DEBUG u: 1285, v: 740, d:0.9967274069786072
2021-09-26 06:50:47,944 DEBUG x_world: 0.10150863230228424, y_world: -0.0626421868801117, z_world:0.06909795105457306
2021-09-26 06:50:47,944 DEBUG Gripper pose: [-0.0626421868801117, 0.10150863230228424, 0.9309020489454269, -9.236862552935551e-05]
2021-09-26 06:50:47,944 INFO Moving gripper
2021-09-26 06:51:50,154 DEBUG Counter: 86, Error:9.228473540844067e-05
2021-09-26 06:51:50,155 INFO Computing opening width and jaw size
2021-09-26 06:51:50,157 DEBUG w: 265.38623179379704, h: 72.86837768554688
2021-09-26 06:51:50,255 INFO Sampling gripper rotation angle
2021-09-26 06:51:50,255 DEBUG Object yaw: 0.8598218356419917
2021-09-26 06:51:50,255 DEBUG Theta0: 0.8598218356419917
2021-09-26 06:51:50,256 DEBUG Theta: 1.0733284861435002
2021-09-26 06:51:50,256 INFO Rotating gripper
2021-09-26 06:51:50,256 DEBUG Gripper pose: [-0.06262773574244715, 0.1014683424775537, 0.9308202909670225, -1.0733284861435002]
2021-09-26 06:55:03,242 DEBUG Counter: 223, Error:9.047309854004482e-05
2021-09-26 06:55:03,315 INFO Moving gripper downwards until contact
2021-09-26 06:55:17,345 DEBUG Counter: 15, Error: 0.02868133351649425, Contact:1
2021-09-26 06:55:17,345 INFO Closing gripper
2021-09-26 08:47:21,191 DEBUG Counter: 2000, Error: 0.3988526447518237
2021-09-26 08:47:21,191 INFO Moving gripper upwards
2021-09-26 08:51:45,982 DEBUG Counter: 96, Error: 9.423648700668827e-05
2021-09-26 08:51:45,982 DEBUG Grasp successful: True
2021-09-26 08:51:45,982 INFO Saving data
