2021-09-25 19:04:00,753 INFO Grasp attempt: 6
2021-09-25 19:05:15,585 INFO Sampling opening angle
2021-09-25 19:05:15,586 DEBUG Opening angle: 0.3436580371590366
2021-09-25 19:05:15,586 INFO Opening gripper
2021-09-25 19:33:21,554 DEBUG Counter: 331, Error:9.802968325073325e-05
2021-09-25 19:33:21,572 INFO Sampling gripper position
2021-09-25 19:33:21,692 DEBUG u: 1270, v: 862, d:0.9967274069786072
2021-09-25 19:33:21,692 DEBUG x_world: 0.09684813022613525, y_world: -0.10050028562545776, z_world:0.06909795105457306
2021-09-25 19:33:21,693 DEBUG Gripper pose: [-0.10050028562545776, 0.09684813022613525, 0.9309020489454269, -9.738287446754613e-05]
2021-09-25 19:33:21,693 INFO Moving gripper
2021-09-25 19:35:14,874 DEBUG Counter: 86, Error:9.744586279719422e-05
2021-09-25 19:35:14,875 INFO Computing opening width and jaw size
2021-09-25 19:35:14,876 DEBUG w: 170.9085703564284, h: 71.53921508789062
2021-09-25 19:35:14,974 INFO Sampling gripper rotation angle
2021-09-25 19:35:14,974 DEBUG Object yaw: 0.8598231512861977
2021-09-25 19:35:14,974 DEBUG Theta0: 0.8598231512861977
2021-09-25 19:35:14,975 DEBUG Theta: 0.9989681976339416
2021-09-25 19:35:14,975 INFO Rotating gripper
2021-09-25 19:35:14,975 DEBUG Gripper pose: [-0.10046103869769547, 0.09681247973590412, 0.9308202906590959, -0.9989681976339416]
2021-09-25 19:41:16,712 DEBUG Counter: 211, Error:9.197769589852633e-05
2021-09-25 19:41:16,798 INFO Moving gripper downwards until contact
2021-09-25 19:41:39,006 DEBUG Counter: 12, Error: 0.04219448595212513, Contact:1
2021-09-25 19:41:39,006 INFO Closing gripper
2021-09-25 20:46:02,505 DEBUG Counter: 657, Error: 9.975985007060206e-05
2021-09-25 20:46:02,506 INFO Moving gripper upwards
2021-09-25 20:47:57,401 DEBUG Counter: 90, Error: 9.544820302950704e-05
2021-09-25 20:47:57,401 DEBUG Grasp successful: False
2021-09-25 20:47:57,401 INFO Saving data
