2021-09-26 12:46:05,353 INFO Grasp attempt: 11
2021-09-26 12:53:42,272 INFO Sampling opening angle
2021-09-26 12:53:42,273 DEBUG Opening angle: 0.2881553011532224
2021-09-26 12:53:42,273 INFO Opening gripper
2021-09-26 13:14:18,804 DEBUG Counter: 184, Error:9.902650767162902e-05
2021-09-26 13:14:18,823 INFO Sampling gripper position
2021-09-26 13:14:18,917 DEBUG u: 1300, v: 904, d:0.9967274069786072
2021-09-26 13:14:18,917 DEBUG x_world: 0.10616914182901382, y_world: -0.1135333925485611, z_world:0.06909795105457306
2021-09-26 13:14:18,918 DEBUG Gripper pose: [-0.1135333925485611, 0.10616914182901382, 0.9309020489454269, -9.113978523043239e-05]
2021-09-26 13:14:18,918 INFO Moving gripper
2021-09-26 13:17:07,970 DEBUG Counter: 87, Error:9.782624379399065e-05
2021-09-26 13:17:07,970 INFO Computing opening width and jaw size
2021-09-26 13:17:07,971 DEBUG w: 190.40234472685927, h: 71.74618530273438
2021-09-26 13:17:08,033 INFO Sampling gripper rotation angle
2021-09-26 13:17:08,033 DEBUG Object yaw: 0.8598237126994878
2021-09-26 13:17:08,034 DEBUG Theta0: 0.8598237126994878
2021-09-26 13:17:08,034 DEBUG Theta: 0.8635389536930748
2021-09-26 13:17:08,034 INFO Rotating gripper
2021-09-26 13:17:08,034 DEBUG Gripper pose: [-0.11348362074680926, 0.10612817811579142, 0.930828464192086, -0.8635389536930748]
2021-09-26 13:20:36,474 DEBUG Counter: 189, Error:9.640426999313334e-05
2021-09-26 13:20:36,553 INFO Moving gripper downwards until contact
2021-09-26 13:20:53,538 DEBUG Counter: 11, Error: 0.045957441817858796, Contact:1
2021-09-26 13:20:53,538 INFO Closing gripper
2021-09-26 14:49:00,541 DEBUG Counter: 711, Error: 6.59979108557085e-05
2021-09-26 14:49:00,541 INFO Moving gripper upwards
2021-09-26 14:53:53,065 DEBUG Counter: 89, Error: 9.770455834323245e-05
2021-09-26 14:53:53,065 DEBUG Grasp successful: False
2021-09-26 14:53:53,066 INFO Saving data
