2021-09-25 20:47:57,489 INFO Grasp attempt: 7
2021-09-25 20:49:09,544 INFO Sampling opening angle
2021-09-25 20:49:09,545 DEBUG Opening angle: 0.2328030380836725
2021-09-25 20:49:09,545 INFO Opening gripper
2021-09-25 21:41:12,720 DEBUG Counter: 634, Error:9.967165422267166e-05
2021-09-25 21:41:12,742 INFO Sampling gripper position
2021-09-25 21:41:12,904 DEBUG u: 767, v: 402, d:0.9967274069786072
2021-09-25 21:41:12,905 DEBUG x_world: -0.059434037655591965, y_world: 0.04224336892366409, z_world:0.06909795105457306
2021-09-25 21:41:12,905 DEBUG Gripper pose: [0.04224336892366409, -0.059434037655591965, 0.9309020489454269, -9.213520116859498e-05]
2021-09-25 21:41:12,905 INFO Moving gripper
2021-09-25 21:43:21,374 DEBUG Counter: 85, Error:9.245715450796415e-05
2021-09-25 21:43:21,374 INFO Computing opening width and jaw size
2021-09-25 21:43:21,375 DEBUG w: 209.57092393411745, h: 71.9857177734375
2021-09-25 21:43:21,439 INFO Sampling gripper rotation angle
2021-09-25 21:43:21,439 DEBUG Object yaw: 0.8598217504181359
2021-09-25 21:43:21,439 DEBUG Theta0: 0.8598217504181359
2021-09-25 21:43:21,440 DEBUG Theta: 0.9815633085131248
2021-09-25 21:43:21,440 INFO Rotating gripper
2021-09-25 21:43:21,440 DEBUG Gripper pose: [0.04223455140746597, -0.05941926625389049, 0.9308112063204121, -0.9815633085131248]
2021-09-25 21:50:25,853 DEBUG Counter: 208, Error:9.430720113745587e-05
2021-09-25 21:50:25,929 INFO Moving gripper downwards until contact
2021-09-25 21:50:48,095 DEBUG Counter: 9, Error: 0.05162804491951601, Contact:1
2021-09-25 21:50:48,095 INFO Closing gripper
2021-09-26 02:05:56,523 DEBUG Counter: 2000, Error: 0.4172153155671765
2021-09-26 02:05:56,523 INFO Moving gripper upwards
2021-09-26 02:11:18,378 DEBUG Counter: 89, Error: 9.20736873391971e-05
2021-09-26 02:11:18,379 DEBUG Grasp successful: False
2021-09-26 02:11:18,379 INFO Saving data
