2021-09-25 14:04:30,329 INFO Grasp attempt: 3
2021-09-25 14:08:37,417 INFO Sampling opening angle
2021-09-25 14:08:37,419 DEBUG Opening angle: 0.2555847037232416
2021-09-25 14:08:37,419 INFO Opening gripper
2021-09-25 14:16:31,592 DEBUG Counter: 190, Error:9.768116059577503e-05
2021-09-25 14:16:31,628 INFO Sampling gripper position
2021-09-25 14:16:31,794 DEBUG u: 689, v: 312, d:0.9967274069786072
2021-09-25 14:16:31,795 DEBUG x_world: -0.08366865664720535, y_world: 0.07017149031162262, z_world:0.06909795105457306
2021-09-25 14:16:31,795 DEBUG Gripper pose: [0.07017149031162262, -0.08366865664720535, 0.9309020489454269, -9.187706382087526e-05]
2021-09-25 14:16:31,795 INFO Moving gripper
2021-09-25 14:17:18,443 DEBUG Counter: 85, Error:9.703411888977698e-05
2021-09-25 14:17:18,444 INFO Computing opening width and jaw size
2021-09-25 14:17:18,445 DEBUG w: 201.72290143307077, h: 71.88504028320312
2021-09-25 14:17:18,528 INFO Sampling gripper rotation angle
2021-09-25 14:17:18,529 DEBUG Object yaw: 0.859823619155944
2021-09-25 14:17:18,529 DEBUG Theta0: 0.859823619155944
2021-09-25 14:17:18,529 DEBUG Theta: 0.8779485638889141
2021-09-25 14:17:18,529 INFO Rotating gripper
2021-09-25 14:17:18,529 DEBUG Gripper pose: [0.07015189650906109, -0.0836407339554743, 0.9308112082804338, -0.8779485638889141]
2021-09-25 14:19:32,101 DEBUG Counter: 191, Error:9.939446930107287e-05
2021-09-25 14:19:32,199 INFO Moving gripper downwards until contact
2021-09-25 14:19:41,076 DEBUG Counter: 11, Error: 0.04344672637105634, Contact:1
2021-09-25 14:19:41,077 INFO Closing gripper
2021-09-25 15:38:53,218 DEBUG Counter: 2000, Error: 0.5458748847553334
2021-09-25 15:38:53,219 INFO Moving gripper upwards
2021-09-25 15:39:25,503 DEBUG Counter: 92, Error: 9.782541923751698e-05
2021-09-25 15:39:25,504 DEBUG Grasp successful: False
2021-09-25 15:39:25,504 INFO Saving data
