2021-09-25 21:49:31,524 INFO Grasp attempt: 10
2021-09-25 21:54:45,415 INFO Sampling opening angle
2021-09-25 21:54:45,415 DEBUG Opening angle: 0.16412241433640992
2021-09-25 21:54:45,415 INFO Opening gripper
2021-09-25 22:06:10,080 DEBUG Counter: 220, Error:9.950430419242151e-05
2021-09-25 22:06:10,105 INFO Sampling gripper position
2021-09-25 22:06:10,244 DEBUG u: 689, v: 885, d:0.9967221021652222
2021-09-25 22:06:10,245 DEBUG x_world: -0.08487892150878906, y_world: -0.10756755620241165, z_world:0.0691949650645256
2021-09-25 22:06:10,246 DEBUG Gripper pose: [-0.10756755620241165, -0.08487892150878906, 0.9308050349354744, 9.001780226465109e-05]
2021-09-25 22:06:10,246 INFO Moving gripper
2021-09-25 22:07:15,591 DEBUG Counter: 86, Error:9.77237727841976e-05
2021-09-25 22:07:15,591 INFO Computing opening width and jaw size
2021-09-25 22:07:15,592 DEBUG w: 232.936036280741, h: 72.33259582519531
2021-09-25 22:07:15,655 INFO Sampling gripper rotation angle
2021-09-25 22:07:15,655 DEBUG Object yaw: -0.5642162835575164
2021-09-25 22:07:15,655 DEBUG Theta0: -0.5642162835575164
2021-09-25 22:07:15,656 DEBUG Theta: -0.5073430023492992
2021-09-25 22:07:15,656 INFO Rotating gripper
2021-09-25 22:07:15,656 DEBUG Gripper pose: [-0.10752045350170146, -0.08485291200690713, 0.9307234581179045, 0.5073430023492992]
2021-09-25 22:09:19,605 DEBUG Counter: 132, Error:9.925909683072831e-05
2021-09-25 22:09:19,677 INFO Moving gripper downwards until contact
2021-09-25 22:09:31,405 DEBUG Counter: 15, Error: 0.028676255643974927, Contact:1
2021-09-25 22:09:31,405 INFO Closing gripper
2021-09-26 00:04:32,894 DEBUG Counter: 2000, Error: 0.39956764070371925
2021-09-26 00:04:32,894 INFO Moving gripper upwards
2021-09-26 00:09:47,033 DEBUG Counter: 95, Error: 9.909315524826037e-05
2021-09-26 00:09:47,034 DEBUG Grasp successful: True
2021-09-26 00:09:47,034 INFO Saving data
