2021-09-26 03:08:39,665 INFO Grasp attempt: 12
2021-09-26 03:16:40,049 INFO Sampling opening angle
2021-09-26 03:16:40,050 DEBUG Opening angle: 0.12617344957764073
2021-09-26 03:16:40,050 INFO Opening gripper
2021-09-26 03:32:06,256 DEBUG Counter: 241, Error:9.802539025996482e-05
2021-09-26 03:32:06,279 INFO Sampling gripper position
2021-09-26 03:32:06,413 DEBUG u: 856, v: 617, d:0.9967221021652222
2021-09-26 03:32:06,413 DEBUG x_world: -0.03300367668271065, y_world: -0.024422576650977135, z_world:0.0691949650645256
2021-09-26 03:32:06,414 DEBUG Gripper pose: [-0.024422576650977135, -0.03300367668271065, 0.9308050349354744, 9.398735577279852e-05]
2021-09-26 03:32:06,414 INFO Moving gripper
2021-09-26 03:33:30,922 DEBUG Counter: 85, Error:9.094325767968929e-05
2021-09-26 03:33:30,923 INFO Computing opening width and jaw size
2021-09-26 03:33:30,924 DEBUG w: 245.5850232538414, h: 72.53631591796875
2021-09-26 03:33:30,989 INFO Sampling gripper rotation angle
2021-09-26 03:33:30,989 DEBUG Object yaw: -0.5642197892849729
2021-09-26 03:33:30,989 DEBUG Theta0: -0.5642197892849729
2021-09-26 03:33:30,990 DEBUG Theta: -0.6380800584681577
2021-09-26 03:33:30,990 INFO Rotating gripper
2021-09-26 03:33:30,990 DEBUG Gripper pose: [-0.024418408427256857, -0.032997464823587966, 0.9307143998714282, 0.6380800584681577]
2021-09-26 03:36:03,558 DEBUG Counter: 153, Error:9.740418310100196e-05
2021-09-26 03:36:03,630 INFO Moving gripper downwards until contact
2021-09-26 03:36:18,713 DEBUG Counter: 15, Error: 0.02867892449011033, Contact:1
2021-09-26 03:36:18,713 INFO Closing gripper
2021-09-26 05:53:28,145 DEBUG Counter: 2000, Error: 0.4054932551726136
2021-09-26 05:53:28,145 INFO Moving gripper upwards
2021-09-26 06:01:32,271 DEBUG Counter: 96, Error: 9.588354502143124e-05
2021-09-26 06:01:32,271 DEBUG Grasp successful: True
2021-09-26 06:01:32,271 INFO Saving data
