2021-09-25 13:20:41,114 INFO Grasp attempt: 2
2021-09-25 13:21:05,015 INFO Sampling opening angle
2021-09-25 13:21:05,015 DEBUG Opening angle: 0.3982410038927574
2021-09-25 13:21:05,016 INFO Opening gripper
2021-09-25 13:21:37,673 DEBUG Counter: 101, Error:9.670564520325442e-05
2021-09-25 13:21:37,699 INFO Sampling gripper position
2021-09-25 13:21:37,827 DEBUG u: 972, v: 517, d:0.9967221021652222
2021-09-25 13:21:37,828 DEBUG x_world: 0.0030294456519186497, y_world: 0.0066016786731779575, z_world:0.0691949650645256
2021-09-25 13:21:37,828 DEBUG Gripper pose: [0.0066016786731779575, 0.0030294456519186497, 0.9308050349354744, 9.490049597311675e-05]
2021-09-25 13:21:37,828 INFO Moving gripper
2021-09-25 13:21:48,318 DEBUG Counter: 85, Error:9.063402682673361e-05
2021-09-25 13:21:48,318 INFO Computing opening width and jaw size
2021-09-25 13:21:48,320 DEBUG w: 151.60113613637077, h: 71.38018798828125
2021-09-25 13:21:48,411 INFO Sampling gripper rotation angle
2021-09-25 13:21:48,411 DEBUG Object yaw: -0.5642117259835076
2021-09-25 13:21:48,411 DEBUG Theta0: -0.5642117259835076
2021-09-25 13:21:48,411 DEBUG Theta: -0.39382597368952055
2021-09-25 13:21:48,412 INFO Rotating gripper
2021-09-25 13:21:48,412 DEBUG Gripper pose: [0.006600783454441306, 0.003029054688616918, 0.930714406173208, 0.39382597368952055]
2021-09-25 13:22:04,483 DEBUG Counter: 114, Error:9.847969713150387e-05
2021-09-25 13:22:04,578 INFO Moving gripper downwards until contact
2021-09-25 13:22:06,698 DEBUG Counter: 13, Error: 0.03884308765332026, Contact:1
2021-09-25 13:22:06,698 INFO Closing gripper
2021-09-25 13:37:57,556 DEBUG Counter: 2000, Error: 0.41161336735607196
2021-09-25 13:37:57,557 INFO Moving gripper upwards
2021-09-25 13:38:37,050 DEBUG Counter: 93, Error: 9.210389591832395e-05
2021-09-25 13:38:37,050 DEBUG Grasp successful: False
2021-09-25 13:38:37,050 INFO Saving data
