2021-09-25 14:38:43,929 INFO Grasp attempt: 5
2021-09-25 14:38:57,987 INFO Sampling opening angle
2021-09-25 14:38:57,987 DEBUG Opening angle: 0.09234974477627858
2021-09-25 14:38:57,987 INFO Opening gripper
2021-09-25 14:46:17,797 DEBUG Counter: 272, Error:9.606353045883698e-05
2021-09-25 14:46:17,820 INFO Sampling gripper position
2021-09-25 14:46:17,959 DEBUG u: 1101, v: 188, d:0.9967221021652222
2021-09-25 14:46:17,959 DEBUG x_world: 0.04310073330998421, y_world: 0.10867143422365189, z_world:0.0691949650645256
2021-09-25 14:46:17,960 DEBUG Gripper pose: [0.10867143422365189, 0.04310073330998421, 0.9308050349354744, 2.0668256434905482e-05]
2021-09-25 14:46:17,960 INFO Moving gripper
2021-09-25 14:46:54,712 DEBUG Counter: 86, Error:9.540575244528419e-05
2021-09-25 14:46:54,712 INFO Computing opening width and jaw size
2021-09-25 14:46:54,713 DEBUG w: 256.6933594391167, h: 72.72393798828125
2021-09-25 14:46:54,806 INFO Sampling gripper rotation angle
2021-09-25 14:46:54,807 DEBUG Object yaw: -0.5642183997053619
2021-09-25 14:46:54,807 DEBUG Theta0: -0.5642183997053619
2021-09-25 14:46:54,807 DEBUG Theta: -0.591388209728036
2021-09-25 14:46:54,807 INFO Rotating gripper
2021-09-25 14:46:54,807 DEBUG Gripper pose: [0.10862264252696781, 0.043092560507589965, 0.9307234577742381, 0.591388209728036]
2021-09-25 14:48:05,729 DEBUG Counter: 146, Error:9.310451846877848e-05
2021-09-25 14:48:05,830 INFO Moving gripper downwards until contact
2021-09-25 14:48:11,353 DEBUG Counter: 9, Error: 0.05489322481207391, Contact:1
2021-09-25 14:48:11,354 INFO Closing gripper
2021-09-25 15:43:30,100 DEBUG Counter: 2000, Error: 0.0007701393313690463
2021-09-25 15:43:30,100 INFO Moving gripper upwards
2021-09-25 15:45:05,515 DEBUG Counter: 85, Error: 9.047773537413829e-05
2021-09-25 15:45:05,516 DEBUG Grasp successful: False
2021-09-25 15:45:05,516 INFO Saving data
