2021-09-25 17:55:12,324 INFO Grasp attempt: 8
2021-09-25 17:56:22,554 INFO Sampling opening angle
2021-09-25 17:56:22,555 DEBUG Opening angle: 0.29883030339534095
2021-09-25 17:56:22,555 INFO Opening gripper
2021-09-25 18:19:43,054 DEBUG Counter: 479, Error:9.861840800473587e-05
2021-09-25 18:19:43,075 INFO Sampling gripper position
2021-09-25 18:19:43,203 DEBUG u: 1024, v: 337, d:0.9967221021652222
2021-09-25 18:19:43,204 DEBUG x_world: 0.019182220101356506, y_world: 0.06244530528783798, z_world:0.0691949650645256
2021-09-25 18:19:43,204 DEBUG Gripper pose: [0.06244530528783798, 0.019182220101356506, 0.9308050349354744, 9.606284723440674e-05]
2021-09-25 18:19:43,205 INFO Moving gripper
2021-09-25 18:20:49,782 DEBUG Counter: 85, Error:9.208326178490339e-05
2021-09-25 18:20:49,782 INFO Computing opening width and jaw size
2021-09-25 18:20:49,784 DEBUG w: 186.7240000900962, h: 71.72344970703125
2021-09-25 18:20:49,879 INFO Sampling gripper rotation angle
2021-09-25 18:20:49,880 DEBUG Object yaw: -0.5642343211128132
2021-09-25 18:20:49,880 DEBUG Theta0: -0.5642343211128132
2021-09-25 18:20:49,880 DEBUG Theta: -0.3747051828149903
2021-09-25 18:20:49,880 INFO Rotating gripper
2021-09-25 18:20:49,880 DEBUG Gripper pose: [0.062429327037998694, 0.0191791456828458, 0.9307144006672099, 0.3747051828149903]
2021-09-25 18:22:32,525 DEBUG Counter: 111, Error:9.802369156581638e-05
2021-09-25 18:22:32,627 INFO Moving gripper downwards until contact
2021-09-25 18:22:40,987 DEBUG Counter: 7, Error: 0.06074829967556004, Contact:1
2021-09-25 18:22:40,987 INFO Closing gripper
2021-09-25 19:43:54,859 DEBUG Counter: 2000, Error: 0.0016654170250649525
2021-09-25 19:43:54,859 INFO Moving gripper upwards
2021-09-25 19:46:18,975 DEBUG Counter: 88, Error: 9.5013713446417e-05
2021-09-25 19:46:18,976 DEBUG Grasp successful: False
2021-09-25 19:46:18,976 INFO Saving data
