2021-09-25 15:45:05,587 INFO Grasp attempt: 6
2021-09-25 15:45:39,762 INFO Sampling opening angle
2021-09-25 15:45:39,763 DEBUG Opening angle: 0.09914823562562006
2021-09-25 15:45:39,763 INFO Opening gripper
2021-09-25 15:57:37,624 DEBUG Counter: 543, Error:9.914722342317661e-05
2021-09-25 15:57:37,642 INFO Sampling gripper position
2021-09-25 15:57:37,722 DEBUG u: 769, v: 953, d:0.9967221021652222
2021-09-25 15:57:37,723 DEBUG x_world: -0.06002850830554962, y_world: -0.128664031624794, z_world:0.0691949650645256
2021-09-25 15:57:37,723 DEBUG Gripper pose: [-0.128664031624794, -0.06002850830554962, 0.9308050349354744, 9.313793857631094e-05]
2021-09-25 15:57:37,723 INFO Moving gripper
2021-09-25 15:58:08,220 DEBUG Counter: 88, Error:9.456553749330888e-05
2021-09-25 15:58:08,220 INFO Computing opening width and jaw size
2021-09-25 15:58:08,221 DEBUG w: 254.45660530055594, h: 72.68325424194336
2021-09-25 15:58:08,286 INFO Sampling gripper rotation angle
2021-09-25 15:58:08,286 DEBUG Object yaw: -0.5642403811875519
2021-09-25 15:58:08,286 DEBUG Theta0: -0.5642403811875519
2021-09-25 15:58:08,286 DEBUG Theta: -0.425095334839808
2021-09-25 15:58:08,286 INFO Rotating gripper
2021-09-25 15:58:08,286 DEBUG Gripper pose: [-0.12859727619352598, -0.06001756387895042, 0.9307389548870177, 0.425095334839808]
2021-09-25 15:58:55,379 DEBUG Counter: 119, Error:9.827126430927987e-05
2021-09-25 15:58:55,450 INFO Moving gripper downwards until contact
2021-09-25 15:59:01,945 DEBUG Counter: 14, Error: 0.03201035230560679, Contact:1
2021-09-25 15:59:01,946 INFO Closing gripper
2021-09-25 16:59:51,599 DEBUG Counter: 2000, Error: 0.40217241750795585
2021-09-25 16:59:51,599 INFO Moving gripper upwards
2021-09-25 17:02:08,886 DEBUG Counter: 95, Error: 9.691906925649535e-05
2021-09-25 17:02:08,886 DEBUG Grasp successful: False
2021-09-25 17:02:08,886 INFO Saving data
