2021-09-26 10:48:34,392 INFO Grasp attempt: 15
2021-09-26 10:50:17,937 INFO Sampling opening angle
2021-09-26 10:50:17,938 DEBUG Opening angle: 0.1050223321762584
2021-09-26 10:50:17,938 INFO Opening gripper
2021-09-26 11:31:58,948 DEBUG Counter: 534, Error:9.809208393614377e-05
2021-09-26 11:31:58,966 INFO Sampling gripper position
2021-09-26 11:31:59,045 DEBUG u: 1169, v: 182, d:0.9967221021652222
2021-09-26 11:31:59,045 DEBUG x_world: 0.06422358751296997, y_world: 0.11053287237882614, z_world:0.0691949650645256
2021-09-26 11:31:59,046 DEBUG Gripper pose: [0.11053287237882614, 0.06422358751296997, 0.9308050349354744, 9.714450979539027e-05]
2021-09-26 11:31:59,046 INFO Moving gripper
2021-09-26 11:33:28,483 DEBUG Counter: 86, Error:9.73999179151689e-05
2021-09-26 11:33:28,484 INFO Computing opening width and jaw size
2021-09-26 11:33:28,485 DEBUG w: 252.54370258037372, h: 72.65280151367188
2021-09-26 11:33:28,550 INFO Sampling gripper rotation angle
2021-09-26 11:33:28,550 DEBUG Object yaw: -0.5642408478756835
2021-09-26 11:33:28,550 DEBUG Theta0: -0.5642408478756835
2021-09-26 11:33:28,550 DEBUG Theta: -0.8029175732318192
2021-09-26 11:33:28,550 INFO Rotating gripper
2021-09-26 11:33:28,551 DEBUG Gripper pose: [0.11048184366577479, 0.06420849366022091, 0.9307234568130187, 0.8029175732318192]
2021-09-26 11:37:03,534 DEBUG Counter: 179, Error:9.99180600718131e-05
2021-09-26 11:37:03,603 INFO Moving gripper downwards until contact
2021-09-26 11:37:20,897 DEBUG Counter: 13, Error: 0.03558103138830365, Contact:1
2021-09-26 11:37:20,898 INFO Closing gripper
2021-09-26 14:15:17,959 DEBUG Counter: 2000, Error: 0.6003351299327915
2021-09-26 14:15:17,959 INFO Moving gripper upwards
2021-09-26 14:19:59,300 DEBUG Counter: 94, Error: 9.797515279542014e-05
2021-09-26 14:19:59,301 DEBUG Grasp successful: False
2021-09-26 14:19:59,301 INFO Saving data
