2021-09-26 06:01:32,344 INFO Grasp attempt: 13
2021-09-26 06:08:57,301 INFO Sampling opening angle
2021-09-26 06:08:57,303 DEBUG Opening angle: 0.16326249710481125
2021-09-26 06:08:57,303 INFO Opening gripper
2021-09-26 06:25:43,945 DEBUG Counter: 197, Error:9.8933747997354e-05
2021-09-26 06:25:43,962 INFO Sampling gripper position
2021-09-26 06:25:44,037 DEBUG u: 679, v: 881, d:0.9967221021652222
2021-09-26 06:25:44,038 DEBUG x_world: -0.08798523247241974, y_world: -0.10632657259702682, z_world:0.0691949650645256
2021-09-26 06:25:44,038 DEBUG Gripper pose: [-0.10632657259702682, -0.08798523247241974, 0.9308050349354744, 9.754167493102121e-05]
2021-09-26 06:25:44,038 INFO Moving gripper
2021-09-26 06:27:03,991 DEBUG Counter: 86, Error:9.766738355450856e-05
2021-09-26 06:27:03,992 INFO Computing opening width and jaw size
2021-09-26 06:27:03,993 DEBUG w: 233.22424448376952, h: 72.33717346191406
2021-09-26 06:27:04,056 INFO Sampling gripper rotation angle
2021-09-26 06:27:04,056 DEBUG Object yaw: -0.5642177382396459
2021-09-26 06:27:04,056 DEBUG Theta0: -0.5642177382396459
2021-09-26 06:27:04,056 DEBUG Theta: -0.46854188412107906
2021-09-26 06:27:04,056 INFO Rotating gripper
2021-09-26 06:27:04,057 DEBUG Gripper pose: [-0.10628088007880473, -0.08795701571831126, 0.9307234572033627, 0.46854188412107906]
2021-09-26 06:29:22,855 DEBUG Counter: 126, Error:9.743373349852273e-05
2021-09-26 06:29:22,925 INFO Moving gripper downwards until contact
2021-09-26 06:29:40,759 DEBUG Counter: 14, Error: 0.03234950958154404, Contact:1
2021-09-26 06:29:40,759 INFO Closing gripper
2021-09-26 08:51:04,189 DEBUG Counter: 2000, Error: 0.3903059092037192
2021-09-26 08:51:04,189 INFO Moving gripper upwards
2021-09-26 08:54:32,492 DEBUG Counter: 95, Error: 9.601199164647599e-05
2021-09-26 08:54:32,492 DEBUG Grasp successful: False
2021-09-26 08:54:32,492 INFO Saving data
