2021-09-25 13:50:03,712 INFO Grasp attempt: 4
2021-09-25 13:50:27,652 INFO Sampling opening angle
2021-09-25 13:50:27,653 DEBUG Opening angle: 0.23101049370010573
2021-09-25 13:50:27,653 INFO Opening gripper
2021-09-25 13:58:42,200 DEBUG Counter: 474, Error:9.828738246514535e-05
2021-09-25 13:58:42,222 INFO Sampling gripper position
2021-09-25 13:58:42,352 DEBUG u: 708, v: 991, d:0.9967221021652222
2021-09-25 13:58:42,353 DEBUG x_world: -0.07897694408893585, y_world: -0.14045323431491852, z_world:0.0691949650645256
2021-09-25 13:58:42,354 DEBUG Gripper pose: [-0.14045323431491852, -0.07897694408893585, 0.9308050349354744, 9.10158072445007e-05]
2021-09-25 13:58:42,354 INFO Moving gripper
2021-09-25 13:59:10,625 DEBUG Counter: 90, Error:9.2289462060331e-05
2021-09-25 13:59:10,626 INFO Computing opening width and jaw size
2021-09-25 13:59:10,627 DEBUG w: 210.214417557786, h: 72.00324630737305
2021-09-25 13:59:10,725 INFO Sampling gripper rotation angle
2021-09-25 13:59:10,725 DEBUG Object yaw: -0.56423545224544
2021-09-25 13:59:10,725 DEBUG Theta0: -0.56423545224544
2021-09-25 13:59:10,726 DEBUG Theta: -0.13742879499098054
2021-09-25 13:59:10,726 INFO Rotating gripper
2021-09-25 13:59:10,726 DEBUG Gripper pose: [-0.14037947750573973, -0.07896237656769713, 0.9307515086313604, 0.13742879499098054]
2021-09-25 13:59:37,680 DEBUG Counter: 74, Error:9.021351312277223e-05
2021-09-25 13:59:37,786 INFO Moving gripper downwards until contact
2021-09-25 13:59:43,317 DEBUG Counter: 13, Error: 0.035555085573013255, Contact:1
2021-09-25 13:59:43,317 INFO Closing gripper
2021-09-25 14:37:24,868 DEBUG Counter: 2000, Error: 0.3769718284046145
2021-09-25 14:37:24,868 INFO Moving gripper upwards
2021-09-25 14:38:43,858 DEBUG Counter: 93, Error: 9.573033202161378e-05
2021-09-25 14:38:43,858 DEBUG Grasp successful: False
2021-09-25 14:38:43,858 INFO Saving data
