2021-09-26 08:54:32,564 INFO Grasp attempt: 14
2021-09-26 08:56:03,554 INFO Sampling opening angle
2021-09-26 08:56:03,555 DEBUG Opening angle: 0.36866101434313725
2021-09-26 08:56:03,555 INFO Opening gripper
2021-09-26 09:05:15,619 DEBUG Counter: 136, Error:9.810786251185366e-05
2021-09-26 09:05:15,636 INFO Sampling gripper position
2021-09-26 09:05:15,710 DEBUG u: 1130, v: 180, d:0.9967221021652222
2021-09-26 09:05:15,710 DEBUG x_world: 0.052109021693468094, y_world: 0.11115335673093796, z_world:0.0691949650645256
2021-09-26 09:05:15,711 DEBUG Gripper pose: [0.11115335673093796, 0.052109021693468094, 0.9308050349354744, 9.75914979450024e-05]
2021-09-26 09:05:15,711 INFO Moving gripper
2021-09-26 09:06:43,103 DEBUG Counter: 86, Error:9.723183311365337e-05
2021-09-26 09:06:43,103 INFO Computing opening width and jaw size
2021-09-26 09:06:43,104 DEBUG w: 162.07910254237078, h: 71.47073364257812
2021-09-26 09:06:43,171 INFO Sampling gripper rotation angle
2021-09-26 09:06:43,171 DEBUG Object yaw: -0.5642119239863346
2021-09-26 09:06:43,171 DEBUG Theta0: -0.5642119239863346
2021-09-26 09:06:43,171 DEBUG Theta: -0.7069055182562691
2021-09-26 09:06:43,171 INFO Rotating gripper
2021-09-26 09:06:43,171 DEBUG Gripper pose: [0.1111015671118004, 0.052098191739865594, 0.9307234593458339, 0.7069055182562691]
2021-09-26 09:09:48,571 DEBUG Counter: 164, Error:9.698668384439117e-05
2021-09-26 09:09:48,641 INFO Moving gripper downwards until contact
2021-09-26 09:09:56,001 DEBUG Counter: 4, Error: 0.06662680002554042, Contact:1
2021-09-26 09:09:56,001 INFO Closing gripper
2021-09-26 10:46:52,311 DEBUG Counter: 1257, Error: 5.114498680025559e-05
2021-09-26 10:46:52,312 INFO Moving gripper upwards
2021-09-26 10:48:34,315 DEBUG Counter: 86, Error: 9.468187548430735e-05
2021-09-26 10:48:34,316 DEBUG Grasp successful: False
2021-09-26 10:48:34,316 INFO Saving data
