2021-09-26 14:19:59,377 INFO Grasp attempt: 16
2021-09-26 14:22:16,203 INFO Sampling opening angle
2021-09-26 14:22:16,204 DEBUG Opening angle: 0.10466428611886675
2021-09-26 14:22:16,204 INFO Opening gripper
2021-09-26 14:33:04,150 DEBUG Counter: 140, Error:9.805141452436106e-05
2021-09-26 14:33:04,169 INFO Sampling gripper position
2021-09-26 14:33:04,252 DEBUG u: 1015, v: 432, d:0.9967221021652222
2021-09-26 14:33:04,253 DEBUG x_world: 0.016386518254876137, y_world: 0.03297228366136551, z_world:0.0691949650645256
2021-09-26 14:33:04,253 DEBUG Gripper pose: [0.03297228366136551, 0.016386518254876137, 0.9308050349354744, 9.006766054729442e-05]
2021-09-26 14:33:04,253 INFO Moving gripper
2021-09-26 14:34:40,912 DEBUG Counter: 85, Error:9.08838084433329e-05
2021-09-26 14:34:40,912 INFO Computing opening width and jaw size
2021-09-26 14:34:40,913 DEBUG w: 252.6675427130856, h: 72.65643310546875
2021-09-26 14:34:40,977 INFO Sampling gripper rotation angle
2021-09-26 14:34:40,977 DEBUG Object yaw: -0.5642156886752572
2021-09-26 14:34:40,978 DEBUG Theta0: -0.5642156886752572
2021-09-26 14:34:40,978 DEBUG Theta: -0.5734738720364725
2021-09-26 14:34:40,978 INFO Rotating gripper
2021-09-26 14:34:40,978 DEBUG Gripper pose: [0.03296608027630215, 0.016383995706988504, 0.9307143981802198, 0.5734738720364725]
2021-09-26 14:37:47,651 DEBUG Counter: 143, Error:9.448936040146205e-05
2021-09-26 14:37:47,720 INFO Moving gripper downwards until contact
2021-09-26 14:39:17,144 DEBUG Counter: 69, Error: 9.54847160366076e-05, Contact:0
2021-09-26 14:39:17,145 INFO Closing gripper
2021-09-26 17:29:20,491 DEBUG Counter: 2000, Error: 0.40717827367437537
2021-09-26 17:29:20,492 INFO Moving gripper upwards
2021-09-26 17:36:17,956 DEBUG Counter: 104, Error: 9.20182985782915e-05
2021-09-26 17:36:17,957 DEBUG Grasp successful: True
2021-09-26 17:36:17,957 INFO Saving data
