2021-09-25 19:46:19,047 INFO Grasp attempt: 9
2021-09-25 19:46:58,151 INFO Sampling opening angle
2021-09-25 19:46:58,152 DEBUG Opening angle: 0.3175915823417061
2021-09-25 19:46:58,152 INFO Opening gripper
2021-09-25 20:02:25,274 DEBUG Counter: 427, Error:9.712721718124762e-05
2021-09-25 20:02:25,291 INFO Sampling gripper position
2021-09-25 20:02:25,369 DEBUG u: 792, v: 800, d:0.9967221021652222
2021-09-25 20:02:25,370 DEBUG x_world: -0.05288401246070862, y_world: -0.08119694888591766, z_world:0.0691949650645256
2021-09-25 20:02:25,370 DEBUG Gripper pose: [-0.08119694888591766, -0.05288401246070862, 0.9308050349354744, 9.817904892424475e-05]
2021-09-25 20:02:25,370 INFO Moving gripper
2021-09-25 20:03:13,195 DEBUG Counter: 85, Error:9.515673294957215e-05
2021-09-25 20:03:13,195 INFO Computing opening width and jaw size
2021-09-25 20:03:13,196 DEBUG w: 180.14410508933193, h: 71.6516342163086
2021-09-25 20:03:13,260 INFO Sampling gripper rotation angle
2021-09-25 20:03:13,261 DEBUG Object yaw: -0.5642301331515847
2021-09-25 20:03:13,261 DEBUG Theta0: -0.5642301331515847
2021-09-25 20:03:13,261 DEBUG Theta: -0.35072348265007625
2021-09-25 20:03:13,261 INFO Rotating gripper
2021-09-25 20:03:13,261 DEBUG Gripper pose: [-0.08117072259646553, -0.05287169260306261, 0.9307143971581694, 0.35072348265007625]
2021-09-25 20:04:24,639 DEBUG Counter: 107, Error:9.986125188837797e-05
2021-09-25 20:04:24,709 INFO Moving gripper downwards until contact
2021-09-25 20:04:35,445 DEBUG Counter: 16, Error: 0.025639371238152412, Contact:1
2021-09-25 20:04:35,446 INFO Closing gripper
2021-09-25 21:44:45,908 DEBUG Counter: 2000, Error: 0.4524899814972863
2021-09-25 21:44:45,909 INFO Moving gripper upwards
2021-09-25 21:49:31,426 DEBUG Counter: 97, Error: 9.739348448433908e-05
2021-09-25 21:49:31,426 DEBUG Grasp successful: True
2021-09-25 21:49:31,426 INFO Saving data
