2021-09-25 13:14:40,415 INFO Grasp attempt: 1
2021-09-25 13:14:40,415 INFO Sampling opening angle
2021-09-25 13:14:40,416 DEBUG Opening angle: 0.08990487259674121
2021-09-25 13:14:40,416 INFO Opening gripper
2021-09-25 13:14:41,694 DEBUG Counter: 160, Error:9.753382886083795e-05
2021-09-25 13:14:41,708 INFO Sampling gripper position
2021-09-25 13:14:41,779 DEBUG u: 1057, v: 340, d:0.9967221021652222
2021-09-25 13:14:41,780 DEBUG x_world: 0.029433000832796097, y_world: 0.061514582484960556, z_world:0.0691949650645256
2021-09-25 13:14:41,780 DEBUG Gripper pose: [0.061514582484960556, 0.029433000832796097, 0.9308050349354744, -6.265443093645707e-13]
2021-09-25 13:14:41,780 INFO Moving gripper
2021-09-25 13:14:42,155 DEBUG Counter: 85, Error:9.231373130555734e-05
2021-09-25 13:14:42,155 INFO Computing opening width and jaw size
2021-09-25 13:14:42,156 DEBUG w: 257.5611572265625, h: 72.74053955078125
2021-09-25 13:14:42,213 INFO Sampling gripper rotation angle
2021-09-25 13:14:42,213 DEBUG Object yaw: -0.5642217762536387
2021-09-25 13:14:42,213 DEBUG Theta0: -0.5642217762536387
2021-09-25 13:14:42,213 DEBUG Theta: -0.6741191350141553
2021-09-25 13:14:42,213 INFO Rotating gripper
2021-09-25 13:14:42,213 DEBUG Gripper pose: [0.061498971351386364, 0.029427671337728945, 0.9307142069993621, 0.6741191350141553]
2021-09-25 13:14:43,035 DEBUG Counter: 159, Error:9.490230901032515e-05
2021-09-25 13:14:43,095 INFO Moving gripper downwards until contact
2021-09-25 13:14:43,449 DEBUG Counter: 69, Error: 9.548507101889116e-05, Contact:0
2021-09-25 13:14:43,449 INFO Closing gripper
2021-09-25 13:20:04,668 DEBUG Counter: 2000, Error: 0.4157595503477518
2021-09-25 13:20:04,668 INFO Moving gripper upwards
2021-09-25 13:20:41,040 DEBUG Counter: 103, Error: 9.897570411811419e-05
2021-09-25 13:20:41,041 DEBUG Grasp successful: True
2021-09-25 13:20:41,041 INFO Saving data
