2021-09-25 17:02:08,958 INFO Grasp attempt: 7
2021-09-25 17:02:45,103 INFO Sampling opening angle
2021-09-25 17:02:45,104 DEBUG Opening angle: 0.3084229984261884
2021-09-25 17:02:45,104 INFO Opening gripper
2021-09-25 17:09:17,473 DEBUG Counter: 240, Error:9.996097886938449e-05
2021-09-25 17:09:17,488 INFO Sampling gripper position
2021-09-25 17:09:17,561 DEBUG u: 1107, v: 354, d:0.9967221021652222
2021-09-25 17:09:17,561 DEBUG x_world: 0.04496452584862709, y_world: 0.05717117711901665, z_world:0.0691949650645256
2021-09-25 17:09:17,562 DEBUG Gripper pose: [0.05717117711901665, 0.04496452584862709, 0.9308050349354744, 9.842189675143226e-05]
2021-09-25 17:09:17,562 INFO Moving gripper
2021-09-25 17:09:54,108 DEBUG Counter: 85, Error:9.220265998836022e-05
2021-09-25 17:09:54,108 INFO Computing opening width and jaw size
2021-09-25 17:09:54,109 DEBUG w: 183.36285510344504, h: 71.68643188476562
2021-09-25 17:09:54,170 INFO Sampling gripper rotation angle
2021-09-25 17:09:54,170 DEBUG Object yaw: -0.5642182673998904
2021-09-25 17:09:54,170 DEBUG Theta0: -0.5642182673998904
2021-09-25 17:09:54,170 DEBUG Theta: -0.4424767093049015
2021-09-25 17:09:54,170 INFO Rotating gripper
2021-09-25 17:09:54,170 DEBUG Gripper pose: [0.05715727843125319, 0.04495488993042403, 0.9307143966098733, 0.4424767093049015]
2021-09-25 17:10:54,409 DEBUG Counter: 122, Error:9.59036699157423e-05
2021-09-25 17:10:54,478 INFO Moving gripper downwards until contact
2021-09-25 17:10:59,578 DEBUG Counter: 9, Error: 0.0518602404313001, Contact:1
2021-09-25 17:10:59,579 INFO Closing gripper
2021-09-25 17:52:57,140 DEBUG Counter: 1438, Error: 9.821692065037357e-05
2021-09-25 17:52:57,141 INFO Moving gripper upwards
2021-09-25 17:55:12,216 DEBUG Counter: 88, Error: 9.911651565744372e-05
2021-09-25 17:55:12,217 DEBUG Grasp successful: False
2021-09-25 17:55:12,217 INFO Saving data
