2021-09-26 17:36:18,034 INFO Grasp attempt: 17
2021-09-26 17:44:29,383 INFO Sampling opening angle
2021-09-26 17:44:29,384 DEBUG Opening angle: 0.3865706926235209
2021-09-26 17:44:29,384 INFO Opening gripper
2021-09-26 17:51:39,930 DEBUG Counter: 84, Error:9.9328141455024e-05
2021-09-26 17:51:39,957 INFO Sampling gripper position
2021-09-26 17:51:40,100 DEBUG u: 848, v: 746, d:0.9967221021652222
2021-09-26 17:51:40,101 DEBUG x_world: -0.03548872098326683, y_world: -0.06444384902715683, z_world:0.0691949650645256
2021-09-26 17:51:40,102 DEBUG Gripper pose: [-0.06444384902715683, -0.03548872098326683, 0.9308050349354744, 9.463129358674641e-05]
2021-09-26 17:51:40,102 INFO Moving gripper
2021-09-26 17:53:37,476 DEBUG Counter: 85, Error:9.245006145876073e-05
2021-09-26 17:53:37,476 INFO Computing opening width and jaw size
2021-09-26 17:53:37,477 DEBUG w: 155.7012948401673, h: 71.41522216796875
2021-09-26 17:53:37,542 INFO Sampling gripper rotation angle
2021-09-26 17:53:37,543 DEBUG Object yaw: -0.564209548867807
2021-09-26 17:53:37,543 DEBUG Theta0: -0.564209548867807
2021-09-26 17:53:37,543 DEBUG Theta: -0.6540097807803532
2021-09-26 17:53:37,543 INFO Rotating gripper
2021-09-26 17:53:37,543 DEBUG Gripper pose: [-0.06442698015208709, -0.03548184027492967, 0.9307143976872241, 0.6540097807803532]
2021-09-26 17:58:08,399 DEBUG Counter: 156, Error:9.269632257213893e-05
2021-09-26 17:58:08,513 INFO Moving gripper downwards until contact
2021-09-26 17:58:40,835 DEBUG Counter: 12, Error: 0.04011809198131527, Contact:1
2021-09-26 17:58:40,836 INFO Closing gripper
2021-09-26 21:10:53,755 DEBUG Counter: 2000, Error: 0.0009428561576455552
2021-09-26 21:10:53,755 INFO Moving gripper upwards
2021-09-26 21:17:41,461 DEBUG Counter: 89, Error: 9.884098845308349e-05
2021-09-26 21:17:41,462 DEBUG Grasp successful: False
2021-09-26 21:17:41,462 INFO Saving data
