2021-09-25 13:38:37,118 INFO Grasp attempt: 3
2021-09-25 13:38:47,758 INFO Sampling opening angle
2021-09-25 13:38:47,759 DEBUG Opening angle: 0.3031840988243019
2021-09-25 13:38:47,759 INFO Opening gripper
2021-09-25 13:40:24,808 DEBUG Counter: 179, Error:9.800306698087846e-05
2021-09-25 13:40:24,824 INFO Sampling gripper position
2021-09-25 13:40:24,901 DEBUG u: 1194, v: 249, d:0.9967221021652222
2021-09-25 13:40:24,901 DEBUG x_world: 0.07198932766914368, y_world: 0.08974664658308029, z_world:0.0691949650645256
2021-09-25 13:40:24,902 DEBUG Gripper pose: [0.08974664658308029, 0.07198932766914368, 0.9308050349354744, 9.863317564452959e-05]
2021-09-25 13:40:24,902 INFO Moving gripper
2021-09-25 13:40:45,371 DEBUG Counter: 85, Error:9.857216780890699e-05
2021-09-25 13:40:45,371 INFO Computing opening width and jaw size
2021-09-25 13:40:45,373 DEBUG w: 185.19983021682734, h: 71.70657348632812
2021-09-25 13:40:45,462 INFO Sampling gripper rotation angle
2021-09-25 13:40:45,462 DEBUG Object yaw: -0.5642139047774297
2021-09-25 13:40:45,462 DEBUG Theta0: -0.5642139047774297
2021-09-25 13:40:45,463 DEBUG Theta: -0.5460889600444596
2021-09-25 13:40:45,463 INFO Rotating gripper
2021-09-25 13:40:45,463 DEBUG Gripper pose: [0.08971381547396935, 0.071968754928286, 0.9307143963516665, 0.5460889600444596]
2021-09-25 13:41:25,426 DEBUG Counter: 139, Error:9.087223173243064e-05
2021-09-25 13:41:25,530 INFO Moving gripper downwards until contact
2021-09-25 13:41:27,910 DEBUG Counter: 6, Error: 0.06324524647671266, Contact:1
2021-09-25 13:41:27,911 INFO Closing gripper
2021-09-25 13:48:58,242 DEBUG Counter: 560, Error: 3.504995275860345e-05
2021-09-25 13:48:58,242 INFO Moving gripper upwards
2021-09-25 13:50:03,608 DEBUG Counter: 84, Error: 9.847445487492304e-05
2021-09-25 13:50:03,608 DEBUG Grasp successful: False
2021-09-25 13:50:03,608 INFO Saving data
