2021-09-26 00:09:47,106 INFO Grasp attempt: 11
2021-09-26 00:15:29,990 INFO Sampling opening angle
2021-09-26 00:15:29,991 DEBUG Opening angle: 0.08881670783546745
2021-09-26 00:15:29,992 INFO Opening gripper
2021-09-26 00:40:45,109 DEBUG Counter: 326, Error:9.709826637173402e-05
2021-09-26 00:40:45,124 INFO Sampling gripper position
2021-09-26 00:40:45,203 DEBUG u: 719, v: 994, d:0.9967221021652222
2021-09-26 00:40:45,203 DEBUG x_world: -0.07556001096963882, y_world: -0.14138397574424744, z_world:0.0691949650645256
2021-09-26 00:40:45,204 DEBUG Gripper pose: [-0.14138397574424744, -0.07556001096963882, 0.9308050349354744, 9.935355489954355e-05]
2021-09-26 00:40:45,204 INFO Moving gripper
2021-09-26 00:42:12,678 DEBUG Counter: 90, Error:9.355697086348138e-05
2021-09-26 00:42:12,679 INFO Computing opening width and jaw size
2021-09-26 00:42:12,680 DEBUG w: 257.81952052961725, h: 72.74067497253418
2021-09-26 00:42:12,746 INFO Sampling gripper rotation angle
2021-09-26 00:42:12,747 DEBUG Object yaw: -0.5642251554579999
2021-09-26 00:42:12,747 DEBUG Theta0: -0.5642251554579999
2021-09-26 00:42:12,747 DEBUG Theta: -0.5605099144644129
2021-09-26 00:42:12,747 INFO Rotating gripper
2021-09-26 00:42:12,747 DEBUG Gripper pose: [-0.1413084048785798, -0.07554671032174645, 0.9307515088313285, 0.5605099144644129]
2021-09-26 00:45:05,492 DEBUG Counter: 141, Error:9.382101791233222e-05
2021-09-26 00:45:05,561 INFO Moving gripper downwards until contact
2021-09-26 00:45:20,518 DEBUG Counter: 17, Error: 0.022943842255935085, Contact:1
2021-09-26 00:45:20,518 INFO Closing gripper
2021-09-26 03:00:15,816 DEBUG Counter: 2000, Error: 0.4754372079455152
2021-09-26 03:00:15,817 INFO Moving gripper upwards
2021-09-26 03:08:39,550 DEBUG Counter: 97, Error: 9.794983383492688e-05
2021-09-26 03:08:39,551 DEBUG Grasp successful: True
2021-09-26 03:08:39,551 INFO Saving data
