2021-09-25 13:33:09,790 INFO Grasp attempt: 3
2021-09-25 13:33:33,464 INFO Sampling opening angle
2021-09-25 13:33:33,465 DEBUG Opening angle: 0.04859043313360894
2021-09-25 13:33:33,465 INFO Opening gripper
2021-09-25 13:39:42,716 DEBUG Counter: 629, Error:9.701042514245056e-05
2021-09-25 13:39:42,730 INFO Sampling gripper position
2021-09-25 13:39:42,812 DEBUG u: 1007, v: 503, d:0.9967911839485168
2021-09-25 13:39:42,813 DEBUG x_world: 0.014636758714914322, y_world: 0.011519276537001133, z_world:0.06793462485074997
2021-09-25 13:39:42,813 DEBUG Gripper pose: [0.011519276537001133, 0.014636758714914322, 0.93206537514925, -9.741813102389331e-05]
2021-09-25 13:39:42,813 INFO Moving gripper
2021-09-25 13:39:58,242 DEBUG Counter: 85, Error:9.326371830466692e-05
2021-09-25 13:39:58,242 INFO Computing opening width and jaw size
2021-09-25 13:39:58,243 DEBUG w: 270.0138564720605, h: 72.770751953125
2021-09-25 13:39:58,304 INFO Sampling gripper rotation angle
2021-09-25 13:39:58,304 DEBUG Object yaw: -2.2909047934179845
2021-09-25 13:39:58,304 DEBUG Theta0: 0.8506878601718086
2021-09-25 13:39:58,305 DEBUG Theta: 0.9041496748199488
2021-09-25 13:39:58,305 INFO Rotating gripper
2021-09-25 13:39:58,305 DEBUG Gripper pose: [0.011517612120917628, 0.014634546289110009, 0.9319721525337366, -0.9041496748199488]
2021-09-25 13:40:41,941 DEBUG Counter: 196, Error:9.102059857102329e-05
2021-09-25 13:40:42,011 INFO Moving gripper downwards until contact
2021-09-25 13:40:45,360 DEBUG Counter: 15, Error: 0.027819572287303838, Contact:1
2021-09-25 13:40:45,361 INFO Closing gripper
2021-09-25 14:36:34,543 DEBUG Counter: 2000, Error: 0.4150242091682985
2021-09-25 14:36:34,544 INFO Moving gripper upwards
2021-09-25 14:39:50,564 DEBUG Counter: 96, Error: 9.986484296561381e-05
2021-09-25 14:39:50,565 DEBUG Grasp successful: False
2021-09-25 14:39:50,566 INFO Saving data
