2021-09-25 18:46:38,816 INFO Grasp attempt: 8
2021-09-25 18:48:33,415 INFO Sampling opening angle
2021-09-25 18:48:33,416 DEBUG Opening angle: 0.01529826559964307
2021-09-25 18:48:33,417 INFO Opening gripper
2021-09-25 19:21:18,318 DEBUG Counter: 682, Error:9.739259902954989e-05
2021-09-25 19:21:18,345 INFO Sampling gripper position
2021-09-25 19:21:18,486 DEBUG u: 657, v: 351, d:0.9967911839485168
2021-09-25 19:21:18,486 DEBUG x_world: -0.09440188109874725, y_world: 0.05881408601999283, z_world:0.06793462485074997
2021-09-25 19:21:18,487 DEBUG Gripper pose: [0.05881408601999283, -0.09440188109874725, 0.93206537514925, -9.99953977144142e-05]
2021-09-25 19:21:18,487 INFO Moving gripper
2021-09-25 19:22:49,447 DEBUG Counter: 86, Error:9.123499915912757e-05
2021-09-25 19:22:49,447 INFO Computing opening width and jaw size
2021-09-25 19:22:49,449 DEBUG w: 280.5301224699433, h: 72.97848510742188
2021-09-25 19:22:49,544 INFO Sampling gripper rotation angle
2021-09-25 19:22:49,545 DEBUG Object yaw: -2.290904935096014
2021-09-25 19:22:49,545 DEBUG Theta0: 0.8506877184937793
2021-09-25 19:22:49,545 DEBUG Theta: 1.0402168567916021
2021-09-25 19:22:49,545 INFO Rotating gripper
2021-09-25 19:22:49,545 DEBUG Gripper pose: [0.05880104044998726, -0.09436851000013995, 0.9319814703940061, -1.0402168567916021]
2021-09-25 19:27:31,189 DEBUG Counter: 217, Error:9.774509617765936e-05
2021-09-25 19:27:31,295 INFO Moving gripper downwards until contact
2021-09-25 19:27:50,386 DEBUG Counter: 15, Error: 0.02776861766910506, Contact:1
2021-09-25 19:27:50,387 INFO Closing gripper
2021-09-25 21:01:04,158 DEBUG Counter: 2000, Error: 0.4023691757878542
2021-09-25 21:01:04,158 INFO Moving gripper upwards
2021-09-25 21:04:17,714 DEBUG Counter: 97, Error: 9.930079750066829e-05
2021-09-25 21:04:17,714 DEBUG Grasp successful: True
2021-09-25 21:04:17,714 INFO Saving data
