2021-09-26 18:07:25,251 INFO Grasp attempt: 17
2021-09-26 18:09:50,065 INFO Sampling opening angle
2021-09-26 18:09:50,066 DEBUG Opening angle: 0.09468027235650692
2021-09-26 18:09:50,066 INFO Opening gripper
2021-09-26 18:49:05,578 DEBUG Counter: 463, Error:9.784851813632311e-05
2021-09-26 18:49:05,596 INFO Sampling gripper position
2021-09-26 18:49:05,673 DEBUG u: 891, v: 437, d:0.9967911839485168
2021-09-26 18:49:05,674 DEBUG x_world: -0.021501747891306877, y_world: 0.03205517306923866, z_world:0.06793462485074997
2021-09-26 18:49:05,674 DEBUG Gripper pose: [0.03205517306923866, -0.021501747891306877, 0.93206537514925, -9.712238373763798e-05]
2021-09-26 18:49:05,674 INFO Moving gripper
2021-09-26 18:51:14,620 DEBUG Counter: 85, Error:9.347972015253283e-05
2021-09-26 18:51:14,620 INFO Computing opening width and jaw size
2021-09-26 18:51:14,621 DEBUG w: 255.16949604211632, h: 72.49676513671875
2021-09-26 18:51:14,687 INFO Sampling gripper rotation angle
2021-09-26 18:51:14,687 DEBUG Object yaw: -2.2909041102699983
2021-09-26 18:51:14,687 DEBUG Theta0: 0.8506885433197948
2021-09-26 18:51:14,688 DEBUG Theta: 0.7240968722677916
2021-09-26 18:51:14,688 INFO Rotating gripper
2021-09-26 18:51:14,688 DEBUG Gripper pose: [0.03204920753953109, -0.021498218309125853, 0.9319721527668264, -0.7240968722677916]
2021-09-26 18:56:29,010 DEBUG Counter: 167, Error:9.432107210727292e-05
2021-09-26 18:56:29,086 INFO Moving gripper downwards until contact
2021-09-26 18:58:36,141 DEBUG Counter: 69, Error: 9.314800354384216e-05, Contact:0
2021-09-26 18:58:36,141 INFO Closing gripper
