2021-09-25 14:39:50,678 INFO Grasp attempt: 4
2021-09-25 14:41:12,995 INFO Sampling opening angle
2021-09-25 14:41:12,997 DEBUG Opening angle: 0.28741980488200175
2021-09-25 14:41:12,997 INFO Opening gripper
2021-09-25 14:50:48,362 DEBUG Counter: 136, Error:9.91957639468466e-05
2021-09-25 14:50:48,408 INFO Sampling gripper position
2021-09-25 14:50:48,597 DEBUG u: 1197, v: 833, d:0.9967911839485168
2021-09-25 14:50:48,598 DEBUG x_world: 0.07382918894290924, y_world: -0.09116024523973465, z_world:0.06793462485074997
2021-09-25 14:50:48,599 DEBUG Gripper pose: [-0.09116024523973465, 0.07382918894290924, 0.93206537514925, -9.116239652442661e-05]
2021-09-25 14:50:48,599 INFO Moving gripper
2021-09-25 14:52:24,430 DEBUG Counter: 86, Error:9.139431308876546e-05
2021-09-25 14:52:24,431 INFO Computing opening width and jaw size
2021-09-25 14:52:24,432 DEBUG w: 190.1445322250907, h: 71.5555648803711
2021-09-25 14:52:24,530 INFO Sampling gripper rotation angle
2021-09-25 14:52:24,531 DEBUG Object yaw: -2.2909032255112973
2021-09-25 14:52:24,531 DEBUG Theta0: 0.8506894280784958
2021-09-25 14:52:24,531 DEBUG Theta: 1.0248737372942083
2021-09-25 14:52:24,531 INFO Rotating gripper
2021-09-25 14:52:24,531 DEBUG Gripper pose: [-0.09112965913394382, 0.0738097621399693, 0.9319814703822517, -1.0248737372942083]
2021-09-25 14:57:21,368 DEBUG Counter: 215, Error:9.325821690953084e-05
2021-09-25 14:57:21,480 INFO Moving gripper downwards until contact
2021-09-25 14:57:31,017 DEBUG Counter: 5, Error: 0.0638609277785937, Contact:1
2021-09-25 14:57:31,018 INFO Closing gripper
2021-09-25 15:16:50,895 DEBUG Counter: 732, Error: 9.933896917202478e-05
2021-09-25 15:16:50,895 INFO Moving gripper upwards
2021-09-25 15:18:07,017 DEBUG Counter: 86, Error: 9.635975123487535e-05
2021-09-25 15:18:07,018 DEBUG Grasp successful: False
2021-09-25 15:18:07,018 INFO Saving data
