2021-09-26 07:38:03,934 INFO Grasp attempt: 13
2021-09-26 07:43:14,830 INFO Sampling opening angle
2021-09-26 07:43:14,831 DEBUG Opening angle: 0.007091859445817095
2021-09-26 07:43:14,831 INFO Opening gripper
2021-09-26 07:58:01,055 DEBUG Counter: 251, Error:9.68782728556104e-05
2021-09-26 07:58:01,071 INFO Sampling gripper position
2021-09-26 07:58:01,152 DEBUG u: 1166, v: 852, d:0.9967911839485168
2021-09-26 07:58:01,153 DEBUG x_world: 0.0641714558005333, y_world: -0.09707209467887878, z_world:0.06793462485074997
2021-09-26 07:58:01,153 DEBUG Gripper pose: [-0.09707209467887878, 0.0641714558005333, 0.93206537514925, -9.850992578832019e-05]
2021-09-26 07:58:01,153 INFO Moving gripper
2021-09-26 07:59:41,067 DEBUG Counter: 86, Error:9.248342157757893e-05
2021-09-26 07:59:41,067 INFO Computing opening width and jaw size
2021-09-26 07:59:41,068 DEBUG w: 283.0975357691163, h: 73.03160858154297
2021-09-26 07:59:41,135 INFO Sampling gripper rotation angle
2021-09-26 07:59:41,135 DEBUG Object yaw: -2.290903514102054
2021-09-26 07:59:41,135 DEBUG Theta0: 0.8506891394877392
2021-09-26 07:59:41,135 DEBUG Theta: 1.2083839322685426
2021-09-26 07:59:41,135 INFO Rotating gripper
2021-09-26 07:59:41,135 DEBUG Gripper pose: [-0.09703623446322959, 0.06415638408672436, 0.9319814700144659, -1.2083839322685426]
2021-09-26 08:05:27,395 DEBUG Counter: 244, Error:9.549470890157785e-05
2021-09-26 08:05:27,466 INFO Moving gripper downwards until contact
2021-09-26 08:05:42,320 DEBUG Counter: 9, Error: 0.05368257758153091, Contact:1
2021-09-26 08:05:42,320 INFO Closing gripper
2021-09-26 10:23:47,613 DEBUG Counter: 2000, Error: 0.800039418962255
2021-09-26 10:23:47,614 INFO Moving gripper upwards
2021-09-26 10:26:20,178 DEBUG Counter: 90, Error: 9.022631489275057e-05
2021-09-26 10:26:20,179 DEBUG Grasp successful: False
2021-09-26 10:26:20,179 INFO Saving data
