2021-09-25 16:11:42,069 INFO Grasp attempt: 6
2021-09-25 16:14:26,350 INFO Sampling opening angle
2021-09-25 16:14:26,351 DEBUG Opening angle: 0.3579722246889628
2021-09-25 16:14:26,351 INFO Opening gripper
2021-09-25 16:17:32,351 DEBUG Counter: 149, Error:9.840635372004858e-05
2021-09-25 16:17:32,369 INFO Sampling gripper position
2021-09-25 16:17:32,447 DEBUG u: 1187, v: 802, d:0.9967911839485168
2021-09-25 16:17:32,447 DEBUG x_world: 0.07071378082036972, y_world: -0.08151459693908691, z_world:0.06793462485074997
2021-09-25 16:17:32,447 DEBUG Gripper pose: [-0.08151459693908691, 0.07071378082036972, 0.93206537514925, -9.27677998268042e-05]
2021-09-25 16:17:32,448 INFO Moving gripper
2021-09-25 16:18:07,598 DEBUG Counter: 85, Error:9.891517840670549e-05
2021-09-25 16:18:07,598 INFO Computing opening width and jaw size
2021-09-25 16:18:07,599 DEBUG w: 165.46313566719977, h: 71.29862976074219
2021-09-25 16:18:07,658 INFO Sampling gripper rotation angle
2021-09-25 16:18:07,658 DEBUG Object yaw: -2.2909032224421444
2021-09-25 16:18:07,658 DEBUG Theta0: 0.8506894311476487
2021-09-25 16:18:07,658 DEBUG Theta: 0.9898344774953927
2021-09-25 16:18:07,658 INFO Rotating gripper
2021-09-25 16:18:07,658 DEBUG Gripper pose: [-0.08148815878497907, 0.07069392276119645, 0.9319721501847155, -0.9898344774953927]
2021-09-25 16:19:52,492 DEBUG Counter: 209, Error:9.75265140829018e-05
2021-09-25 16:19:52,563 INFO Moving gripper downwards until contact
2021-09-25 16:19:55,355 DEBUG Counter: 4, Error: 0.0654488476268076, Contact:1
2021-09-25 16:19:55,355 INFO Closing gripper
2021-09-25 17:15:48,099 DEBUG Counter: 2000, Error: 0.004203419826999455
2021-09-25 17:15:48,099 INFO Moving gripper upwards
2021-09-25 17:17:44,821 DEBUG Counter: 86, Error: 9.478549750915413e-05
2021-09-25 17:17:44,822 DEBUG Grasp successful: False
2021-09-25 17:17:44,822 INFO Saving data
