2021-09-25 23:40:56,792 INFO Grasp attempt: 10
2021-09-25 23:43:22,320 INFO Sampling opening angle
2021-09-25 23:43:22,321 DEBUG Opening angle: 0.22264566801043406
2021-09-25 23:43:22,321 INFO Opening gripper
2021-09-25 23:51:05,671 DEBUG Counter: 133, Error:9.871275190795337e-05
2021-09-25 23:51:05,687 INFO Sampling gripper position
2021-09-25 23:51:05,766 DEBUG u: 1100, v: 754, d:0.9967911839485168
2021-09-25 23:51:05,766 DEBUG x_world: 0.04360990971326828, y_world: -0.06657939404249191, z_world:0.06793462485074997
2021-09-25 23:51:05,767 DEBUG Gripper pose: [-0.06657939404249191, 0.04360990971326828, 0.93206537514925, -9.606042308434968e-05]
2021-09-25 23:51:05,767 INFO Moving gripper
2021-09-25 23:52:18,772 DEBUG Counter: 85, Error:9.53601976208166e-05
2021-09-25 23:52:18,773 INFO Computing opening width and jaw size
2021-09-25 23:52:18,774 DEBUG w: 212.47161983310292, h: 71.83563232421875
2021-09-25 23:52:18,840 INFO Sampling gripper rotation angle
2021-09-25 23:52:18,840 DEBUG Object yaw: -2.290903289968177
2021-09-25 23:52:18,840 DEBUG Theta0: 0.850689363621616
2021-09-25 23:52:18,840 DEBUG Theta: 0.9075626448298332
2021-09-25 23:52:18,840 INFO Rotating gripper
2021-09-25 23:52:18,840 DEBUG Gripper pose: [-0.06656158098475924, 0.04360068267726458, 0.9319721489508341, -0.9075626448298332]
2021-09-25 23:55:47,002 DEBUG Counter: 196, Error:9.649932006572381e-05
2021-09-25 23:55:47,072 INFO Moving gripper downwards until contact
2021-09-25 23:55:54,994 DEBUG Counter: 6, Error: 0.06157702530184443, Contact:1
2021-09-25 23:55:54,994 INFO Closing gripper
2021-09-26 02:04:54,797 DEBUG Counter: 2000, Error: 0.4711611616696174
2021-09-26 02:04:54,798 INFO Moving gripper upwards
2021-09-26 02:08:29,245 DEBUG Counter: 87, Error: 9.631256523512942e-05
2021-09-26 02:08:29,245 DEBUG Grasp successful: False
2021-09-26 02:08:29,245 INFO Saving data
