2021-09-26 13:10:40,316 INFO Grasp attempt: 15
2021-09-26 13:13:02,983 INFO Sampling opening angle
2021-09-26 13:13:02,984 DEBUG Opening angle: 0.30284261586814143
2021-09-26 13:13:02,984 INFO Opening gripper
2021-09-26 13:22:36,732 DEBUG Counter: 117, Error:9.6292191306524e-05
2021-09-26 13:22:36,752 INFO Sampling gripper position
2021-09-26 13:22:36,835 DEBUG u: 560, v: 179, d:0.9967911839485168
2021-09-26 13:22:36,835 DEBUG x_world: -0.12462116032838821, y_world: 0.11233189702033997, z_world:0.06793462485074997
2021-09-26 13:22:36,836 DEBUG Gripper pose: [0.11233189702033997, -0.12462116032838821, 0.93206537514925, -9.110541480725661e-05]
2021-09-26 13:22:36,836 INFO Moving gripper
2021-09-26 13:24:37,759 DEBUG Counter: 89, Error:9.04745031970468e-05
2021-09-26 13:24:37,760 INFO Computing opening width and jaw size
2021-09-26 13:24:37,761 DEBUG w: 184.75979708656402, h: 71.49075317382812
2021-09-26 13:24:37,824 INFO Sampling gripper rotation angle
2021-09-26 13:24:37,824 DEBUG Object yaw: -2.2909032224421444
2021-09-26 13:24:37,825 DEBUG Theta0: 0.8506894311476487
2021-09-26 13:24:37,825 DEBUG Theta: 0.9915112488038106
2021-09-26 13:24:37,825 INFO Rotating gripper
2021-09-26 13:24:37,825 DEBUG Gripper pose: [0.11229282650916267, -0.12456715330915998, 0.9320042002135396, -0.9915112488038106]
2021-09-26 13:30:28,752 DEBUG Counter: 210, Error:9.021695440880606e-05
2021-09-26 13:30:28,828 INFO Moving gripper downwards until contact
2021-09-26 13:30:48,526 DEBUG Counter: 12, Error: 0.038253730459217976, Contact:1
2021-09-26 13:30:48,526 INFO Closing gripper
2021-09-26 16:50:41,125 DEBUG Counter: 2000, Error: 0.4645417014459534
2021-09-26 16:50:41,125 INFO Moving gripper upwards
2021-09-26 16:57:01,630 DEBUG Counter: 98, Error: 9.50029694051062e-05
2021-09-26 16:57:01,631 DEBUG Grasp successful: True
2021-09-26 16:57:01,631 INFO Saving data
