2021-09-26 04:45:17,573 INFO Grasp attempt: 12
2021-09-26 04:47:19,288 INFO Sampling opening angle
2021-09-26 04:47:19,289 DEBUG Opening angle: 0.024433790910405054
2021-09-26 04:47:19,289 INFO Opening gripper
2021-09-26 05:11:43,321 DEBUG Counter: 351, Error:9.827095609862141e-05
2021-09-26 05:11:43,341 INFO Sampling gripper position
2021-09-26 05:11:43,472 DEBUG u: 978, v: 581, d:0.9967911839485168
2021-09-26 05:11:43,473 DEBUG x_world: 0.005602124147117138, y_world: -0.012750431895256042, z_world:0.06793462485074997
2021-09-26 05:11:43,474 DEBUG Gripper pose: [-0.012750431895256042, 0.005602124147117138, 0.93206537514925, -9.193541614061268e-05]
2021-09-26 05:11:43,474 INFO Moving gripper
2021-09-26 05:14:08,197 DEBUG Counter: 85, Error:9.324165289885518e-05
2021-09-26 05:14:08,198 INFO Computing opening width and jaw size
2021-09-26 05:14:08,200 DEBUG w: 277.66699354893046, h: 72.92169189453125
2021-09-26 05:14:08,301 INFO Sampling gripper rotation angle
2021-09-26 05:14:08,302 DEBUG Object yaw: -2.290903858188489
2021-09-26 05:14:08,302 DEBUG Theta0: 0.8506887954013043
2021-09-26 05:14:08,302 DEBUG Theta: 0.7768285262181194
2021-09-26 05:14:08,302 INFO Rotating gripper
2021-09-26 05:14:08,302 DEBUG Gripper pose: [-0.01274855380766322, 0.005601372241092343, 0.9319721554450044, -0.7768285262181194]
2021-09-26 05:20:12,004 DEBUG Counter: 175, Error:9.835923606915653e-05
2021-09-26 05:20:12,075 INFO Moving gripper downwards until contact
2021-09-26 05:21:46,817 DEBUG Counter: 69, Error: 9.314800058694848e-05, Contact:0
2021-09-26 05:21:46,817 INFO Closing gripper
2021-09-26 07:30:14,662 DEBUG Counter: 2000, Error: 0.42936324764007056
2021-09-26 07:30:14,662 INFO Moving gripper upwards
2021-09-26 07:38:03,862 DEBUG Counter: 104, Error: 9.041000568785813e-05
2021-09-26 07:38:03,862 DEBUG Grasp successful: True
2021-09-26 07:38:03,862 INFO Saving data
