2021-09-26 16:57:01,701 INFO Grasp attempt: 16
2021-09-26 17:07:09,759 INFO Sampling opening angle
2021-09-26 17:07:09,760 DEBUG Opening angle: 0.39019169034213935
2021-09-26 17:07:09,760 INFO Opening gripper
2021-09-26 17:17:09,862 DEBUG Counter: 130, Error:9.80041790563102e-05
2021-09-26 17:17:09,879 INFO Sampling gripper position
2021-09-26 17:17:09,955 DEBUG u: 925, v: 455, d:0.9967911839485168
2021-09-26 17:17:09,956 DEBUG x_world: -0.010909422300755978, y_world: 0.02645447850227356, z_world:0.06793462485074997
2021-09-26 17:17:09,956 DEBUG Gripper pose: [0.02645447850227356, -0.010909422300755978, 0.93206537514925, -9.030848728749448e-05]
2021-09-26 17:17:09,956 INFO Moving gripper
2021-09-26 17:19:16,033 DEBUG Counter: 85, Error:9.334699929361786e-05
2021-09-26 17:19:16,033 INFO Computing opening width and jaw size
2021-09-26 17:19:16,034 DEBUG w: 154.0265511041802, h: 71.19534301757812
2021-09-26 17:19:16,096 INFO Sampling gripper rotation angle
2021-09-26 17:19:16,097 DEBUG Object yaw: -2.2909032469959314
2021-09-26 17:19:16,097 DEBUG Theta0: 0.8506894065938617
2021-09-26 17:19:16,097 DEBUG Theta: 0.669211843443517
2021-09-26 17:19:16,097 INFO Rotating gripper
2021-09-26 17:19:16,097 DEBUG Gripper pose: [0.02644986628733961, -0.0109078561669909, 0.9319721553178001, -0.669211843443517]
2021-09-26 17:24:05,542 DEBUG Counter: 158, Error:9.697634632355179e-05
2021-09-26 17:24:05,611 INFO Moving gripper downwards until contact
2021-09-26 17:24:32,384 DEBUG Counter: 9, Error: 0.052441352406439656, Contact:1
2021-09-26 17:24:32,385 INFO Closing gripper
2021-09-26 18:03:49,433 DEBUG Counter: 446, Error: 1.2335344588110253e-05
2021-09-26 18:03:49,433 INFO Moving gripper upwards
2021-09-26 18:07:25,138 DEBUG Counter: 89, Error: 9.667752133965417e-05
2021-09-26 18:07:25,139 DEBUG Grasp successful: False
2021-09-26 18:07:25,139 INFO Saving data
