2021-09-25 21:04:17,783 INFO Grasp attempt: 9
2021-09-25 21:13:14,001 INFO Sampling opening angle
2021-09-25 21:13:14,001 DEBUG Opening angle: 0.017584405672238245
2021-09-25 21:13:14,002 INFO Opening gripper
2021-09-25 21:34:29,433 DEBUG Counter: 398, Error:9.802507546139566e-05
2021-09-25 21:34:29,454 INFO Sampling gripper position
2021-09-25 21:34:29,588 DEBUG u: 1211, v: 702, d:0.9967911839485168
2021-09-25 21:34:29,589 DEBUG x_world: 0.07819070667028427, y_world: -0.05039959028363228, z_world:0.06793462485074997
2021-09-25 21:34:29,590 DEBUG Gripper pose: [-0.05039959028363228, 0.07819070667028427, 0.93206537514925, -9.786661936473517e-05]
2021-09-25 21:34:29,590 INFO Moving gripper
2021-09-25 21:35:55,654 DEBUG Counter: 85, Error:9.699566502829238e-05
2021-09-25 21:35:55,655 INFO Computing opening width and jaw size
2021-09-25 21:35:55,656 DEBUG w: 279.8200699090688, h: 72.96554565429688
2021-09-25 21:35:55,720 INFO Sampling gripper rotation angle
2021-09-25 21:35:55,721 DEBUG Object yaw: -2.2909040918203925
2021-09-25 21:35:55,721 DEBUG Theta0: 0.8506885617694007
2021-09-25 21:35:55,721 DEBUG Theta: 1.064195212270909
2021-09-25 21:35:55,721 INFO Rotating gripper
2021-09-25 21:35:55,721 DEBUG Gripper pose: [-0.05038814394068274, 0.07816650515113129, 0.9319721473275547, -1.064195212270909]
2021-09-25 21:40:46,092 DEBUG Counter: 221, Error:9.590214680410547e-05
2021-09-25 21:40:46,195 INFO Moving gripper downwards until contact
2021-09-25 21:41:02,440 DEBUG Counter: 11, Error: 0.04246019272406096, Contact:1
2021-09-25 21:41:02,440 INFO Closing gripper
2021-09-25 23:38:08,282 DEBUG Counter: 2000, Error: 0.549569945734496
2021-09-25 23:38:08,282 INFO Moving gripper upwards
2021-09-25 23:40:56,687 DEBUG Counter: 91, Error: 9.058391530429192e-05
2021-09-25 23:40:56,687 DEBUG Grasp successful: False
2021-09-25 23:40:56,688 INFO Saving data
