2021-09-26 10:26:20,255 INFO Grasp attempt: 14
2021-09-26 10:29:21,813 INFO Sampling opening angle
2021-09-26 10:29:21,814 DEBUG Opening angle: 0.05368794724574686
2021-09-26 10:29:21,814 INFO Opening gripper
2021-09-26 10:38:32,916 DEBUG Counter: 136, Error:9.787132840081286e-05
2021-09-26 10:38:32,934 INFO Sampling gripper position
2021-09-26 10:38:33,012 DEBUG u: 636, v: 338, d:0.9967911839485168
2021-09-26 10:38:33,013 DEBUG x_world: -0.10094418376684189, y_world: 0.06285903602838516, z_world:0.06793462485074997
2021-09-26 10:38:33,013 DEBUG Gripper pose: [0.06285903602838516, -0.10094418376684189, 0.93206537514925, -9.565402690023471e-05]
2021-09-26 10:38:33,014 INFO Moving gripper
2021-09-26 10:40:25,862 DEBUG Counter: 86, Error:9.39552171032396e-05
2021-09-26 10:40:25,863 INFO Computing opening width and jaw size
2021-09-26 10:40:25,864 DEBUG w: 268.4432997763263, h: 72.73883056640625
2021-09-26 10:40:25,928 INFO Sampling gripper rotation angle
2021-09-26 10:40:25,928 DEBUG Object yaw: -2.2909033728544332
2021-09-26 10:40:25,928 DEBUG Theta0: 0.8506892807353599
2021-09-26 10:40:25,928 DEBUG Theta: 0.9983105291765089
2021-09-26 10:40:25,928 INFO Rotating gripper
2021-09-26 10:40:25,928 DEBUG Gripper pose: [0.06284450833516045, -0.10090447376342138, 0.9319814725594281, -0.9983105291765089]
2021-09-26 10:45:56,045 DEBUG Counter: 211, Error:9.096618681192492e-05
2021-09-26 10:45:56,117 INFO Moving gripper downwards until contact
2021-09-26 10:46:18,361 DEBUG Counter: 14, Error: 0.030961973556720583, Contact:1
2021-09-26 10:46:18,362 INFO Closing gripper
2021-09-26 13:09:31,137 DEBUG Counter: 2000, Error: 0.47387490379133285
2021-09-26 13:09:31,137 INFO Moving gripper upwards
2021-09-26 13:10:40,243 DEBUG Counter: 95, Error: 9.991702942893833e-05
2021-09-26 13:10:40,243 DEBUG Grasp successful: False
2021-09-26 13:10:40,243 INFO Saving data
