2021-09-25 15:18:07,094 INFO Grasp attempt: 5
2021-09-25 15:18:41,211 INFO Sampling opening angle
2021-09-25 15:18:41,212 DEBUG Opening angle: 0.195364011572575
2021-09-25 15:18:41,212 INFO Opening gripper
2021-09-25 15:28:17,592 DEBUG Counter: 485, Error:9.72109881853811e-05
2021-09-25 15:28:17,613 INFO Sampling gripper position
2021-09-25 15:28:17,770 DEBUG u: 537, v: 188, d:0.9967911839485168
2021-09-25 15:28:17,770 DEBUG x_world: -0.1317865550518036, y_world: 0.10953155159950256, z_world:0.06793462485074997
2021-09-25 15:28:17,771 DEBUG Gripper pose: [0.10953155159950256, -0.1317865550518036, 0.93206537514925, -9.340565172169071e-05]
2021-09-25 15:28:17,771 INFO Moving gripper
2021-09-25 15:28:52,673 DEBUG Counter: 89, Error:9.644372622357726e-05
2021-09-25 15:28:52,673 INFO Computing opening width and jaw size
2021-09-25 15:28:52,674 DEBUG w: 221.72277947660479, h: 71.95803833007812
2021-09-25 15:28:52,735 INFO Sampling gripper rotation angle
2021-09-25 15:28:52,736 DEBUG Object yaw: -2.2909043501037156
2021-09-25 15:28:52,736 DEBUG Theta0: 0.8506883034860775
2021-09-25 15:28:52,736 DEBUG Theta: 0.8235184934634034
2021-09-25 15:28:52,736 INFO Rotating gripper
2021-09-25 15:28:52,736 DEBUG Gripper pose: [0.10949526934476823, -0.13172142165509804, 0.932004198103286, -0.8235184934634034]
2021-09-25 15:31:24,144 DEBUG Counter: 183, Error:9.261535736093673e-05
2021-09-25 15:31:24,260 INFO Moving gripper downwards until contact
2021-09-25 15:32:07,096 DEBUG Counter: 69, Error: 9.308846862554466e-05, Contact:0
2021-09-25 15:32:07,096 INFO Closing gripper
2021-09-25 16:09:45,329 DEBUG Counter: 2000, Error: 0.482826303434612
2021-09-25 16:09:45,329 INFO Moving gripper upwards
2021-09-25 16:11:41,997 DEBUG Counter: 103, Error: 9.991659120398806e-05
2021-09-25 16:11:41,997 DEBUG Grasp successful: True
2021-09-25 16:11:41,997 INFO Saving data
