2021-09-25 13:21:01,663 INFO Grasp attempt: 2
2021-09-25 13:21:11,481 INFO Sampling opening angle
2021-09-25 13:21:11,482 DEBUG Opening angle: 0.07433366501554568
2021-09-25 13:21:11,482 INFO Opening gripper
2021-09-25 13:23:18,423 DEBUG Counter: 319, Error:9.85716625354488e-05
2021-09-25 13:23:18,439 INFO Sampling gripper position
2021-09-25 13:23:18,515 DEBUG u: 1232, v: 854, d:0.9967911839485168
2021-09-25 13:23:18,516 DEBUG x_world: 0.0847330316901207, y_world: -0.09769439697265625, z_world:0.06793462485074997
2021-09-25 13:23:18,516 DEBUG Gripper pose: [-0.09769439697265625, 0.0847330316901207, 0.93206537514925, -9.104683366304038e-05]
2021-09-25 13:23:18,516 INFO Moving gripper
2021-09-25 13:23:27,376 DEBUG Counter: 86, Error:9.50732735624845e-05
2021-09-25 13:23:27,377 INFO Computing opening width and jaw size
2021-09-25 13:23:27,377 DEBUG w: 261.75439580150106, h: 72.61351013183594
2021-09-25 13:23:27,435 INFO Sampling gripper rotation angle
2021-09-25 13:23:27,435 DEBUG Object yaw: -2.2909037076194148
2021-09-25 13:23:27,435 DEBUG Theta0: 0.8506889459703784
2021-09-25 13:23:27,435 DEBUG Theta: 1.0210746982643655
2021-09-25 13:23:27,435 INFO Rotating gripper
2021-09-25 13:23:27,435 DEBUG Gripper pose: [-0.09765796576985024, 0.08470712168350358, 0.9319814682582035, -1.0210746982643655]
2021-09-25 13:23:54,469 DEBUG Counter: 214, Error:9.727088498578951e-05
2021-09-25 13:23:54,537 INFO Moving gripper downwards until contact
2021-09-25 13:23:55,851 DEBUG Counter: 9, Error: 0.051253095657327906, Contact:1
2021-09-25 13:23:55,851 INFO Closing gripper
2021-09-25 13:32:29,960 DEBUG Counter: 989, Error: 9.693707904767646e-05
2021-09-25 13:32:29,961 INFO Moving gripper upwards
2021-09-25 13:33:09,682 DEBUG Counter: 90, Error: 9.867583776216488e-05
2021-09-25 13:33:09,683 DEBUG Grasp successful: False
2021-09-25 13:33:09,683 INFO Saving data
