2021-09-26 02:08:29,318 INFO Grasp attempt: 11
2021-09-26 02:10:12,009 INFO Sampling opening angle
2021-09-26 02:10:12,010 DEBUG Opening angle: 0.30238507341927967
2021-09-26 02:10:12,010 INFO Opening gripper
2021-09-26 02:19:47,337 DEBUG Counter: 135, Error:9.89380073143642e-05
2021-09-26 02:19:47,355 INFO Sampling gripper position
2021-09-26 02:19:47,436 DEBUG u: 1272, v: 835, d:0.9967911839485168
2021-09-26 02:19:47,436 DEBUG x_world: 0.0971946194767952, y_world: -0.09178254753351212, z_world:0.06793462485074997
2021-09-26 02:19:47,437 DEBUG Gripper pose: [-0.09178254753351212, 0.0971946194767952, 0.93206537514925, -9.665475015066058e-05]
2021-09-26 02:19:47,437 INFO Moving gripper
2021-09-26 02:21:21,818 DEBUG Counter: 86, Error:9.646114534062794e-05
2021-09-26 02:21:21,818 INFO Computing opening width and jaw size
2021-09-26 02:21:21,819 DEBUG w: 184.92907821887206, h: 71.49685668945312
2021-09-26 02:21:21,885 INFO Sampling gripper rotation angle
2021-09-26 02:21:21,885 DEBUG Object yaw: -2.2909032150412267
2021-09-26 02:21:21,885 DEBUG Theta0: 0.8506894385485664
2021-09-26 02:21:21,885 DEBUG Theta: 0.8544046795421534
2021-09-26 02:21:21,885 INFO Rotating gripper
2021-09-26 02:21:21,885 DEBUG Gripper pose: [-0.09175139619602235, 0.09715864608279569, 0.9319814688821588, -0.8544046795421534]
2021-09-26 02:25:27,780 DEBUG Counter: 188, Error:9.17791065460083e-05
2021-09-26 02:25:27,852 INFO Moving gripper downwards until contact
2021-09-26 02:25:40,961 DEBUG Counter: 9, Error: 0.051292297208948255, Contact:1
2021-09-26 02:25:40,961 INFO Closing gripper
2021-09-26 04:40:01,522 DEBUG Counter: 2000, Error: 0.399755582013451
2021-09-26 04:40:01,523 INFO Moving gripper upwards
2021-09-26 04:45:17,500 DEBUG Counter: 88, Error: 9.453103113231588e-05
2021-09-26 04:45:17,500 DEBUG Grasp successful: False
2021-09-26 04:45:17,500 INFO Saving data
