2021-09-25 17:17:44,894 INFO Grasp attempt: 7
2021-09-25 17:18:35,208 INFO Sampling opening angle
2021-09-25 17:18:35,208 DEBUG Opening angle: 0.3061260406884979
2021-09-25 17:18:35,209 INFO Opening gripper
2021-09-25 17:29:55,721 DEBUG Counter: 435, Error:9.815687581693489e-05
2021-09-25 17:29:55,739 INFO Sampling gripper position
2021-09-25 17:29:55,815 DEBUG u: 688, v: 368, d:0.9967911839485168
2021-09-25 17:29:55,816 DEBUG x_world: -0.0847441777586937, y_world: 0.05352453514933586, z_world:0.06793462485074997
2021-09-25 17:29:55,816 DEBUG Gripper pose: [0.05352453514933586, -0.0847441777586937, 0.93206537514925, -9.76765393100028e-05]
2021-09-25 17:29:55,816 INFO Moving gripper
2021-09-25 17:30:37,173 DEBUG Counter: 85, Error:9.837784662342678e-05
2021-09-25 17:30:37,173 INFO Computing opening width and jaw size
2021-09-25 17:30:37,174 DEBUG w: 183.62689318113715, h: 71.4842529296875
2021-09-25 17:30:37,240 INFO Sampling gripper rotation angle
2021-09-25 17:30:37,240 DEBUG Object yaw: -2.290905961583897
2021-09-25 17:30:37,240 DEBUG Theta0: 0.8506866920058962
2021-09-25 17:30:37,240 DEBUG Theta: 0.9724282501008852
2021-09-25 17:30:37,240 INFO Rotating gripper
2021-09-25 17:30:37,240 DEBUG Gripper pose: [0.053511977626897744, -0.08471538195803072, 0.9319721479472076, -0.9724282501008852]
2021-09-25 17:32:34,849 DEBUG Counter: 206, Error:9.983742885888436e-05
2021-09-25 17:32:34,919 INFO Moving gripper downwards until contact
2021-09-25 17:32:41,640 DEBUG Counter: 10, Error: 0.046410576297186056, Contact:1
2021-09-25 17:32:41,640 INFO Closing gripper
2021-09-25 18:44:45,272 DEBUG Counter: 1871, Error: 9.022000059799584e-05
2021-09-25 18:44:45,273 INFO Moving gripper upwards
2021-09-25 18:46:38,711 DEBUG Counter: 90, Error: 9.157046444225707e-05
2021-09-25 18:46:38,712 DEBUG Grasp successful: False
2021-09-25 18:46:38,712 INFO Saving data
