2021-09-25 13:14:40,432 INFO Grasp attempt: 1
2021-09-25 13:14:40,432 INFO Sampling opening angle
2021-09-25 13:14:40,432 DEBUG Opening angle: 0.16401290789073944
2021-09-25 13:14:40,432 INFO Opening gripper
2021-09-25 13:14:42,754 DEBUG Counter: 210, Error:9.735776663363782e-05
2021-09-25 13:14:42,768 INFO Sampling gripper position
2021-09-25 13:14:42,839 DEBUG u: 681, v: 354, d:0.9967911839485168
2021-09-25 13:14:42,839 DEBUG x_world: -0.08692493289709091, y_world: 0.05788062885403633, z_world:0.06793462485074997
2021-09-25 13:14:42,840 DEBUG Gripper pose: [0.05788062885403633, -0.08692493289709091, 0.93206537514925, -4.73295511179582e-13]
2021-09-25 13:14:42,840 INFO Moving gripper
2021-09-25 13:14:43,403 DEBUG Counter: 85, Error:9.923977868890446e-05
2021-09-25 13:14:43,404 INFO Computing opening width and jaw size
2021-09-25 13:14:43,404 DEBUG w: 232.35931396484375, h: 72.11932373046875
2021-09-25 13:14:43,461 INFO Sampling gripper rotation angle
2021-09-25 13:14:43,462 DEBUG Object yaw: -2.290905063722481
2021-09-25 13:14:43,462 DEBUG Theta0: 0.8506875898673121
2021-09-25 13:14:43,462 DEBUG Theta: 0.7407902311067954
2021-09-25 13:14:43,462 INFO Rotating gripper
2021-09-25 13:14:43,462 DEBUG Gripper pose: [0.057866478815889785, -0.08689451399514615, 0.9319719781444846, -0.7407902311067954]
2021-09-25 13:14:44,800 DEBUG Counter: 170, Error:9.104676174354065e-05
2021-09-25 13:14:44,859 INFO Moving gripper downwards until contact
2021-09-25 13:14:44,975 DEBUG Counter: 13, Error: 0.03445735686560346, Contact:1
2021-09-25 13:14:44,975 INFO Closing gripper
2021-09-25 13:20:26,839 DEBUG Counter: 2000, Error: 0.364518744252771
2021-09-25 13:20:26,840 INFO Moving gripper upwards
2021-09-25 13:21:01,591 DEBUG Counter: 94, Error: 9.612325546601077e-05
2021-09-25 13:21:01,591 DEBUG Grasp successful: False
2021-09-25 13:21:01,592 INFO Saving data
