2021-09-25 15:54:47,969 INFO Grasp attempt: 6
2021-09-25 15:56:58,880 INFO Sampling opening angle
2021-09-25 15:56:58,881 DEBUG Opening angle: 0.017730757010916153
2021-09-25 15:56:58,881 INFO Opening gripper
2021-09-25 16:01:35,027 DEBUG Counter: 303, Error:9.81898318766529e-05
2021-09-25 16:01:35,045 INFO Sampling gripper position
2021-09-25 16:01:35,162 DEBUG u: 569, v: 608, d:0.9967917799949646
2021-09-25 16:01:35,163 DEBUG x_world: -0.12181425094604492, y_world: -0.021141353994607925, z_world:0.06792394071817398
2021-09-25 16:01:35,163 DEBUG Gripper pose: [-0.021141353994607925, -0.12181425094604492, 0.932076059281826, 9.289149709340968e-05]
2021-09-25 16:01:35,163 INFO Moving gripper
2021-09-25 16:01:49,762 DEBUG Counter: 87, Error:9.766652324935629e-05
2021-09-25 16:01:49,762 INFO Computing opening width and jaw size
2021-09-25 16:01:49,763 DEBUG w: 279.75308367203615, h: 72.959228515625
2021-09-25 16:01:49,825 INFO Sampling gripper rotation angle
2021-09-25 16:01:49,825 DEBUG Object yaw: 1.6041197874689823
2021-09-25 16:01:49,825 DEBUG Theta0: -1.5374728661208108
2021-09-25 16:01:49,825 DEBUG Theta: -1.3983278197730669
2021-09-25 16:01:49,826 INFO Rotating gripper
2021-09-25 16:01:49,826 DEBUG Gripper pose: [-0.021138554249169928, -0.12175239193716153, 0.9320005319741217, 1.3983278197730669]
2021-09-25 16:02:35,749 DEBUG Counter: 274, Error:9.800074033352628e-05
2021-09-25 16:02:35,816 INFO Moving gripper downwards until contact
2021-09-25 16:02:38,672 DEBUG Counter: 11, Error: 0.04230335153784388, Contact:1
2021-09-25 16:02:38,672 INFO Closing gripper
2021-09-25 17:05:32,018 DEBUG Counter: 2000, Error: 0.6591113808698534
2021-09-25 17:05:32,019 INFO Moving gripper upwards
2021-09-25 17:09:38,825 DEBUG Counter: 93, Error: 9.117668930051294e-05
2021-09-25 17:09:38,826 DEBUG Grasp successful: False
2021-09-25 17:09:38,826 INFO Saving data
