2021-09-25 14:34:04,188 INFO Grasp attempt: 5
2021-09-25 14:35:06,356 INFO Sampling opening angle
2021-09-25 14:35:06,358 DEBUG Opening angle: 0.079095076023805
2021-09-25 14:35:06,358 INFO Opening gripper
2021-09-25 15:00:36,337 DEBUG Counter: 563, Error:9.647827195231884e-05
2021-09-25 15:00:36,358 INFO Sampling gripper position
2021-09-25 15:00:36,468 DEBUG u: 1287, v: 463, d:0.9967917799949646
2021-09-25 15:00:36,469 DEBUG x_world: 0.10187627375125885, y_world: 0.023976508527994156, z_world:0.06792394071817398
2021-09-25 15:00:36,469 DEBUG Gripper pose: [0.023976508527994156, 0.10187627375125885, 0.932076059281826, 9.225631572245159e-05]
2021-09-25 15:00:36,469 INFO Moving gripper
2021-09-25 15:01:06,074 DEBUG Counter: 86, Error:9.332038891960409e-05
2021-09-25 15:01:06,074 INFO Computing opening width and jaw size
2021-09-25 15:01:06,075 DEBUG w: 260.2105725820164, h: 72.58358764648438
2021-09-25 15:01:06,151 INFO Sampling gripper rotation angle
2021-09-25 15:01:06,152 DEBUG Object yaw: 1.6041429006444192
2021-09-25 15:01:06,152 DEBUG Theta0: -1.537449752945374
2021-09-25 15:01:06,152 DEBUG Theta: -1.564619562968048
2021-09-25 15:01:06,152 INFO Rotating gripper
2021-09-25 15:01:06,152 DEBUG Gripper pose: [0.023972844767595907, 0.10183560434131818, 0.9319921470005859, 1.564619562968048]
2021-09-25 15:03:03,936 DEBUG Counter: 301, Error:9.271598495462998e-05
2021-09-25 15:03:04,031 INFO Moving gripper downwards until contact
2021-09-25 15:03:10,088 DEBUG Counter: 13, Error: 0.03443918930904574, Contact:1
2021-09-25 15:03:10,089 INFO Closing gripper
2021-09-25 15:53:26,683 DEBUG Counter: 2000, Error: 0.3855462249730886
2021-09-25 15:53:26,684 INFO Moving gripper upwards
2021-09-25 15:54:47,896 DEBUG Counter: 95, Error: 9.267160265338265e-05
2021-09-25 15:54:47,897 DEBUG Grasp successful: True
2021-09-25 15:54:47,897 INFO Saving data
