2021-09-26 07:51:27,283 INFO Grasp attempt: 11
2021-09-26 07:53:13,976 INFO Sampling opening angle
2021-09-26 07:53:13,977 DEBUG Opening angle: 0.17287013656437172
2021-09-26 07:53:13,977 INFO Opening gripper
2021-09-26 08:09:34,870 DEBUG Counter: 250, Error:9.771125114702017e-05
2021-09-26 08:09:34,884 INFO Sampling gripper position
2021-09-26 08:09:34,985 DEBUG u: 552, v: 632, d:0.9967917799949646
2021-09-26 08:09:34,985 DEBUG x_world: -0.127110555768013, y_world: -0.028609151020646095, z_world:0.06792394071817398
2021-09-26 08:09:34,985 DEBUG Gripper pose: [-0.028609151020646095, -0.127110555768013, 0.932076059281826, 9.92084853290039e-05]
2021-09-26 08:09:34,985 INFO Moving gripper
2021-09-26 08:10:15,940 DEBUG Counter: 88, Error:9.335663979560065e-05
2021-09-26 08:10:15,940 INFO Computing opening width and jaw size
2021-09-26 08:10:15,941 DEBUG w: 229.29840222451224, h: 72.06875610351562
2021-09-26 08:10:16,007 INFO Sampling gripper rotation angle
2021-09-26 08:10:16,008 DEBUG Object yaw: 1.6041132426331595
2021-09-26 08:10:16,008 DEBUG Theta0: -1.5374794109566337
2021-09-26 08:10:16,008 DEBUG Theta: -1.5337641699630467
2021-09-26 08:10:16,008 INFO Rotating gripper
2021-09-26 08:10:16,008 DEBUG Gripper pose: [-0.028605411972188716, -0.12704668341512806, 0.9320080754289821, 1.5337641699630467]
2021-09-26 08:12:21,476 DEBUG Counter: 296, Error:9.358553860180234e-05
2021-09-26 08:12:21,549 INFO Moving gripper downwards until contact
2021-09-26 08:12:28,323 DEBUG Counter: 7, Error: 0.05955922807597976, Contact:1
2021-09-26 08:12:28,323 INFO Closing gripper
2021-09-26 11:11:55,998 DEBUG Counter: 2000, Error: 0.003660220369081424
2021-09-26 11:11:55,998 INFO Moving gripper upwards
2021-09-26 11:18:09,665 DEBUG Counter: 84, Error: 9.975678904898826e-05
2021-09-26 11:18:09,666 DEBUG Grasp successful: False
2021-09-26 11:18:09,666 INFO Saving data
