2021-09-25 13:34:02,865 INFO Grasp attempt: 3
2021-09-25 13:34:27,431 INFO Sampling opening angle
2021-09-25 13:34:27,432 DEBUG Opening angle: 0.3808416876650752
2021-09-25 13:34:27,432 INFO Opening gripper
2021-09-25 13:44:32,402 DEBUG Counter: 441, Error:9.776144591605584e-05
2021-09-25 13:44:32,436 INFO Sampling gripper position
2021-09-25 13:44:32,583 DEBUG u: 1499, v: 531, d:0.9967917799949646
2021-09-25 13:44:32,584 DEBUG x_world: 0.167924165725708, y_world: 0.002817784436047077, z_world:0.06792394071817398
2021-09-25 13:44:32,584 DEBUG Gripper pose: [0.002817784436047077, 0.167924165725708, 0.932076059281826, 9.844039007314972e-05]
2021-09-25 13:44:32,584 INFO Moving gripper
2021-09-25 13:44:49,128 DEBUG Counter: 95, Error:9.547792461068757e-05
2021-09-25 13:44:49,129 INFO Computing opening width and jaw size
2021-09-25 13:44:49,129 DEBUG w: 157.253663085023, h: 71.21087646484375
2021-09-25 13:44:49,201 INFO Sampling gripper rotation angle
2021-09-25 13:44:49,201 DEBUG Object yaw: 1.6041313877523695
2021-09-25 13:44:49,201 DEBUG Theta0: -1.5374612658374236
2021-09-25 13:44:49,201 DEBUG Theta: -1.4839994511892833
2021-09-25 13:44:49,201 INFO Rotating gripper
2021-09-25 13:44:49,201 DEBUG Gripper pose: [0.0028176576865800115, 0.16783439414479528, 0.9320435464953726, 1.4839994511892833]
2021-09-25 13:45:37,471 DEBUG Counter: 288, Error:9.435545797784136e-05
2021-09-25 13:45:37,563 INFO Moving gripper downwards until contact
2021-09-25 13:45:39,375 DEBUG Counter: 10, Error: 0.04625540899157317, Contact:1
2021-09-25 13:45:39,375 INFO Closing gripper
2021-09-25 14:03:30,207 DEBUG Counter: 654, Error: 1.671873756814435e-05
2021-09-25 14:03:30,208 INFO Moving gripper upwards
2021-09-25 14:04:09,432 DEBUG Counter: 89, Error: 9.787121111209382e-05
2021-09-25 14:04:09,433 DEBUG Grasp successful: False
2021-09-25 14:04:09,433 INFO Saving data
