2021-09-26 05:26:35,974 INFO Grasp attempt: 10
2021-09-26 05:44:43,968 INFO Sampling opening angle
2021-09-26 05:44:43,969 DEBUG Opening angle: 0.11037556998235072
2021-09-26 05:44:43,969 INFO Opening gripper
2021-09-26 05:59:24,335 DEBUG Counter: 124, Error:9.688806305004072e-05
2021-09-26 05:59:24,349 INFO Sampling gripper position
2021-09-26 05:59:24,471 DEBUG u: 1314, v: 590, d:0.9967917799949646
2021-09-26 05:59:24,471 DEBUG x_world: 0.11028802394866943, y_world: -0.01554052159190178, z_world:0.06792394071817398
2021-09-26 05:59:24,471 DEBUG Gripper pose: [-0.01554052159190178, 0.11028802394866943, 0.932076059281826, 9.975088378317277e-05]
2021-09-26 05:59:24,471 INFO Moving gripper
2021-09-26 06:00:28,594 DEBUG Counter: 86, Error:9.808333999127446e-05
2021-09-26 06:00:28,594 INFO Computing opening width and jaw size
2021-09-26 06:00:28,595 DEBUG w: 250.03308251666303, h: 72.40423583984375
2021-09-26 06:00:28,656 INFO Sampling gripper rotation angle
2021-09-26 06:00:28,657 DEBUG Object yaw: 1.604097685176507
2021-09-26 06:00:28,657 DEBUG Theta0: -1.5374949684132861
2021-09-26 06:00:28,657 DEBUG Theta: -1.480621687205069
2021-09-26 06:00:28,657 INFO Rotating gripper
2021-09-26 06:00:28,657 DEBUG Gripper pose: [-0.015538386940585416, 0.11023730314937201, 0.931992135594072, 1.480621687205069]
2021-09-26 06:04:01,189 DEBUG Counter: 287, Error:9.904715132295857e-05
2021-09-26 06:04:01,259 INFO Moving gripper downwards until contact
2021-09-26 06:04:11,206 DEBUG Counter: 13, Error: 0.03443921791320109, Contact:1
2021-09-26 06:04:11,207 INFO Closing gripper
2021-09-26 07:48:29,772 DEBUG Counter: 2000, Error: 0.3869367554691833
2021-09-26 07:48:29,772 INFO Moving gripper upwards
2021-09-26 07:51:27,211 DEBUG Counter: 95, Error: 9.078701527979243e-05
2021-09-26 07:51:27,212 DEBUG Grasp successful: False
2021-09-26 07:51:27,212 INFO Saving data
