2021-09-25 14:04:09,528 INFO Grasp attempt: 4
2021-09-25 14:04:48,521 INFO Sampling opening angle
2021-09-25 14:04:48,522 DEBUG Opening angle: 0.3987556079728525
2021-09-25 14:04:48,522 INFO Opening gripper
2021-09-25 14:14:23,420 DEBUG Counter: 369, Error:9.907986746315878e-05
2021-09-25 14:14:23,445 INFO Sampling gripper position
2021-09-25 14:14:23,586 DEBUG u: 611, v: 630, d:0.9967917799949646
2021-09-25 14:14:23,587 DEBUG x_world: -0.108729287981987, y_world: -0.027986833825707436, z_world:0.06792394071817398
2021-09-25 14:14:23,587 DEBUG Gripper pose: [-0.027986833825707436, -0.108729287981987, 0.932076059281826, 9.451466234700626e-05]
2021-09-25 14:14:23,587 INFO Moving gripper
2021-09-25 14:14:42,504 DEBUG Counter: 86, Error:9.715322741684537e-05
2021-09-25 14:14:42,505 INFO Computing opening width and jaw size
2021-09-25 14:14:42,505 DEBUG w: 150.89611903418643, h: 71.16546630859375
2021-09-25 14:14:42,579 INFO Sampling gripper rotation angle
2021-09-25 14:14:42,579 DEBUG Object yaw: 1.6041252465742952
2021-09-25 14:14:42,579 DEBUG Theta0: -1.5374674070154979
2021-09-25 14:14:42,580 DEBUG Theta: -1.3632830977997854
2021-09-25 14:14:42,580 INFO Rotating gripper
2021-09-25 14:14:42,580 DEBUG Gripper pose: [-0.02798235367650321, -0.10868054539235315, 0.9319921376647277, 1.3632830977997854]
2021-09-25 14:15:46,111 DEBUG Counter: 269, Error:9.210347138661767e-05
2021-09-25 14:15:46,189 INFO Moving gripper downwards until contact
2021-09-25 14:15:49,205 DEBUG Counter: 4, Error: 0.0655891053233734, Contact:1
2021-09-25 14:15:49,205 INFO Closing gripper
2021-09-25 14:33:17,344 DEBUG Counter: 453, Error: 6.644586429183086e-05
2021-09-25 14:33:17,345 INFO Moving gripper upwards
2021-09-25 14:34:04,094 DEBUG Counter: 86, Error: 9.550367327988783e-05
2021-09-25 14:34:04,095 DEBUG Grasp successful: False
2021-09-25 14:34:04,095 INFO Saving data
