2021-09-25 13:14:38,876 INFO Grasp attempt: 1
2021-09-25 13:14:38,876 INFO Sampling opening angle
2021-09-25 13:14:38,877 DEBUG Opening angle: 0.07866594806650906
2021-09-25 13:14:38,877 INFO Opening gripper
2021-09-25 13:14:40,083 DEBUG Counter: 154, Error:9.860273187205226e-05
2021-09-25 13:14:40,096 INFO Sampling gripper position
2021-09-25 13:14:40,161 DEBUG u: 780, v: 501, d:0.9967917799949646
2021-09-25 13:14:40,161 DEBUG x_world: -0.05607791244983673, y_world: 0.012152520939707756, z_world:0.06792394071817398
2021-09-25 13:14:40,162 DEBUG Gripper pose: [0.012152520939707756, -0.05607791244983673, 0.932076059281826, -5.434500464144046e-13]
2021-09-25 13:14:40,162 INFO Moving gripper
2021-09-25 13:14:40,408 DEBUG Counter: 85, Error:9.439939081906422e-05
2021-09-25 13:14:40,408 INFO Computing opening width and jaw size
2021-09-25 13:14:40,409 DEBUG w: 260.42626953125, h: 72.587158203125
2021-09-25 13:14:40,463 INFO Sampling gripper rotation angle
2021-09-25 13:14:40,463 DEBUG Object yaw: 1.6040996175435345
2021-09-25 13:14:40,463 DEBUG Theta0: -1.5374930360462586
2021-09-25 13:14:40,464 DEBUG Theta: -1.6473903948067754
2021-09-25 13:14:40,464 INFO Rotating gripper
2021-09-25 13:14:40,464 DEBUG Gripper pose: [0.012150748660443774, -0.05606441400814966, 0.9319826467768535, 1.6473903948067754]
2021-09-25 13:14:41,407 DEBUG Counter: 314, Error:9.469409628001948e-05
2021-09-25 13:14:41,464 INFO Moving gripper downwards until contact
2021-09-25 13:14:41,509 DEBUG Counter: 14, Error: 0.03098533418365061, Contact:1
2021-09-25 13:14:41,509 INFO Closing gripper
2021-09-25 13:25:08,834 DEBUG Counter: 2000, Error: 0.4576051805446307
2021-09-25 13:25:08,835 INFO Moving gripper upwards
2021-09-25 13:26:25,727 DEBUG Counter: 95, Error: 9.917625826750836e-05
2021-09-25 13:26:25,728 DEBUG Grasp successful: True
2021-09-25 13:26:25,728 INFO Saving data
