2021-09-25 13:26:25,828 INFO Grasp attempt: 2
2021-09-25 13:26:55,589 INFO Sampling opening angle
2021-09-25 13:26:55,590 DEBUG Opening angle: 0.35427110271517764
2021-09-25 13:26:55,590 INFO Opening gripper
2021-09-25 13:27:21,959 DEBUG Counter: 97, Error:9.593654387390904e-05
2021-09-25 13:27:21,983 INFO Sampling gripper position
2021-09-25 13:27:22,085 DEBUG u: 691, v: 642, d:0.9967917799949646
2021-09-25 13:27:22,086 DEBUG x_world: -0.08380556851625443, y_world: -0.03172072768211365, z_world:0.06792394071817398
2021-09-25 13:27:22,086 DEBUG Gripper pose: [-0.03172072768211365, -0.08380556851625443, 0.932076059281826, 9.470170753899048e-05]
2021-09-25 13:27:22,086 INFO Moving gripper
2021-09-25 13:27:26,177 DEBUG Counter: 85, Error:9.754952431941218e-05
2021-09-25 13:27:26,177 INFO Computing opening width and jaw size
2021-09-25 13:27:26,178 DEBUG w: 166.7666025083168, h: 71.30935668945312
2021-09-25 13:27:26,281 INFO Sampling gripper rotation angle
2021-09-25 13:27:26,281 DEBUG Object yaw: 1.604100125041165
2021-09-25 13:27:26,281 DEBUG Theta0: -1.537492528548628
2021-09-25 13:27:26,281 DEBUG Theta: -1.367106776254641
2021-09-25 13:27:26,281 INFO Rotating gripper
2021-09-25 13:27:26,282 DEBUG Gripper pose: [-0.03171484333836149, -0.08377751238916281, 0.9319828169206045, 1.367106776254641]
2021-09-25 13:27:40,116 DEBUG Counter: 269, Error:9.828723952053514e-05
2021-09-25 13:27:40,189 INFO Moving gripper downwards until contact
2021-09-25 13:27:40,563 DEBUG Counter: 4, Error: 0.06539990006204226, Contact:1
2021-09-25 13:27:40,563 INFO Closing gripper
2021-09-25 13:33:23,177 DEBUG Counter: 763, Error: 9.271063214433273e-05
2021-09-25 13:33:23,178 INFO Moving gripper upwards
2021-09-25 13:34:02,778 DEBUG Counter: 86, Error: 9.774721715998197e-05
2021-09-25 13:34:02,779 DEBUG Grasp successful: False
2021-09-25 13:34:02,779 INFO Saving data
