2021-09-26 13:57:55,262 INFO Grasp attempt: 13
2021-09-26 14:00:46,360 INFO Sampling opening angle
2021-09-26 14:00:46,361 DEBUG Opening angle: 0.2606950745254978
2021-09-26 14:00:46,361 INFO Opening gripper
2021-09-26 14:59:41,146 DEBUG Counter: 459, Error:9.901906964626672e-05
2021-09-26 14:59:41,163 INFO Sampling gripper position
2021-09-26 14:59:41,254 DEBUG u: 620, v: 641, d:0.9967917799949646
2021-09-26 14:59:41,255 DEBUG x_world: -0.10592538118362427, y_world: -0.03140956535935402, z_world:0.06792394071817398
2021-09-26 14:59:41,255 DEBUG Gripper pose: [-0.03140956535935402, -0.10592538118362427, 0.932076059281826, 9.729770761149818e-05]
2021-09-26 14:59:41,255 INFO Moving gripper
2021-09-26 15:01:03,660 DEBUG Counter: 86, Error:9.5478944567928e-05
2021-09-26 15:01:03,660 INFO Computing opening width and jaw size
2021-09-26 15:01:03,661 DEBUG w: 199.39953728366646, h: 71.66403198242188
2021-09-26 15:01:03,735 INFO Sampling gripper rotation angle
2021-09-26 15:01:03,735 DEBUG Object yaw: 1.6041364409101582
2021-09-26 15:01:03,735 DEBUG Theta0: -1.537456212679635
2021-09-26 15:01:03,735 DEBUG Theta: -1.1797614198988315
2021-09-26 15:01:03,735 INFO Rotating gripper
2021-09-26 15:01:03,735 DEBUG Gripper pose: [-0.031404337430965025, -0.10588014432069608, 0.9319921395353239, 1.1797614198988315]
2021-09-26 15:05:00,250 DEBUG Counter: 239, Error:9.998872595946156e-05
2021-09-26 15:05:00,333 INFO Moving gripper downwards until contact
2021-09-26 15:05:14,715 DEBUG Counter: 6, Error: 0.061991866961919564, Contact:1
2021-09-26 15:05:14,716 INFO Closing gripper
2021-09-26 16:45:18,560 DEBUG Counter: 679, Error: 7.599667466273718e-05
2021-09-26 16:45:18,561 INFO Moving gripper upwards
2021-09-26 16:49:55,774 DEBUG Counter: 86, Error: 9.655142648844573e-05
2021-09-26 16:49:55,775 DEBUG Grasp successful: False
2021-09-26 16:49:55,775 INFO Saving data
