2021-09-26 11:18:09,740 INFO Grasp attempt: 12
2021-09-26 11:20:44,790 INFO Sampling opening angle
2021-09-26 11:20:44,791 DEBUG Opening angle: 0.31258882969847057
2021-09-26 11:20:44,791 INFO Opening gripper
2021-09-26 12:06:53,693 DEBUG Counter: 432, Error:9.693579734043611e-05
2021-09-26 12:06:53,710 INFO Sampling gripper position
2021-09-26 12:06:53,802 DEBUG u: 1373, v: 547, d:0.9967917799949646
2021-09-26 12:06:53,802 DEBUG x_world: 0.12866929173469543, y_world: -0.0021607326343655586, z_world:0.06792394071817398
2021-09-26 12:06:53,803 DEBUG Gripper pose: [-0.0021607326343655586, 0.12866929173469543, 0.932076059281826, 9.374598403379942e-05]
2021-09-26 12:06:53,803 INFO Moving gripper
2021-09-26 12:08:07,309 DEBUG Counter: 88, Error:9.528203417362115e-05
2021-09-26 12:08:07,310 INFO Computing opening width and jaw size
2021-09-26 12:08:07,311 DEBUG w: 181.3505869309178, h: 71.45309448242188
2021-09-26 12:08:07,374 INFO Sampling gripper rotation angle
2021-09-26 12:08:07,374 DEBUG Object yaw: 1.6041326750879283
2021-09-26 12:08:07,375 DEBUG Theta0: -1.5374599785018648
2021-09-26 12:08:07,375 DEBUG Theta: -1.6113202476850497
2021-09-26 12:08:07,375 INFO Rotating gripper
2021-09-26 12:08:07,375 DEBUG Gripper pose: [-0.0021605294257356117, 0.12860252904926403, 0.9320080786332817, 1.6113202476850497]
2021-09-26 12:12:04,878 DEBUG Counter: 308, Error:9.714611002691187e-05
2021-09-26 12:12:04,989 INFO Moving gripper downwards until contact
2021-09-26 12:12:14,139 DEBUG Counter: 12, Error: 0.03824985499391604, Contact:1
2021-09-26 12:12:14,140 INFO Closing gripper
2021-09-26 13:53:06,800 DEBUG Counter: 861, Error: 2.382825495939045e-05
2021-09-26 13:53:06,801 INFO Moving gripper upwards
2021-09-26 13:57:55,187 DEBUG Counter: 90, Error: 9.406760283057526e-05
2021-09-26 13:57:55,188 DEBUG Grasp successful: False
2021-09-26 13:57:55,188 INFO Saving data
