2021-09-25 17:09:38,896 INFO Grasp attempt: 7
2021-09-25 17:11:05,375 INFO Sampling opening angle
2021-09-25 17:11:05,376 DEBUG Opening angle: 0.3291819768742302
2021-09-25 17:11:05,376 INFO Opening gripper
2021-09-25 17:25:40,395 DEBUG Counter: 240, Error:9.689981584626306e-05
2021-09-25 17:25:40,411 INFO Sampling gripper position
2021-09-25 17:25:40,526 DEBUG u: 655, v: 504, d:0.9967917799949646
2021-09-25 17:25:40,527 DEBUG x_world: -0.09502124041318893, y_world: 0.011219055391848087, z_world:0.06792394071817398
2021-09-25 17:25:40,527 DEBUG Gripper pose: [0.011219055391848087, -0.09502124041318893, 0.932076059281826, 9.815096720226754e-05]
2021-09-25 17:25:40,527 INFO Moving gripper
2021-09-25 17:26:10,649 DEBUG Counter: 86, Error:9.050864007252703e-05
2021-09-25 17:26:10,649 INFO Computing opening width and jaw size
2021-09-25 17:26:10,650 DEBUG w: 175.60577499166504, h: 71.39553833007812
2021-09-25 17:26:10,711 INFO Sampling gripper rotation angle
2021-09-25 17:26:10,711 DEBUG Object yaw: 1.6041107000268207
2021-09-25 17:26:10,711 DEBUG Theta0: -1.5374819535629725
2021-09-25 17:26:10,711 DEBUG Theta: -1.4157403954679835
2021-09-25 17:26:10,712 INFO Rotating gripper
2021-09-25 17:26:10,712 DEBUG Gripper pose: [0.011217600451464202, -0.09498736692361247, 0.9319921409657075, 1.4157403954679835]
2021-09-25 17:27:58,778 DEBUG Counter: 277, Error:9.568364646051396e-05
2021-09-25 17:27:58,849 INFO Moving gripper downwards until contact
2021-09-25 17:28:03,244 DEBUG Counter: 5, Error: 0.06399596890212275, Contact:1
2021-09-25 17:28:03,244 INFO Closing gripper
2021-09-25 20:00:22,948 DEBUG Counter: 1877, Error: 9.32592087447004e-05
2021-09-25 20:00:22,948 INFO Moving gripper upwards
2021-09-25 20:03:45,172 DEBUG Counter: 86, Error: 9.382721910168819e-05
2021-09-25 20:03:45,172 DEBUG Grasp successful: False
2021-09-25 20:03:45,172 INFO Saving data
