2021-09-26 16:49:55,851 INFO Grasp attempt: 14
2021-09-26 16:53:20,973 INFO Sampling opening angle
2021-09-26 16:53:20,973 DEBUG Opening angle: 0.2616722011853286
2021-09-26 16:53:20,973 INFO Opening gripper
2021-09-26 17:53:21,140 DEBUG Counter: 376, Error:9.616212161539517e-05
2021-09-26 17:53:21,156 INFO Sampling gripper position
2021-09-26 17:53:21,247 DEBUG u: 1441, v: 497, d:0.9967917799949646
2021-09-26 17:53:21,247 DEBUG x_world: 0.14985445141792297, y_world: 0.01339715626090765, z_world:0.06792394071817398
2021-09-26 17:53:21,248 DEBUG Gripper pose: [0.01339715626090765, 0.14985445141792297, 0.932076059281826, 9.01314680646045e-05]
2021-09-26 17:53:21,248 INFO Moving gripper
2021-09-26 17:54:50,748 DEBUG Counter: 91, Error:9.841388213243766e-05
2021-09-26 17:54:50,749 INFO Computing opening width and jaw size
2021-09-26 17:54:50,749 DEBUG w: 199.04455665249392, h: 71.65328979492188
2021-09-26 17:54:50,812 INFO Sampling gripper rotation angle
2021-09-26 17:54:50,812 DEBUG Object yaw: 1.6041214377828927
2021-09-26 17:54:50,812 DEBUG Theta0: -1.5374712158069004
2021-09-26 17:54:50,812 DEBUG Theta: -1.3898499673657514
2021-09-26 17:54:50,812 INFO Rotating gripper
2021-09-26 17:54:50,813 DEBUG Gripper pose: [0.01339609734985503, 0.1497694395462176, 0.9320264896079022, 1.3898499673657514]
2021-09-26 17:58:44,023 DEBUG Counter: 273, Error:9.44506061247425e-05
2021-09-26 17:58:44,096 INFO Moving gripper downwards until contact
2021-09-26 17:58:53,135 DEBUG Counter: 11, Error: 0.042231413864765525, Contact:1
2021-09-26 17:58:53,135 INFO Closing gripper
