2021-09-26 00:55:09,340 INFO Grasp attempt: 9
2021-09-26 00:58:09,692 INFO Sampling opening angle
2021-09-26 00:58:09,693 DEBUG Opening angle: 0.0965419958484961
2021-09-26 00:58:09,693 INFO Opening gripper
2021-09-26 01:41:19,179 DEBUG Counter: 334, Error:9.68363648930215e-05
2021-09-26 01:41:19,196 INFO Sampling gripper position
2021-09-26 01:41:19,304 DEBUG u: 657, v: 577, d:0.9967917799949646
2021-09-26 01:41:19,304 DEBUG x_world: -0.09439815580844879, y_world: -0.011495471000671387, z_world:0.06792394071817398
2021-09-26 01:41:19,304 DEBUG Gripper pose: [-0.011495471000671387, -0.09439815580844879, 0.932076059281826, 9.785092410912757e-05]
2021-09-26 01:41:19,304 INFO Moving gripper
2021-09-26 01:42:12,978 DEBUG Counter: 86, Error:9.029022114956313e-05
2021-09-26 01:42:12,978 INFO Computing opening width and jaw size
2021-09-26 01:42:12,979 DEBUG w: 254.5505995708527, h: 72.48249816894531
2021-09-26 01:42:13,040 INFO Sampling gripper rotation angle
2021-09-26 01:42:13,040 DEBUG Object yaw: 1.604118944473588
2021-09-26 01:42:13,040 DEBUG Theta0: -1.5374737091162052
2021-09-26 01:42:13,040 DEBUG Theta: -1.3239670586146968
2021-09-26 01:42:13,040 INFO Rotating gripper
2021-09-26 01:42:13,040 DEBUG Gripper pose: [-0.011493976438309107, -0.0943647909716594, 0.931992173180566, 1.3239670586146968]
2021-09-26 01:45:02,711 DEBUG Counter: 262, Error:9.960880216159804e-05
2021-09-26 01:45:02,782 INFO Moving gripper downwards until contact
2021-09-26 01:45:13,516 DEBUG Counter: 11, Error: 0.042265706812555315, Contact:1
2021-09-26 01:45:13,516 INFO Closing gripper
2021-09-26 05:16:32,914 DEBUG Counter: 2000, Error: 0.6804777142832672
2021-09-26 05:16:32,914 INFO Moving gripper upwards
2021-09-26 05:26:35,900 DEBUG Counter: 94, Error: 9.128176084213395e-05
2021-09-26 05:26:35,901 DEBUG Grasp successful: True
2021-09-26 05:26:35,901 INFO Saving data
