2021-09-25 20:03:45,261 INFO Grasp attempt: 8
2021-09-25 20:06:18,698 INFO Sampling opening angle
2021-09-25 20:06:18,699 DEBUG Opening angle: 0.12978033897700217
2021-09-25 20:06:18,699 INFO Opening gripper
2021-09-25 21:18:17,064 DEBUG Counter: 736, Error:9.836315903513637e-05
2021-09-25 21:18:17,081 INFO Sampling gripper position
2021-09-25 21:18:17,209 DEBUG u: 1133, v: 500, d:0.9967917799949646
2021-09-25 21:18:17,210 DEBUG x_world: 0.053898073732852936, y_world: 0.012463669292628765, z_world:0.06792394071817398
2021-09-25 21:18:17,210 DEBUG Gripper pose: [0.012463669292628765, 0.053898073732852936, 0.932076059281826, 9.584237889594891e-05]
2021-09-25 21:18:17,210 INFO Moving gripper
2021-09-25 21:19:01,730 DEBUG Counter: 85, Error:9.413087726654033e-05
2021-09-25 21:19:01,730 INFO Computing opening width and jaw size
2021-09-25 21:19:01,731 DEBUG w: 243.6569837384556, h: 72.2989501953125
2021-09-25 21:19:01,791 INFO Sampling gripper rotation angle
2021-09-25 21:19:01,791 DEBUG Object yaw: 1.6041612203805735
2021-09-25 21:19:01,791 DEBUG Theta0: -1.5374314332092196
2021-09-25 21:19:01,792 DEBUG Theta: -1.3479022949113966
2021-09-25 21:19:01,792 INFO Rotating gripper
2021-09-25 21:19:01,792 DEBUG Gripper pose: [0.012461841951216872, 0.05388537049093944, 0.9319828074157684, 1.3479022949113966]
2021-09-25 21:21:45,015 DEBUG Counter: 266, Error:9.769591605082964e-05
2021-09-25 21:21:45,089 INFO Moving gripper downwards until contact
2021-09-25 21:22:30,352 DEBUG Counter: 69, Error: 9.31379912644582e-05, Contact:0
2021-09-25 21:22:30,352 INFO Closing gripper
2021-09-26 00:49:55,391 DEBUG Counter: 2000, Error: 0.43423836382873177
2021-09-26 00:49:55,392 INFO Moving gripper upwards
2021-09-26 00:55:09,257 DEBUG Counter: 103, Error: 9.805740439386253e-05
2021-09-26 00:55:09,258 DEBUG Grasp successful: False
2021-09-26 00:55:09,258 INFO Saving data
