2021-09-25 13:14:39,429 INFO Grasp attempt: 1
2021-09-25 13:14:39,430 INFO Sampling opening angle
2021-09-25 13:14:39,430 DEBUG Opening angle: 0.05531916664162378
2021-09-25 13:14:39,430 INFO Opening gripper
2021-09-25 13:14:41,358 DEBUG Counter: 141, Error:9.525200302366171e-05
2021-09-25 13:14:41,385 INFO Sampling gripper position
2021-09-25 13:14:41,495 DEBUG u: 1423, v: 506, d:0.9967226386070251
2021-09-25 13:14:41,495 DEBUG x_world: 0.14455492794513702, y_world: 0.009655728004872799, z_world:0.0691850557923317
2021-09-25 13:14:41,496 DEBUG Gripper pose: [0.009655728004872799, 0.14455492794513702, 0.9308149442076683, -7.220982439239538e-13]
2021-09-25 13:14:41,496 INFO Moving gripper
2021-09-25 13:14:41,965 DEBUG Counter: 90, Error:9.813784594275404e-05
2021-09-25 13:14:41,966 INFO Computing opening width and jaw size
2021-09-25 13:14:41,967 DEBUG w: 268.706787109375, h: 72.93817138671875
2021-09-25 13:14:42,054 INFO Sampling gripper rotation angle
2021-09-25 13:14:42,054 DEBUG Object yaw: 1.5104761037135463
2021-09-25 13:14:42,054 DEBUG Theta0: 1.5104761037135463
2021-09-25 13:14:42,055 DEBUG Theta: 1.4005787449530296
2021-09-25 13:14:42,055 INFO Rotating gripper
2021-09-25 13:14:42,055 DEBUG Gripper pose: [0.00965492044334547, 0.14447275676233315, 0.9307612945910129, -1.4005787449530296]
2021-09-25 13:14:42,978 DEBUG Counter: 275, Error:9.163471343470915e-05
2021-09-25 13:14:43,035 INFO Moving gripper downwards until contact
2021-09-25 13:14:43,086 DEBUG Counter: 15, Error: 0.028672016037455488, Contact:1
2021-09-25 13:14:43,086 INFO Closing gripper
2021-09-25 13:24:23,928 DEBUG Counter: 2000, Error: 0.4590165347523948
2021-09-25 13:24:23,929 INFO Moving gripper upwards
2021-09-25 13:24:48,072 DEBUG Counter: 96, Error: 9.513095518913115e-05
2021-09-25 13:24:48,072 DEBUG Grasp successful: False
2021-09-25 13:24:48,072 INFO Saving data
