2021-09-25 13:48:57,463 INFO Grasp attempt: 3
2021-09-25 13:49:35,139 INFO Sampling opening angle
2021-09-25 13:49:35,140 DEBUG Opening angle: 0.09187891374009434
2021-09-25 13:49:35,140 INFO Opening gripper
2021-09-25 13:52:37,897 DEBUG Counter: 202, Error:9.778591960418748e-05
2021-09-25 13:52:37,919 INFO Sampling gripper position
2021-09-25 13:52:38,002 DEBUG u: 932, v: 481, d:0.9967226386070251
2021-09-25 13:52:38,002 DEBUG x_world: -0.007968023419380188, y_world: 0.017411956563591957, z_world:0.0691850557923317
2021-09-25 13:52:38,003 DEBUG Gripper pose: [0.017411956563591957, -0.007968023419380188, 0.9308149442076683, -9.803226409018193e-05]
2021-09-25 13:52:38,003 INFO Moving gripper
2021-09-25 13:52:47,729 DEBUG Counter: 85, Error:9.070026564523307e-05
2021-09-25 13:52:47,730 INFO Computing opening width and jaw size
2021-09-25 13:52:47,731 DEBUG w: 256.8409438318543, h: 72.728271484375
2021-09-25 13:52:47,798 INFO Sampling gripper rotation angle
2021-09-25 13:52:47,799 DEBUG Object yaw: 1.510466582255678
2021-09-25 13:52:47,799 DEBUG Theta0: 1.510466582255678
2021-09-25 13:52:47,799 DEBUG Theta: 1.528591526988648
2021-09-25 13:52:47,799 INFO Rotating gripper
2021-09-25 13:52:47,799 DEBUG Gripper pose: [0.017409233392055967, -0.007966925330369076, 0.9307242914817003, -1.528591526988648]
2021-09-25 13:53:30,491 DEBUG Counter: 295, Error:9.537837969792415e-05
2021-09-25 13:53:30,560 INFO Moving gripper downwards until contact
2021-09-25 13:53:32,509 DEBUG Counter: 15, Error: 0.02872837342758006, Contact:1
2021-09-25 13:53:32,510 INFO Closing gripper
2021-09-25 14:28:14,060 DEBUG Counter: 2000, Error: 0.433430412762266
2021-09-25 14:28:14,060 INFO Moving gripper upwards
2021-09-25 14:30:17,076 DEBUG Counter: 96, Error: 9.077506236227657e-05
2021-09-25 14:30:17,076 DEBUG Grasp successful: True
2021-09-25 14:30:17,076 INFO Saving data
