2021-09-26 06:14:19,595 INFO Grasp attempt: 11
2021-09-26 06:18:00,006 INFO Sampling opening angle
2021-09-26 06:18:00,007 DEBUG Opening angle: 0.01614082428599666
2021-09-26 06:18:00,007 INFO Opening gripper
2021-09-26 06:39:06,694 DEBUG Counter: 372, Error:9.750855982252477e-05
2021-09-26 06:39:06,713 INFO Sampling gripper position
2021-09-26 06:39:06,808 DEBUG u: 1404, v: 625, d:0.9967226386070251
2021-09-26 06:39:06,809 DEBUG x_world: 0.13865280151367188, y_world: -0.027263980358839035, z_world:0.0691850557923317
2021-09-26 06:39:06,809 DEBUG Gripper pose: [-0.027263980358839035, 0.13865280151367188, 0.9308149442076683, -9.72282014149288e-05]
2021-09-26 06:39:06,810 INFO Moving gripper
2021-09-26 06:39:59,874 DEBUG Counter: 89, Error:9.814880928791253e-05
2021-09-26 06:39:59,875 INFO Computing opening width and jaw size
2021-09-26 06:39:59,876 DEBUG w: 281.0871597426374, h: 73.18685913085938
2021-09-26 06:39:59,948 INFO Sampling gripper rotation angle
2021-09-26 06:39:59,948 DEBUG Object yaw: 1.5104545036736596
2021-09-26 06:39:59,948 DEBUG Theta0: 1.5104545036736596
2021-09-26 06:39:59,948 DEBUG Theta: 1.5141697446672466
2021-09-26 06:39:59,948 INFO Rotating gripper
2021-09-26 06:39:59,948 DEBUG Gripper pose: [-0.027260829457982503, 0.1385747956171905, 0.9307554602543484, -1.5141697446672466]
2021-09-26 06:43:00,310 DEBUG Counter: 293, Error:9.23686023556673e-05
2021-09-26 06:43:00,390 INFO Moving gripper downwards until contact
2021-09-26 06:43:13,276 DEBUG Counter: 20, Error: 0.016661084142634324, Contact:1
2021-09-26 06:43:13,276 INFO Closing gripper
2021-09-26 09:14:35,832 DEBUG Counter: 2000, Error: 0.4235123050405579
2021-09-26 09:14:35,832 INFO Moving gripper upwards
2021-09-26 09:22:35,950 DEBUG Counter: 99, Error: 9.668397026715257e-05
2021-09-26 09:22:35,952 DEBUG Grasp successful: False
2021-09-26 09:22:35,952 INFO Saving data
