2021-09-25 14:30:17,172 INFO Grasp attempt: 4
2021-09-25 14:32:47,969 INFO Sampling opening angle
2021-09-25 14:32:47,969 DEBUG Opening angle: 0.1021495893528547
2021-09-25 14:32:47,970 INFO Opening gripper
2021-09-25 14:36:32,226 DEBUG Counter: 214, Error:9.885975914381007e-05
2021-09-25 14:36:32,253 INFO Sampling gripper position
2021-09-25 14:36:32,391 DEBUG u: 1290, v: 624, d:0.9967226386070251
2021-09-25 14:36:32,391 DEBUG x_world: 0.10324014723300934, y_world: -0.02695372700691223, z_world:0.0691850557923317
2021-09-25 14:36:32,392 DEBUG Gripper pose: [-0.02695372700691223, 0.10324014723300934, 0.9308149442076683, -9.553688102697781e-05]
2021-09-25 14:36:32,392 INFO Moving gripper
2021-09-25 14:36:55,214 DEBUG Counter: 86, Error:9.187929488091785e-05
2021-09-25 14:36:55,215 INFO Computing opening width and jaw size
2021-09-25 14:36:55,216 DEBUG w: 253.47888319464275, h: 72.66740417480469
2021-09-25 14:36:55,303 INFO Sampling gripper rotation angle
2021-09-25 14:36:55,304 DEBUG Object yaw: 1.5104674338611972
2021-09-25 14:36:55,304 DEBUG Theta0: 1.5104674338611972
2021-09-25 14:36:55,304 DEBUG Theta: 1.9372740911156567
2021-09-25 14:36:55,304 INFO Rotating gripper
2021-09-25 14:36:55,304 DEBUG Gripper pose: [-0.02694947256586251, 0.10319811214916176, 0.9307333552605915, -1.9372740911156567]
2021-09-25 14:38:34,185 DEBUG Counter: 360, Error:9.616287102651686e-05
2021-09-25 14:38:34,283 INFO Moving gripper downwards until contact
2021-09-25 14:38:38,942 DEBUG Counter: 13, Error: 0.03859313167679982, Contact:1
2021-09-25 14:38:38,942 INFO Closing gripper
2021-09-25 15:50:16,275 DEBUG Counter: 2000, Error: 0.0013752070813322081
2021-09-25 15:50:16,275 INFO Moving gripper upwards
2021-09-25 15:51:29,864 DEBUG Counter: 90, Error: 9.35849523915499e-05
2021-09-25 15:51:29,865 DEBUG Grasp successful: False
2021-09-25 15:51:29,865 INFO Saving data
