2021-09-25 15:51:29,939 INFO Grasp attempt: 5
2021-09-25 15:52:35,194 INFO Sampling opening angle
2021-09-25 15:52:35,195 DEBUG Opening angle: 0.09595215458800968
2021-09-25 15:52:35,195 INFO Opening gripper
2021-09-25 16:06:50,770 DEBUG Counter: 464, Error:9.574776902519788e-05
2021-09-25 16:06:50,799 INFO Sampling gripper position
2021-09-25 16:06:50,925 DEBUG u: 605, v: 442, d:0.9967226386070251
2021-09-25 16:06:50,926 DEBUG x_world: -0.1095464676618576, y_world: 0.029511695727705956, z_world:0.0691850557923317
2021-09-25 16:06:50,926 DEBUG Gripper pose: [0.029511695727705956, -0.1095464676618576, 0.9308149442076683, -9.631737340905045e-05]
2021-09-25 16:06:50,926 INFO Moving gripper
2021-09-25 16:07:19,359 DEBUG Counter: 86, Error:9.570390105516457e-05
2021-09-25 16:07:19,360 INFO Computing opening width and jaw size
2021-09-25 16:07:19,361 DEBUG w: 255.5065016299425, h: 72.70294189453125
2021-09-25 16:07:19,435 INFO Sampling gripper rotation angle
2021-09-25 16:07:19,435 DEBUG Object yaw: 1.5104430423169068
2021-09-25 16:07:19,435 DEBUG Theta0: 1.5104430423169068
2021-09-25 16:07:19,436 DEBUG Theta: 1.4832732322942328
2021-09-25 16:07:19,436 INFO Rotating gripper
2021-09-25 16:07:19,436 DEBUG Gripper pose: [0.029506882435506244, -0.1094966811757441, 0.9307333514708847, -1.4832732322942328]
2021-09-25 16:08:58,601 DEBUG Counter: 288, Error:9.318437060676116e-05
2021-09-25 16:08:58,685 INFO Moving gripper downwards until contact
2021-09-25 16:09:03,987 DEBUG Counter: 8, Error: 0.05789136231384946, Contact:1
2021-09-25 16:09:03,987 INFO Closing gripper
2021-09-25 18:04:21,946 DEBUG Counter: 2000, Error: 0.0038191463193552044
2021-09-25 18:04:21,946 INFO Moving gripper upwards
2021-09-25 18:09:26,129 DEBUG Counter: 84, Error: 9.58253800613462e-05
2021-09-25 18:09:26,130 DEBUG Grasp successful: False
2021-09-25 18:09:26,130 INFO Saving data
