2021-09-26 12:16:26,877 INFO Grasp attempt: 13
2021-09-26 12:19:16,141 INFO Sampling opening angle
2021-09-26 12:19:16,142 DEBUG Opening angle: 0.35518821907984655
2021-09-26 12:19:16,142 INFO Opening gripper
2021-09-26 13:00:11,474 DEBUG Counter: 318, Error:9.919204977598683e-05
2021-09-26 13:00:11,500 INFO Sampling gripper position
2021-09-26 13:00:11,635 DEBUG u: 1463, v: 644, d:0.9967226386070251
2021-09-26 13:00:11,635 DEBUG x_world: 0.15698039531707764, y_world: -0.03315872699022293, z_world:0.0691850557923317
2021-09-26 13:00:11,636 DEBUG Gripper pose: [-0.03315872699022293, 0.15698039531707764, 0.9308149442076683, -9.913218931622903e-05]
2021-09-26 13:00:11,636 INFO Moving gripper
2021-09-26 13:01:31,875 DEBUG Counter: 93, Error:9.185548076018129e-05
2021-09-26 13:01:31,876 INFO Computing opening width and jaw size
2021-09-26 13:01:31,877 DEBUG w: 166.8409434213619, h: 71.50611877441406
2021-09-26 13:01:31,937 INFO Sampling gripper rotation angle
2021-09-26 13:01:31,937 DEBUG Object yaw: 1.510460001270623
2021-09-26 13:01:31,937 DEBUG Theta0: 1.510460001270623
2021-09-26 13:01:31,938 DEBUG Theta: 1.8681547940514265
2021-09-26 13:01:31,938 INFO Rotating gripper
2021-09-26 13:01:31,938 DEBUG Gripper pose: [-0.03315603498037165, 0.15689728729565694, 0.9307759155104804, -1.8681547940514265]
2021-09-26 13:06:35,513 DEBUG Counter: 349, Error:9.609350071023749e-05
2021-09-26 13:06:35,586 INFO Moving gripper downwards until contact
2021-09-26 13:06:46,390 DEBUG Counter: 10, Error: 0.04851595617103097, Contact:1
2021-09-26 13:06:46,391 INFO Closing gripper
2021-09-26 19:15:06,045 DEBUG Counter: 1965, Error: 9.983011155578758e-05
2021-09-26 19:15:06,046 INFO Moving gripper upwards
2021-09-26 19:24:10,300 DEBUG Counter: 90, Error: 9.774743600857043e-05
2021-09-26 19:24:10,300 DEBUG Grasp successful: False
2021-09-26 19:24:10,301 INFO Saving data
