2021-09-25 22:40:31,607 INFO Grasp attempt: 8
2021-09-25 22:43:06,971 INFO Sampling opening angle
2021-09-25 22:43:06,972 DEBUG Opening angle: 0.13808369853124036
2021-09-25 22:43:06,972 INFO Opening gripper
2021-09-25 23:05:35,657 DEBUG Counter: 552, Error:9.814711459826819e-05
2021-09-25 23:05:35,684 INFO Sampling gripper position
2021-09-25 23:05:35,824 DEBUG u: 799, v: 506, d:0.9967226386070251
2021-09-25 23:05:35,825 DEBUG x_world: -0.049282804131507874, y_world: 0.009655728004872799, z_world:0.0691850557923317
2021-09-25 23:05:35,826 DEBUG Gripper pose: [0.009655728004872799, -0.049282804131507874, 0.9308149442076683, -9.05172091440419e-05]
2021-09-25 23:05:35,826 INFO Moving gripper
2021-09-25 23:06:28,435 DEBUG Counter: 85, Error:9.133307406288483e-05
2021-09-25 23:06:28,435 INFO Computing opening width and jaw size
2021-09-25 23:06:28,437 DEBUG w: 241.63134883475212, h: 72.46975708007812
2021-09-25 23:06:28,524 INFO Sampling gripper rotation angle
2021-09-25 23:06:28,524 DEBUG Object yaw: 1.510440021739584
2021-09-25 23:06:28,524 DEBUG Theta0: 1.510440021739584
2021-09-25 23:06:28,524 DEBUG Theta: 1.6999691600374067
2021-09-25 23:06:28,525 INFO Rotating gripper
2021-09-25 23:06:28,525 DEBUG Gripper pose: [0.009654360392224845, -0.049271731081722475, 0.9307242951722522, -1.6999691600374067]
2021-09-25 23:09:54,018 DEBUG Counter: 322, Error:9.833020884619286e-05
2021-09-25 23:09:54,114 INFO Moving gripper downwards until contact
2021-09-25 23:10:38,258 DEBUG Counter: 69, Error: 9.545923241620725e-05, Contact:0
2021-09-25 23:10:38,259 INFO Closing gripper
2021-09-26 00:57:03,564 DEBUG Counter: 2000, Error: 0.44864363963821013
2021-09-26 00:57:03,564 INFO Moving gripper upwards
2021-09-26 01:02:27,807 DEBUG Counter: 103, Error: 9.661032217387234e-05
2021-09-26 01:02:27,807 DEBUG Grasp successful: False
2021-09-26 01:02:27,807 INFO Saving data
