2021-09-26 01:02:27,875 INFO Grasp attempt: 9
2021-09-26 01:05:17,623 INFO Sampling opening angle
2021-09-26 01:05:17,623 DEBUG Opening angle: 0.3908311721297769
2021-09-26 01:05:17,624 INFO Opening gripper
2021-09-26 01:11:48,738 DEBUG Counter: 147, Error:9.821675338794744e-05
2021-09-26 01:11:48,756 INFO Sampling gripper position
2021-09-26 01:11:48,834 DEBUG u: 1054, v: 583, d:0.9967226386070251
2021-09-26 01:11:48,835 DEBUG x_world: 0.029929742217063904, y_world: -0.014233491383492947, z_world:0.0691850557923317
2021-09-26 01:11:48,835 DEBUG Gripper pose: [-0.014233491383492947, 0.029929742217063904, 0.9308149442076683, -9.847660241705073e-05]
2021-09-26 01:11:48,835 INFO Moving gripper
2021-09-26 01:12:43,427 DEBUG Counter: 85, Error:9.084123977211013e-05
2021-09-26 01:12:43,428 INFO Computing opening width and jaw size
2021-09-26 01:12:43,429 DEBUG w: 154.2467050652831, h: 71.40107727050781
2021-09-26 01:12:43,527 INFO Sampling gripper rotation angle
2021-09-26 01:12:43,527 DEBUG Object yaw: 1.5104706079235186
2021-09-26 01:12:43,527 DEBUG Theta0: 1.5104706079235186
2021-09-26 01:12:43,528 DEBUG Theta: 1.723977258425027
2021-09-26 01:12:43,528 INFO Rotating gripper
2021-09-26 01:12:43,528 DEBUG Gripper pose: [-0.014231350846738896, 0.029924291825779818, 0.9307242918928573, -1.723977258425027]
2021-09-26 01:16:35,896 DEBUG Counter: 326, Error:9.65190470623742e-05
2021-09-26 01:16:35,994 INFO Moving gripper downwards until contact
2021-09-26 01:16:45,989 DEBUG Counter: 10, Error: 0.05112431061342006, Contact:1
2021-09-26 01:16:45,990 INFO Closing gripper
2021-09-26 02:59:11,723 DEBUG Counter: 2000, Error: 0.0013880442981581975
2021-09-26 02:59:11,723 INFO Moving gripper upwards
2021-09-26 03:01:49,749 DEBUG Counter: 89, Error: 9.453894627520377e-05
2021-09-26 03:01:49,750 DEBUG Grasp successful: False
2021-09-26 03:01:49,750 INFO Saving data
