2021-09-26 03:01:49,820 INFO Grasp attempt: 10
2021-09-26 03:04:28,650 INFO Sampling opening angle
2021-09-26 03:04:28,650 DEBUG Opening angle: 0.11529468209339507
2021-09-26 03:04:28,651 INFO Opening gripper
2021-09-26 03:37:17,885 DEBUG Counter: 487, Error:9.561393916995842e-05
2021-09-26 03:37:17,904 INFO Sampling gripper position
2021-09-26 03:37:17,987 DEBUG u: 858, v: 597, d:0.9967226386070251
2021-09-26 03:37:17,988 DEBUG x_world: -0.03095519356429577, y_world: -0.018576987087726593, z_world:0.0691850557923317
2021-09-26 03:37:17,988 DEBUG Gripper pose: [-0.018576987087726593, -0.03095519356429577, 0.9308149442076683, -9.667830631365406e-05]
2021-09-26 03:37:17,988 INFO Moving gripper
2021-09-26 03:38:20,143 DEBUG Counter: 85, Error:9.088173378749038e-05
2021-09-26 03:38:20,144 INFO Computing opening width and jaw size
2021-09-26 03:38:20,146 DEBUG w: 249.16967910375024, h: 72.59492492675781
2021-09-26 03:38:20,241 INFO Sampling gripper rotation angle
2021-09-26 03:38:20,241 DEBUG Object yaw: 1.5104439716955267
2021-09-26 03:38:20,241 DEBUG Theta0: 1.5104439716955267
2021-09-26 03:38:20,242 DEBUG Theta: 1.5673172529037438
2021-09-26 03:38:20,242 INFO Rotating gripper
2021-09-26 03:38:20,242 DEBUG Gripper pose: [-0.018574034838205838, -0.030949495091119508, 0.930724289361342, -1.5673172529037438]
2021-09-26 03:43:41,593 DEBUG Counter: 301, Error:9.707183168240526e-05
2021-09-26 03:43:41,696 INFO Moving gripper downwards until contact
2021-09-26 03:43:56,869 DEBUG Counter: 13, Error: 0.03662706130300817, Contact:1
2021-09-26 03:43:56,870 INFO Closing gripper
2021-09-26 06:09:33,072 DEBUG Counter: 2000, Error: 0.40295001226750116
2021-09-26 06:09:33,073 INFO Moving gripper upwards
2021-09-26 06:14:19,489 DEBUG Counter: 94, Error: 9.532195520411455e-05
2021-09-26 06:14:19,490 DEBUG Grasp successful: False
2021-09-26 06:14:19,490 INFO Saving data
