2021-09-26 09:22:36,027 INFO Grasp attempt: 12
2021-09-26 09:26:20,845 INFO Sampling opening angle
2021-09-26 09:26:20,846 DEBUG Opening angle: 0.31200892523585716
2021-09-26 09:26:20,847 INFO Opening gripper
2021-09-26 09:39:15,592 DEBUG Counter: 122, Error:9.678103364746393e-05
2021-09-26 09:39:15,617 INFO Sampling gripper position
2021-09-26 09:39:15,727 DEBUG u: 688, v: 554, d:0.9967226386070251
2021-09-26 09:39:15,727 DEBUG x_world: -0.08376356214284897, y_world: -0.0052362605929374695, z_world:0.0691850557923317
2021-09-26 09:39:15,728 DEBUG Gripper pose: [-0.0052362605929374695, -0.08376356214284897, 0.9308149442076683, -9.252586679621507e-05]
2021-09-26 09:39:15,728 INFO Moving gripper
2021-09-26 09:40:31,690 DEBUG Counter: 85, Error:9.488276548869361e-05
2021-09-26 09:40:31,690 INFO Computing opening width and jaw size
2021-09-26 09:40:31,691 DEBUG w: 182.10156347032648, h: 71.67091369628906
2021-09-26 09:40:31,758 INFO Sampling gripper rotation angle
2021-09-26 09:40:31,758 DEBUG Object yaw: 1.5104747881463265
2021-09-26 09:40:31,758 DEBUG Theta0: 1.5104747881463265
2021-09-26 09:40:31,758 DEBUG Theta: 1.4366145189631416
2021-09-26 09:40:31,758 INFO Rotating gripper
2021-09-26 09:40:31,758 DEBUG Gripper pose: [-0.005235561094425239, -0.08373555328740512, 0.9307242923797477, -1.4366145189631416]
2021-09-26 09:44:36,605 DEBUG Counter: 280, Error:9.898255087169453e-05
2021-09-26 09:44:36,722 INFO Moving gripper downwards until contact
2021-09-26 09:44:46,762 DEBUG Counter: 6, Error: 0.0632222004291198, Contact:1
2021-09-26 09:44:46,762 INFO Closing gripper
2021-09-26 12:08:13,356 DEBUG Counter: 1171, Error: 7.033015989554858e-05
2021-09-26 12:08:13,357 INFO Moving gripper upwards
2021-09-26 12:16:26,800 DEBUG Counter: 84, Error: 9.691305274100746e-05
2021-09-26 12:16:26,801 DEBUG Grasp successful: False
2021-09-26 12:16:26,801 INFO Saving data
