2021-09-25 18:09:26,206 INFO Grasp attempt: 6
2021-09-25 18:11:01,667 INFO Sampling opening angle
2021-09-25 18:11:01,668 DEBUG Opening angle: 0.20210311146896323
2021-09-25 18:11:01,668 INFO Opening gripper
2021-09-25 18:44:36,608 DEBUG Counter: 410, Error:9.53394177843625e-05
2021-09-25 18:44:36,637 INFO Sampling gripper position
2021-09-25 18:44:36,779 DEBUG u: 1119, v: 612, d:0.9967226386070251
2021-09-25 18:44:36,779 DEBUG x_world: 0.05012115091085434, y_world: -0.02323073334991932, z_world:0.0691850557923317
2021-09-25 18:44:36,780 DEBUG Gripper pose: [-0.02323073334991932, 0.05012115091085434, 0.9308149442076683, -9.334014996876073e-05]
2021-09-25 18:44:36,780 INFO Moving gripper
2021-09-25 18:45:05,509 DEBUG Counter: 85, Error:9.144367936430945e-05
2021-09-25 18:45:05,509 INFO Computing opening width and jaw size
2021-09-25 18:45:05,510 DEBUG w: 220.1067516436634, h: 72.1436767578125
2021-09-25 18:45:05,571 INFO Sampling gripper rotation angle
2021-09-25 18:45:05,572 DEBUG Object yaw: 1.51045287752985
2021-09-25 18:45:05,572 DEBUG Theta0: 1.51045287752985
2021-09-25 18:45:05,572 DEBUG Theta: 1.649597923877594
2021-09-25 18:45:05,572 INFO Rotating gripper
2021-09-25 18:45:05,572 DEBUG Gripper pose: [-0.023226825437143172, 0.050109797177055014, 0.9307242923050836, -1.649597923877594]
2021-09-25 18:46:34,531 DEBUG Counter: 314, Error:9.811339369928587e-05
2021-09-25 18:46:34,606 INFO Moving gripper downwards until contact
2021-09-25 18:46:42,313 DEBUG Counter: 12, Error: 0.042635305781006376, Contact:1
2021-09-25 18:46:42,314 INFO Closing gripper
2021-09-25 21:33:07,217 DEBUG Counter: 2000, Error: 0.0019135977828856898
2021-09-25 21:33:07,217 INFO Moving gripper upwards
2021-09-25 21:35:39,875 DEBUG Counter: 89, Error: 9.657707277898533e-05
2021-09-25 21:35:39,876 DEBUG Grasp successful: False
2021-09-25 21:35:39,876 INFO Saving data
