2021-09-25 13:24:48,176 INFO Grasp attempt: 2
2021-09-25 13:25:12,818 INFO Sampling opening angle
2021-09-25 13:25:12,820 DEBUG Opening angle: 0.1004993595077405
2021-09-25 13:25:12,820 INFO Opening gripper
2021-09-25 13:26:57,269 DEBUG Counter: 219, Error:9.766376780268038e-05
2021-09-25 13:26:57,303 INFO Sampling gripper position
2021-09-25 13:26:57,448 DEBUG u: 683, v: 538, d:0.9967226386070251
2021-09-25 13:26:57,448 DEBUG x_world: -0.0853167474269867, y_world: -0.0002722645294852555, z_world:0.0691850557923317
2021-09-25 13:26:57,449 DEBUG Gripper pose: [-0.0002722645294852555, -0.0853167474269867, 0.9308149442076683, -9.163472957092449e-05]
2021-09-25 13:26:57,449 INFO Moving gripper
2021-09-25 13:27:04,859 DEBUG Counter: 85, Error:9.524961279452901e-05
2021-09-25 13:27:04,860 INFO Computing opening width and jaw size
2021-09-25 13:27:04,861 DEBUG w: 254.0258191217915, h: 72.67848205566406
2021-09-25 13:27:04,953 INFO Sampling gripper rotation angle
2021-09-25 13:27:04,953 DEBUG Object yaw: 1.5104686725391205
2021-09-25 13:27:04,953 DEBUG Theta0: 1.5104686725391205
2021-09-25 13:27:04,954 DEBUG Theta: 1.6808544248331077
2021-09-25 13:27:04,954 INFO Rotating gripper
2021-09-25 13:27:04,954 DEBUG Gripper pose: [-0.0002722294054536669, -0.08528752038330757, 0.9307242895474374, -1.6808544248331077]
2021-09-25 13:27:35,984 DEBUG Counter: 319, Error:9.788406947612505e-05
2021-09-25 13:27:36,086 INFO Moving gripper downwards until contact
2021-09-25 13:27:37,759 DEBUG Counter: 13, Error: 0.035580280975066575, Contact:1
2021-09-25 13:27:37,760 INFO Closing gripper
2021-09-25 13:48:19,389 DEBUG Counter: 2000, Error: 0.6103421377202377
2021-09-25 13:48:19,389 INFO Moving gripper upwards
2021-09-25 13:48:57,360 DEBUG Counter: 94, Error: 9.791872108189639e-05
2021-09-25 13:48:57,360 DEBUG Grasp successful: False
2021-09-25 13:48:57,361 INFO Saving data
