2021-09-25 21:35:39,945 INFO Grasp attempt: 7
2021-09-25 21:37:48,795 INFO Sampling opening angle
2021-09-25 21:37:48,796 DEBUG Opening angle: 0.28940929897755346
2021-09-25 21:37:48,796 INFO Opening gripper
2021-09-25 21:55:43,778 DEBUG Counter: 496, Error:9.95162954754436e-05
2021-09-25 21:55:43,807 INFO Sampling gripper position
2021-09-25 21:55:43,963 DEBUG u: 1367, v: 509, d:0.9967226386070251
2021-09-25 21:55:43,964 DEBUG x_world: 0.1271592080593109, y_world: 0.008724966086447239, z_world:0.0691850557923317
2021-09-25 21:55:43,966 DEBUG Gripper pose: [0.008724966086447239, 0.1271592080593109, 0.9308149442076683, -9.826434412363313e-05]
2021-09-25 21:55:43,966 INFO Moving gripper
2021-09-25 21:56:50,483 DEBUG Counter: 88, Error:9.196327291697072e-05
2021-09-25 21:56:50,483 INFO Computing opening width and jaw size
2021-09-25 21:56:50,485 DEBUG w: 189.99780386100403, h: 71.75454711914062
2021-09-25 21:56:50,593 INFO Sampling gripper rotation angle
2021-09-25 21:56:50,594 DEBUG Object yaw: 1.5104448617110358
2021-09-25 21:56:50,594 DEBUG Theta0: 1.5104448617110358
2021-09-25 21:56:50,594 DEBUG Theta: 1.6321864198060247
2021-09-25 21:56:50,594 INFO Rotating gripper
2021-09-25 21:56:50,594 DEBUG Gripper pose: [0.00872407716265151, 0.12709524921499588, 0.9307488706152582, -1.6321864198060247]
2021-09-25 21:59:28,952 DEBUG Counter: 312, Error:9.037417754576121e-05
2021-09-25 21:59:29,020 INFO Moving gripper downwards until contact
2021-09-25 21:59:34,965 DEBUG Counter: 12, Error: 0.04203207186602656, Contact:1
2021-09-25 21:59:34,965 INFO Closing gripper
2021-09-25 22:38:04,687 DEBUG Counter: 860, Error: 7.14037551450275e-05
2021-09-25 22:38:04,687 INFO Moving gripper upwards
2021-09-25 22:40:31,503 DEBUG Counter: 90, Error: 9.369974871226028e-05
2021-09-25 22:40:31,504 DEBUG Grasp successful: False
2021-09-25 22:40:31,504 INFO Saving data
