2021-09-26 01:52:55,724 INFO Grasp attempt: 9
2021-09-26 01:53:31,872 INFO Sampling opening angle
2021-09-26 01:53:31,873 DEBUG Opening angle: 0.3052315295428942
2021-09-26 01:53:31,873 INFO Opening gripper
2021-09-26 02:17:33,534 DEBUG Counter: 432, Error:9.637554128316683e-05
2021-09-26 02:17:33,562 INFO Sampling gripper position
2021-09-26 02:17:33,711 DEBUG u: 812, v: 814, d:0.996722400188446
2021-09-26 02:17:33,712 DEBUG x_world: -0.04673294723033905, y_world: -0.08552130311727524, z_world:0.06918930262327194
2021-09-26 02:17:33,712 DEBUG Gripper pose: [-0.08552130311727524, -0.04673294723033905, 0.9308106973767281, 9.981637678216032e-05]
2021-09-26 02:17:33,713 INFO Moving gripper
2021-09-26 02:18:23,882 DEBUG Counter: 85, Error:9.583985052761896e-05
2021-09-26 02:18:23,883 INFO Computing opening width and jaw size
2021-09-26 02:18:23,884 DEBUG w: 184.48046988987778, h: 71.69773864746094
2021-09-26 02:18:23,943 INFO Sampling gripper rotation angle
2021-09-26 02:18:23,944 DEBUG Object yaw: -0.4710524869797348
2021-09-26 02:18:23,944 DEBUG Theta0: -0.4710524869797348
2021-09-26 02:18:23,944 DEBUG Theta: -0.2575458364782264
2021-09-26 02:18:23,944 INFO Rotating gripper
2021-09-26 02:18:23,944 DEBUG Gripper pose: [-0.08549191853537448, -0.04672272205928211, 0.9307200482224434, 0.2575458364782264]
2021-09-26 02:19:24,124 DEBUG Counter: 93, Error:9.136085953159746e-05
2021-09-26 02:19:24,204 INFO Moving gripper downwards until contact
2021-09-26 02:19:34,115 DEBUG Counter: 15, Error: 0.028640118788634088, Contact:1
2021-09-26 02:19:34,116 INFO Closing gripper
2021-09-26 06:34:40,254 DEBUG Counter: 2000, Error: 0.4517364134612812
2021-09-26 06:34:40,254 INFO Moving gripper upwards
2021-09-26 06:38:22,574 DEBUG Counter: 96, Error: 9.952464317918684e-05
2021-09-26 06:38:22,575 DEBUG Grasp successful: True
2021-09-26 06:38:22,575 INFO Saving data
