2021-09-26 19:47:36,840 INFO Grasp attempt: 13
2021-09-26 19:49:26,689 INFO Sampling opening angle
2021-09-26 19:49:26,690 DEBUG Opening angle: 0.33337645057398885
2021-09-26 19:49:26,690 INFO Opening gripper
2021-09-26 20:55:49,569 DEBUG Counter: 331, Error:9.531415446295544e-05
2021-09-26 20:55:49,587 INFO Sampling gripper position
2021-09-26 20:55:49,712 DEBUG u: 762, v: 1037, d:0.996722400188446
2021-09-26 20:55:49,712 DEBUG x_world: -0.06226466968655586, y_world: -0.15470626950263977, z_world:0.06918930262327194
2021-09-26 20:55:49,713 DEBUG Gripper pose: [-0.15470626950263977, -0.06226466968655586, 0.9308106973767281, 9.919818027338301e-05]
2021-09-26 20:55:49,713 INFO Moving gripper
2021-09-26 20:59:39,195 DEBUG Counter: 92, Error:9.731288286196335e-05
2021-09-26 20:59:39,196 INFO Computing opening width and jaw size
2021-09-26 20:59:39,196 DEBUG w: 174.56097519631894, h: 71.58397090435028
2021-09-26 20:59:39,272 INFO Sampling gripper rotation angle
2021-09-26 20:59:39,273 DEBUG Object yaw: -0.47104913618561906
2021-09-26 20:59:39,273 DEBUG Theta0: -0.47104913618561906
2021-09-26 20:59:39,273 DEBUG Theta: -0.1133543434048156
2021-09-26 20:59:39,273 INFO Rotating gripper
2021-09-26 20:59:39,273 DEBUG Gripper pose: [-0.15461948438811768, -0.062257061574559444, 0.9307673354383472, 0.1133543434048156]
2021-09-26 21:02:59,476 DEBUG Counter: 70, Error:9.175827630198567e-05
2021-09-26 21:02:59,579 INFO Moving gripper downwards until contact
2021-09-26 21:03:39,205 DEBUG Counter: 11, Error: 0.046091123545532554, Contact:1
2021-09-26 21:03:39,206 INFO Closing gripper
