2021-09-25 13:14:39,636 INFO Grasp attempt: 1
2021-09-25 13:14:39,636 INFO Sampling opening angle
2021-09-25 13:14:39,636 DEBUG Opening angle: 0.20728337697785051
2021-09-25 13:14:39,636 INFO Opening gripper
2021-09-25 13:14:44,847 DEBUG Counter: 239, Error:9.867932495052911e-05
2021-09-25 13:14:44,873 INFO Sampling gripper position
2021-09-25 13:14:44,983 DEBUG u: 1078, v: 327, d:0.996722400188446
2021-09-25 13:14:44,984 DEBUG x_world: 0.035895783454179764, y_world: 0.06556875258684158, z_world:0.06918930262327194
2021-09-25 13:14:44,984 DEBUG Gripper pose: [0.06556875258684158, 0.035895783454179764, 0.9308106973767281, -2.2457384209260164e-13]
2021-09-25 13:14:44,984 INFO Moving gripper
2021-09-25 13:14:45,957 DEBUG Counter: 85, Error:9.274998036638001e-05
2021-09-25 13:14:45,957 INFO Computing opening width and jaw size
2021-09-25 13:14:45,958 DEBUG w: 218.4189453125, h: 72.11865234375
2021-09-25 13:14:46,047 INFO Sampling gripper rotation angle
2021-09-25 13:14:46,047 DEBUG Object yaw: -0.4710501029666599
2021-09-25 13:14:46,047 DEBUG Theta0: -0.4710501029666599
2021-09-25 13:14:46,047 DEBUG Theta: -0.5809474617271766
2021-09-25 13:14:46,047 INFO Rotating gripper
2021-09-25 13:14:46,047 DEBUG Gripper pose: [0.06555138299804424, 0.03588879074669271, 0.9307198570867408, 0.5809474617271766]
2021-09-25 13:14:47,956 DEBUG Counter: 144, Error:9.65654313351827e-05
2021-09-25 13:14:48,052 INFO Moving gripper downwards until contact
2021-09-25 13:14:48,220 DEBUG Counter: 12, Error: 0.03953807685656686, Contact:1
2021-09-25 13:14:48,220 INFO Closing gripper
2021-09-25 13:23:36,200 DEBUG Counter: 2000, Error: 0.5048922951775188
2021-09-25 13:23:36,200 INFO Moving gripper upwards
2021-09-25 13:24:07,787 DEBUG Counter: 92, Error: 9.281867765670699e-05
2021-09-25 13:24:07,787 DEBUG Grasp successful: False
2021-09-25 13:24:07,787 INFO Saving data
