2021-09-26 13:46:55,383 INFO Grasp attempt: 12
2021-09-26 13:55:42,330 INFO Sampling opening angle
2021-09-26 13:55:42,331 DEBUG Opening angle: 0.3792253823602236
2021-09-26 13:55:42,331 INFO Opening gripper
2021-09-26 14:11:48,371 DEBUG Counter: 131, Error:9.997158065216949e-05
2021-09-26 14:11:48,393 INFO Sampling gripper position
2021-09-26 14:11:48,511 DEBUG u: 874, v: 621, d:0.996722400188446
2021-09-26 14:11:48,511 DEBUG x_world: -0.027473630383610725, y_world: -0.025643721222877502, z_world:0.06918930262327194
2021-09-26 14:11:48,512 DEBUG Gripper pose: [-0.025643721222877502, -0.027473630383610725, 0.9308106973767281, 9.563162497725328e-05]
2021-09-26 14:11:48,512 INFO Moving gripper
2021-09-26 14:13:48,152 DEBUG Counter: 85, Error:9.088405864786316e-05
2021-09-26 14:13:48,152 INFO Computing opening width and jaw size
2021-09-26 14:13:48,153 DEBUG w: 158.3900155737066, h: 71.43800354003906
2021-09-26 14:13:48,248 INFO Sampling gripper rotation angle
2021-09-26 14:13:48,249 DEBUG Object yaw: -0.4710350465472758
2021-09-26 14:13:48,249 DEBUG Theta0: -0.4710350465472758
2021-09-26 14:13:48,249 DEBUG Theta: -0.5448953157304607
2021-09-26 14:13:48,249 INFO Rotating gripper
2021-09-26 14:13:48,249 DEBUG Gripper pose: [-0.025639286573779594, -0.027468778185748652, 0.9307200513499007, 0.5448953157304607]
2021-09-26 14:17:26,064 DEBUG Counter: 138, Error:9.904350879208972e-05
2021-09-26 14:17:26,171 INFO Moving gripper downwards until contact
2021-09-26 14:17:48,965 DEBUG Counter: 11, Error: 0.046802040110036, Contact:1
2021-09-26 14:17:48,965 INFO Closing gripper
2021-09-26 19:37:04,706 DEBUG Counter: 2000, Error: 0.0010419388192349777
2021-09-26 19:37:04,706 INFO Moving gripper upwards
2021-09-26 19:47:36,750 DEBUG Counter: 89, Error: 9.688089238231799e-05
2021-09-26 19:47:36,750 DEBUG Grasp successful: False
2021-09-26 19:47:36,750 INFO Saving data
