2021-09-25 22:59:38,598 INFO Grasp attempt: 8
2021-09-25 23:00:35,670 INFO Sampling opening angle
2021-09-25 23:00:35,671 DEBUG Opening angle: 0.09376889285565478
2021-09-25 23:00:35,671 INFO Opening gripper
2021-09-25 23:32:40,477 DEBUG Counter: 331, Error:9.770795983664315e-05
2021-09-25 23:32:40,510 INFO Sampling gripper position
2021-09-25 23:32:40,665 DEBUG u: 1022, v: 324, d:0.996722400188446
2021-09-25 23:32:40,665 DEBUG x_world: 0.01850024051964283, y_world: 0.06649947911500931, z_world:0.06918930262327194
2021-09-25 23:32:40,666 DEBUG Gripper pose: [0.06649947911500931, 0.01850024051964283, 0.9308106973767281, 9.776723506321721e-05]
2021-09-25 23:32:40,666 INFO Moving gripper
2021-09-25 23:33:48,153 DEBUG Counter: 85, Error:9.242136328502782e-05
2021-09-25 23:33:48,154 INFO Computing opening width and jaw size
2021-09-25 23:33:48,155 DEBUG w: 256.227174284644, h: 72.71807861328125
2021-09-25 23:33:48,230 INFO Sampling gripper rotation angle
2021-09-25 23:33:48,230 DEBUG Object yaw: -0.47104668881690864
2021-09-25 23:33:48,230 DEBUG Theta0: -0.47104668881690864
2021-09-25 23:33:48,231 DEBUG Theta: -0.2815175505190857
2021-09-25 23:33:48,231 INFO Rotating gripper
2021-09-25 23:33:48,231 DEBUG Gripper pose: [0.06648170229978705, 0.018497301809336182, 0.930720049391567, 0.2815175505190857]
2021-09-25 23:35:11,374 DEBUG Counter: 96, Error:9.965824671587432e-05
2021-09-25 23:35:11,462 INFO Moving gripper downwards until contact
2021-09-25 23:35:25,815 DEBUG Counter: 10, Error: 0.0479319782567032, Contact:1
2021-09-25 23:35:25,815 INFO Closing gripper
2021-09-26 01:49:55,249 DEBUG Counter: 2000, Error: 0.0008877759361467508
2021-09-26 01:49:55,250 INFO Moving gripper upwards
2021-09-26 01:52:55,642 DEBUG Counter: 89, Error: 9.158004839029485e-05
2021-09-26 01:52:55,642 DEBUG Grasp successful: False
2021-09-26 01:52:55,643 INFO Saving data
