2021-09-25 14:15:57,359 INFO Grasp attempt: 4
2021-09-25 14:16:15,415 INFO Sampling opening angle
2021-09-25 14:16:15,415 DEBUG Opening angle: 0.18812556045689222
2021-09-25 14:16:15,416 INFO Opening gripper
2021-09-25 14:21:34,986 DEBUG Counter: 395, Error:9.858587811928388e-05
2021-09-25 14:21:35,002 INFO Sampling gripper position
2021-09-25 14:21:35,078 DEBUG u: 737, v: 1012, d:0.996722400188446
2021-09-25 14:21:35,078 DEBUG x_world: -0.07003051787614822, y_world: -0.1469501256942749, z_world:0.06918930262327194
2021-09-25 14:21:35,079 DEBUG Gripper pose: [-0.1469501256942749, -0.07003051787614822, 0.9308106973767281, 9.265792345583021e-05]
2021-09-25 14:21:35,079 INFO Moving gripper
2021-09-25 14:21:54,939 DEBUG Counter: 91, Error:9.27410047797356e-05
2021-09-25 14:21:54,940 INFO Computing opening width and jaw size
2021-09-25 14:21:54,941 DEBUG w: 224.8245861159237, h: 72.20434665679932
2021-09-25 14:21:54,998 INFO Sampling gripper rotation angle
2021-09-25 14:21:54,999 DEBUG Object yaw: -0.47105229360930495
2021-09-25 14:21:54,999 DEBUG Theta0: -0.47105229360930495
2021-09-25 14:21:54,999 DEBUG Theta: -0.04424563635484546
2021-09-25 14:21:54,999 INFO Rotating gripper
2021-09-25 14:21:54,999 DEBUG Gripper pose: [-0.14687156454489228, -0.07002014164700242, 0.9307625167411578, 0.04424563635484546]
2021-09-25 14:22:21,469 DEBUG Counter: 58, Error:9.795476174454996e-05
2021-09-25 14:22:21,569 INFO Moving gripper downwards until contact
2021-09-25 14:22:48,599 DEBUG Counter: 69, Error: 9.53953280797213e-05, Contact:0
2021-09-25 14:22:48,600 INFO Closing gripper
2021-09-25 15:03:59,948 DEBUG Counter: 2000, Error: 0.4935393204726227
2021-09-25 15:03:59,948 INFO Moving gripper upwards
2021-09-25 15:05:46,847 DEBUG Counter: 104, Error: 9.793948937493851e-05
2021-09-25 15:05:46,848 DEBUG Grasp successful: True
2021-09-25 15:05:46,848 INFO Saving data
