2021-09-25 15:05:46,922 INFO Grasp attempt: 5
2021-09-25 15:08:09,433 INFO Sampling opening angle
2021-09-25 15:08:09,434 DEBUG Opening angle: 0.21924328343538646
2021-09-25 15:08:09,435 INFO Opening gripper
2021-09-25 15:12:56,052 DEBUG Counter: 139, Error:9.999997047566156e-05
2021-09-25 15:12:56,077 INFO Sampling gripper position
2021-09-25 15:12:56,219 DEBUG u: 1039, v: 173, d:0.996722400188446
2021-09-25 15:12:56,220 DEBUG x_world: 0.023781049996614456, y_world: 0.11334671825170517, z_world:0.06918930262327194
2021-09-25 15:12:56,220 DEBUG Gripper pose: [0.11334671825170517, 0.023781049996614456, 0.9308106973767281, 3.7459743773703574e-06]
2021-09-25 15:12:56,220 INFO Moving gripper
2021-09-25 15:13:39,739 DEBUG Counter: 86, Error:9.855896616599506e-05
2021-09-25 15:13:39,740 INFO Computing opening width and jaw size
2021-09-25 15:13:39,741 DEBUG w: 214.26391601732888, h: 72.05975341796875
2021-09-25 15:13:39,802 INFO Sampling gripper rotation angle
2021-09-25 15:13:39,802 DEBUG Object yaw: -0.47103324773785327
2021-09-25 15:13:39,802 DEBUG Theta0: -0.47103324773785327
2021-09-25 15:13:39,803 DEBUG Theta: -0.4982030577605273
2021-09-25 15:13:39,803 INFO Rotating gripper
2021-09-25 15:13:39,803 DEBUG Gripper pose: [0.1132915436565381, 0.023777421572079786, 0.9307291101939402, 0.4982030577605273]
2021-09-25 15:14:22,662 DEBUG Counter: 131, Error:9.477321016287972e-05
2021-09-25 15:14:22,730 INFO Moving gripper downwards until contact
2021-09-25 15:14:25,326 DEBUG Counter: 6, Error: 0.06311071727439707, Contact:1
2021-09-25 15:14:25,326 INFO Closing gripper
2021-09-25 16:17:08,049 DEBUG Counter: 2000, Error: 0.003481680711063362
2021-09-25 16:17:08,049 INFO Moving gripper upwards
2021-09-25 16:22:04,390 DEBUG Counter: 86, Error: 9.476615440570904e-05
2021-09-25 16:22:04,390 DEBUG Grasp successful: False
2021-09-25 16:22:04,390 INFO Saving data
