2021-09-26 09:18:34,311 INFO Grasp attempt: 11
2021-09-26 09:23:06,954 INFO Sampling opening angle
2021-09-26 09:23:06,955 DEBUG Opening angle: 0.13695541492323612
2021-09-26 09:23:06,955 INFO Opening gripper
2021-09-26 09:49:37,090 DEBUG Counter: 290, Error:9.857176027830428e-05
2021-09-26 09:49:37,104 INFO Sampling gripper position
2021-09-26 09:49:37,220 DEBUG u: 734, v: 1015, d:0.996722400188446
2021-09-26 09:49:37,220 DEBUG x_world: -0.07096242159605026, y_world: -0.14788085222244263, z_world:0.06918930262327194
2021-09-26 09:49:37,221 DEBUG Gripper pose: [-0.14788085222244263, -0.07096242159605026, 0.9308106973767281, 9.095530578179268e-05]
2021-09-26 09:49:37,221 INFO Moving gripper
2021-09-26 09:51:06,633 DEBUG Counter: 91, Error:9.455877741332708e-05
2021-09-26 09:51:06,634 INFO Computing opening width and jaw size
2021-09-26 09:51:06,636 DEBUG w: 241.9814464975883, h: 72.46848773956299
2021-09-26 09:51:06,725 INFO Sampling gripper rotation angle
2021-09-26 09:51:06,726 DEBUG Object yaw: -0.4710451436709689
2021-09-26 09:51:06,726 DEBUG Theta0: -0.4710451436709689
2021-09-26 09:51:06,726 DEBUG Theta: -0.4673299026773819
2021-09-26 09:51:06,726 INFO Rotating gripper
2021-09-26 09:51:06,726 DEBUG Gripper pose: [-0.14780018399020234, -0.07095180559563333, 0.9307625175134211, 0.4673299026773819]
2021-09-26 09:53:23,499 DEBUG Counter: 126, Error:9.548423687055774e-05
2021-09-26 09:53:23,603 INFO Moving gripper downwards until contact
2021-09-26 09:54:31,974 DEBUG Counter: 69, Error: 9.539531626902268e-05, Contact:0
2021-09-26 09:54:31,975 INFO Closing gripper
2021-09-26 13:33:43,288 DEBUG Counter: 2000, Error: 0.48731535729347286
2021-09-26 13:33:43,288 INFO Moving gripper upwards
2021-09-26 13:46:55,286 DEBUG Counter: 104, Error: 9.094755772207524e-05
2021-09-26 13:46:55,286 DEBUG Grasp successful: True
2021-09-26 13:46:55,286 INFO Saving data
