2021-09-25 16:22:04,475 INFO Grasp attempt: 6
2021-09-25 16:22:50,978 INFO Sampling opening angle
2021-09-25 16:22:50,979 DEBUG Opening angle: 0.29440045467427367
2021-09-25 16:22:50,979 INFO Opening gripper
2021-09-25 16:44:07,273 DEBUG Counter: 354, Error:9.919889717591168e-05
2021-09-25 16:44:07,299 INFO Sampling gripper position
2021-09-25 16:44:07,440 DEBUG u: 807, v: 975, d:0.996722400188446
2021-09-25 16:44:07,441 DEBUG x_world: -0.04828612878918648, y_world: -0.13547100126743317, z_world:0.06918930262327194
2021-09-25 16:44:07,441 DEBUG Gripper pose: [-0.13547100126743317, -0.04828612878918648, 0.9308106973767281, 9.477925308347865e-05]
2021-09-25 16:44:07,441 INFO Moving gripper
2021-09-25 16:44:51,720 DEBUG Counter: 89, Error:9.332106593454653e-05
2021-09-25 16:44:51,721 INFO Computing opening width and jaw size
2021-09-25 16:44:51,722 DEBUG w: 188.2551890317549, h: 71.73408889770508
2021-09-25 16:44:51,807 INFO Sampling gripper rotation angle
2021-09-25 16:44:51,807 DEBUG Object yaw: -0.47104997369312834
2021-09-25 16:44:51,807 DEBUG Theta0: -0.47104997369312834
2021-09-25 16:44:51,808 DEBUG Theta: -0.3319049273453844
2021-09-25 16:44:51,808 INFO Rotating gripper
2021-09-25 16:44:51,808 DEBUG Gripper pose: [-0.13539943889538017, -0.04827908127066084, 0.9307512164492308, 0.3319049273453844]
2021-09-25 16:45:54,049 DEBUG Counter: 104, Error:9.990143311422506e-05
2021-09-25 16:45:54,143 INFO Moving gripper downwards until contact
2021-09-25 16:46:01,975 DEBUG Counter: 11, Error: 0.04404762597891501, Contact:1
2021-09-25 16:46:01,975 INFO Closing gripper
2021-09-25 18:02:35,501 DEBUG Counter: 1056, Error: 9.825159825371799e-05
2021-09-25 18:02:35,501 INFO Moving gripper upwards
2021-09-25 18:08:09,454 DEBUG Counter: 90, Error: 9.472846575534746e-05
2021-09-25 18:08:09,455 DEBUG Grasp successful: False
2021-09-25 18:08:09,455 INFO Saving data
