2021-09-25 18:08:09,560 INFO Grasp attempt: 7
2021-09-25 18:09:11,508 INFO Sampling opening angle
2021-09-25 18:09:11,509 DEBUG Opening angle: 0.13848150465576378
2021-09-25 18:09:11,509 INFO Opening gripper
2021-09-25 19:12:03,763 DEBUG Counter: 727, Error:9.855314652149061e-05
2021-09-25 19:12:03,807 INFO Sampling gripper position
2021-09-25 19:12:03,988 DEBUG u: 1032, v: 342, d:0.996722400188446
2021-09-25 19:12:03,989 DEBUG x_world: 0.021606607362627983, y_world: 0.06091504916548729, z_world:0.06918930262327194
2021-09-25 19:12:03,990 DEBUG Gripper pose: [0.06091504916548729, 0.021606607362627983, 0.9308106973767281, 9.004924049109467e-05]
2021-09-25 19:12:03,990 INFO Moving gripper
2021-09-25 19:13:52,635 DEBUG Counter: 85, Error:9.201187732351245e-05
2021-09-25 19:13:52,636 INFO Computing opening width and jaw size
2021-09-25 19:13:52,637 DEBUG w: 241.5015880751731, h: 72.46829223632812
2021-09-25 19:13:52,730 INFO Sampling gripper rotation angle
2021-09-25 19:13:52,731 DEBUG Object yaw: -0.4710721170143897
2021-09-25 19:13:52,731 DEBUG Theta0: -0.4710721170143897
2021-09-25 19:13:52,731 DEBUG Theta: -0.3493305589194008
2021-09-25 19:13:52,731 INFO Rotating gripper
2021-09-25 19:13:52,731 DEBUG Gripper pose: [0.060899670739561526, 0.02160305335755241, 0.9307200493837411, 0.3493305589194008]
2021-09-25 19:16:28,704 DEBUG Counter: 107, Error:9.762161184101449e-05
2021-09-25 19:16:28,815 INFO Moving gripper downwards until contact
2021-09-25 19:16:48,172 DEBUG Counter: 12, Error: 0.03953791449949355, Contact:1
2021-09-25 19:16:48,173 INFO Closing gripper
2021-09-25 22:53:57,878 DEBUG Counter: 2000, Error: 0.4397554973980774
2021-09-25 22:53:57,879 INFO Moving gripper upwards
2021-09-25 22:59:38,512 DEBUG Counter: 93, Error: 9.801090987528134e-05
2021-09-25 22:59:38,513 DEBUG Grasp successful: False
2021-09-25 22:59:38,513 INFO Saving data
