2021-09-25 13:47:50,470 INFO Grasp attempt: 3
2021-09-25 13:48:05,726 INFO Sampling opening angle
2021-09-25 13:48:05,727 DEBUG Opening angle: 0.19685317625114027
2021-09-25 13:48:05,727 INFO Opening gripper
2021-09-25 13:55:49,183 DEBUG Counter: 487, Error:9.941265153112777e-05
2021-09-25 13:55:49,209 INFO Sampling gripper position
2021-09-25 13:55:49,351 DEBUG u: 1215, v: 233, d:0.996722400188446
2021-09-25 13:55:49,351 DEBUG x_world: 0.07845267653465271, y_world: 0.09473191946744919, z_world:0.06918930262327194
2021-09-25 13:55:49,352 DEBUG Gripper pose: [0.09473191946744919, 0.07845267653465271, 0.9308106973767281, 9.026285586864039e-05]
2021-09-25 13:55:49,352 INFO Moving gripper
2021-09-25 13:56:11,872 DEBUG Counter: 86, Error:9.09332496373802e-05
2021-09-25 13:56:11,873 INFO Computing opening width and jaw size
2021-09-25 13:56:11,875 DEBUG w: 221.88623155668958, h: 72.16799926757812
2021-09-25 13:56:11,976 INFO Sampling gripper rotation angle
2021-09-25 13:56:11,976 DEBUG Object yaw: -0.47105635581252997
2021-09-25 13:56:11,976 DEBUG Theta0: -0.47105635581252997
2021-09-25 13:56:11,977 DEBUG Theta: -0.4529314110795599
2021-09-25 13:56:11,977 INFO Rotating gripper
2021-09-25 13:56:11,977 DEBUG Gripper pose: [0.09469827514874166, 0.07843075315762395, 0.9307291113408642, 0.4529314110795599]
2021-09-25 13:56:49,698 DEBUG Counter: 124, Error:9.251194727244451e-05
2021-09-25 13:56:49,800 INFO Moving gripper downwards until contact
2021-09-25 13:56:52,586 DEBUG Counter: 7, Error: 0.06080843490058885, Contact:1
2021-09-25 13:56:52,587 INFO Closing gripper
2021-09-25 14:15:16,180 DEBUG Counter: 1101, Error: 9.704068714155856e-05
2021-09-25 14:15:16,181 INFO Moving gripper upwards
2021-09-25 14:15:57,286 DEBUG Counter: 86, Error: 9.121726490150208e-05
2021-09-25 14:15:57,287 DEBUG Grasp successful: False
2021-09-25 14:15:57,287 INFO Saving data
