2021-09-26 06:38:22,647 INFO Grasp attempt: 10
2021-09-26 06:42:00,037 INFO Sampling opening angle
2021-09-26 06:42:00,038 DEBUG Opening angle: 0.1780612321039593
2021-09-26 06:42:00,039 INFO Opening gripper
2021-09-26 06:52:26,398 DEBUG Counter: 213, Error:9.647378896388004e-05
2021-09-26 06:52:26,421 INFO Sampling gripper position
2021-09-26 06:52:26,510 DEBUG u: 810, v: 903, d:0.996722400188446
2021-09-26 06:52:26,510 DEBUG x_world: -0.04735422134399414, y_world: -0.1131332516670227, z_world:0.06918930262327194
2021-09-26 06:52:26,511 DEBUG Gripper pose: [-0.1131332516670227, -0.04735422134399414, 0.9308106973767281, 9.152053229572359e-05]
2021-09-26 06:52:26,511 INFO Moving gripper
2021-09-26 06:53:24,005 DEBUG Counter: 86, Error:9.868836725922907e-05
2021-09-26 06:53:24,005 INFO Computing opening width and jaw size
2021-09-26 06:53:24,006 DEBUG w: 228.24511832898926, h: 72.26078796386719
2021-09-26 06:53:24,068 INFO Sampling gripper rotation angle
2021-09-26 06:53:24,068 DEBUG Object yaw: -0.47103826017620676
2021-09-26 06:53:24,068 DEBUG Theta0: -0.47103826017620676
2021-09-26 06:53:24,069 DEBUG Theta: -0.41416497896798954
2021-09-26 06:53:24,069 INFO Rotating gripper
2021-09-26 06:53:24,069 DEBUG Gripper pose: [-0.11307852740693308, -0.047344833664588255, 0.9307291098736084, 0.41416497896798954]
2021-09-26 06:54:54,996 DEBUG Counter: 118, Error:9.081856683951228e-05
2021-09-26 06:54:55,071 INFO Moving gripper downwards until contact
2021-09-26 06:55:48,349 DEBUG Counter: 69, Error: 9.545738133970451e-05, Contact:0
2021-09-26 06:55:48,349 INFO Closing gripper
2021-09-26 09:12:58,737 DEBUG Counter: 2000, Error: 0.40182846676788375
2021-09-26 09:12:58,738 INFO Moving gripper upwards
2021-09-26 09:18:34,207 DEBUG Counter: 104, Error: 9.629949684223221e-05
2021-09-26 09:18:34,208 DEBUG Grasp successful: True
2021-09-26 09:18:34,208 INFO Saving data
