2021-09-25 13:24:07,894 INFO Grasp attempt: 2
2021-09-25 13:24:19,276 INFO Sampling opening angle
2021-09-25 13:24:19,277 DEBUG Opening angle: 0.20741002984206047
2021-09-25 13:24:19,277 INFO Opening gripper
2021-09-25 13:25:29,577 DEBUG Counter: 150, Error:9.96669014577678e-05
2021-09-25 13:25:29,607 INFO Sampling gripper position
2021-09-25 13:25:29,745 DEBUG u: 917, v: 516, d:0.996722400188446
2021-09-25 13:25:29,745 DEBUG x_world: -0.014116344042122364, y_world: 0.006932158023118973, z_world:0.06918930262327194
2021-09-25 13:25:29,746 DEBUG Gripper pose: [0.006932158023118973, -0.014116344042122364, 0.9308106973767281, 9.656543588942963e-05]
2021-09-25 13:25:29,746 INFO Moving gripper
2021-09-25 13:25:40,312 DEBUG Counter: 85, Error:9.06730050621375e-05
2021-09-25 13:25:40,313 INFO Computing opening width and jaw size
2021-09-25 13:25:40,314 DEBUG w: 218.30108765139224, h: 72.11907958984375
2021-09-25 13:25:40,406 INFO Sampling gripper rotation angle
2021-09-25 13:25:40,406 DEBUG Object yaw: -0.4710374244514756
2021-09-25 13:25:40,406 DEBUG Theta0: -0.4710374244514756
2021-09-25 13:25:40,407 DEBUG Theta: -0.30065167215748856
2021-09-25 13:25:40,407 INFO Rotating gripper
2021-09-25 13:25:40,407 DEBUG Gripper pose: [0.006931215437122659, -0.014114224280340341, 0.9307200540538155, 0.30065167215748856]
2021-09-25 13:25:54,903 DEBUG Counter: 100, Error:9.012228844418331e-05
2021-09-25 13:25:55,004 INFO Moving gripper downwards until contact
2021-09-25 13:25:57,124 DEBUG Counter: 12, Error: 0.04043132254263379, Contact:1
2021-09-25 13:25:57,124 INFO Closing gripper
2021-09-25 13:47:21,692 DEBUG Counter: 1992, Error: 3.839616778888999e-05
2021-09-25 13:47:21,693 INFO Moving gripper upwards
2021-09-25 13:47:50,364 DEBUG Counter: 89, Error: 9.343735610303247e-05
2021-09-25 13:47:50,364 DEBUG Grasp successful: False
2021-09-25 13:47:50,364 INFO Saving data
