2021-09-26 07:03:59,339 INFO Grasp attempt: 10
2021-09-26 07:04:38,204 INFO Sampling opening angle
2021-09-26 07:04:38,205 DEBUG Opening angle: 0.1371065925614013
2021-09-26 07:04:38,205 INFO Opening gripper
2021-09-26 07:30:21,203 DEBUG Counter: 480, Error:9.621278411275913e-05
2021-09-26 07:30:21,224 INFO Sampling gripper position
2021-09-26 07:30:21,324 DEBUG u: 938, v: 867, d:0.9967915415763855
2021-09-26 07:30:21,325 DEBUG x_world: -0.006824651267379522, y_world: -0.10174773633480072, z_world:0.06792821735143661
2021-09-26 07:30:21,325 DEBUG Gripper pose: [-0.10174773633480072, -0.006824651267379522, 0.9320717826485634, -8.403524943547357e-05]
2021-09-26 07:30:21,325 INFO Moving gripper
2021-09-26 07:30:59,816 DEBUG Counter: 86, Error:9.31715704120766e-05
2021-09-26 07:30:59,816 INFO Computing opening width and jaw size
2021-09-26 07:30:59,817 DEBUG w: 241.23352151545896, h: 72.25813293457031
2021-09-26 07:30:59,895 INFO Sampling gripper rotation angle
2021-09-26 07:30:59,896 DEBUG Object yaw: 3.0925434692710647
2021-09-26 07:30:59,896 DEBUG Theta0: -0.0490491843187284
2021-09-26 07:30:59,896 DEBUG Theta: 0.00782409688948879
2021-09-26 07:30:59,896 INFO Rotating gripper
2021-09-26 07:30:59,896 DEBUG Gripper pose: [-0.10170725564801841, -0.0068238156789961245, 0.9319878686609169, -0.00782409688948879]
2021-09-26 07:31:18,205 DEBUG Counter: 42, Error:9.266800549978924e-05
2021-09-26 07:31:18,278 INFO Moving gripper downwards until contact
2021-09-26 07:31:29,468 DEBUG Counter: 14, Error: 0.030998750303078134, Contact:1
2021-09-26 07:31:29,469 INFO Closing gripper
2021-09-26 10:10:41,732 DEBUG Counter: 2000, Error: 0.6810969228080168
2021-09-26 10:10:41,733 INFO Moving gripper upwards
2021-09-26 10:20:45,966 DEBUG Counter: 96, Error: 9.121525579763131e-05
2021-09-26 10:20:45,966 DEBUG Grasp successful: True
2021-09-26 10:20:45,966 INFO Saving data
