2021-09-26 03:55:22,777 INFO Grasp attempt: 9
2021-09-26 03:58:29,274 INFO Sampling opening angle
2021-09-26 03:58:29,275 DEBUG Opening angle: 0.39274587858023546
2021-09-26 03:58:29,275 INFO Opening gripper
2021-09-26 04:04:44,590 DEBUG Counter: 132, Error:9.68009147407356e-05
2021-09-26 04:04:44,632 INFO Sampling gripper position
2021-09-26 04:04:44,800 DEBUG u: 1046, v: 802, d:0.9967915415763855
2021-09-26 04:04:44,801 DEBUG x_world: 0.02682204358279705, y_world: -0.08152268826961517, z_world:0.06792821735143661
2021-09-26 04:04:44,801 DEBUG Gripper pose: [-0.08152268826961517, 0.02682204358279705, 0.9320717826485634, -6.938302769257284e-05]
2021-09-26 04:04:44,801 INFO Moving gripper
2021-09-26 04:05:45,773 DEBUG Counter: 85, Error:9.703717097654375e-05
2021-09-26 04:05:45,774 INFO Computing opening width and jaw size
2021-09-26 04:05:45,774 DEBUG w: 153.1154179549788, h: 71.1860122680664
2021-09-26 04:05:45,867 INFO Sampling gripper rotation angle
2021-09-26 04:05:45,867 DEBUG Object yaw: 3.092579244544667
2021-09-26 04:05:45,867 DEBUG Theta0: -0.04901340904512619
2021-09-26 04:05:45,867 DEBUG Theta: 0.16449324145638222
2021-09-26 04:05:45,867 INFO Rotating gripper
2021-09-26 04:05:45,867 DEBUG Gripper pose: [-0.08149619794472025, 0.026817348183510198, 0.9319785494545624, -0.16449324145638222]
2021-09-26 04:06:53,978 DEBUG Counter: 78, Error:9.326029277727611e-05
2021-09-26 04:06:54,084 INFO Moving gripper downwards until contact
2021-09-26 04:06:59,914 DEBUG Counter: 4, Error: 0.0656309000576532, Contact:1
2021-09-26 04:06:59,914 INFO Closing gripper
2021-09-26 07:00:54,112 DEBUG Counter: 2000, Error: 0.0005927268770140603
2021-09-26 07:00:54,113 INFO Moving gripper upwards
2021-09-26 07:03:59,254 DEBUG Counter: 86, Error: 9.489947587220595e-05
2021-09-26 07:03:59,254 DEBUG Grasp successful: False
2021-09-26 07:03:59,254 INFO Saving data
