2021-09-25 17:13:51,212 INFO Grasp attempt: 6
2021-09-25 17:15:19,195 INFO Sampling opening angle
2021-09-25 17:15:19,196 DEBUG Opening angle: 0.3315366183512745
2021-09-25 17:15:19,196 INFO Opening gripper
2021-09-25 17:21:54,767 DEBUG Counter: 110, Error:9.892601783573207e-05
2021-09-25 17:21:54,800 INFO Sampling gripper position
2021-09-25 17:21:54,942 DEBUG u: 916, v: 924, d:0.9967915415763855
2021-09-25 17:21:54,942 DEBUG x_world: -0.013678613118827343, y_world: -0.11948353797197342, z_world:0.06792821735143661
2021-09-25 17:21:54,943 DEBUG Gripper pose: [-0.11948353797197342, -0.013678613118827343, 0.9320717826485634, 4.857587378210467e-06]
2021-09-25 17:21:54,943 INFO Moving gripper
2021-09-25 17:22:26,322 DEBUG Counter: 87, Error:9.535110628779259e-05
2021-09-25 17:22:26,322 INFO Computing opening width and jaw size
2021-09-25 17:22:26,323 DEBUG w: 174.78332519795606, h: 71.38433456420898
2021-09-25 17:22:26,403 INFO Sampling gripper rotation angle
2021-09-25 17:22:26,404 DEBUG Object yaw: 3.092579753944455
2021-09-25 17:22:26,404 DEBUG Theta0: -0.04901289964533806
2021-09-25 17:22:26,404 DEBUG Theta: 0.09013214670240588
2021-09-25 17:22:26,404 INFO Rotating gripper
2021-09-25 17:22:26,404 DEBUG Gripper pose: [-0.11942535811859481, -0.013676958762215868, 0.9319962564859748, -0.09013214670240588]
2021-09-25 17:22:51,426 DEBUG Counter: 66, Error:9.49959015254384e-05
2021-09-25 17:22:51,510 INFO Moving gripper downwards until contact
2021-09-25 17:22:57,037 DEBUG Counter: 6, Error: 0.06199290077977656, Contact:1
2021-09-25 17:22:57,037 INFO Closing gripper
2021-09-25 19:53:36,425 DEBUG Counter: 2000, Error: 0.0036267120704739364
2021-09-25 19:53:36,425 INFO Moving gripper upwards
2021-09-25 19:59:01,536 DEBUG Counter: 85, Error: 9.43480319915855e-05
2021-09-25 19:59:01,536 DEBUG Grasp successful: False
2021-09-25 19:59:01,536 INFO Saving data
