2021-09-25 15:22:04,742 INFO Grasp attempt: 4
2021-09-25 15:22:17,925 INFO Sampling opening angle
2021-09-25 15:22:17,925 DEBUG Opening angle: 0.2231077248807976
2021-09-25 15:22:17,926 INFO Opening gripper
2021-09-25 15:32:43,833 DEBUG Counter: 228, Error:9.73517227782772e-05
2021-09-25 15:32:43,851 INFO Sampling gripper position
2021-09-25 15:32:43,977 DEBUG u: 1032, v: 949, d:0.9967915415763855
2021-09-25 15:32:43,977 DEBUG x_world: 0.022460464388132095, y_world: -0.1272624135017395, z_world:0.06792821735143661
2021-09-25 15:32:43,978 DEBUG Gripper pose: [-0.1272624135017395, 0.022460464388132095, 0.9320717826485634, -1.8379494692255128e-05]
2021-09-25 15:32:43,978 INFO Moving gripper
2021-09-25 15:33:08,875 DEBUG Counter: 88, Error:9.354212968622296e-05
2021-09-25 15:33:08,876 INFO Computing opening width and jaw size
2021-09-25 15:33:08,876 DEBUG w: 212.30255131267526, h: 71.82605361938477
2021-09-25 15:33:08,936 INFO Sampling gripper rotation angle
2021-09-25 15:33:08,937 DEBUG Object yaw: 3.092571704707114
2021-09-25 15:33:08,937 DEBUG Theta0: -0.04902094888267916
2021-09-25 15:33:08,937 DEBUG Theta: 0.12516336033303327
2021-09-25 15:33:08,937 INFO Rotating gripper
2021-09-25 15:33:08,937 DEBUG Gripper pose: [-0.12719820585457103, 0.02245774715279885, 0.9320038111493636, -0.12516336033303327]
2021-09-25 15:33:23,465 DEBUG Counter: 72, Error:9.074800401794108e-05
2021-09-25 15:33:23,570 INFO Moving gripper downwards until contact
2021-09-25 15:33:25,033 DEBUG Counter: 6, Error: 0.06189062042149973, Contact:1
2021-09-25 15:33:25,033 INFO Closing gripper
2021-09-25 15:50:18,972 DEBUG Counter: 1180, Error: 9.949156624800004e-05
2021-09-25 15:50:18,972 INFO Moving gripper upwards
2021-09-25 15:51:13,409 DEBUG Counter: 86, Error: 9.787812187488586e-05
2021-09-25 15:51:13,409 DEBUG Grasp successful: False
2021-09-25 15:51:13,409 INFO Saving data
