2021-09-25 13:16:59,570 INFO Grasp attempt: 2
2021-09-25 13:17:01,774 INFO Sampling opening angle
2021-09-25 13:17:01,774 DEBUG Opening angle: 0.07362897193156855
2021-09-25 13:17:01,774 INFO Opening gripper
2021-09-25 13:19:30,595 DEBUG Counter: 492, Error:9.463612260569854e-05
2021-09-25 13:19:30,636 INFO Sampling gripper position
2021-09-25 13:19:30,765 DEBUG u: 913, v: 964, d:0.9967915415763855
2021-09-25 13:19:30,766 DEBUG x_world: -0.01461324654519558, y_world: -0.13192975521087646, z_world:0.06792821735143661
2021-09-25 13:19:30,766 DEBUG Gripper pose: [-0.13192975521087646, -0.01461324654519558, 0.9320717826485634, 7.658051645967222e-05]
2021-09-25 13:19:30,766 INFO Moving gripper
2021-09-25 13:19:37,457 DEBUG Counter: 88, Error:9.963808410126248e-05
2021-09-25 13:19:37,457 INFO Computing opening width and jaw size
2021-09-25 13:19:37,458 DEBUG w: 261.96868986343037, h: 72.61323165893555
2021-09-25 13:19:37,552 INFO Sampling gripper rotation angle
2021-09-25 13:19:37,552 DEBUG Object yaw: 3.0925420417067326
2021-09-25 13:19:37,552 DEBUG Theta0: -0.04905061188306048
2021-09-25 13:19:37,552 DEBUG Theta: 0.12133514041092655
2021-09-25 13:19:37,552 INFO Rotating gripper
2021-09-25 13:19:37,552 DEBUG Gripper pose: [-0.13185692345701108, -0.014611638168874752, 0.9320038069429188, -0.12133514041092655]
2021-09-25 13:19:43,521 DEBUG Counter: 71, Error:9.479327964968436e-05
2021-09-25 13:19:43,612 INFO Moving gripper downwards until contact
2021-09-25 13:19:45,368 DEBUG Counter: 12, Error: 0.03825410053084711, Contact:1
2021-09-25 13:19:45,368 INFO Closing gripper
2021-09-25 13:34:58,498 DEBUG Counter: 1357, Error: 9.423172596456642e-05
2021-09-25 13:34:58,498 INFO Moving gripper upwards
2021-09-25 13:35:50,041 DEBUG Counter: 94, Error: 9.126880797358887e-05
2021-09-25 13:35:50,041 DEBUG Grasp successful: False
2021-09-25 13:35:50,041 INFO Saving data
