2021-09-26 00:18:53,541 INFO Grasp attempt: 8
2021-09-26 00:19:49,210 INFO Sampling opening angle
2021-09-26 00:19:49,211 DEBUG Opening angle: 0.06474009166416543
2021-09-26 00:19:49,211 INFO Opening gripper
2021-09-26 00:59:17,182 DEBUG Counter: 368, Error:9.943969384239304e-05
2021-09-26 00:59:17,205 INFO Sampling gripper position
2021-09-26 00:59:17,348 DEBUG u: 937, v: 260, d:0.9967915415763855
2021-09-26 00:59:17,349 DEBUG x_world: -0.007136190310120583, y_world: 0.08712315559387207, z_world:0.06792821735143661
2021-09-26 00:59:17,349 DEBUG Gripper pose: [0.08712315559387207, -0.007136190310120583, 0.9320717826485634, -3.390670959894892e-05]
2021-09-26 00:59:17,349 INFO Moving gripper
2021-09-26 01:00:16,686 DEBUG Counter: 85, Error:9.808953410417604e-05
2021-09-26 01:00:16,686 INFO Computing opening width and jaw size
2021-09-26 01:00:16,687 DEBUG w: 264.8471071113927, h: 72.670166015625
2021-09-26 01:00:16,773 INFO Sampling gripper rotation angle
2021-09-26 01:00:16,773 DEBUG Object yaw: 3.0925556351047114
2021-09-26 01:00:16,773 DEBUG Theta0: -0.049037018485081685
2021-09-26 01:00:16,773 DEBUG Theta: 0.14049211981274123
2021-09-26 01:00:16,773 INFO Rotating gripper
2021-09-26 01:00:16,773 DEBUG Gripper pose: [0.08709265928793002, -0.007135235541778645, 0.9319785591512997, -0.14049211981274123]
2021-09-26 01:01:10,516 DEBUG Counter: 74, Error:9.51272422570424e-05
2021-09-26 01:01:10,609 INFO Moving gripper downwards until contact
2021-09-26 01:01:59,711 DEBUG Counter: 69, Error: 9.312402216256171e-05, Contact:0
2021-09-26 01:01:59,711 INFO Closing gripper
2021-09-26 03:51:05,833 DEBUG Counter: 2000, Error: 0.4264608841980843
2021-09-26 03:51:05,834 INFO Moving gripper upwards
2021-09-26 03:55:22,681 DEBUG Counter: 105, Error: 9.814666396609051e-05
2021-09-26 03:55:22,681 DEBUG Grasp successful: True
2021-09-26 03:55:22,681 INFO Saving data
