2021-09-25 13:35:50,135 INFO Grasp attempt: 3
2021-09-25 13:35:59,864 INFO Sampling opening angle
2021-09-25 13:35:59,865 DEBUG Opening angle: 0.20560854927074126
2021-09-25 13:35:59,865 INFO Opening gripper
2021-09-25 13:49:24,367 DEBUG Counter: 571, Error:9.869937040057897e-05
2021-09-25 13:49:24,390 INFO Sampling gripper position
2021-09-25 13:49:24,519 DEBUG u: 999, v: 491, d:0.9967915415763855
2021-09-25 13:49:24,519 DEBUG x_world: 0.012179505079984665, y_world: 0.015246428549289703, z_world:0.06792821735143661
2021-09-25 13:49:24,520 DEBUG Gripper pose: [0.015246428549289703, 0.012179505079984665, 0.9320717826485634, -1.9491594362152852e-05]
2021-09-25 13:49:24,520 INFO Moving gripper
2021-09-25 13:49:41,996 DEBUG Counter: 85, Error:9.327507423122478e-05
2021-09-25 13:49:41,996 INFO Computing opening width and jaw size
2021-09-25 13:49:41,997 DEBUG w: 218.27191167168945, h: 71.9124755859375
2021-09-25 13:49:42,067 INFO Sampling gripper rotation angle
2021-09-25 13:49:42,067 DEBUG Object yaw: 3.0925335772960647
2021-09-25 13:49:42,067 DEBUG Theta0: -0.04905907629372841
2021-09-25 13:49:42,068 DEBUG Theta: 0.004402738354411788
2021-09-25 13:49:42,068 INFO Rotating gripper
2021-09-25 13:49:42,068 DEBUG Gripper pose: [0.015244092911208542, 0.012177722065315824, 0.9319785538701402, -0.004402738354411788]
2021-09-25 13:49:49,612 DEBUG Counter: 36, Error:9.87475344275027e-05
2021-09-25 13:49:49,695 INFO Moving gripper downwards until contact
2021-09-25 13:49:54,097 DEBUG Counter: 13, Error: 0.034451435800164, Contact:1
2021-09-25 13:49:54,098 INFO Closing gripper
2021-09-25 15:18:43,637 DEBUG Counter: 2000, Error: 0.40890093683963735
2021-09-25 15:18:43,637 INFO Moving gripper upwards
2021-09-25 15:22:04,644 DEBUG Counter: 95, Error: 9.082265488492077e-05
2021-09-25 15:22:04,645 DEBUG Grasp successful: False
2021-09-25 15:22:04,645 INFO Saving data
