2021-09-26 10:20:46,056 INFO Grasp attempt: 11
2021-09-26 10:27:07,400 INFO Sampling opening angle
2021-09-26 10:27:07,401 DEBUG Opening angle: 0.18368796759550787
2021-09-26 10:27:07,401 INFO Opening gripper
2021-09-26 10:44:57,359 DEBUG Counter: 166, Error:9.809190508044963e-05
2021-09-26 10:44:57,375 INFO Sampling gripper position
2021-09-26 10:44:57,483 DEBUG u: 993, v: 951, d:0.9967915415763855
2021-09-26 10:44:57,484 DEBUG x_world: 0.010310235433280468, y_world: -0.12788473069667816, z_world:0.06792821735143661
2021-09-26 10:44:57,484 DEBUG Gripper pose: [-0.12788473069667816, 0.010310235433280468, 0.9320717826485634, -2.111386583448098e-06]
2021-09-26 10:44:57,484 INFO Moving gripper
2021-09-26 10:46:05,045 DEBUG Counter: 88, Error:9.415123408875935e-05
2021-09-26 10:46:05,046 INFO Computing opening width and jaw size
2021-09-26 10:46:05,047 DEBUG w: 225.73669433668218, h: 72.01445007324219
2021-09-26 10:46:05,104 INFO Sampling gripper rotation angle
2021-09-26 10:46:05,104 DEBUG Object yaw: 3.0925753729048457
2021-09-26 10:46:05,104 DEBUG Theta0: -0.04901728068494737
2021-09-26 10:46:05,104 DEBUG Theta: -0.04530203969136039
2021-09-26 10:46:05,104 INFO Rotating gripper
2021-09-26 10:46:05,104 DEBUG Gripper pose: [-0.12781958770913296, 0.010309162075070858, 0.9320038143180243, 0.04530203969136039]
2021-09-26 10:46:56,079 DEBUG Counter: 59, Error:9.04578069788797e-05
2021-09-26 10:46:56,168 INFO Moving gripper downwards until contact
2021-09-26 10:47:07,584 DEBUG Counter: 8, Error: 0.05628643767945945, Contact:1
2021-09-26 10:47:07,585 INFO Closing gripper
2021-09-26 14:33:23,052 DEBUG Counter: 2000, Error: 0.004119088525813441
2021-09-26 14:33:23,053 INFO Moving gripper upwards
2021-09-26 14:39:37,664 DEBUG Counter: 84, Error: 9.82846441179196e-05
2021-09-26 14:39:37,665 DEBUG Grasp successful: False
2021-09-26 14:39:37,665 INFO Saving data
