2021-09-25 15:51:13,487 INFO Grasp attempt: 5
2021-09-25 15:51:27,706 INFO Sampling opening angle
2021-09-25 15:51:27,707 DEBUG Opening angle: 0.042095410852663044
2021-09-25 15:51:27,707 INFO Opening gripper
2021-09-25 16:00:55,040 DEBUG Counter: 571, Error:9.862820786068344e-05
2021-09-25 16:00:55,055 INFO Sampling gripper position
2021-09-25 16:00:55,154 DEBUG u: 1004, v: 30, d:0.9967915415763855
2021-09-25 16:00:55,155 DEBUG x_world: 0.01373723428696394, y_world: 0.1586887240409851, z_world:0.06792821735143661
2021-09-25 16:00:55,155 DEBUG Gripper pose: [0.1586887240409851, 0.01373723428696394, 0.9320717826485634, -2.3073718938920384e-05]
2021-09-25 16:00:55,155 INFO Moving gripper
2021-09-25 16:01:11,587 DEBUG Counter: 93, Error:9.574934740030115e-05
2021-09-25 16:01:11,587 INFO Computing opening width and jaw size
2021-09-25 16:01:11,588 DEBUG w: 272.04272469526234, h: 72.79803466796875
2021-09-25 16:01:11,647 INFO Sampling gripper rotation angle
2021-09-25 16:01:11,647 DEBUG Object yaw: 3.0925330975876744
2021-09-25 16:01:11,647 DEBUG Theta0: -0.049059556002118754
2021-09-25 16:01:11,647 DEBUG Theta: -0.07622936602479283
2021-09-25 16:01:11,647 INFO Rotating gripper
2021-09-25 16:01:11,647 DEBUG Gripper pose: [0.15860179220330317, 0.013736349150298323, 0.9320316577229197, 0.07622936602479283]
2021-09-25 16:01:22,927 DEBUG Counter: 64, Error:9.285367260454269e-05
2021-09-25 16:01:22,997 INFO Moving gripper downwards until contact
2021-09-25 16:01:35,144 DEBUG Counter: 69, Error: 9.301775051827277e-05, Contact:0
2021-09-25 16:01:35,144 INFO Closing gripper
2021-09-25 17:11:21,104 DEBUG Counter: 2000, Error: 0.4768881746768456
2021-09-25 17:11:21,105 INFO Moving gripper upwards
2021-09-25 17:13:51,123 DEBUG Counter: 103, Error: 9.9048519863011e-05
2021-09-25 17:13:51,123 DEBUG Grasp successful: True
2021-09-25 17:13:51,123 INFO Saving data
