2021-09-26 14:39:37,748 INFO Grasp attempt: 12
2021-09-26 14:40:28,284 INFO Sampling opening angle
2021-09-26 14:40:28,285 DEBUG Opening angle: 0.3682514695493201
2021-09-26 14:40:28,285 INFO Opening gripper
2021-09-26 15:28:34,809 DEBUG Counter: 378, Error:9.569598749326058e-05
2021-09-26 15:28:34,824 INFO Sampling gripper position
2021-09-26 15:28:34,925 DEBUG u: 1022, v: 608, d:0.9967915415763855
2021-09-26 15:28:34,925 DEBUG x_world: 0.019345005974173546, y_world: -0.021158674731850624, z_world:0.06792821735143661
2021-09-26 15:28:34,926 DEBUG Gripper pose: [-0.021158674731850624, 0.019345005974173546, 0.9320717826485634, 6.493644361279011e-06]
2021-09-26 15:28:34,926 INFO Moving gripper
2021-09-26 15:29:51,792 DEBUG Counter: 85, Error:9.334757096719824e-05
2021-09-26 15:29:51,792 INFO Computing opening width and jaw size
2021-09-26 15:29:51,793 DEBUG w: 161.7564086955632, h: 71.26115417480469
2021-09-26 15:29:51,859 INFO Sampling gripper rotation angle
2021-09-26 15:29:51,860 DEBUG Object yaw: 3.092553828704205
2021-09-26 15:29:51,860 DEBUG Theta0: -0.049038824885588195
2021-09-26 15:29:51,860 DEBUG Theta: -0.12289909406877304
2021-09-26 15:29:51,860 INFO Rotating gripper
2021-09-26 15:29:51,860 DEBUG Gripper pose: [-0.02115523439224135, 0.019341890581978657, 0.9319785505328504, 0.12289909406877304]
2021-09-26 15:30:57,202 DEBUG Counter: 71, Error:9.718832049300218e-05
2021-09-26 15:30:57,297 INFO Moving gripper downwards until contact
2021-09-26 15:31:14,970 DEBUG Counter: 9, Error: 0.053806616485592734, Contact:1
2021-09-26 15:31:14,970 INFO Closing gripper
2021-09-26 20:54:37,527 DEBUG Counter: 2000, Error: 0.0007142417858381211
2021-09-26 20:54:37,527 INFO Moving gripper upwards
2021-09-26 21:04:30,958 DEBUG Counter: 88, Error: 9.191014146167055e-05
2021-09-26 21:04:30,959 DEBUG Grasp successful: False
2021-09-26 21:04:30,959 INFO Saving data
