2021-09-25 19:59:01,637 INFO Grasp attempt: 7
2021-09-25 19:59:31,942 INFO Sampling opening angle
2021-09-25 19:59:31,943 DEBUG Opening angle: 0.15356859428979597
2021-09-25 19:59:31,943 INFO Opening gripper
2021-09-25 20:56:46,679 DEBUG Counter: 592, Error:9.794597100457048e-05
2021-09-25 20:56:46,717 INFO Sampling gripper position
2021-09-25 20:56:46,880 DEBUG u: 918, v: 286, d:0.9967915415763855
2021-09-25 20:56:46,881 DEBUG x_world: -0.013055517338216305, y_world: 0.07903312891721725, z_world:0.06792821735143661
2021-09-25 20:56:46,881 DEBUG Gripper pose: [0.07903312891721725, -0.013055517338216305, 0.9320717826485634, -1.7601471463935583e-05]
2021-09-25 20:56:46,881 INFO Moving gripper
2021-09-25 20:57:24,655 DEBUG Counter: 85, Error:9.648387919421638e-05
2021-09-25 20:57:24,656 INFO Computing opening width and jaw size
2021-09-25 20:57:24,656 DEBUG w: 235.77423100146945, h: 72.17144775390625
2021-09-25 20:57:24,737 INFO Sampling gripper rotation angle
2021-09-25 20:57:24,737 DEBUG Object yaw: 3.0925378130006
2021-09-25 20:57:24,737 DEBUG Theta0: -0.049054840589193294
2021-09-25 20:57:24,737 DEBUG Theta: 0.07268671750579564
2021-09-25 20:57:24,737 INFO Rotating gripper
2021-09-25 20:57:24,737 DEBUG Gripper pose: [0.07900837203503419, -0.013053620875240533, 0.9319785483246418, -0.07268671750579564]
2021-09-25 20:57:46,108 DEBUG Counter: 63, Error:9.721503774685176e-05
2021-09-25 20:57:46,208 INFO Moving gripper downwards until contact
2021-09-25 20:57:52,160 DEBUG Counter: 12, Error: 0.03827934225907404, Contact:1
2021-09-25 20:57:52,160 INFO Closing gripper
2021-09-26 00:12:34,045 DEBUG Counter: 2000, Error: 0.37668363942255756
2021-09-26 00:12:34,045 INFO Moving gripper upwards
2021-09-26 00:18:53,460 DEBUG Counter: 94, Error: 9.121396203360903e-05
2021-09-26 00:18:53,460 DEBUG Grasp successful: False
2021-09-26 00:18:53,460 INFO Saving data
