2021-09-25 13:14:38,949 INFO Grasp attempt: 1
2021-09-25 13:14:38,949 INFO Sampling opening angle
2021-09-25 13:14:38,949 DEBUG Opening angle: 0.2686671829038811
2021-09-25 13:14:38,949 INFO Opening gripper
2021-09-25 13:14:42,888 DEBUG Counter: 278, Error:9.824259714868999e-05
2021-09-25 13:14:42,905 INFO Sampling gripper position
2021-09-25 13:14:42,977 DEBUG u: 1032, v: 264, d:0.9967915415763855
2021-09-25 13:14:42,977 DEBUG x_world: 0.022460464388132095, y_world: 0.08587853610515594, z_world:0.06792821735143661
2021-09-25 13:14:42,978 DEBUG Gripper pose: [0.08587853610515594, 0.022460464388132095, 0.9320717826485634, -4.3031829976253813e-13]
2021-09-25 13:14:42,978 INFO Moving gripper
2021-09-25 13:14:43,530 DEBUG Counter: 85, Error:9.807030533148561e-05
2021-09-25 13:14:43,531 INFO Computing opening width and jaw size
2021-09-25 13:14:43,531 DEBUG w: 196.7265625, h: 71.63177490234375
2021-09-25 13:14:43,588 INFO Sampling gripper rotation angle
2021-09-25 13:14:43,588 DEBUG Object yaw: 3.092552511660132
2021-09-25 13:14:43,588 DEBUG Theta0: -0.04904014192966111
2021-09-25 13:14:43,588 DEBUG Theta: -0.15893750069017779
2021-09-25 13:14:43,588 INFO Rotating gripper
2021-09-25 13:14:43,588 DEBUG Gripper pose: [0.08584889093063447, 0.022456724549685565, 0.9319783751433842, 0.15893750069017779]
2021-09-25 13:14:44,146 DEBUG Counter: 77, Error:9.454385776364214e-05
2021-09-25 13:14:44,212 INFO Moving gripper downwards until contact
2021-09-25 13:14:44,303 DEBUG Counter: 10, Error: 0.0465146224851294, Contact:1
2021-09-25 13:14:44,303 INFO Closing gripper
2021-09-25 13:16:38,421 DEBUG Counter: 897, Error: 9.046191407957593e-05
2021-09-25 13:16:38,421 INFO Moving gripper upwards
2021-09-25 13:16:59,471 DEBUG Counter: 90, Error: 9.284045566231505e-05
2021-09-25 13:16:59,471 DEBUG Grasp successful: False
2021-09-25 13:16:59,471 INFO Saving data
