2021-09-25 22:37:49,877 INFO Grasp attempt: 9
2021-09-25 22:43:06,894 INFO Sampling opening angle
2021-09-25 22:43:06,894 DEBUG Opening angle: 0.2576854392865909
2021-09-25 22:43:06,894 INFO Opening gripper
2021-09-25 22:52:45,610 DEBUG Counter: 199, Error:9.713045507026008e-05
2021-09-25 22:52:45,629 INFO Sampling gripper position
2021-09-25 22:52:45,707 DEBUG u: 1027, v: 624, d:0.9967215657234192
2021-09-25 22:52:45,707 DEBUG x_world: 0.02122768945991993, y_world: -0.027559639886021614, z_world:0.0692041739821434
2021-09-25 22:52:45,708 DEBUG Gripper pose: [-0.027559639886021614, 0.02122768945991993, 0.9307958260178566, -9.376175512398945e-05]
2021-09-25 22:52:45,708 INFO Moving gripper
2021-09-25 22:53:36,901 DEBUG Counter: 85, Error:9.081259650972391e-05
2021-09-25 22:53:36,901 INFO Computing opening width and jaw size
2021-09-25 22:53:36,902 DEBUG w: 201.04657089837556, h: 71.89398193359375
2021-09-25 22:53:36,967 INFO Sampling gripper rotation angle
2021-09-25 22:53:36,967 DEBUG Object yaw: 1.2877229755624198
2021-09-25 22:53:36,967 DEBUG Theta0: 1.2877229755624198
2021-09-25 22:53:36,968 DEBUG Theta: 1.5012296260639282
2021-09-25 22:53:36,968 INFO Rotating gripper
2021-09-25 22:53:36,968 DEBUG Gripper pose: [-0.027554765644185207, 0.021224215683394134, 0.9307052108848599, -1.5012296260639282]
2021-09-25 22:56:58,296 DEBUG Counter: 291, Error:9.175943928374508e-05
2021-09-25 22:56:58,367 INFO Moving gripper downwards until contact
2021-09-25 22:57:07,708 DEBUG Counter: 11, Error: 0.04720964929904363, Contact:1
2021-09-25 22:57:07,709 INFO Closing gripper
2021-09-26 01:04:30,579 DEBUG Counter: 2000, Error: 0.0016110672659939151
2021-09-26 01:04:30,579 INFO Moving gripper upwards
2021-09-26 01:07:21,696 DEBUG Counter: 89, Error: 9.156533416284821e-05
2021-09-26 01:07:21,697 DEBUG Grasp successful: False
2021-09-26 01:07:21,697 INFO Saving data
