2021-09-25 13:21:17,972 INFO Grasp attempt: 2
2021-09-25 13:21:29,194 INFO Sampling opening angle
2021-09-25 13:21:29,195 DEBUG Opening angle: 0.1701383794824159
2021-09-25 13:21:29,195 INFO Opening gripper
2021-09-25 13:23:09,879 DEBUG Counter: 245, Error:9.751606707408822e-05
2021-09-25 13:23:09,905 INFO Sampling gripper position
2021-09-25 13:23:10,044 DEBUG u: 937, v: 537, d:0.9967215657234192
2021-09-25 13:23:10,045 DEBUG x_world: -0.006728434935212135, y_world: -0.0005691317492164671, z_world:0.0692041739821434
2021-09-25 13:23:10,046 DEBUG Gripper pose: [-0.0005691317492164671, -0.006728434935212135, 0.9307958260178566, -9.70154516555712e-05]
2021-09-25 13:23:10,046 INFO Moving gripper
2021-09-25 13:23:20,119 DEBUG Counter: 85, Error:9.06163130733937e-05
2021-09-25 13:23:20,119 INFO Computing opening width and jaw size
2021-09-25 13:23:20,121 DEBUG w: 230.92602668764295, h: 72.30522155761719
2021-09-25 13:23:20,212 INFO Sampling gripper rotation angle
2021-09-25 13:23:20,212 DEBUG Object yaw: 1.2877230413680767
2021-09-25 13:23:20,212 DEBUG Theta0: 1.2877230413680767
2021-09-25 13:23:20,212 DEBUG Theta: 1.4581087936620638
2021-09-25 13:23:20,212 INFO Rotating gripper
2021-09-25 13:23:20,213 DEBUG Gripper pose: [-0.0005690583272360892, -0.00672752157767827, 0.930705214337692, -1.4581087936620638]
2021-09-25 13:23:58,433 DEBUG Counter: 284, Error:9.311137058576335e-05
2021-09-25 13:23:58,535 INFO Moving gripper downwards until contact
2021-09-25 13:24:07,882 DEBUG Counter: 69, Error: 9.550177746585379e-05, Contact:0
2021-09-25 13:24:07,883 INFO Closing gripper
2021-09-25 13:44:00,308 DEBUG Counter: 2000, Error: 0.4575110269111023
2021-09-25 13:44:00,308 INFO Moving gripper upwards
2021-09-25 13:45:30,846 DEBUG Counter: 103, Error: 9.920712875530256e-05
2021-09-25 13:45:30,847 DEBUG Grasp successful: True
2021-09-25 13:45:30,847 INFO Saving data
