2021-09-26 12:47:47,301 INFO Grasp attempt: 14
2021-09-26 12:52:41,583 INFO Sampling opening angle
2021-09-26 12:52:41,584 DEBUG Opening angle: 0.12557474422159495
2021-09-26 12:52:41,584 INFO Opening gripper
2021-09-26 13:37:20,805 DEBUG Counter: 547, Error:9.900944459773076e-05
2021-09-26 13:37:20,823 INFO Sampling gripper position
2021-09-26 13:37:20,900 DEBUG u: 830, v: 475, d:0.9967215657234192
2021-09-26 13:37:20,900 DEBUG x_world: -0.03996516391634941, y_world: 0.0186654981225729, z_world:0.0692041739821434
2021-09-26 13:37:20,901 DEBUG Gripper pose: [0.0186654981225729, -0.03996516391634941, 0.9307958260178566, -9.150721205855185e-05]
2021-09-26 13:37:20,901 INFO Moving gripper
2021-09-26 13:38:39,610 DEBUG Counter: 85, Error:9.10303221254575e-05
2021-09-26 13:38:39,610 INFO Computing opening width and jaw size
2021-09-26 13:38:39,611 DEBUG w: 245.7882092264031, h: 72.54107666015625
2021-09-26 13:38:39,675 INFO Sampling gripper rotation angle
2021-09-26 13:38:39,676 DEBUG Object yaw: 1.2877106340093756
2021-09-26 13:38:39,676 DEBUG Theta0: 1.2877106340093756
2021-09-26 13:38:39,676 DEBUG Theta: 1.4353318824505246
2021-09-26 13:38:39,676 INFO Rotating gripper
2021-09-26 13:38:39,676 DEBUG Gripper pose: [0.01866252846930118, -0.03995703012326905, 0.9307052084582126, -1.4353318824505246]
2021-09-26 13:43:28,295 DEBUG Counter: 280, Error:9.690977833076708e-05
2021-09-26 13:43:28,362 INFO Moving gripper downwards until contact
2021-09-26 13:44:39,116 DEBUG Counter: 69, Error: 9.550179009058572e-05, Contact:0
2021-09-26 13:44:39,117 INFO Closing gripper
2021-09-26 16:35:19,083 DEBUG Counter: 2000, Error: 0.4340998814587277
2021-09-26 16:35:19,084 INFO Moving gripper upwards
2021-09-26 16:44:20,676 DEBUG Counter: 104, Error: 9.453009601314587e-05
2021-09-26 16:44:20,676 DEBUG Grasp successful: True
2021-09-26 16:44:20,677 INFO Saving data
