2021-09-26 04:25:11,340 INFO Grasp attempt: 11
2021-09-26 04:35:25,970 INFO Sampling opening angle
2021-09-26 04:35:25,970 DEBUG Opening angle: 0.004769716792471979
2021-09-26 04:35:25,971 INFO Opening gripper
2021-09-26 05:08:40,354 DEBUG Counter: 353, Error:9.994516738301342e-05
2021-09-26 05:08:40,369 INFO Sampling gripper position
2021-09-26 05:08:40,450 DEBUG u: 1386, v: 726, d:0.9967215657234192
2021-09-26 05:08:40,451 DEBUG x_world: 0.13274157047271729, y_world: -0.05920369178056717, z_world:0.0692041739821434
2021-09-26 05:08:40,451 DEBUG Gripper pose: [-0.05920369178056717, 0.13274157047271729, 0.9307958260178566, -9.248239637243173e-05]
2021-09-26 05:08:40,452 INFO Moving gripper
2021-09-26 05:09:50,512 DEBUG Counter: 89, Error:9.001622934363198e-05
2021-09-26 05:09:50,513 INFO Computing opening width and jaw size
2021-09-26 05:09:50,514 DEBUG w: 284.66711566654584, h: 73.26425170898438
2021-09-26 05:09:50,578 INFO Sampling gripper rotation angle
2021-09-26 05:09:50,578 DEBUG Object yaw: 1.2877184674718671
2021-09-26 05:09:50,578 DEBUG Theta0: 1.2877184674718671
2021-09-26 05:09:50,578 DEBUG Theta: 1.2914337084654541
2021-09-26 05:09:50,579 INFO Rotating gripper
2021-09-26 05:09:50,579 DEBUG Gripper pose: [-0.05919406130390658, 0.13267467765535532, 0.9307363657248039, -1.2914337084654541]
2021-09-26 05:13:21,491 DEBUG Counter: 257, Error:9.778450139252828e-05
2021-09-26 05:13:21,562 INFO Moving gripper downwards until contact
2021-09-26 05:13:39,096 DEBUG Counter: 20, Error: 0.016667299275855887, Contact:1
2021-09-26 05:13:39,096 INFO Closing gripper
2021-09-26 07:33:40,622 DEBUG Counter: 2000, Error: 0.4128703521159087
2021-09-26 07:33:40,623 INFO Moving gripper upwards
2021-09-26 07:38:55,101 DEBUG Counter: 99, Error: 9.543656022352241e-05
2021-09-26 07:38:55,101 DEBUG Grasp successful: True
2021-09-26 07:38:55,101 INFO Saving data
