2021-09-25 13:14:39,152 INFO Grasp attempt: 1
2021-09-25 13:14:39,152 INFO Sampling opening angle
2021-09-25 13:14:39,153 DEBUG Opening angle: 0.19414648830608303
2021-09-25 13:14:39,153 INFO Opening gripper
2021-09-25 13:14:42,285 DEBUG Counter: 231, Error:9.823531759961535e-05
2021-09-25 13:14:42,298 INFO Sampling gripper position
2021-09-25 13:14:42,421 DEBUG u: 912, v: 482, d:0.9967215657234192
2021-09-25 13:14:42,422 DEBUG x_world: -0.014494030736386776, y_world: 0.01649385131895542, z_world:0.0692041739821434
2021-09-25 13:14:42,423 DEBUG Gripper pose: [0.01649385131895542, -0.014494030736386776, 0.9307958260178566, -2.9782423703762543e-13]
2021-09-25 13:14:42,423 INFO Moving gripper
2021-09-25 13:14:43,282 DEBUG Counter: 85, Error:9.086742601540206e-05
2021-09-25 13:14:43,283 INFO Computing opening width and jaw size
2021-09-25 13:14:43,284 DEBUG w: 222.89117431640625, h: 72.1844482421875
2021-09-25 13:14:43,371 INFO Sampling gripper rotation angle
2021-09-25 13:14:43,371 DEBUG Object yaw: 1.287723074210812
2021-09-25 13:14:43,371 DEBUG Theta0: 1.287723074210812
2021-09-25 13:14:43,372 DEBUG Theta: 1.1778257154502951
2021-09-25 13:14:43,372 INFO Rotating gripper
2021-09-25 13:14:43,372 DEBUG Gripper pose: [0.01649130867027092, -0.014491848148164706, 0.9307050203993246, -1.1778257154502951]
2021-09-25 13:14:46,074 DEBUG Counter: 239, Error:9.701545366036513e-05
2021-09-25 13:14:46,168 INFO Moving gripper downwards until contact
2021-09-25 13:14:46,346 DEBUG Counter: 13, Error: 0.03614208126749985, Contact:1
2021-09-25 13:14:46,347 INFO Closing gripper
2021-09-25 13:20:57,300 DEBUG Counter: 2000, Error: 0.39061304965464766
2021-09-25 13:20:57,301 INFO Moving gripper upwards
2021-09-25 13:21:17,903 DEBUG Counter: 94, Error: 9.649943739434055e-05
2021-09-25 13:21:17,903 DEBUG Grasp successful: False
2021-09-25 13:21:17,903 INFO Saving data
