2021-09-26 16:44:20,784 INFO Grasp attempt: 15
2021-09-26 16:55:31,029 INFO Sampling opening angle
2021-09-26 16:55:31,030 DEBUG Opening angle: 0.38858723619408814
2021-09-26 16:55:31,031 INFO Opening gripper
2021-09-26 17:08:24,099 DEBUG Counter: 108, Error:9.721250253236224e-05
2021-09-26 17:08:24,127 INFO Sampling gripper position
2021-09-26 17:08:24,262 DEBUG u: 694, v: 366, d:0.9967215657234192
2021-09-26 17:08:24,262 DEBUG x_world: -0.08220997452735901, y_world: 0.05248120054602623, z_world:0.0692041739821434
2021-09-26 17:08:24,263 DEBUG Gripper pose: [0.05248120054602623, -0.08220997452735901, 0.9307958260178566, -9.705499874467789e-05]
2021-09-26 17:08:24,263 INFO Moving gripper
2021-09-26 17:10:41,621 DEBUG Counter: 85, Error:9.530593871551347e-05
2021-09-26 17:10:41,622 INFO Computing opening width and jaw size
2021-09-26 17:10:41,623 DEBUG w: 155.05474947696152, h: 71.41116333007812
2021-09-26 17:10:41,721 INFO Sampling gripper rotation angle
2021-09-26 17:10:41,721 DEBUG Object yaw: 1.2877261998405156
2021-09-26 17:10:41,721 DEBUG Theta0: 1.2877261998405156
2021-09-26 17:10:41,722 DEBUG Theta: 1.4285480174966774
2021-09-26 17:10:41,722 INFO Rotating gripper
2021-09-26 17:10:41,722 DEBUG Gripper pose: [0.05246902904545171, -0.08218307181465358, 0.9307052096806028, -1.4285480174966774]
2021-09-26 17:17:09,002 DEBUG Counter: 279, Error:9.608590038290288e-05
2021-09-26 17:17:09,072 INFO Moving gripper downwards until contact
2021-09-26 17:17:16,551 DEBUG Counter: 4, Error: 0.06662213088793596, Contact:1
2021-09-26 17:17:16,551 INFO Closing gripper
2021-09-26 17:56:15,248 DEBUG Counter: 449, Error: 3.589606518028532e-06
2021-09-26 17:56:15,249 INFO Moving gripper upwards
2021-09-26 18:01:17,478 DEBUG Counter: 86, Error: 9.663725578743307e-05
2021-09-26 18:01:17,478 DEBUG Grasp successful: False
2021-09-26 18:01:17,478 INFO Saving data
