2021-09-26 07:38:55,175 INFO Grasp attempt: 12
2021-09-26 07:45:58,134 INFO Sampling opening angle
2021-09-26 07:45:58,135 DEBUG Opening angle: 0.3370698042612861
2021-09-26 07:45:58,136 INFO Opening gripper
2021-09-26 07:52:57,090 DEBUG Counter: 116, Error:9.679817530811041e-05
2021-09-26 07:52:57,106 INFO Sampling gripper position
2021-09-26 07:52:57,185 DEBUG u: 938, v: 565, d:0.9967215657234192
2021-09-26 07:52:57,185 DEBUG x_world: -0.006417816039174795, y_world: -0.009255727753043175, z_world:0.0692041739821434
2021-09-26 07:52:57,186 DEBUG Gripper pose: [-0.009255727753043175, -0.006417816039174795, 0.9307958260178566, -9.793272390405112e-05]
2021-09-26 07:52:57,186 INFO Moving gripper
2021-09-26 07:54:06,499 DEBUG Counter: 85, Error:9.062634023932305e-05
2021-09-26 07:54:06,499 INFO Computing opening width and jaw size
2021-09-26 07:54:06,500 DEBUG w: 173.2840586568498, h: 71.58198547363281
2021-09-26 07:54:06,562 INFO Sampling gripper rotation angle
2021-09-26 07:54:06,563 DEBUG Object yaw: 1.2877266933165987
2021-09-26 07:54:06,563 DEBUG Theta0: 1.2877266933165987
2021-09-26 07:54:06,563 DEBUG Theta: 1.2138664241334138
2021-09-26 07:54:06,563 INFO Rotating gripper
2021-09-26 07:54:06,563 DEBUG Gripper pose: [-0.009254423847726055, -0.006416947982987899, 0.9307052132160317, -1.2138664241334138]
2021-09-26 07:57:52,059 DEBUG Counter: 245, Error:9.420582511587838e-05
2021-09-26 07:57:52,129 INFO Moving gripper downwards until contact
2021-09-26 07:58:05,551 DEBUG Counter: 12, Error: 0.04068828491195523, Contact:1
2021-09-26 07:58:05,552 INFO Closing gripper
2021-09-26 10:16:52,272 DEBUG Counter: 2000, Error: 0.3764177218870829
2021-09-26 10:16:52,272 INFO Moving gripper upwards
2021-09-26 10:19:33,685 DEBUG Counter: 93, Error: 9.512192770291675e-05
2021-09-26 10:19:33,686 DEBUG Grasp successful: False
2021-09-26 10:19:33,686 INFO Saving data
