2021-09-25 18:13:15,101 INFO Grasp attempt: 7
2021-09-25 18:20:55,991 INFO Sampling opening angle
2021-09-25 18:20:55,992 DEBUG Opening angle: 0.02168707497057132
2021-09-25 18:20:55,993 INFO Opening gripper
2021-09-25 18:38:52,994 DEBUG Counter: 384, Error:9.857585377518602e-05
2021-09-25 18:38:53,020 INFO Sampling gripper position
2021-09-25 18:38:53,150 DEBUG u: 875, v: 488, d:0.9967215657234192
2021-09-25 18:38:53,150 DEBUG x_world: -0.025987105444073677, y_world: 0.014632432721555233, z_world:0.0692041739821434
2021-09-25 18:38:53,151 DEBUG Gripper pose: [0.014632432721555233, -0.025987105444073677, 0.9307958260178566, -9.349751568528048e-05]
2021-09-25 18:38:53,151 INFO Moving gripper
2021-09-25 18:39:54,309 DEBUG Counter: 85, Error:9.075334744536777e-05
2021-09-25 18:39:54,309 INFO Computing opening width and jaw size
2021-09-25 18:39:54,311 DEBUG w: 279.3760390084276, h: 73.16046142578125
2021-09-25 18:39:54,407 INFO Sampling gripper rotation angle
2021-09-25 18:39:54,407 DEBUG Object yaw: 1.2877171510911967
2021-09-25 18:39:54,407 DEBUG Theta0: 1.2877171510911967
2021-09-25 18:39:54,408 DEBUG Theta: 1.4094587091861857
2021-09-25 18:39:54,408 INFO Rotating gripper
2021-09-25 18:39:54,408 DEBUG Gripper pose: [0.014630221586041815, -0.02598259784748907, 0.9307052116562724, -1.4094587091861857]
2021-09-25 18:43:32,888 DEBUG Counter: 276, Error:9.56884452914029e-05
2021-09-25 18:43:32,987 INFO Moving gripper downwards until contact
2021-09-25 18:44:27,050 DEBUG Counter: 69, Error: 9.550176394534624e-05, Contact:0
2021-09-25 18:44:27,050 INFO Closing gripper
2021-09-25 20:20:33,784 DEBUG Counter: 2000, Error: 0.40990431461358223
2021-09-25 20:20:33,784 INFO Moving gripper upwards
2021-09-25 20:23:58,792 DEBUG Counter: 104, Error: 9.025216830818276e-05
2021-09-25 20:23:58,793 DEBUG Grasp successful: True
2021-09-25 20:23:58,793 INFO Saving data
