2021-09-26 01:07:21,766 INFO Grasp attempt: 10
2021-09-26 01:10:50,940 INFO Sampling opening angle
2021-09-26 01:10:50,941 DEBUG Opening angle: 0.24112300277499588
2021-09-26 01:10:50,942 INFO Opening gripper
2021-09-26 01:39:51,530 DEBUG Counter: 474, Error:9.718355479462759e-05
2021-09-26 01:39:51,548 INFO Sampling gripper position
2021-09-26 01:39:51,628 DEBUG u: 1328, v: 655, d:0.9967215657234192
2021-09-26 01:39:51,629 DEBUG x_world: 0.11472539603710175, y_world: -0.0371769517660141, z_world:0.0692041739821434
2021-09-26 01:39:51,629 DEBUG Gripper pose: [-0.0371769517660141, 0.11472539603710175, 0.9307958260178566, -9.19110587868896e-05]
2021-09-26 01:39:51,629 INFO Moving gripper
2021-09-26 01:40:51,801 DEBUG Counter: 86, Error:9.970350332500977e-05
2021-09-26 01:40:51,801 INFO Computing opening width and jaw size
2021-09-26 01:40:51,802 DEBUG w: 206.758423914531, h: 71.96467590332031
2021-09-26 01:40:51,868 INFO Sampling gripper rotation angle
2021-09-26 01:40:51,869 DEBUG Object yaw: 1.2877137610992004
2021-09-26 01:40:51,869 DEBUG Theta0: 1.2877137610992004
2021-09-26 01:40:51,869 DEBUG Theta: 1.3445870423074175
2021-09-26 01:40:51,869 INFO Rotating gripper
2021-09-26 01:40:51,869 DEBUG Gripper pose: [-0.03717034802012511, 0.11466842852753431, 0.9307142669474279, -1.3445870423074175]
2021-09-26 01:44:29,879 DEBUG Counter: 266, Error:9.23404850359244e-05
2021-09-26 01:44:29,948 INFO Moving gripper downwards until contact
2021-09-26 01:45:51,821 DEBUG Counter: 69, Error: 9.548495837880586e-05, Contact:0
2021-09-26 01:45:51,821 INFO Closing gripper
2021-09-26 04:18:39,390 DEBUG Counter: 2000, Error: 0.4154504919985256
2021-09-26 04:18:39,391 INFO Moving gripper upwards
2021-09-26 04:25:11,264 DEBUG Counter: 104, Error: 9.376060417810644e-05
2021-09-26 04:25:11,264 DEBUG Grasp successful: True
2021-09-26 04:25:11,264 INFO Saving data
