2021-09-25 16:38:04,898 INFO Grasp attempt: 6
2021-09-25 16:39:03,269 INFO Sampling opening angle
2021-09-25 16:39:03,270 DEBUG Opening angle: 0.14741420462692487
2021-09-25 16:39:03,270 INFO Opening gripper
2021-09-25 16:49:42,964 DEBUG Counter: 437, Error:9.964741191195725e-05
2021-09-25 16:49:42,980 INFO Sampling gripper position
2021-09-25 16:49:43,057 DEBUG u: 1402, v: 693, d:0.9967215657234192
2021-09-25 16:49:43,058 DEBUG x_world: 0.1377115398645401, y_world: -0.04896591231226921, z_world:0.0692041739821434
2021-09-25 16:49:43,058 DEBUG Gripper pose: [-0.04896591231226921, 0.1377115398645401, 0.9307958260178566, -9.876389498796444e-05]
2021-09-25 16:49:43,059 INFO Moving gripper
2021-09-25 16:50:27,298 DEBUG Counter: 89, Error:9.692165853277709e-05
2021-09-25 16:50:27,298 INFO Computing opening width and jaw size
2021-09-25 16:50:27,299 DEBUG w: 238.51574844787606, h: 72.41743469238281
2021-09-25 16:50:27,362 INFO Sampling gripper rotation angle
2021-09-25 16:50:27,363 DEBUG Object yaw: 1.287716163761245
2021-09-25 16:50:27,363 DEBUG Theta0: 1.287716163761245
2021-09-25 16:50:27,363 DEBUG Theta: 1.426861210108989
2021-09-25 16:50:27,363 INFO Rotating gripper
2021-09-25 16:50:27,363 DEBUG Gripper pose: [-0.04895871558873301, 0.13763533996270896, 0.9307363651902134, -1.426861210108989]
2021-09-25 16:53:16,460 DEBUG Counter: 279, Error:9.335504734453437e-05
2021-09-25 16:53:16,559 INFO Moving gripper downwards until contact
2021-09-25 16:54:01,017 DEBUG Counter: 69, Error: 9.544390293983175e-05, Contact:0
2021-09-25 16:54:01,018 INFO Closing gripper
2021-09-25 18:08:37,382 DEBUG Counter: 2000, Error: 0.4803772728507328
2021-09-25 18:08:37,382 INFO Moving gripper upwards
2021-09-25 18:13:15,002 DEBUG Counter: 104, Error: 9.389308350981934e-05
2021-09-25 18:13:15,002 DEBUG Grasp successful: True
2021-09-25 18:13:15,002 INFO Saving data
