2021-09-25 15:23:19,346 INFO Grasp attempt: 5
2021-09-25 15:24:21,838 INFO Sampling opening angle
2021-09-25 15:24:21,838 DEBUG Opening angle: 0.3213280926184277
2021-09-25 15:24:21,838 INFO Opening gripper
2021-09-25 15:33:08,715 DEBUG Counter: 355, Error:9.574950847579533e-05
2021-09-25 15:33:08,741 INFO Sampling gripper position
2021-09-25 15:33:08,883 DEBUG u: 685, v: 372, d:0.9967215657234192
2021-09-25 15:33:08,884 DEBUG x_world: -0.08500557392835617, y_world: 0.05061978101730347, z_world:0.0692041739821434
2021-09-25 15:33:08,885 DEBUG Gripper pose: [0.05061978101730347, -0.08500557392835617, 0.9307958260178566, -9.156168069622054e-05]
2021-09-25 15:33:08,885 INFO Moving gripper
2021-09-25 15:33:46,631 DEBUG Counter: 85, Error:9.583882477644542e-05
2021-09-25 15:33:46,632 INFO Computing opening width and jaw size
2021-09-25 15:33:46,634 DEBUG w: 178.83465669287125, h: 71.63909912109375
2021-09-25 15:33:46,734 INFO Sampling gripper rotation angle
2021-09-25 15:33:46,735 DEBUG Object yaw: 1.2877165916089017
2021-09-25 15:33:46,735 DEBUG Theta0: 1.2877165916089017
2021-09-25 15:33:46,735 DEBUG Theta: 1.2605467815862277
2021-09-25 15:33:46,736 INFO Rotating gripper
2021-09-25 15:33:46,736 DEBUG Gripper pose: [0.050608261352998125, -0.08497657803107657, 0.9307052080526964, -1.2605467815862277]
2021-09-25 15:35:51,414 DEBUG Counter: 252, Error:9.86157883888783e-05
2021-09-25 15:35:51,522 INFO Moving gripper downwards until contact
2021-09-25 15:35:55,317 DEBUG Counter: 5, Error: 0.0652305199332409, Contact:1
2021-09-25 15:35:55,318 INFO Closing gripper
2021-09-25 16:36:14,346 DEBUG Counter: 2000, Error: 0.003965866932903794
2021-09-25 16:36:14,346 INFO Moving gripper upwards
2021-09-25 16:38:04,828 DEBUG Counter: 86, Error: 9.039889575575081e-05
2021-09-25 16:38:04,828 DEBUG Grasp successful: False
2021-09-25 16:38:04,828 INFO Saving data
