2021-09-25 20:23:58,860 INFO Grasp attempt: 8
2021-09-25 20:28:46,522 INFO Sampling opening angle
2021-09-25 20:28:46,523 DEBUG Opening angle: 0.11656229643642493
2021-09-25 20:28:46,523 INFO Opening gripper
2021-09-25 20:40:15,239 DEBUG Counter: 309, Error:9.822925267784222e-05
2021-09-25 20:40:15,257 INFO Sampling gripper position
2021-09-25 20:40:15,337 DEBUG u: 750, v: 481, d:0.9967215657234192
2021-09-25 20:40:15,338 DEBUG x_world: -0.06481505185365677, y_world: 0.016804078593850136, z_world:0.0692041739821434
2021-09-25 20:40:15,338 DEBUG Gripper pose: [0.016804078593850136, -0.06481505185365677, 0.9307958260178566, -9.584276540197429e-05]
2021-09-25 20:40:15,338 INFO Moving gripper
2021-09-25 20:40:59,068 DEBUG Counter: 85, Error:9.224076302173242e-05
2021-09-25 20:40:59,068 INFO Computing opening width and jaw size
2021-09-25 20:40:59,069 DEBUG w: 248.76269665859772, h: 72.59112548828125
2021-09-25 20:40:59,134 INFO Sampling gripper rotation angle
2021-09-25 20:40:59,134 DEBUG Object yaw: 1.2877197179707676
2021-09-25 20:40:59,134 DEBUG Theta0: 1.2877197179707676
2021-09-25 20:40:59,134 DEBUG Theta: 1.4772488562685906
2021-09-25 20:40:59,134 INFO Rotating gripper
2021-09-25 20:40:59,134 DEBUG Gripper pose: [0.016801474945984538, -0.06479801711237118, 0.9307052092590867, -1.4772488562685906]
2021-09-25 20:43:45,205 DEBUG Counter: 287, Error:9.359856121693433e-05
2021-09-25 20:43:45,274 INFO Moving gripper downwards until contact
2021-09-25 20:43:54,168 DEBUG Counter: 15, Error: 0.028668923104446648, Contact:1
2021-09-25 20:43:54,169 INFO Closing gripper
2021-09-25 22:33:09,785 DEBUG Counter: 2000, Error: 0.43387924767706054
2021-09-25 22:33:09,785 INFO Moving gripper upwards
2021-09-25 22:37:49,805 DEBUG Counter: 96, Error: 9.205341988397327e-05
2021-09-25 22:37:49,806 DEBUG Grasp successful: True
2021-09-25 22:37:49,806 INFO Saving data
