2021-09-25 13:45:30,960 INFO Grasp attempt: 3
2021-09-25 13:47:28,767 INFO Sampling opening angle
2021-09-25 13:47:28,769 DEBUG Opening angle: 0.2367589323261682
2021-09-25 13:47:28,769 INFO Opening gripper
2021-09-25 13:50:02,482 DEBUG Counter: 198, Error:9.800977902690855e-05
2021-09-25 13:50:02,498 INFO Sampling gripper position
2021-09-25 13:50:02,574 DEBUG u: 562, v: 428, d:0.9967215657234192
2021-09-25 13:50:02,575 DEBUG x_world: -0.12321227043867111, y_world: 0.03324657306075096, z_world:0.0692041739821434
2021-09-25 13:50:02,575 DEBUG Gripper pose: [0.03324657306075096, -0.12321227043867111, 0.9307958260178566, -9.3267830983452e-05]
2021-09-25 13:50:02,576 INFO Moving gripper
2021-09-25 13:50:14,671 DEBUG Counter: 87, Error:9.753442378723048e-05
2021-09-25 13:50:14,671 INFO Computing opening width and jaw size
2021-09-25 13:50:14,672 DEBUG w: 208.2551280550414, h: 71.98263549804688
2021-09-25 13:50:14,731 INFO Sampling gripper rotation angle
2021-09-25 13:50:14,731 DEBUG Object yaw: 1.2877230413680767
2021-09-25 13:50:14,731 DEBUG Theta0: 1.2877230413680767
2021-09-25 13:50:14,731 DEBUG Theta: 1.3058479861010468
2021-09-25 13:50:14,732 INFO Rotating gripper
2021-09-25 13:50:14,732 DEBUG Gripper pose: [0.03324148837695703, -0.123148247908039, 0.9307224214853965, -1.3058479861010468]
2021-09-25 13:50:56,951 DEBUG Counter: 260, Error:9.070395435961665e-05
2021-09-25 13:50:57,056 INFO Moving gripper downwards until contact
2021-09-25 13:51:00,346 DEBUG Counter: 12, Error: 0.03953551050580522, Contact:1
2021-09-25 13:51:00,347 INFO Closing gripper
2021-09-25 14:25:49,717 DEBUG Counter: 2000, Error: 0.5789142512418737
2021-09-25 14:25:49,718 INFO Moving gripper upwards
2021-09-25 14:26:52,160 DEBUG Counter: 93, Error: 9.795281535665967e-05
2021-09-25 14:26:52,161 DEBUG Grasp successful: False
2021-09-25 14:26:52,161 INFO Saving data
