2021-09-26 10:19:33,792 INFO Grasp attempt: 13
2021-09-26 10:23:58,654 INFO Sampling opening angle
2021-09-26 10:23:58,656 DEBUG Opening angle: 0.2552629858890471
2021-09-26 10:23:58,656 INFO Opening gripper
2021-09-26 10:39:19,736 DEBUG Counter: 171, Error:9.976946568085454e-05
2021-09-26 10:39:19,756 INFO Sampling gripper position
2021-09-26 10:39:19,836 DEBUG u: 1413, v: 750, d:0.9967215657234192
2021-09-26 10:39:19,836 DEBUG x_world: 0.14112837612628937, y_world: -0.06664934754371643, z_world:0.0692041739821434
2021-09-26 10:39:19,837 DEBUG Gripper pose: [-0.06664934754371643, 0.14112837612628937, 0.9307958260178566, -9.436420414674865e-05]
2021-09-26 10:39:19,837 INFO Moving gripper
2021-09-26 10:40:38,045 DEBUG Counter: 90, Error:9.28024677125492e-05
2021-09-26 10:40:38,046 INFO Computing opening width and jaw size
2021-09-26 10:40:38,047 DEBUG w: 201.8638926966528, h: 71.89743041992188
2021-09-26 10:40:38,112 INFO Sampling gripper rotation angle
2021-09-26 10:40:38,112 DEBUG Object yaw: 1.2877251141596133
2021-09-26 10:40:38,112 DEBUG Theta0: 1.2877251141596133
2021-09-26 10:40:38,112 DEBUG Theta: 1.6454199069404167
2021-09-26 10:40:38,112 INFO Rotating gripper
2021-09-26 10:40:38,112 DEBUG Gripper pose: [-0.06663881080947519, 0.14105329339602984, 0.9307423109838769, -1.6454199069404167]
2021-09-26 10:45:35,345 DEBUG Counter: 314, Error:9.13601646896911e-05
2021-09-26 10:45:35,412 INFO Moving gripper downwards until contact
2021-09-26 10:45:48,590 DEBUG Counter: 11, Error: 0.04651256207119488, Contact:1
2021-09-26 10:45:48,590 INFO Closing gripper
2021-09-26 12:40:08,764 DEBUG Counter: 1522, Error: 2.8181138929661564e-05
2021-09-26 12:40:08,765 INFO Moving gripper upwards
2021-09-26 12:47:47,193 DEBUG Counter: 90, Error: 9.966047778586974e-05
2021-09-26 12:47:47,193 DEBUG Grasp successful: False
2021-09-26 12:47:47,194 INFO Saving data
