2021-09-26 18:01:17,548 INFO Grasp attempt: 16
2021-09-26 18:04:47,703 INFO Sampling opening angle
2021-09-26 18:04:47,704 DEBUG Opening angle: 0.10591815821406003
2021-09-26 18:04:47,704 INFO Opening gripper
2021-09-26 18:41:01,972 DEBUG Counter: 463, Error:9.659025354610828e-05
2021-09-26 18:41:01,991 INFO Sampling gripper position
2021-09-26 18:41:02,071 DEBUG u: 709, v: 521, d:0.9967215657234192
2021-09-26 18:41:02,072 DEBUG x_world: -0.07755061984062195, y_world: 0.004394654184579849, z_world:0.0692041739821434
2021-09-26 18:41:02,072 DEBUG Gripper pose: [0.004394654184579849, -0.07755061984062195, 0.9307958260178566, -9.624286519769656e-05]
2021-09-26 18:41:02,072 INFO Moving gripper
2021-09-26 18:42:31,811 DEBUG Counter: 85, Error:9.369553221371089e-05
2021-09-26 18:42:31,811 INFO Computing opening width and jaw size
2021-09-26 18:42:31,812 DEBUG w: 252.26202530377023, h: 72.65103149414062
2021-09-26 18:42:31,873 INFO Sampling gripper rotation angle
2021-09-26 18:42:31,873 DEBUG Object yaw: 1.2877145510403827
2021-09-26 18:42:31,873 DEBUG Theta0: 1.2877145510403827
2021-09-26 18:42:31,874 DEBUG Theta: 1.106236987890038
2021-09-26 18:42:31,874 INFO Rotating gripper
2021-09-26 18:42:31,874 DEBUG Gripper pose: [0.00439407532223617, -0.07752680602300564, 0.9307052091333056, -1.106236987890038]
2021-09-26 18:46:59,904 DEBUG Counter: 228, Error:9.28024108435288e-05
2021-09-26 18:46:59,972 INFO Moving gripper downwards until contact
2021-09-26 18:47:16,788 DEBUG Counter: 11, Error: 0.044243825404036013, Contact:1
2021-09-26 18:47:16,788 INFO Closing gripper
