2021-09-25 14:26:52,230 INFO Grasp attempt: 4
2021-09-25 14:27:32,833 INFO Sampling opening angle
2021-09-25 14:27:32,834 DEBUG Opening angle: 0.24834787720288842
2021-09-25 14:27:32,834 INFO Opening gripper
2021-09-25 14:29:08,890 DEBUG Counter: 103, Error:9.748433999726136e-05
2021-09-25 14:29:08,911 INFO Sampling gripper position
2021-09-25 14:29:08,990 DEBUG u: 1365, v: 723, d:0.9967215657234192
2021-09-25 14:29:08,990 DEBUG x_world: 0.12621845304965973, y_world: -0.05827298015356064, z_world:0.0692041739821434
2021-09-25 14:29:08,991 DEBUG Gripper pose: [-0.05827298015356064, 0.12621845304965973, 0.9307958260178566, -9.083969156647602e-05]
2021-09-25 14:29:08,991 INFO Moving gripper
2021-09-25 14:29:28,137 DEBUG Counter: 88, Error:9.154473365866628e-05
2021-09-25 14:29:28,137 INFO Computing opening width and jaw size
2021-09-25 14:29:28,138 DEBUG w: 204.32714946054247, h: 71.9306640625
2021-09-25 14:29:28,194 INFO Sampling gripper rotation angle
2021-09-25 14:29:28,194 DEBUG Object yaw: 1.2877269236021782
2021-09-25 14:29:28,195 DEBUG Theta0: 1.2877269236021782
2021-09-25 14:29:28,195 DEBUG Theta: 1.7145335808566378
2021-09-25 14:29:28,195 INFO Rotating gripper
2021-09-25 14:29:28,195 DEBUG Gripper pose: [-0.05826256314108724, 0.1261559433835065, 0.9307297619145237, -1.7145335808566378]
2021-09-25 14:30:47,103 DEBUG Counter: 325, Error:9.141475324780934e-05
2021-09-25 14:30:47,170 INFO Moving gripper downwards until contact
2021-09-25 14:30:50,372 DEBUG Counter: 11, Error: 0.046680354751313484, Contact:1
2021-09-25 14:30:50,372 INFO Closing gripper
2021-09-25 15:21:15,522 DEBUG Counter: 2000, Error: 0.0018549009914051728
2021-09-25 15:21:15,522 INFO Moving gripper upwards
2021-09-25 15:23:19,278 DEBUG Counter: 90, Error: 9.607295211495429e-05
2021-09-25 15:23:19,278 DEBUG Grasp successful: False
2021-09-25 15:23:19,278 INFO Saving data
