2021-09-26 05:55:23,044 INFO Grasp attempt: 13
2021-09-26 05:57:21,194 INFO Sampling opening angle
2021-09-26 05:57:21,194 DEBUG Opening angle: 0.047041608973515774
2021-09-26 05:57:21,195 INFO Opening gripper
2021-09-26 06:14:09,310 DEBUG Counter: 241, Error:9.769906348511964e-05
2021-09-26 06:14:09,332 INFO Sampling gripper position
2021-09-26 06:14:09,464 DEBUG u: 730, v: 877, d:0.9967593550682068
2021-09-26 06:14:09,464 DEBUG x_world: -0.07124681770801544, y_world: -0.10438457131385803, z_world:0.06851636618375778
2021-09-26 06:14:09,465 DEBUG Gripper pose: [-0.10438457131385803, -0.07124681770801544, 0.9314836338162422, 9.328945685839083e-05]
2021-09-26 06:14:09,465 INFO Moving gripper
2021-09-26 06:15:25,031 DEBUG Counter: 86, Error:9.53002268141225e-05
2021-09-26 06:15:25,031 INFO Computing opening width and jaw size
2021-09-26 06:15:25,033 DEBUG w: 270.875367583366, h: 72.8791732788086
2021-09-26 06:15:25,131 INFO Sampling gripper rotation angle
2021-09-26 06:15:25,131 DEBUG Object yaw: 2.3539389526784094
2021-09-26 06:15:25,131 DEBUG Theta0: -0.7876537009113838
2021-09-26 06:15:25,132 DEBUG Theta: -0.4299589081305803
2021-09-26 06:15:25,132 INFO Rotating gripper
2021-09-26 06:15:25,132 DEBUG Gripper pose: [-0.10434109853109969, -0.07122872070838975, 0.9314007800354316, 0.4299589081305803]
2021-09-26 06:17:47,439 DEBUG Counter: 120, Error:9.598021921032323e-05
2021-09-26 06:17:47,543 INFO Moving gripper downwards until contact
2021-09-26 06:18:02,649 DEBUG Counter: 9, Error: 0.05386361704046717, Contact:1
2021-09-26 06:18:02,649 INFO Closing gripper
2021-09-26 07:27:22,437 DEBUG Counter: 921, Error: 3.754852244353124e-06
2021-09-26 07:27:22,438 INFO Moving gripper upwards
2021-09-26 07:29:55,917 DEBUG Counter: 85, Error: 9.618863479282736e-05
2021-09-26 07:29:55,918 DEBUG Grasp successful: False
2021-09-26 07:29:55,918 INFO Saving data
