2021-09-26 07:29:55,991 INFO Grasp attempt: 14
2021-09-26 07:31:19,841 INFO Sampling opening angle
2021-09-26 07:31:19,842 DEBUG Opening angle: 0.151424965603636
2021-09-26 07:31:19,842 INFO Opening gripper
2021-09-26 08:05:54,219 DEBUG Counter: 414, Error:9.878107977212558e-05
2021-09-26 08:05:54,236 INFO Sampling gripper position
2021-09-26 08:05:54,310 DEBUG u: 1085, v: 327, d:0.9967593550682068
2021-09-26 08:05:54,311 DEBUG x_world: 0.039200615137815475, y_world: 0.06651756167411804, z_world:0.06851636618375778
2021-09-26 08:05:54,311 DEBUG Gripper pose: [0.06651756167411804, 0.039200615137815475, 0.9314836338162422, 9.613108233156175e-05]
2021-09-26 08:05:54,311 INFO Moving gripper
2021-09-26 08:07:01,801 DEBUG Counter: 85, Error:9.409016522705147e-05
2021-09-26 08:07:01,801 INFO Computing opening width and jaw size
2021-09-26 08:07:01,802 DEBUG w: 236.81213508557957, h: 72.28460693359375
2021-09-26 08:07:01,867 INFO Sampling gripper rotation angle
2021-09-26 08:07:01,867 DEBUG Object yaw: 2.3539477387925936
2021-09-26 08:07:01,867 DEBUG Theta0: -0.7876449147971996
2021-09-26 08:07:01,868 DEBUG Theta: -0.6400236663560506
2021-09-26 08:07:01,868 INFO Rotating gripper
2021-09-26 08:07:01,868 DEBUG Gripper pose: [0.0664997752726103, 0.039192708642040615, 0.9313915789932375, 0.6400236663560506]
2021-09-26 08:09:14,573 DEBUG Counter: 154, Error:9.04897179776488e-05
2021-09-26 08:09:14,645 INFO Moving gripper downwards until contact
2021-09-26 08:09:28,536 DEBUG Counter: 13, Error: 0.035261726934710746, Contact:1
2021-09-26 08:09:28,536 INFO Closing gripper
2021-09-26 10:26:45,515 DEBUG Counter: 2000, Error: 0.40125728268100636
2021-09-26 10:26:45,516 INFO Moving gripper upwards
2021-09-26 10:30:05,525 DEBUG Counter: 94, Error: 9.865418084923447e-05
2021-09-26 10:30:05,526 DEBUG Grasp successful: False
2021-09-26 10:30:05,526 INFO Saving data
