2021-09-26 20:40:26,590 INFO Grasp attempt: 18
2021-09-26 20:49:17,822 INFO Sampling opening angle
2021-09-26 20:49:17,823 DEBUG Opening angle: 0.09861901256852179
2021-09-26 20:49:17,823 INFO Opening gripper
2021-09-26 21:10:10,001 DEBUG Counter: 245, Error:9.512388166259267e-05
2021-09-26 21:10:10,018 INFO Sampling gripper position
2021-09-26 21:10:10,092 DEBUG u: 680, v: 818, d:0.9967593550682068
2021-09-26 21:10:10,093 DEBUG x_world: -0.08680281043052673, y_world: -0.08605143427848816, z_world:0.06851636618375778
2021-09-26 21:10:10,093 DEBUG Gripper pose: [-0.08605143427848816, -0.08680281043052673, 0.9314836338162422, 9.729031724921306e-05]
2021-09-26 21:10:10,093 INFO Moving gripper
2021-09-26 21:11:40,797 DEBUG Counter: 86, Error:9.125520448399795e-05
2021-09-26 21:11:40,797 INFO Computing opening width and jaw size
2021-09-26 21:11:40,798 DEBUG w: 254.2316298347808, h: 72.57242584228516
2021-09-26 21:11:40,861 INFO Sampling gripper rotation angle
2021-09-26 21:11:40,862 DEBUG Object yaw: 2.3539399657160733
2021-09-26 21:11:40,862 DEBUG Theta0: -0.7876526878737198
2021-09-26 21:11:40,862 DEBUG Theta: -0.669037208961219
2021-09-26 21:11:40,862 INFO Rotating gripper
2021-09-26 21:11:40,862 DEBUG Gripper pose: [-0.08602463695238466, -0.08677551122443004, 0.9314007835355812, 0.669037208961219]
2021-09-26 21:14:44,105 DEBUG Counter: 158, Error:9.66826165782475e-05
2021-09-26 21:14:44,174 INFO Moving gripper downwards until contact
2021-09-26 21:15:03,653 DEBUG Counter: 16, Error: 0.025225756989317675, Contact:1
2021-09-26 21:15:03,653 INFO Closing gripper
