2021-09-25 20:47:09,617 INFO Grasp attempt: 9
2021-09-25 20:48:33,119 INFO Sampling opening angle
2021-09-25 20:48:33,120 DEBUG Opening angle: 0.25284665838218967
2021-09-25 20:48:33,121 INFO Opening gripper
2021-09-25 21:12:38,930 DEBUG Counter: 471, Error:9.947920133951405e-05
2021-09-25 21:12:38,950 INFO Sampling gripper position
2021-09-25 21:12:39,033 DEBUG u: 849, v: 718, d:0.9967593550682068
2021-09-25 21:12:39,033 DEBUG x_world: -0.034223612397909164, y_world: -0.05497831106185913, z_world:0.06851636618375778
2021-09-25 21:12:39,034 DEBUG Gripper pose: [-0.05497831106185913, -0.034223612397909164, 0.9314836338162422, 9.38810263936348e-05]
2021-09-25 21:12:39,034 INFO Moving gripper
2021-09-25 21:13:29,395 DEBUG Counter: 85, Error:9.3210805710857e-05
2021-09-25 21:13:29,395 INFO Computing opening width and jaw size
2021-09-25 21:13:29,396 DEBUG w: 202.39190782418282, h: 71.79888916015625
2021-09-25 21:13:29,461 INFO Sampling gripper rotation angle
2021-09-25 21:13:29,461 DEBUG Object yaw: 2.35395505671518
2021-09-25 21:13:29,461 DEBUG Theta0: -0.787637596874613
2021-09-25 21:13:29,461 DEBUG Theta: -0.5741309463731046
2021-09-25 21:13:29,461 INFO Rotating gripper
2021-09-25 21:13:29,461 DEBUG Gripper pose: [-0.05496521569306889, -0.034217072217486676, 0.9313915795297719, 0.5741309463731046]
2021-09-25 21:15:11,273 DEBUG Counter: 143, Error:9.554588542493025e-05
2021-09-25 21:15:11,375 INFO Moving gripper downwards until contact
2021-09-25 21:15:20,199 DEBUG Counter: 7, Error: 0.05995603059079486, Contact:1
2021-09-25 21:15:20,200 INFO Closing gripper
2021-09-25 21:46:46,765 DEBUG Counter: 676, Error: 4.731717827932691e-05
2021-09-25 21:46:46,765 INFO Moving gripper upwards
2021-09-25 21:47:46,341 DEBUG Counter: 88, Error: 9.696250721838525e-05
2021-09-25 21:47:46,342 DEBUG Grasp successful: False
2021-09-25 21:47:46,342 INFO Saving data
