2021-09-25 18:48:30,930 INFO Grasp attempt: 8
2021-09-25 18:49:22,822 INFO Sampling opening angle
2021-09-25 18:49:22,823 DEBUG Opening angle: 0.1971231764281628
2021-09-25 18:49:22,824 INFO Opening gripper
2021-09-25 18:56:50,541 DEBUG Counter: 236, Error:9.730220724768479e-05
2021-09-25 18:56:50,559 INFO Sampling gripper position
2021-09-25 18:56:50,640 DEBUG u: 1072, v: 341, d:0.9967593550682068
2021-09-25 18:56:50,641 DEBUG x_world: 0.03515605255961418, y_world: 0.06216731294989586, z_world:0.06851636618375778
2021-09-25 18:56:50,641 DEBUG Gripper pose: [0.06216731294989586, 0.03515605255961418, 0.9314836338162422, 9.175156260140575e-05]
2021-09-25 18:56:50,642 INFO Moving gripper
2021-09-25 18:57:27,376 DEBUG Counter: 85, Error:9.365835721095213e-05
2021-09-25 18:57:27,376 INFO Computing opening width and jaw size
2021-09-25 18:57:27,377 DEBUG w: 221.44909780026512, h: 72.05413818359375
2021-09-25 18:57:27,438 INFO Sampling gripper rotation angle
2021-09-25 18:57:27,438 DEBUG Object yaw: 2.353935846699521
2021-09-25 18:57:27,438 DEBUG Theta0: -0.7876568068902721
2021-09-25 18:57:27,439 DEBUG Theta: -0.5981276685924491
2021-09-25 18:57:27,439 INFO Rotating gripper
2021-09-25 18:57:27,439 DEBUG Gripper pose: [0.062151444004450156, 0.03514925911898739, 0.9313915799536924, 0.5981276685924491]
2021-09-25 18:58:37,052 DEBUG Counter: 147, Error:9.373264185930105e-05
2021-09-25 18:58:37,124 INFO Moving gripper downwards until contact
2021-09-25 18:58:43,608 DEBUG Counter: 12, Error: 0.03886635307445655, Contact:1
2021-09-25 18:58:43,608 INFO Closing gripper
2021-09-25 20:43:22,100 DEBUG Counter: 2000, Error: 0.0012258158317024481
2021-09-25 20:43:22,100 INFO Moving gripper upwards
2021-09-25 20:47:09,510 DEBUG Counter: 89, Error: 9.994760329735116e-05
2021-09-25 20:47:09,511 DEBUG Grasp successful: False
2021-09-25 20:47:09,511 INFO Saving data
