2021-09-26 03:11:40,028 INFO Grasp attempt: 12
2021-09-26 03:14:15,016 INFO Sampling opening angle
2021-09-26 03:14:15,017 DEBUG Opening angle: 0.26370327755597794
2021-09-26 03:14:15,017 INFO Opening gripper
2021-09-26 03:23:08,495 DEBUG Counter: 160, Error:9.940770795391352e-05
2021-09-26 03:23:08,514 INFO Sampling gripper position
2021-09-26 03:23:08,589 DEBUG u: 867, v: 588, d:0.9967593550682068
2021-09-26 03:23:08,590 DEBUG x_world: -0.028623457998037338, y_world: -0.014583265408873558, z_world:0.06851636618375778
2021-09-26 03:23:08,590 DEBUG Gripper pose: [-0.014583265408873558, -0.028623457998037338, 0.9314836338162422, 9.980595998608387e-05]
2021-09-26 03:23:08,590 INFO Moving gripper
2021-09-26 03:24:10,479 DEBUG Counter: 85, Error:9.221838137738584e-05
2021-09-26 03:24:10,480 INFO Computing opening width and jaw size
2021-09-26 03:24:10,481 DEBUG w: 198.7095349028666, h: 71.75338745117188
2021-09-26 03:24:10,546 INFO Sampling gripper rotation angle
2021-09-26 03:24:10,547 DEBUG Object yaw: 2.353931031161299
2021-09-26 03:24:10,547 DEBUG Theta0: -0.787661622428494
2021-09-26 03:24:10,547 DEBUG Theta: -0.8615218916116789
2021-09-26 03:24:10,547 INFO Rotating gripper
2021-09-26 03:24:10,547 DEBUG Gripper pose: [-0.014581062975004699, -0.02861832553219585, 0.9313915847155225, 0.8615218916116789]
2021-09-26 03:26:38,934 DEBUG Counter: 189, Error:9.312804090622073e-05
2021-09-26 03:26:39,004 INFO Moving gripper downwards until contact
2021-09-26 03:26:50,883 DEBUG Counter: 13, Error: 0.03497971278511726, Contact:1
2021-09-26 03:26:50,884 INFO Closing gripper
2021-09-26 05:52:30,039 DEBUG Counter: 2000, Error: 0.4054612752134631
2021-09-26 05:52:30,040 INFO Moving gripper upwards
2021-09-26 05:55:22,972 DEBUG Counter: 94, Error: 9.94485143216889e-05
2021-09-26 05:55:22,973 DEBUG Grasp successful: False
2021-09-26 05:55:22,973 INFO Saving data
