2021-09-25 21:47:46,448 INFO Grasp attempt: 10
2021-09-25 21:49:52,222 INFO Sampling opening angle
2021-09-25 21:49:52,223 DEBUG Opening angle: 0.1763614606566468
2021-09-25 21:49:52,223 INFO Opening gripper
2021-09-25 22:15:28,333 DEBUG Counter: 521, Error:9.921522566103125e-05
2021-09-25 22:15:28,348 INFO Sampling gripper position
2021-09-25 22:15:28,424 DEBUG u: 840, v: 771, d:0.9967593550682068
2021-09-25 22:15:28,424 DEBUG x_world: -0.03702368214726448, y_world: -0.07144705951213837, z_world:0.06851636618375778
2021-09-25 22:15:28,424 DEBUG Gripper pose: [-0.07144705951213837, -0.03702368214726448, 0.9314836338162422, 9.569771591680277e-05]
2021-09-25 22:15:28,425 INFO Moving gripper
2021-09-25 22:16:17,877 DEBUG Counter: 85, Error:9.452662476082453e-05
2021-09-25 22:16:17,878 INFO Computing opening width and jaw size
2021-09-25 22:16:17,879 DEBUG w: 228.45953494104467, h: 72.15650939941406
2021-09-25 22:16:17,978 INFO Sampling gripper rotation angle
2021-09-25 22:16:17,978 DEBUG Object yaw: 2.3539591223508065
2021-09-25 22:16:17,978 DEBUG Theta0: -0.7876335312389866
2021-09-25 22:16:17,979 DEBUG Theta: -0.7307602500307694
2021-09-25 22:16:17,979 INFO Rotating gripper
2021-09-25 22:16:17,979 DEBUG Gripper pose: [-0.07142685913294633, -0.03701638630402124, 0.9313915794945591, 0.7307602500307694]
2021-09-25 22:18:27,653 DEBUG Counter: 168, Error:9.494341664550987e-05
2021-09-25 22:18:27,720 INFO Moving gripper downwards until contact
2021-09-25 22:18:33,970 DEBUG Counter: 7, Error: 0.060241660053110234, Contact:1
2021-09-25 22:18:33,971 INFO Closing gripper
2021-09-26 00:19:48,109 DEBUG Counter: 2000, Error: 0.002025452091633295
2021-09-26 00:19:48,110 INFO Moving gripper upwards
2021-09-26 00:24:16,605 DEBUG Counter: 85, Error: 9.917206612577097e-05
2021-09-26 00:24:16,605 DEBUG Grasp successful: False
2021-09-26 00:24:16,605 INFO Saving data
