2021-09-25 16:07:58,114 INFO Grasp attempt: 6
2021-09-25 16:08:55,913 INFO Sampling opening angle
2021-09-25 16:08:55,914 DEBUG Opening angle: 0.1779564318556136
2021-09-25 16:08:55,915 INFO Opening gripper
2021-09-25 16:25:17,641 DEBUG Counter: 494, Error:9.844410303444517e-05
2021-09-25 16:25:17,668 INFO Sampling gripper position
2021-09-25 16:25:17,813 DEBUG u: 765, v: 821, d:0.9967593550682068
2021-09-25 16:25:17,814 DEBUG x_world: -0.06035764142870903, y_world: -0.08698362112045288, z_world:0.06851636618375778
2021-09-25 16:25:17,814 DEBUG Gripper pose: [-0.08698362112045288, -0.06035764142870903, 0.9314836338162422, 9.913820158125817e-05]
2021-09-25 16:25:17,814 INFO Moving gripper
2021-09-25 16:25:55,987 DEBUG Counter: 85, Error:9.814066792886107e-05
2021-09-25 16:25:55,987 INFO Computing opening width and jaw size
2021-09-25 16:25:55,988 DEBUG w: 227.9227308326434, h: 72.14860534667969
2021-09-25 16:25:56,083 INFO Sampling gripper rotation angle
2021-09-25 16:25:56,083 DEBUG Object yaw: 2.3539601006784205
2021-09-25 16:25:56,083 DEBUG Theta0: -0.7876325529113726
2021-09-25 16:25:56,083 DEBUG Theta: -0.6484875065636286
2021-09-25 16:25:56,084 INFO Rotating gripper
2021-09-25 16:25:56,084 DEBUG Gripper pose: [-0.08695316020577036, -0.060342494366303415, 0.9313915779099748, 0.6484875065636286]
2021-09-25 16:27:13,701 DEBUG Counter: 155, Error:9.391451044116206e-05
2021-09-25 16:27:13,804 INFO Moving gripper downwards until contact
2021-09-25 16:27:18,843 DEBUG Counter: 7, Error: 0.06005167802170097, Contact:1
2021-09-25 16:27:18,844 INFO Closing gripper
2021-09-25 17:27:04,721 DEBUG Counter: 2000, Error: 0.0035557453907268943
2021-09-25 17:27:04,721 INFO Moving gripper upwards
2021-09-25 17:29:06,716 DEBUG Counter: 85, Error: 9.484830919572356e-05
2021-09-25 17:29:06,717 DEBUG Grasp successful: False
2021-09-25 17:29:06,717 INFO Saving data
