2021-09-26 13:52:25,340 INFO Grasp attempt: 16
2021-09-26 14:00:59,130 INFO Sampling opening angle
2021-09-26 14:00:59,131 DEBUG Opening angle: 0.32588491485996296
2021-09-26 14:00:59,131 INFO Opening gripper
2021-09-26 14:08:30,351 DEBUG Counter: 102, Error:9.507415306508893e-05
2021-09-26 14:08:30,370 INFO Sampling gripper position
2021-09-26 14:08:30,448 DEBUG u: 1021, v: 453, d:0.9967593550682068
2021-09-26 14:08:30,449 DEBUG x_world: 0.01928894966840744, y_world: 0.027365436777472496, z_world:0.06851636618375778
2021-09-26 14:08:30,449 DEBUG Gripper pose: [0.027365436777472496, 0.01928894966840744, 0.9314836338162422, 9.14577358627833e-05]
2021-09-26 14:08:30,449 INFO Moving gripper
2021-09-26 14:09:47,737 DEBUG Counter: 85, Error:9.223120866598051e-05
2021-09-26 14:09:47,737 INFO Computing opening width and jaw size
2021-09-26 14:09:47,738 DEBUG w: 176.94574066839635, h: 71.50723266601562
2021-09-26 14:09:47,802 INFO Sampling gripper rotation angle
2021-09-26 14:09:47,802 DEBUG Object yaw: 2.3539245765685206
2021-09-26 14:09:47,803 DEBUG Theta0: -0.7876680770212725
2021-09-26 14:09:47,803 DEBUG Theta: -0.9691456401716172
2021-09-26 14:09:47,803 INFO Rotating gripper
2021-09-26 14:09:47,803 DEBUG Gripper pose: [0.027360609690810764, 0.01928585625593633, 0.9313915809733441, 0.9691456401716172]
2021-09-26 14:13:15,693 DEBUG Counter: 206, Error:9.45384911190672e-05
2021-09-26 14:13:15,764 INFO Moving gripper downwards until contact
2021-09-26 14:13:31,158 DEBUG Counter: 12, Error: 0.039555729793047015, Contact:1
2021-09-26 14:13:31,158 INFO Closing gripper
2021-09-26 16:59:01,988 DEBUG Counter: 2000, Error: 0.45984970146562876
2021-09-26 16:59:01,988 INFO Moving gripper upwards
2021-09-26 17:05:19,011 DEBUG Counter: 95, Error: 9.115046862184652e-05
2021-09-26 17:05:19,012 DEBUG Grasp successful: True
2021-09-26 17:05:19,012 INFO Saving data
