2021-09-25 13:57:55,249 INFO Grasp attempt: 3
2021-09-25 13:58:08,624 INFO Sampling opening angle
2021-09-25 13:58:08,624 DEBUG Opening angle: 0.003511259480977902
2021-09-25 13:58:08,624 INFO Opening gripper
2021-09-25 14:05:30,551 DEBUG Counter: 664, Error:9.837494597281617e-05
2021-09-25 14:05:30,565 INFO Sampling gripper position
2021-09-25 14:05:30,642 DEBUG u: 922, v: 505, d:0.9967593550682068
2021-09-25 14:05:30,643 DEBUG x_world: -0.011511875316500664, y_world: 0.011207415722310543, z_world:0.06851636618375778
2021-09-25 14:05:30,643 DEBUG Gripper pose: [0.011207415722310543, -0.011511875316500664, 0.9314836338162422, 9.436007799491752e-05]
2021-09-25 14:05:30,643 INFO Moving gripper
2021-09-25 14:05:49,221 DEBUG Counter: 85, Error:9.207925639196104e-05
2021-09-25 14:05:49,221 INFO Computing opening width and jaw size
2021-09-25 14:05:49,223 DEBUG w: 284.616029290022, h: 73.15823364257812
2021-09-25 14:05:49,332 INFO Sampling gripper rotation angle
2021-09-25 14:05:49,333 DEBUG Object yaw: 2.3539726667373517
2021-09-25 14:05:49,333 DEBUG Theta0: -0.7876199868524414
2021-09-25 14:05:49,333 DEBUG Theta: -0.7341581722043012
2021-09-25 14:05:49,333 INFO Rotating gripper
2021-09-25 14:05:49,333 DEBUG Gripper pose: [0.011205800967318501, -0.011510212342485043, 0.9313915837399716, 0.7341581722043012]
2021-09-25 14:06:46,316 DEBUG Counter: 169, Error:9.03969639445279e-05
2021-09-25 14:06:46,423 INFO Moving gripper downwards until contact
2021-09-25 14:07:25,407 DEBUG Counter: 69, Error: 9.422659754456929e-05, Contact:0
2021-09-25 14:07:25,408 INFO Closing gripper
2021-09-25 14:42:09,746 DEBUG Counter: 2000, Error: 0.4202862677788155
2021-09-25 14:42:09,746 INFO Moving gripper upwards
2021-09-25 14:42:34,770 DEBUG Counter: 103, Error: 9.722466550466147e-05
2021-09-25 14:42:34,770 DEBUG Grasp successful: False
2021-09-25 14:42:34,770 INFO Saving data
