2021-09-26 10:30:05,597 INFO Grasp attempt: 15
2021-09-26 10:31:58,267 INFO Sampling opening angle
2021-09-26 10:31:58,268 DEBUG Opening angle: 0.19499561341820248
2021-09-26 10:31:58,268 INFO Opening gripper
2021-09-26 10:48:04,404 DEBUG Counter: 236, Error:9.796616064491892e-05
2021-09-26 10:48:04,421 INFO Sampling gripper position
2021-09-26 10:48:04,497 DEBUG u: 1319, v: 159, d:0.9967593550682068
2021-09-26 10:48:04,498 DEBUG x_world: 0.11200258880853653, y_world: 0.1187203973531723, z_world:0.06851636618375778
2021-09-26 10:48:04,498 DEBUG Gripper pose: [0.1187203973531723, 0.11200258880853653, 0.9314836338162422, 9.062968106664883e-05]
2021-09-26 10:48:04,498 INFO Moving gripper
2021-09-26 10:49:38,444 DEBUG Counter: 88, Error:9.478281343830894e-05
2021-09-26 10:49:38,444 INFO Computing opening width and jaw size
2021-09-26 10:49:38,446 DEBUG w: 222.1552745301672, h: 72.05966186523438
2021-09-26 10:49:38,542 INFO Sampling gripper rotation angle
2021-09-26 10:49:38,542 DEBUG Object yaw: 2.3539357631218922
2021-09-26 10:49:38,542 DEBUG Theta0: -0.7876568904679009
2021-09-26 10:49:38,543 DEBUG Theta: -0.646835072811739
2021-09-26 10:49:38,543 INFO Rotating gripper
2021-09-26 10:49:38,543 DEBUG Gripper pose: [0.1186691320992446, 0.11195955957307309, 0.9314165209236027, 0.646835072811739]
2021-09-26 10:53:04,963 DEBUG Counter: 155, Error:9.12712294264262e-05
2021-09-26 10:53:05,033 INFO Moving gripper downwards until contact
2021-09-26 10:53:21,548 DEBUG Counter: 17, Error: 0.022599677880247696, Contact:1
2021-09-26 10:53:21,548 INFO Closing gripper
2021-09-26 13:44:03,470 DEBUG Counter: 2000, Error: 0.4552548056507093
2021-09-26 13:44:03,470 INFO Moving gripper upwards
2021-09-26 13:52:25,269 DEBUG Counter: 103, Error: 9.732370829434527e-05
2021-09-26 13:52:25,269 DEBUG Grasp successful: True
2021-09-26 13:52:25,269 INFO Saving data
