2021-09-25 13:14:39,864 INFO Grasp attempt: 1
2021-09-25 13:14:39,864 INFO Sampling opening angle
2021-09-25 13:14:39,865 DEBUG Opening angle: 0.2394527830607286
2021-09-25 13:14:39,865 INFO Opening gripper
2021-09-25 13:14:43,683 DEBUG Counter: 260, Error:9.736267902535345e-05
2021-09-25 13:14:43,699 INFO Sampling gripper position
2021-09-25 13:14:43,771 DEBUG u: 1132, v: 344, d:0.9967593550682068
2021-09-25 13:14:43,771 DEBUG x_world: 0.05382322520017624, y_world: 0.061235129833221436, z_world:0.06851636618375778
2021-09-25 13:14:43,771 DEBUG Gripper pose: [0.061235129833221436, 0.05382322520017624, 0.9314836338162422, 8.005823502210235e-14]
2021-09-25 13:14:43,771 INFO Moving gripper
2021-09-25 13:14:44,256 DEBUG Counter: 85, Error:9.439315525914455e-05
2021-09-25 13:14:44,256 INFO Computing opening width and jaw size
2021-09-25 13:14:44,256 DEBUG w: 207.0771484375, h: 71.8565673828125
2021-09-25 13:14:44,313 INFO Sampling gripper rotation angle
2021-09-25 13:14:44,314 DEBUG Object yaw: 2.3539458418251056
2021-09-25 13:14:44,314 DEBUG Theta0: -0.7876468117646875
2021-09-25 13:14:44,314 DEBUG Theta: -0.8975441705252042
2021-09-25 13:14:44,314 INFO Rotating gripper
2021-09-25 13:14:44,314 DEBUG Gripper pose: [0.06121962868023914, 0.05381055753439277, 0.9313913878826755, 0.8975441705252042]
2021-09-25 13:14:45,546 DEBUG Counter: 195, Error:9.068860129057832e-05
2021-09-25 13:14:45,605 INFO Moving gripper downwards until contact
2021-09-25 13:14:46,045 DEBUG Counter: 69, Error: 9.422696150817254e-05, Contact:0
2021-09-25 13:14:46,045 INFO Closing gripper
2021-09-25 13:27:44,536 DEBUG Counter: 2000, Error: 0.4355334484281522
2021-09-25 13:27:44,537 INFO Moving gripper upwards
2021-09-25 13:29:03,234 DEBUG Counter: 103, Error: 9.928906844664954e-05
2021-09-25 13:29:03,235 DEBUG Grasp successful: True
2021-09-25 13:29:03,235 INFO Saving data
