2021-09-25 14:56:27,061 INFO Grasp attempt: 5
2021-09-25 14:57:04,546 INFO Sampling opening angle
2021-09-25 14:57:04,547 DEBUG Opening angle: 0.25522191117994264
2021-09-25 14:57:04,547 INFO Opening gripper
2021-09-25 15:05:56,756 DEBUG Counter: 442, Error:9.794336714724627e-05
2021-09-25 15:05:56,783 INFO Sampling gripper position
2021-09-25 15:05:56,924 DEBUG u: 1281, v: 168, d:0.9967593550682068
2021-09-25 15:05:56,924 DEBUG x_world: 0.10018004477024078, y_world: 0.11592381447553635, z_world:0.06851636618375778
2021-09-25 15:05:56,925 DEBUG Gripper pose: [0.11592381447553635, 0.10018004477024078, 0.9314836338162422, 9.839510734543965e-05]
2021-09-25 15:05:56,925 INFO Moving gripper
2021-09-25 15:06:38,880 DEBUG Counter: 87, Error:9.796296535694005e-05
2021-09-25 15:06:38,880 INFO Computing opening width and jaw size
2021-09-25 15:06:38,881 DEBUG w: 201.5632336062381, h: 71.78543090820312
2021-09-25 15:06:38,978 INFO Sampling gripper rotation angle
2021-09-25 15:06:38,978 DEBUG Object yaw: 2.353864225510032
2021-09-25 15:06:38,978 DEBUG Theta0: -0.787728428079761
2021-09-25 15:06:38,979 DEBUG Theta: -0.814898238102435
2021-09-25 15:06:38,979 INFO Rotating gripper
2021-09-25 15:06:38,979 DEBUG Gripper pose: [0.11587080664791213, 0.10014502319595904, 0.9314090657122908, 0.814898238102435]
2021-09-25 15:08:31,539 DEBUG Counter: 181, Error:9.89790733938456e-05
2021-09-25 15:08:31,643 INFO Moving gripper downwards until contact
2021-09-25 15:08:41,265 DEBUG Counter: 13, Error: 0.035065398865861165, Contact:1
2021-09-25 15:08:41,266 INFO Closing gripper
2021-09-25 16:06:06,455 DEBUG Counter: 2000, Error: 0.0004157956651783534
2021-09-25 16:06:06,456 INFO Moving gripper upwards
2021-09-25 16:07:58,009 DEBUG Counter: 90, Error: 9.529431972475143e-05
2021-09-25 16:07:58,009 DEBUG Grasp successful: False
2021-09-25 16:07:58,009 INFO Saving data
