2021-09-26 17:05:19,084 INFO Grasp attempt: 17
2021-09-26 17:14:32,186 INFO Sampling opening angle
2021-09-26 17:14:32,187 DEBUG Opening angle: 0.025115107919806336
2021-09-26 17:14:32,187 INFO Opening gripper
2021-09-26 17:33:58,874 DEBUG Counter: 243, Error:9.945885123752163e-05
2021-09-26 17:33:58,892 INFO Sampling gripper position
2021-09-26 17:33:58,969 DEBUG u: 1149, v: 433, d:0.9967593550682068
2021-09-26 17:33:58,970 DEBUG x_world: 0.05911225453019142, y_world: 0.03358005732297897, z_world:0.06851636618375778
2021-09-26 17:33:58,970 DEBUG Gripper pose: [0.03358005732297897, 0.05911225453019142, 0.9314836338162422, 9.466833939972165e-05]
2021-09-26 17:33:58,970 INFO Moving gripper
2021-09-26 17:35:23,466 DEBUG Counter: 85, Error:9.342906026217934e-05
2021-09-26 17:35:23,466 INFO Computing opening width and jaw size
2021-09-26 17:35:23,467 DEBUG w: 277.83679344178114, h: 73.01852416992188
2021-09-26 17:35:23,531 INFO Sampling gripper rotation angle
2021-09-26 17:35:23,531 DEBUG Object yaw: 2.353940473281145
2021-09-26 17:35:23,531 DEBUG Theta0: -0.787652180308648
2021-09-26 17:35:23,531 DEBUG Theta: -0.9142438513606512
2021-09-26 17:35:23,531 INFO Rotating gripper
2021-09-26 17:35:23,531 DEBUG Gripper pose: [0.033573689987743266, 0.059097613425635596, 0.9313915790260309, 0.9142438513606512]
2021-09-26 17:38:58,612 DEBUG Counter: 197, Error:9.715044653690885e-05
2021-09-26 17:38:58,686 INFO Moving gripper downwards until contact
2021-09-26 17:39:17,570 DEBUG Counter: 17, Error: 0.022638490255745086, Contact:1
2021-09-26 17:39:17,570 INFO Closing gripper
2021-09-26 20:33:47,774 DEBUG Counter: 2000, Error: 0.40633393370239673
2021-09-26 20:33:47,774 INFO Moving gripper upwards
2021-09-26 20:40:26,513 DEBUG Counter: 97, Error: 9.912719046011929e-05
2021-09-26 20:40:26,514 DEBUG Grasp successful: True
2021-09-26 20:40:26,514 INFO Saving data
