2021-09-25 13:29:03,356 INFO Grasp attempt: 2
2021-09-25 13:30:45,005 INFO Sampling opening angle
2021-09-25 13:30:45,006 DEBUG Opening angle: 0.07953316631835167
2021-09-25 13:30:45,006 INFO Opening gripper
2021-09-25 13:36:06,192 DEBUG Counter: 283, Error:9.89226363136142e-05
2021-09-25 13:36:06,237 INFO Sampling gripper position
2021-09-25 13:36:06,360 DEBUG u: 722, v: 881, d:0.9967593550682068
2021-09-25 13:36:06,360 DEBUG x_world: -0.07373577356338501, y_world: -0.10562748461961746, z_world:0.06851636618375778
2021-09-25 13:36:06,360 DEBUG Gripper pose: [-0.10562748461961746, -0.07373577356338501, 0.9314836338162422, 9.068098495571855e-05]
2021-09-25 13:36:06,361 INFO Moving gripper
2021-09-25 13:36:21,119 DEBUG Counter: 86, Error:9.620899021466742e-05
2021-09-25 13:36:21,119 INFO Computing opening width and jaw size
2021-09-25 13:36:21,120 DEBUG w: 260.43493777756163, h: 72.6830825805664
2021-09-25 13:36:21,193 INFO Sampling gripper rotation angle
2021-09-25 13:36:21,193 DEBUG Object yaw: 2.3539430215737394
2021-09-25 13:36:21,193 DEBUG Theta0: -0.7876496320160538
2021-09-25 13:36:21,193 DEBUG Theta: -0.6172638797220668
2021-09-25 13:36:21,193 INFO Rotating gripper
2021-09-25 13:36:21,193 DEBUG Gripper pose: [-0.10558258386120514, -0.07371639219483293, 0.9314007818141833, 0.6172638797220668]
2021-09-25 13:36:52,362 DEBUG Counter: 150, Error:9.42134383201676e-05
2021-09-25 13:36:52,458 INFO Moving gripper downwards until contact
2021-09-25 13:36:55,370 DEBUG Counter: 9, Error: 0.05394842958627216, Contact:1
2021-09-25 13:36:55,370 INFO Closing gripper
2021-09-25 13:57:23,213 DEBUG Counter: 982, Error: 9.50263671248841e-05
2021-09-25 13:57:23,213 INFO Moving gripper upwards
2021-09-25 13:57:55,176 DEBUG Counter: 85, Error: 9.263344813495421e-05
2021-09-25 13:57:55,177 DEBUG Grasp successful: False
2021-09-25 13:57:55,177 INFO Saving data
