2021-09-25 14:42:34,836 INFO Grasp attempt: 4
2021-09-25 14:42:59,192 INFO Sampling opening angle
2021-09-25 14:42:59,193 DEBUG Opening angle: 0.2537935942645148
2021-09-25 14:42:59,193 INFO Opening gripper
2021-09-25 14:44:56,603 DEBUG Counter: 148, Error:9.89062087053405e-05
2021-09-25 14:44:56,626 INFO Sampling gripper position
2021-09-25 14:44:56,713 DEBUG u: 688, v: 855, d:0.9967593550682068
2021-09-25 14:44:56,713 DEBUG x_world: -0.08431385457515717, y_world: -0.09754849225282669, z_world:0.06851636618375778
2021-09-25 14:44:56,714 DEBUG Gripper pose: [-0.09754849225282669, -0.08431385457515717, 0.9314836338162422, 9.053431298758608e-05]
2021-09-25 14:44:56,714 INFO Moving gripper
2021-09-25 14:45:12,414 DEBUG Counter: 86, Error:9.401334802052564e-05
2021-09-25 14:45:12,414 INFO Computing opening width and jaw size
2021-09-25 14:45:12,416 DEBUG w: 202.0607920240597, h: 71.79300689697266
2021-09-25 14:45:12,473 INFO Sampling gripper rotation angle
2021-09-25 14:45:12,474 DEBUG Object yaw: 2.3539295499007484
2021-09-25 14:45:12,474 DEBUG Theta0: -0.7876631036890447
2021-09-25 14:45:12,474 DEBUG Theta: -0.6134787944733322
2021-09-25 14:45:12,474 INFO Rotating gripper
2021-09-25 14:45:12,474 DEBUG Gripper pose: [-0.09751219487937954, -0.08428823364622344, 0.9314007810656093, 0.6134787944733322]
2021-09-25 14:45:41,360 DEBUG Counter: 149, Error:9.824872428876742e-05
2021-09-25 14:45:41,422 INFO Moving gripper downwards until contact
2021-09-25 14:45:43,549 DEBUG Counter: 8, Error: 0.056687650738812385, Contact:1
2021-09-25 14:45:43,549 INFO Closing gripper
2021-09-25 14:55:31,709 DEBUG Counter: 565, Error: 3.0224707791237648e-05
2021-09-25 14:55:31,710 INFO Moving gripper upwards
2021-09-25 14:56:26,954 DEBUG Counter: 85, Error: 9.995238092569148e-05
2021-09-25 14:56:26,954 DEBUG Grasp successful: False
2021-09-25 14:56:26,954 INFO Saving data
