2021-09-26 00:24:16,677 INFO Grasp attempt: 11
2021-09-26 00:26:17,915 INFO Sampling opening angle
2021-09-26 00:26:17,916 DEBUG Opening angle: 0.12313328517606284
2021-09-26 00:26:17,916 INFO Opening gripper
2021-09-26 00:54:25,737 DEBUG Counter: 527, Error:9.660732785404802e-05
2021-09-26 00:54:25,752 INFO Sampling gripper position
2021-09-26 00:54:25,831 DEBUG u: 682, v: 858, d:0.9967593550682068
2021-09-26 00:54:25,831 DEBUG x_world: -0.08618056029081345, y_world: -0.09848067164421082, z_world:0.06851636618375778
2021-09-26 00:54:25,832 DEBUG Gripper pose: [-0.09848067164421082, -0.08618056029081345, 0.9314836338162422, 9.509817778613394e-05]
2021-09-26 00:54:25,832 INFO Moving gripper
2021-09-26 00:55:18,418 DEBUG Counter: 86, Error:9.469553344684807e-05
2021-09-26 00:55:18,418 INFO Computing opening width and jaw size
2021-09-26 00:55:18,420 DEBUG w: 246.18841684139932, h: 72.43482208251953
2021-09-26 00:55:18,484 INFO Sampling gripper rotation angle
2021-09-26 00:55:18,484 DEBUG Object yaw: 2.3539663027267883
2021-09-26 00:55:18,484 DEBUG Theta0: -0.7876263508630048
2021-09-26 00:55:18,485 DEBUG Theta: -0.7839111098694178
2021-09-26 00:55:18,485 INFO Rotating gripper
2021-09-26 00:55:18,485 DEBUG Gripper pose: [-0.09844351926699715, -0.08615367679226377, 0.9314007832131793, 0.7839111098694178]
2021-09-26 00:57:15,180 DEBUG Counter: 176, Error:9.96521469320299e-05
2021-09-26 00:57:15,246 INFO Moving gripper downwards until contact
2021-09-26 00:57:23,126 DEBUG Counter: 11, Error: 0.04285715805485271, Contact:1
2021-09-26 00:57:23,127 INFO Closing gripper
2021-09-26 03:02:38,602 DEBUG Counter: 2000, Error: 0.591308051306431
2021-09-26 03:02:38,602 INFO Moving gripper upwards
2021-09-26 03:11:39,919 DEBUG Counter: 92, Error: 9.975246744034085e-05
2021-09-26 03:11:39,920 DEBUG Grasp successful: False
2021-09-26 03:11:39,920 INFO Saving data
