2021-09-25 17:29:06,786 INFO Grasp attempt: 7
2021-09-25 17:29:45,649 INFO Sampling opening angle
2021-09-25 17:29:45,650 DEBUG Opening angle: 0.3337847881538524
2021-09-25 17:29:45,650 INFO Opening gripper
2021-09-25 17:43:32,354 DEBUG Counter: 520, Error:9.814264641211379e-05
2021-09-25 17:43:32,373 INFO Sampling gripper position
2021-09-25 17:43:32,451 DEBUG u: 1111, v: 359, d:0.9967593550682068
2021-09-25 17:43:32,452 DEBUG x_world: 0.04728970676660538, y_world: 0.05657415837049484, z_world:0.06851636618375778
2021-09-25 17:43:32,452 DEBUG Gripper pose: [0.05657415837049484, 0.04728970676660538, 0.9314836338162422, 9.407484570271984e-05]
2021-09-25 17:43:32,452 INFO Moving gripper
2021-09-25 17:44:02,975 DEBUG Counter: 85, Error:9.364715830659e-05
2021-09-25 17:44:02,975 INFO Computing opening width and jaw size
2021-09-25 17:44:02,976 DEBUG w: 174.16381932833352, h: 71.47869873046875
2021-09-25 17:44:03,035 INFO Sampling gripper rotation angle
2021-09-25 17:44:03,035 DEBUG Object yaw: 2.3539601006784205
2021-09-25 17:44:03,035 DEBUG Theta0: -0.7876325529113726
2021-09-25 17:44:03,035 DEBUG Theta: -0.6658909948163836
2021-09-25 17:44:03,035 INFO Rotating gripper
2021-09-25 17:44:03,035 DEBUG Gripper pose: [0.05656047817826924, 0.047279296966669236, 0.9313915779708827, 0.6658909948163836]
2021-09-25 17:45:05,407 DEBUG Counter: 158, Error:9.15994156884819e-05
2021-09-25 17:45:05,477 INFO Moving gripper downwards until contact
2021-09-25 17:45:11,705 DEBUG Counter: 13, Error: 0.03497971681250127, Contact:1
2021-09-25 17:45:11,705 INFO Closing gripper
2021-09-25 18:46:59,774 DEBUG Counter: 2000, Error: 0.4212844330654241
2021-09-25 18:46:59,774 INFO Moving gripper upwards
2021-09-25 18:48:30,861 DEBUG Counter: 94, Error: 9.945792584791891e-05
2021-09-25 18:48:30,861 DEBUG Grasp successful: False
2021-09-25 18:48:30,861 INFO Saving data
