2021-09-25 16:27:46,157 INFO Grasp attempt: 5
2021-09-25 16:31:03,600 INFO Sampling opening angle
2021-09-25 16:31:03,601 DEBUG Opening angle: 0.3756359737468983
2021-09-25 16:31:03,601 INFO Opening gripper
2021-09-25 16:36:57,893 DEBUG Counter: 138, Error:9.528699956956599e-05
2021-09-25 16:36:57,911 INFO Sampling gripper position
2021-09-25 16:36:57,990 DEBUG u: 1289, v: 279, d:0.9967225790023804
2021-09-25 16:36:57,991 DEBUG x_world: 0.10163800418376923, y_world: 0.08031151443719864, z_world:0.0691857635974884
2021-09-25 16:36:57,991 DEBUG Gripper pose: [0.08031151443719864, 0.10163800418376923, 0.9308142364025116, 9.216590196433086e-05]
2021-09-25 16:36:57,991 INFO Moving gripper
2021-09-25 16:37:27,810 DEBUG Counter: 86, Error:9.39294188614971e-05
2021-09-25 16:37:27,810 INFO Computing opening width and jaw size
2021-09-25 16:37:27,811 DEBUG w: 159.66247644904536, h: 71.44711303710938
2021-09-25 16:37:27,884 INFO Sampling gripper rotation angle
2021-09-25 16:37:27,884 DEBUG Object yaw: -0.9673498239084395
2021-09-25 16:37:27,884 DEBUG Theta0: -0.9673498239084395
2021-09-25 16:37:27,884 DEBUG Theta: -0.9945196339311135
2021-09-25 16:37:27,885 INFO Rotating gripper
2021-09-25 16:37:27,885 DEBUG Gripper pose: [0.08028845620388311, 0.1015975825128757, 0.9307326450909263, 0.9945196339311135]
2021-09-25 16:38:54,482 DEBUG Counter: 210, Error:9.494813225729981e-05
2021-09-25 16:38:54,571 INFO Moving gripper downwards until contact
2021-09-25 16:39:00,344 DEBUG Counter: 6, Error: 0.06323054801736845, Contact:1
2021-09-25 16:39:00,345 INFO Closing gripper
2021-09-25 18:48:17,869 DEBUG Counter: 2000, Error: 0.004190709432895678
2021-09-25 18:48:17,869 INFO Moving gripper upwards
2021-09-25 18:53:50,899 DEBUG Counter: 85, Error: 9.723075698113446e-05
2021-09-25 18:53:50,899 DEBUG Grasp successful: False
2021-09-25 18:53:50,899 INFO Saving data
