2021-09-25 14:10:41,815 INFO Grasp attempt: 3
2021-09-25 14:14:21,307 INFO Sampling opening angle
2021-09-25 14:14:21,307 DEBUG Opening angle: 0.060028030169174774
2021-09-25 14:14:21,308 INFO Opening gripper
2021-09-25 14:17:59,165 DEBUG Counter: 343, Error:9.638853473804138e-05
2021-09-25 14:17:59,199 INFO Sampling gripper position
2021-09-25 14:17:59,348 DEBUG u: 1181, v: 339, d:0.9967225790023804
2021-09-25 14:17:59,348 DEBUG x_world: 0.06808919459581375, y_world: 0.06169657036662102, z_world:0.0691857635974884
2021-09-25 14:17:59,349 DEBUG Gripper pose: [0.06169657036662102, 0.06808919459581375, 0.9308142364025116, 9.052837214982975e-05]
2021-09-25 14:17:59,349 INFO Moving gripper
2021-09-25 14:18:29,078 DEBUG Counter: 85, Error:9.38582149533737e-05
2021-09-25 14:18:29,078 INFO Computing opening width and jaw size
2021-09-25 14:18:29,079 DEBUG w: 267.1536878006304, h: 72.91744995117188
2021-09-25 14:18:29,140 INFO Sampling gripper rotation angle
2021-09-25 14:18:29,140 DEBUG Object yaw: -0.9673333168558427
2021-09-25 14:18:29,140 DEBUG Theta0: -0.9673333168558427
2021-09-25 14:18:29,140 DEBUG Theta: -0.9492083721228726
2021-09-25 14:18:29,140 INFO Rotating gripper
2021-09-25 14:18:29,140 DEBUG Gripper pose: [0.061680886893483396, 0.06807062898826469, 0.9307235792935741, 0.9492083721228726]
2021-09-25 14:20:11,890 DEBUG Counter: 203, Error:9.276537240077154e-05
2021-09-25 14:20:11,965 INFO Moving gripper downwards until contact
2021-09-25 14:20:17,715 DEBUG Counter: 12, Error: 0.03953434973595124, Contact:1
2021-09-25 14:20:17,715 INFO Closing gripper
2021-09-25 15:29:39,165 DEBUG Counter: 2000, Error: 0.6203653047044231
2021-09-25 15:29:39,166 INFO Moving gripper upwards
2021-09-25 15:31:27,424 DEBUG Counter: 93, Error: 9.799578566319016e-05
2021-09-25 15:31:27,424 DEBUG Grasp successful: False
2021-09-25 15:31:27,425 INFO Saving data
