2021-09-25 15:31:27,535 INFO Grasp attempt: 4
2021-09-25 15:32:34,169 INFO Sampling opening angle
2021-09-25 15:32:34,170 DEBUG Opening angle: 0.05155873399598221
2021-09-25 15:32:34,170 INFO Opening gripper
2021-09-25 15:35:30,338 DEBUG Counter: 150, Error:9.617815874160551e-05
2021-09-25 15:35:30,352 INFO Sampling gripper position
2021-09-25 15:35:30,441 DEBUG u: 538, v: 862, d:0.9967225790023804
2021-09-25 15:35:30,441 DEBUG x_world: -0.13165028393268585, y_world: -0.10056369751691818, z_world:0.0691857635974884
2021-09-25 15:35:30,442 DEBUG Gripper pose: [-0.10056369751691818, -0.13165028393268585, 0.9308142364025116, 9.29117812408167e-05]
2021-09-25 15:35:30,442 INFO Moving gripper
2021-09-25 15:35:54,213 DEBUG Counter: 89, Error:9.252990217313227e-05
2021-09-25 15:35:54,213 INFO Computing opening width and jaw size
2021-09-25 15:35:54,214 DEBUG w: 269.84771864284, h: 72.96330261230469
2021-09-25 15:35:54,274 INFO Sampling gripper rotation angle
2021-09-25 15:35:54,274 DEBUG Object yaw: -0.9673444478492351
2021-09-25 15:35:54,274 DEBUG Theta0: -0.9673444478492351
2021-09-25 15:35:54,274 DEBUG Theta: -0.5405377905947757
2021-09-25 15:35:54,274 INFO Rotating gripper
2021-09-25 15:35:54,274 DEBUG Gripper pose: [-0.1005350380083844, -0.13158546454491263, 0.9307547480647009, 0.5405377905947757]
2021-09-25 15:36:41,130 DEBUG Counter: 138, Error:9.200044182356367e-05
2021-09-25 15:36:41,227 INFO Moving gripper downwards until contact
2021-09-25 15:37:04,045 DEBUG Counter: 69, Error: 9.54097525278722e-05, Contact:0
2021-09-25 15:37:04,045 INFO Closing gripper
2021-09-25 16:24:39,484 DEBUG Counter: 2000, Error: 0.4929855569192269
2021-09-25 16:24:39,485 INFO Moving gripper upwards
2021-09-25 16:27:46,079 DEBUG Counter: 103, Error: 9.926467957396842e-05
2021-09-25 16:27:46,080 DEBUG Grasp successful: True
2021-09-25 16:27:46,080 INFO Saving data
