2021-09-26 15:48:07,225 INFO Grasp attempt: 12
2021-09-26 15:50:01,676 INFO Sampling opening angle
2021-09-26 15:50:01,677 DEBUG Opening angle: 0.10194266831972221
2021-09-26 15:50:01,677 INFO Opening gripper
2021-09-26 17:05:58,250 DEBUG Counter: 524, Error:9.798181274459083e-05
2021-09-26 17:05:58,265 INFO Sampling gripper position
2021-09-26 17:05:58,375 DEBUG u: 948, v: 591, d:0.9967225790023804
2021-09-26 17:05:58,376 DEBUG x_world: -0.004289169795811176, y_world: -0.016486195847392082, z_world:0.0691857635974884
2021-09-26 17:05:58,376 DEBUG Gripper pose: [-0.016486195847392082, -0.004289169795811176, 0.9308142364025116, 9.592371657201814e-05]
2021-09-26 17:05:58,376 INFO Moving gripper
2021-09-26 17:07:45,210 DEBUG Counter: 85, Error:9.069266129410723e-05
2021-09-26 17:07:45,210 INFO Computing opening width and jaw size
2021-09-26 17:07:45,211 DEBUG w: 253.55316299206575, h: 72.67041015625
2021-09-26 17:07:45,282 INFO Sampling gripper rotation angle
2021-09-26 17:07:45,283 DEBUG Object yaw: -0.9673192708571812
2021-09-26 17:07:45,283 DEBUG Theta0: -0.9673192708571812
2021-09-26 17:07:45,283 DEBUG Theta: -1.041179540040366
2021-09-26 17:07:45,283 INFO Rotating gripper
2021-09-26 17:07:45,283 DEBUG Gripper pose: [-0.016483654708039107, -0.004288606985406658, 0.9307235810956187, 1.041179540040366]
2021-09-26 17:11:53,684 DEBUG Counter: 217, Error:9.930863788754084e-05
2021-09-26 17:11:53,769 INFO Moving gripper downwards until contact
2021-09-26 17:13:25,012 DEBUG Counter: 69, Error: 9.546763268449792e-05, Contact:0
2021-09-26 17:13:25,012 INFO Closing gripper
