2021-09-26 11:26:32,048 INFO Grasp attempt: 11
2021-09-26 11:28:02,780 INFO Sampling opening angle
2021-09-26 11:28:02,781 DEBUG Opening angle: 0.3683140742464823
2021-09-26 11:28:02,781 INFO Opening gripper
2021-09-26 11:42:18,105 DEBUG Counter: 135, Error:9.750714176454123e-05
2021-09-26 11:42:18,121 INFO Sampling gripper position
2021-09-26 11:42:18,216 DEBUG u: 578, v: 865, d:0.9967225790023804
2021-09-26 11:42:18,216 DEBUG x_world: -0.11922480911016464, y_world: -0.10149442404508591, z_world:0.0691857635974884
2021-09-26 11:42:18,217 DEBUG Gripper pose: [-0.10149442404508591, -0.11922480911016464, 0.9308142364025116, 9.121210509422384e-05]
2021-09-26 11:42:18,217 INFO Moving gripper
2021-09-26 11:44:24,208 DEBUG Counter: 88, Error:9.012986664654444e-05
2021-09-26 11:44:24,209 INFO Computing opening width and jaw size
2021-09-26 11:44:24,209 DEBUG w: 162.26226892350908, h: 71.46797180175781
2021-09-26 11:44:24,273 INFO Sampling gripper rotation angle
2021-09-26 11:44:24,273 DEBUG Object yaw: -0.9673459276187459
2021-09-26 11:44:24,273 DEBUG Theta0: -0.9673459276187459
2021-09-26 11:44:24,273 DEBUG Theta: -0.9636306866251589
2021-09-26 11:44:24,273 INFO Rotating gripper
2021-09-26 11:44:24,273 DEBUG Gripper pose: [-0.10146180066356815, -0.1191729338072209, 0.9307481450960896, 0.9636306866251589]
2021-09-26 11:49:33,530 DEBUG Counter: 205, Error:9.577620510126117e-05
2021-09-26 11:49:33,608 INFO Moving gripper downwards until contact
2021-09-26 11:49:51,597 DEBUG Counter: 10, Error: 0.05029873094369989, Contact:1
2021-09-26 11:49:51,597 INFO Closing gripper
2021-09-26 15:40:54,751 DEBUG Counter: 2000, Error: 0.004224960134468048
2021-09-26 15:40:54,751 INFO Moving gripper upwards
2021-09-26 15:48:07,135 DEBUG Counter: 89, Error: 9.912431273322836e-05
2021-09-26 15:48:07,135 DEBUG Grasp successful: False
2021-09-26 15:48:07,135 INFO Saving data
