2021-09-25 13:14:40,311 INFO Grasp attempt: 1
2021-09-25 13:14:40,312 INFO Sampling opening angle
2021-09-25 13:14:40,312 DEBUG Opening angle: 0.20509195564129376
2021-09-25 13:14:40,312 INFO Opening gripper
2021-09-25 13:14:43,283 DEBUG Counter: 238, Error:9.717540786091661e-05
2021-09-25 13:14:43,300 INFO Sampling gripper position
2021-09-25 13:14:43,370 DEBUG u: 1187, v: 413, d:0.9967225790023804
2021-09-25 13:14:43,370 DEBUG x_world: 0.06995302438735962, y_world: 0.038738131523132324, z_world:0.0691857635974884
2021-09-25 13:14:43,370 DEBUG Gripper pose: [0.038738131523132324, 0.06995302438735962, 0.9308142364025116, -2.8179485152004603e-13]
2021-09-25 13:14:43,370 INFO Moving gripper
2021-09-25 13:14:43,910 DEBUG Counter: 85, Error:9.323862055596473e-05
2021-09-25 13:14:43,910 INFO Computing opening width and jaw size
2021-09-25 13:14:43,911 DEBUG w: 219.1627197265625, h: 72.12847900390625
2021-09-25 13:14:43,967 INFO Sampling gripper rotation angle
2021-09-25 13:14:43,967 DEBUG Object yaw: -0.9673354880702133
2021-09-25 13:14:43,967 DEBUG Theta0: -0.9673354880702133
2021-09-25 13:14:43,967 DEBUG Theta: -1.07723284683073
2021-09-25 13:14:43,967 INFO Rotating gripper
2021-09-25 13:14:43,968 DEBUG Gripper pose: [0.038730364493914926, 0.06993353677329507, 0.930723388471779, 1.07723284683073]
2021-09-25 13:14:45,595 DEBUG Counter: 223, Error:9.68329101964649e-05
2021-09-25 13:14:45,658 INFO Moving gripper downwards until contact
2021-09-25 13:14:45,743 DEBUG Counter: 10, Error: 0.047873473788243186, Contact:1
2021-09-25 13:14:45,743 INFO Closing gripper
2021-09-25 13:22:04,546 DEBUG Counter: 2000, Error: 0.48437433323533097
2021-09-25 13:22:04,546 INFO Moving gripper upwards
2021-09-25 13:22:43,995 DEBUG Counter: 90, Error: 9.638452482961829e-05
2021-09-25 13:22:43,996 DEBUG Grasp successful: False
2021-09-25 13:22:43,996 INFO Saving data
