2021-09-25 18:53:51,001 INFO Grasp attempt: 6
2021-09-25 18:55:02,524 INFO Sampling opening angle
2021-09-25 18:55:02,525 DEBUG Opening angle: 0.34765800032122307
2021-09-25 18:55:02,525 INFO Opening gripper
2021-09-25 19:23:36,989 DEBUG Counter: 329, Error:9.803761274129741e-05
2021-09-25 19:23:37,023 INFO Sampling gripper position
2021-09-25 19:23:37,196 DEBUG u: 538, v: 823, d:0.9967225790023804
2021-09-25 19:23:37,197 DEBUG x_world: -0.13165028393268585, y_world: -0.08846396952867508, z_world:0.0691857635974884
2021-09-25 19:23:37,197 DEBUG Gripper pose: [-0.08846396952867508, -0.13165028393268585, 0.9308142364025116, 9.509718790177018e-05]
2021-09-25 19:23:37,197 INFO Moving gripper
2021-09-25 19:25:17,614 DEBUG Counter: 89, Error:9.041273523781573e-05
2021-09-25 19:25:17,615 INFO Computing opening width and jaw size
2021-09-25 19:25:17,616 DEBUG w: 169.51849462157173, h: 71.53578186035156
2021-09-25 19:25:17,703 INFO Sampling gripper rotation angle
2021-09-25 19:25:17,703 DEBUG Object yaw: -0.9673318960416522
2021-09-25 19:25:17,704 DEBUG Theta0: -0.9673318960416522
2021-09-25 19:25:17,704 DEBUG Theta: -0.8281868496939082
2021-09-25 19:25:17,704 INFO Rotating gripper
2021-09-25 19:25:17,704 DEBUG Gripper pose: [-0.08844313229429705, -0.1315854633846594, 0.930754750530994, 0.8281868496939082]
2021-09-25 19:29:37,650 DEBUG Counter: 184, Error:9.014651768746162e-05
2021-09-25 19:29:37,753 INFO Moving gripper downwards until contact
2021-09-25 19:30:00,724 DEBUG Counter: 14, Error: 0.031962389016248934, Contact:1
2021-09-25 19:30:00,725 INFO Closing gripper
2021-09-25 22:33:15,699 DEBUG Counter: 2000, Error: 0.44650250122362195
2021-09-25 22:33:15,700 INFO Moving gripper upwards
2021-09-25 22:37:49,321 DEBUG Counter: 95, Error: 9.654566769590042e-05
2021-09-25 22:37:49,321 DEBUG Grasp successful: False
2021-09-25 22:37:49,322 INFO Saving data
