2021-09-26 04:42:25,337 INFO Grasp attempt: 9
2021-09-26 04:44:08,930 INFO Sampling opening angle
2021-09-26 04:44:08,931 DEBUG Opening angle: 0.16310236379421875
2021-09-26 04:44:08,931 INFO Opening gripper
2021-09-26 06:01:55,142 DEBUG Counter: 535, Error:9.981134929118451e-05
2021-09-26 06:01:55,155 INFO Sampling gripper position
2021-09-26 06:01:55,255 DEBUG u: 797, v: 714, d:0.9967225790023804
2021-09-26 06:01:55,255 DEBUG x_world: -0.051195330917835236, y_world: -0.054646823555231094, z_world:0.0691857635974884
2021-09-26 06:01:55,255 DEBUG Gripper pose: [-0.054646823555231094, -0.051195330917835236, 0.9308142364025116, 9.009738129116002e-05]
2021-09-26 06:01:55,256 INFO Moving gripper
2021-09-26 06:03:57,024 DEBUG Counter: 85, Error:9.232573831806828e-05
2021-09-26 06:03:57,025 INFO Computing opening width and jaw size
2021-09-26 06:03:57,025 DEBUG w: 233.27874868442896, h: 72.33799743652344
2021-09-26 06:03:57,087 INFO Sampling gripper rotation angle
2021-09-26 06:03:57,087 DEBUG Object yaw: -0.9673204958560393
2021-09-26 06:03:57,087 DEBUG Theta0: -0.9673204958560393
2021-09-26 06:03:57,087 DEBUG Theta: -0.7538138453545309
2021-09-26 06:03:57,087 INFO Rotating gripper
2021-09-26 06:03:57,087 DEBUG Gripper pose: [-0.05463385079890173, -0.05118362025824293, 0.9307235798528248, 0.7538138453545309]
2021-09-26 06:09:07,858 DEBUG Counter: 172, Error:9.161045868033568e-05
2021-09-26 06:09:07,934 INFO Moving gripper downwards until contact
2021-09-26 06:09:39,755 DEBUG Counter: 14, Error: 0.032626974184367254, Contact:1
2021-09-26 06:09:39,756 INFO Closing gripper
2021-09-26 07:50:15,084 DEBUG Counter: 2000, Error: 0.45383019897536586
2021-09-26 07:50:15,084 INFO Moving gripper upwards
2021-09-26 07:52:30,819 DEBUG Counter: 95, Error: 9.530610768718378e-05
2021-09-26 07:52:30,820 DEBUG Grasp successful: False
2021-09-26 07:52:30,820 INFO Saving data
