2021-09-26 03:05:36,593 INFO Grasp attempt: 8
2021-09-26 03:19:32,520 INFO Sampling opening angle
2021-09-26 03:19:32,521 DEBUG Opening angle: 0.3977740511068955
2021-09-26 03:19:32,521 INFO Opening gripper
2021-09-26 03:35:23,750 DEBUG Counter: 131, Error:9.916130313880611e-05
2021-09-26 03:35:23,763 INFO Sampling gripper position
2021-09-26 03:35:23,860 DEBUG u: 1150, v: 411, d:0.9967225790023804
2021-09-26 03:35:23,860 DEBUG x_world: 0.058459457010030746, y_world: 0.039358630776405334, z_world:0.0691857635974884
2021-09-26 03:35:23,861 DEBUG Gripper pose: [0.039358630776405334, 0.058459457010030746, 0.9308142364025116, 9.800590658316873e-05]
2021-09-26 03:35:23,861 INFO Moving gripper
2021-09-26 03:37:12,851 DEBUG Counter: 85, Error:9.212744295679254e-05
2021-09-26 03:37:12,852 INFO Computing opening width and jaw size
2021-09-26 03:37:12,852 DEBUG w: 151.76562594851958, h: 71.38015747070312
2021-09-26 03:37:12,915 INFO Sampling gripper rotation angle
2021-09-26 03:37:12,915 DEBUG Object yaw: -0.9673471375756781
2021-09-26 03:37:12,915 DEBUG Theta0: -0.9673471375756781
2021-09-26 03:37:12,915 DEBUG Theta: -0.7778179992778552
2021-09-26 03:37:12,915 INFO Rotating gripper
2021-09-26 03:37:12,915 DEBUG Gripper pose: [0.03935067778958603, 0.05844509971226212, 0.9307235827553307, 0.7778179992778552]
2021-09-26 03:41:31,791 DEBUG Counter: 175, Error:9.994970216042898e-05
2021-09-26 03:41:31,864 INFO Moving gripper downwards until contact
2021-09-26 03:41:48,207 DEBUG Counter: 7, Error: 0.05847474724609686, Contact:1
2021-09-26 03:41:48,207 INFO Closing gripper
2021-09-26 04:39:05,821 DEBUG Counter: 491, Error: 3.4700132540033124e-05
2021-09-26 04:39:05,821 INFO Moving gripper upwards
2021-09-26 04:42:25,260 DEBUG Counter: 89, Error: 9.08012026223954e-05
2021-09-26 04:42:25,260 DEBUG Grasp successful: False
2021-09-26 04:42:25,260 INFO Saving data
