2021-09-25 13:22:44,095 INFO Grasp attempt: 2
2021-09-25 13:22:59,028 INFO Sampling opening angle
2021-09-25 13:22:59,029 DEBUG Opening angle: 0.05223131492283133
2021-09-25 13:22:59,029 INFO Opening gripper
2021-09-25 13:26:20,060 DEBUG Counter: 259, Error:9.819226976157114e-05
2021-09-25 13:26:20,095 INFO Sampling gripper position
2021-09-25 13:26:20,216 DEBUG u: 1061, v: 524, d:0.9967225790023804
2021-09-25 13:26:20,217 DEBUG x_world: 0.03081277571618557, y_world: 0.004300486296415329, z_world:0.0691857635974884
2021-09-25 13:26:20,217 DEBUG Gripper pose: [0.004300486296415329, 0.03081277571618557, 0.9308142364025116, 9.683290083247396e-05]
2021-09-25 13:26:20,217 INFO Moving gripper
2021-09-25 13:26:27,974 DEBUG Counter: 85, Error:9.083152647055168e-05
2021-09-25 13:26:27,975 INFO Computing opening width and jaw size
2021-09-25 13:26:27,975 DEBUG w: 269.65399317359123, h: 72.96530151367188
2021-09-25 13:26:28,064 INFO Sampling gripper rotation angle
2021-09-25 13:26:28,064 DEBUG Object yaw: -0.9673360205809928
2021-09-25 13:26:28,064 DEBUG Theta0: -0.9673360205809928
2021-09-25 13:26:28,064 DEBUG Theta: -0.7969502682870058
2021-09-25 13:26:28,064 INFO Rotating gripper
2021-09-25 13:26:28,064 DEBUG Gripper pose: [0.00429992093222357, 0.030807111785344888, 0.9307235834022759, 0.7969502682870058]
2021-09-25 13:26:46,687 DEBUG Counter: 179, Error:9.038185978615942e-05
2021-09-25 13:26:46,766 INFO Moving gripper downwards until contact
2021-09-25 13:26:53,354 DEBUG Counter: 69, Error: 9.546764868882858e-05, Contact:0
2021-09-25 13:26:53,354 INFO Closing gripper
2021-09-25 14:07:51,600 DEBUG Counter: 2000, Error: 0.41011120508509946
2021-09-25 14:07:51,600 INFO Moving gripper upwards
2021-09-25 14:10:41,735 DEBUG Counter: 104, Error: 9.241449213063766e-05
2021-09-25 14:10:41,735 DEBUG Grasp successful: True
2021-09-25 14:10:41,735 INFO Saving data
