2021-09-25 22:37:49,404 INFO Grasp attempt: 7
2021-09-25 22:40:03,979 INFO Sampling opening angle
2021-09-25 22:40:03,980 DEBUG Opening angle: 0.14969736019246702
2021-09-25 22:40:03,980 INFO Opening gripper
2021-09-25 23:08:30,397 DEBUG Counter: 293, Error:9.949457233626724e-05
2021-09-25 23:08:30,415 INFO Sampling gripper position
2021-09-25 23:08:30,521 DEBUG u: 1055, v: 423, d:0.9967225790023804
2021-09-25 23:08:30,522 DEBUG x_world: 0.028948983177542686, y_world: 0.035635653883218765, z_world:0.0691857635974884
2021-09-25 23:08:30,522 DEBUG Gripper pose: [0.035635653883218765, 0.028948983177542686, 0.9308142364025116, 9.028495198538179e-05]
2021-09-25 23:08:30,522 INFO Moving gripper
2021-09-25 23:10:31,628 DEBUG Counter: 85, Error:9.106791696544073e-05
2021-09-25 23:10:31,628 INFO Computing opening width and jaw size
2021-09-25 23:10:31,629 DEBUG w: 237.7639781999442, h: 72.40792846679688
2021-09-25 23:10:31,692 INFO Sampling gripper rotation angle
2021-09-25 23:10:31,692 DEBUG Object yaw: -0.967336358308025
2021-09-25 23:10:31,692 DEBUG Theta0: -0.967336358308025
2021-09-25 23:10:31,692 DEBUG Theta: -0.845594800213036
2021-09-25 23:10:31,693 INFO Rotating gripper
2021-09-25 23:10:31,693 DEBUG Gripper pose: [0.03562873210893065, 0.028943770908294187, 0.9307235816354532, 0.845594800213036]
2021-09-25 23:16:19,000 DEBUG Counter: 186, Error:9.785451340382778e-05
2021-09-25 23:16:19,078 INFO Moving gripper downwards until contact
2021-09-25 23:16:49,198 DEBUG Counter: 14, Error: 0.03202282168488127, Contact:1
2021-09-25 23:16:49,199 INFO Closing gripper
2021-09-26 02:56:01,232 DEBUG Counter: 2000, Error: 0.42502059561933986
2021-09-26 02:56:01,233 INFO Moving gripper upwards
2021-09-26 03:05:36,513 DEBUG Counter: 93, Error: 8.976230096833771e-05
2021-09-26 03:05:36,514 DEBUG Grasp successful: True
2021-09-26 03:05:36,514 INFO Saving data
