2021-09-26 07:52:30,896 INFO Grasp attempt: 10
2021-09-26 07:53:47,561 INFO Sampling opening angle
2021-09-26 07:53:47,562 DEBUG Opening angle: 0.04874425673839733
2021-09-26 07:53:47,562 INFO Opening gripper
2021-09-26 08:12:04,586 DEBUG Counter: 289, Error:9.926877777254733e-05
2021-09-26 08:12:04,601 INFO Sampling gripper position
2021-09-26 08:12:04,694 DEBUG u: 509, v: 769, d:0.9967225790023804
2021-09-26 08:12:04,694 DEBUG x_world: -0.14065873622894287, y_world: -0.07171052694320679, z_world:0.0691857635974884
2021-09-26 08:12:04,694 DEBUG Gripper pose: [-0.07171052694320679, -0.14065873622894287, 0.9308142364025116, 9.175617817157703e-05]
2021-09-26 08:12:04,694 INFO Moving gripper
2021-09-26 08:13:17,946 DEBUG Counter: 90, Error:9.225619779516334e-05
2021-09-26 08:13:17,946 INFO Computing opening width and jaw size
2021-09-26 08:13:17,947 DEBUG w: 270.74295177137367, h: 72.97950744628906
2021-09-26 08:13:18,028 INFO Sampling gripper rotation angle
2021-09-26 08:13:18,028 DEBUG Object yaw: -0.967337101120849
2021-09-26 08:13:18,028 DEBUG Theta0: -0.967337101120849
2021-09-26 08:13:18,029 DEBUG Theta: -0.9104638199126318
2021-09-26 08:13:18,029 INFO Rotating gripper
2021-09-26 08:13:18,029 DEBUG Gripper pose: [-0.07169848788481412, -0.14058457443264233, 0.930760698611428, 0.9104638199126318]
2021-09-26 08:16:30,858 DEBUG Counter: 197, Error:9.107854084433598e-05
2021-09-26 08:16:30,937 INFO Moving gripper downwards until contact
2021-09-26 08:16:44,751 DEBUG Counter: 14, Error: 0.03199154511440883, Contact:1
2021-09-26 08:16:44,751 INFO Closing gripper
2021-09-26 11:20:05,271 DEBUG Counter: 2000, Error: 0.45708325792534366
2021-09-26 11:20:05,271 INFO Moving gripper upwards
2021-09-26 11:26:31,963 DEBUG Counter: 95, Error: 9.67826632037646e-05
2021-09-26 11:26:31,964 DEBUG Grasp successful: False
2021-09-26 11:26:31,964 INFO Saving data
