2021-09-26 11:00:18,587 INFO Grasp attempt: 14
2021-09-26 11:04:01,125 INFO Sampling opening angle
2021-09-26 11:04:01,126 DEBUG Opening angle: 0.014172066989632493
2021-09-26 11:04:01,126 INFO Opening gripper
2021-09-26 11:48:35,066 DEBUG Counter: 589, Error:9.736309662356293e-05
2021-09-26 11:48:35,084 INFO Sampling gripper position
2021-09-26 11:48:35,162 DEBUG u: 689, v: 375, d:0.9967277646064758
2021-09-26 11:48:35,163 DEBUG x_world: -0.08366450667381287, y_world: 0.050630245357751846, z_world:0.06909158080816269
2021-09-26 11:48:35,163 DEBUG Gripper pose: [0.050630245357751846, -0.08366450667381287, 0.9309084191918373, -9.407092703522738e-05]
2021-09-26 11:48:35,163 INFO Moving gripper
2021-09-26 11:50:25,129 DEBUG Counter: 85, Error:9.574142979541682e-05
2021-09-26 11:50:25,129 INFO Computing opening width and jaw size
2021-09-26 11:50:25,130 DEBUG w: 281.6672987993179, h: 73.18930053710938
2021-09-26 11:50:25,193 INFO Sampling gripper rotation angle
2021-09-26 11:50:25,193 DEBUG Object yaw: 0.8434282209980213
2021-09-26 11:50:25,194 DEBUG Theta0: 0.8434282209980213
2021-09-26 11:50:25,194 DEBUG Theta: 0.9910494694391703
2021-09-26 11:50:25,194 INFO Rotating gripper
2021-09-26 11:50:25,194 DEBUG Gripper pose: [0.050618722208879224, -0.08363658965309521, 0.9308175661325956, -0.9910494694391703]
2021-09-26 11:56:37,091 DEBUG Counter: 209, Error:9.948942425652696e-05
2021-09-26 11:56:37,193 INFO Moving gripper downwards until contact
2021-09-26 11:57:08,103 DEBUG Counter: 11, Error: 0.04365147967587883, Contact:1
2021-09-26 11:57:08,104 INFO Closing gripper
2021-09-26 14:24:54,781 DEBUG Counter: 2000, Error: 0.6084274221453981
2021-09-26 14:24:54,781 INFO Moving gripper upwards
2021-09-26 14:27:56,347 DEBUG Counter: 92, Error: 9.768870788353962e-05
2021-09-26 14:27:56,347 DEBUG Grasp successful: False
2021-09-26 14:27:56,347 INFO Saving data
