2021-09-25 13:21:34,240 INFO Grasp attempt: 2
2021-09-25 13:21:41,705 INFO Sampling opening angle
2021-09-25 13:21:41,706 DEBUG Opening angle: 0.15953792258873892
2021-09-25 13:21:41,706 INFO Opening gripper
2021-09-25 13:22:15,589 DEBUG Counter: 127, Error:9.593533975552071e-05
2021-09-25 13:22:15,606 INFO Sampling gripper position
2021-09-25 13:22:15,685 DEBUG u: 882, v: 522, d:0.9967277646064758
2021-09-25 13:22:15,685 DEBUG x_world: -0.023698491975665092, y_world: 0.005013656802475452, z_world:0.06909158080816269
2021-09-25 13:22:15,686 DEBUG Gripper pose: [0.005013656802475452, -0.023698491975665092, 0.9309084191918373, -9.958186098622654e-05]
2021-09-25 13:22:15,686 INFO Moving gripper
2021-09-25 13:22:23,844 DEBUG Counter: 85, Error:9.093858175230792e-05
2021-09-25 13:22:23,844 INFO Computing opening width and jaw size
2021-09-25 13:22:23,845 DEBUG w: 234.42199845198104, h: 72.34054565429688
2021-09-25 13:22:23,910 INFO Sampling gripper rotation angle
2021-09-25 13:22:23,910 DEBUG Object yaw: 0.8434302499717287
2021-09-25 13:22:23,910 DEBUG Theta0: 0.8434302499717287
2021-09-25 13:22:23,910 DEBUG Theta: 1.0138160022657157
2021-09-25 13:22:23,910 INFO Rotating gripper
2021-09-25 13:22:23,910 DEBUG Gripper pose: [0.005012989211852168, -0.023694482246935163, 0.9308175715058492, -1.0138160022657157]
2021-09-25 13:22:50,718 DEBUG Counter: 213, Error:9.567422709566564e-05
2021-09-25 13:22:50,789 INFO Moving gripper downwards until contact
2021-09-25 13:22:52,698 DEBUG Counter: 14, Error: 0.03194669167393933, Contact:1
2021-09-25 13:22:52,698 INFO Closing gripper
2021-09-25 13:42:24,186 DEBUG Counter: 2000, Error: 0.4045641938091427
2021-09-25 13:42:24,186 INFO Moving gripper upwards
2021-09-25 13:43:11,835 DEBUG Counter: 96, Error: 9.417113811111546e-05
2021-09-25 13:43:11,835 DEBUG Grasp successful: True
2021-09-25 13:43:11,835 INFO Saving data
