2021-09-25 16:18:50,239 INFO Grasp attempt: 6
2021-09-25 16:19:30,806 INFO Sampling opening angle
2021-09-25 16:19:30,806 DEBUG Opening angle: 0.276354948870093
2021-09-25 16:19:30,806 INFO Opening gripper
2021-09-25 16:28:20,637 DEBUG Counter: 366, Error:9.82737456277083e-05
2021-09-25 16:28:20,655 INFO Sampling gripper position
2021-09-25 16:28:20,737 DEBUG u: 1243, v: 868, d:0.9967277646064758
2021-09-25 16:28:20,738 DEBUG x_world: 0.08846594393253326, y_world: -0.10235599428415298, z_world:0.06909158080816269
2021-09-25 16:28:20,738 DEBUG Gripper pose: [-0.10235599428415298, 0.08846594393253326, 0.9309084191918373, -9.120536755439223e-05]
2021-09-25 16:28:20,738 INFO Moving gripper
2021-09-25 16:29:04,925 DEBUG Counter: 86, Error:9.590120418596847e-05
2021-09-25 16:29:04,925 INFO Computing opening width and jaw size
2021-09-25 16:29:04,926 DEBUG w: 194.51379493663927, h: 71.79464721679688
2021-09-25 16:29:04,990 INFO Sampling gripper rotation angle
2021-09-25 16:29:04,990 DEBUG Object yaw: 0.8434292909856869
2021-09-25 16:29:04,990 DEBUG Theta0: 0.8434292909856869
2021-09-25 16:29:04,990 DEBUG Theta: 0.9825743373334308
2021-09-25 16:29:04,990 INFO Rotating gripper
2021-09-25 16:29:04,990 DEBUG Gripper pose: [-0.10231484095142267, 0.08843735901644467, 0.9308266491071993, -0.9825743373334308]
2021-09-25 16:31:11,188 DEBUG Counter: 208, Error:9.5943851249225e-05
2021-09-25 16:31:11,259 INFO Moving gripper downwards until contact
2021-09-25 16:31:19,531 DEBUG Counter: 12, Error: 0.042205844457278936, Contact:1
2021-09-25 16:31:19,531 INFO Closing gripper
2021-09-25 16:45:33,513 DEBUG Counter: 562, Error: 3.27809744684604e-05
2021-09-25 16:45:33,514 INFO Moving gripper upwards
2021-09-25 16:46:22,415 DEBUG Counter: 90, Error: 9.332489224973494e-05
2021-09-25 16:46:22,415 DEBUG Grasp successful: False
2021-09-25 16:46:22,415 INFO Saving data
