2021-09-25 18:25:07,822 INFO Grasp attempt: 8
2021-09-25 18:26:19,499 INFO Sampling opening angle
2021-09-25 18:26:19,500 DEBUG Opening angle: 0.052163568234076245
2021-09-25 18:26:19,500 INFO Opening gripper
2021-09-25 18:33:11,097 DEBUG Counter: 212, Error:9.923419847547577e-05
2021-09-25 18:33:11,115 INFO Sampling gripper position
2021-09-25 18:33:11,194 DEBUG u: 824, v: 385, d:0.9967277646064758
2021-09-25 18:33:11,195 DEBUG x_world: -0.04171936213970184, y_world: 0.04752707481384277, z_world:0.06909158080816269
2021-09-25 18:33:11,195 DEBUG Gripper pose: [0.04752707481384277, -0.04171936213970184, 0.9309084191918373, -9.841150845190394e-05]
2021-09-25 18:33:11,195 INFO Moving gripper
2021-09-25 18:34:07,566 DEBUG Counter: 85, Error:9.186727975037007e-05
2021-09-25 18:34:07,566 INFO Computing opening width and jaw size
2021-09-25 18:34:07,567 DEBUG w: 269.614625536575, h: 72.9493408203125
2021-09-25 18:34:07,627 INFO Sampling gripper rotation angle
2021-09-25 18:34:07,628 DEBUG Object yaw: 0.8434297895165142
2021-09-25 18:34:07,628 DEBUG Theta0: 0.8434297895165142
2021-09-25 18:34:07,628 DEBUG Theta: 1.0329589278143372
2021-09-25 18:34:07,628 INFO Rotating gripper
2021-09-25 18:34:07,628 DEBUG Gripper pose: [0.047516584988666254, -0.04171070254428025, 0.9308175645163185, -1.0329589278143372]
2021-09-25 18:37:02,619 DEBUG Counter: 216, Error:9.616604421625043e-05
2021-09-25 18:37:02,690 INFO Moving gripper downwards until contact
2021-09-25 18:37:58,650 DEBUG Counter: 69, Error: 9.529304627011993e-05, Contact:0
2021-09-25 18:37:58,650 INFO Closing gripper
2021-09-25 20:02:11,851 DEBUG Counter: 2000, Error: 0.4830186879739203
2021-09-25 20:02:11,852 INFO Moving gripper upwards
2021-09-25 20:06:12,816 DEBUG Counter: 103, Error: 9.67935091998439e-05
2021-09-25 20:06:12,816 DEBUG Grasp successful: False
2021-09-25 20:06:12,816 INFO Saving data
