2021-09-26 01:26:29,213 INFO Grasp attempt: 11
2021-09-26 01:37:02,489 INFO Sampling opening angle
2021-09-26 01:37:02,491 DEBUG Opening angle: 0.3015455482744475
2021-09-26 01:37:02,491 INFO Opening gripper
2021-09-26 01:50:22,543 DEBUG Counter: 186, Error:9.857687567538242e-05
2021-09-26 01:50:22,562 INFO Sampling gripper position
2021-09-26 01:50:22,642 DEBUG u: 1285, v: 910, d:0.9967277646064758
2021-09-26 01:50:22,643 DEBUG x_world: 0.1015155240893364, y_world: -0.11538928747177124, z_world:0.06909158080816269
2021-09-26 01:50:22,643 DEBUG Gripper pose: [-0.11538928747177124, 0.1015155240893364, 0.9309084191918373, -9.508163590001673e-05]
2021-09-26 01:50:22,643 INFO Moving gripper
2021-09-26 01:52:02,802 DEBUG Counter: 87, Error:9.7176062348173e-05
2021-09-26 01:52:02,803 INFO Computing opening width and jaw size
2021-09-26 01:52:02,804 DEBUG w: 185.72033795232645, h: 71.69224548339844
2021-09-26 01:52:02,901 INFO Sampling gripper rotation angle
2021-09-26 01:52:02,902 DEBUG Object yaw: 0.8434299178698497
2021-09-26 01:52:02,902 DEBUG Theta0: 0.8434299178698497
2021-09-26 01:52:02,902 DEBUG Theta: 0.8471451588634367
2021-09-26 01:52:02,902 INFO Rotating gripper
2021-09-26 01:52:02,902 DEBUG Gripper pose: [-0.1153372149472405, 0.10147925612306218, 0.9308348238529576, -0.8471451588634367]
2021-09-26 01:59:24,341 DEBUG Counter: 187, Error:9.031874858966837e-05
2021-09-26 01:59:24,415 INFO Moving gripper downwards until contact
2021-09-26 01:59:59,568 DEBUG Counter: 11, Error: 0.04605086054724142, Contact:1
2021-09-26 01:59:59,568 INFO Closing gripper
2021-09-26 04:49:25,521 DEBUG Counter: 2000, Error: 0.004024715530581036
2021-09-26 04:49:25,522 INFO Moving gripper upwards
2021-09-26 04:53:22,482 DEBUG Counter: 89, Error: 9.714759082405893e-05
2021-09-26 04:53:22,482 DEBUG Grasp successful: False
2021-09-26 04:53:22,482 INFO Saving data
