2021-09-25 13:14:40,461 INFO Grasp attempt: 1
2021-09-25 13:14:40,461 INFO Sampling opening angle
2021-09-25 13:14:40,462 DEBUG Opening angle: 0.036723102476728185
2021-09-25 13:14:40,462 INFO Opening gripper
2021-09-25 13:14:41,382 DEBUG Counter: 134, Error:9.682596244833808e-05
2021-09-25 13:14:41,395 INFO Sampling gripper position
2021-09-25 13:14:41,468 DEBUG u: 703, v: 388, d:0.9967277646064758
2021-09-25 13:14:41,468 DEBUG x_world: -0.07931464910507202, y_world: 0.04659612849354744, z_world:0.06909158080816269
2021-09-25 13:14:41,468 DEBUG Gripper pose: [0.04659612849354744, -0.07931464910507202, 0.9309084191918373, -8.944983735296074e-13]
2021-09-25 13:14:41,468 INFO Moving gripper
2021-09-25 13:14:41,871 DEBUG Counter: 85, Error:9.492664776818647e-05
2021-09-25 13:14:41,872 INFO Computing opening width and jaw size
2021-09-25 13:14:41,872 DEBUG w: 274.60943603515625, h: 73.04449462890625
2021-09-25 13:14:41,929 INFO Sampling gripper rotation angle
2021-09-25 13:14:41,929 DEBUG Object yaw: 0.8434299065385062
2021-09-25 13:14:41,929 DEBUG Theta0: 0.8434299065385062
2021-09-25 13:14:41,929 DEBUG Theta: 0.7335325477779896
2021-09-25 13:14:41,929 INFO Rotating gripper
2021-09-25 13:14:41,929 DEBUG Gripper pose: [0.04658594866385787, -0.07928978619099723, 0.930817373736005, -0.7335325477779896]
2021-09-25 13:14:42,952 DEBUG Counter: 168, Error:9.95818522926406e-05
2021-09-25 13:14:43,011 INFO Moving gripper downwards until contact
2021-09-25 13:14:43,081 DEBUG Counter: 11, Error: 0.043440560601549466, Contact:1
2021-09-25 13:14:43,081 INFO Closing gripper
2021-09-25 13:21:23,379 DEBUG Counter: 2000, Error: 0.5803085010807999
2021-09-25 13:21:23,379 INFO Moving gripper upwards
2021-09-25 13:21:34,164 DEBUG Counter: 91, Error: 9.571670022064751e-05
2021-09-25 13:21:34,165 DEBUG Grasp successful: False
2021-09-25 13:21:34,165 INFO Saving data
