2021-09-26 04:53:22,555 INFO Grasp attempt: 12
2021-09-26 04:54:54,647 INFO Sampling opening angle
2021-09-26 04:54:54,648 DEBUG Opening angle: 0.002936601029235453
2021-09-26 04:54:54,648 INFO Opening gripper
2021-09-26 05:24:55,099 DEBUG Counter: 499, Error:9.925424856670976e-05
2021-09-26 05:24:55,119 INFO Sampling gripper position
2021-09-26 05:24:55,198 DEBUG u: 1046, v: 600, d:0.9967277646064758
2021-09-26 05:24:55,198 DEBUG x_world: 0.027257079258561134, y_world: -0.01919105462729931, z_world:0.06909158080816269
2021-09-26 05:24:55,199 DEBUG Gripper pose: [-0.01919105462729931, 0.027257079258561134, 0.9309084191918373, -9.045714713443855e-05]
2021-09-26 05:24:55,199 INFO Moving gripper
2021-09-26 05:27:16,329 DEBUG Counter: 85, Error:9.103108416415655e-05
2021-09-26 05:27:16,330 INFO Computing opening width and jaw size
2021-09-26 05:27:16,332 DEBUG w: 285.1872572055816, h: 73.26261901855469
2021-09-26 05:27:16,447 INFO Sampling gripper rotation angle
2021-09-26 05:27:16,447 DEBUG Object yaw: 0.8434287732046755
2021-09-26 05:27:16,448 DEBUG Theta0: 0.8434287732046755
2021-09-26 05:27:16,448 DEBUG Theta: 0.7695685040214906
2021-09-26 05:27:16,448 INFO Rotating gripper
2021-09-26 05:27:16,448 DEBUG Gripper pose: [-0.01918798163589744, 0.02725227687959092, 0.9308175668271781, -0.7695685040214906]
2021-09-26 05:32:34,541 DEBUG Counter: 174, Error:9.677662790397168e-05
2021-09-26 05:32:34,615 INFO Moving gripper downwards until contact
2021-09-26 05:34:18,257 DEBUG Counter: 69, Error: 9.529304218345643e-05, Contact:0
2021-09-26 05:34:18,257 INFO Closing gripper
2021-09-26 07:57:47,819 DEBUG Counter: 2000, Error: 0.4282568601846998
2021-09-26 07:57:47,820 INFO Moving gripper upwards
2021-09-26 08:03:24,666 DEBUG Counter: 103, Error: 9.863248183403014e-05
2021-09-26 08:03:24,666 DEBUG Grasp successful: True
2021-09-26 08:03:24,666 INFO Saving data
