2021-09-25 13:43:11,908 INFO Grasp attempt: 3
2021-09-25 13:44:31,143 INFO Sampling opening angle
2021-09-25 13:44:31,144 DEBUG Opening angle: 0.23346811618419627
2021-09-25 13:44:31,144 INFO Opening gripper
2021-09-25 13:46:40,330 DEBUG Counter: 231, Error:9.785288510219536e-05
2021-09-25 13:46:40,346 INFO Sampling gripper position
2021-09-25 13:46:40,429 DEBUG u: 703, v: 308, d:0.9967277646064758
2021-09-25 13:46:40,429 DEBUG x_world: -0.07931464910507202, y_world: 0.07142148166894913, z_world:0.06909158080816269
2021-09-25 13:46:40,430 DEBUG Gripper pose: [0.07142148166894913, -0.07931464910507202, 0.9309084191918373, -9.5825021641232e-05]
2021-09-25 13:46:40,430 INFO Moving gripper
2021-09-25 13:46:57,569 DEBUG Counter: 85, Error:9.633380294480907e-05
2021-09-25 13:46:57,569 INFO Computing opening width and jaw size
2021-09-25 13:46:57,570 DEBUG w: 209.33990594471433, h: 71.981689453125
2021-09-25 13:46:57,629 INFO Sampling gripper rotation angle
2021-09-25 13:46:57,630 DEBUG Object yaw: 0.8434296875724892
2021-09-25 13:46:57,630 DEBUG Theta0: 0.8434296875724892
2021-09-25 13:46:57,630 DEBUG Theta: 0.8615546323054593
2021-09-25 13:46:57,630 INFO Rotating gripper
2021-09-25 13:46:57,630 DEBUG Gripper pose: [0.07140129225964882, -0.07928978632434217, 0.9308175652900152, -0.8615546323054593]
2021-09-25 13:47:42,952 DEBUG Counter: 189, Error:9.31874311421721e-05
2021-09-25 13:47:43,025 INFO Moving gripper downwards until contact
2021-09-25 13:47:46,100 DEBUG Counter: 12, Error: 0.0394403647253824, Contact:1
2021-09-25 13:47:46,100 INFO Closing gripper
2021-09-25 14:21:23,753 DEBUG Counter: 2000, Error: 0.61891938677124
2021-09-25 14:21:23,754 INFO Moving gripper upwards
2021-09-25 14:22:15,844 DEBUG Counter: 93, Error: 9.808666089143597e-05
2021-09-25 14:22:15,845 DEBUG Grasp successful: False
2021-09-25 14:22:15,845 INFO Saving data
