2021-09-25 22:32:30,418 INFO Grasp attempt: 10
2021-09-25 22:37:33,613 INFO Sampling opening angle
2021-09-25 22:37:33,614 DEBUG Opening angle: 0.11131206737237287
2021-09-25 22:37:33,615 INFO Opening gripper
2021-09-25 22:52:35,303 DEBUG Counter: 262, Error:9.618114780397813e-05
2021-09-25 22:52:35,333 INFO Sampling gripper position
2021-09-25 22:52:35,469 DEBUG u: 1284, v: 809, d:0.9967277646064758
2021-09-25 22:52:35,470 DEBUG x_world: 0.10120481997728348, y_world: -0.08404728770256042, z_world:0.06909158080816269
2021-09-25 22:52:35,471 DEBUG Gripper pose: [-0.08404728770256042, 0.10120481997728348, 0.9309084191918373, -9.447489098277628e-05]
2021-09-25 22:52:35,471 INFO Moving gripper
2021-09-25 22:54:28,960 DEBUG Counter: 86, Error:9.45094423771141e-05
2021-09-25 22:54:28,961 INFO Computing opening width and jaw size
2021-09-25 22:54:28,962 DEBUG w: 250.41858041990352, h: 72.599365234375
2021-09-25 22:54:29,061 INFO Sampling gripper rotation angle
2021-09-25 22:54:29,061 DEBUG Object yaw: 0.8434295402944141
2021-09-25 22:54:29,062 DEBUG Theta0: 0.8434295402944141
2021-09-25 22:54:29,062 DEBUG Theta: 0.9003028215026313
2021-09-25 22:54:29,062 INFO Rotating gripper
2021-09-25 22:54:29,062 DEBUG Gripper pose: [-0.08402184924922894, 0.10116483982349402, 0.9308266481267011, -0.9003028215026313]
2021-09-25 22:58:25,178 DEBUG Counter: 195, Error:9.491720701160222e-05
2021-09-25 22:58:25,249 INFO Moving gripper downwards until contact
2021-09-25 23:00:39,368 DEBUG Counter: 69, Error: 9.527616938170621e-05, Contact:0
2021-09-25 23:00:39,369 INFO Closing gripper
2021-09-26 01:20:19,450 DEBUG Counter: 2000, Error: 0.4006087040596444
2021-09-26 01:20:19,450 INFO Moving gripper upwards
2021-09-26 01:26:29,138 DEBUG Counter: 104, Error: 9.699507757395785e-05
2021-09-26 01:26:29,138 DEBUG Grasp successful: True
2021-09-26 01:26:29,138 INFO Saving data
