2021-09-26 14:27:56,420 INFO Grasp attempt: 15
2021-09-26 14:30:30,323 INFO Sampling opening angle
2021-09-26 14:30:30,324 DEBUG Opening angle: 0.36977287533813347
2021-09-26 14:30:30,324 INFO Opening gripper
2021-09-26 14:44:20,205 DEBUG Counter: 185, Error:9.495612022519806e-05
2021-09-26 14:44:20,224 INFO Sampling gripper position
2021-09-26 14:44:20,305 DEBUG u: 723, v: 239, d:0.9967277646064758
2021-09-26 14:44:20,306 DEBUG x_world: -0.07310054451227188, y_world: 0.09283333271741867, z_world:0.06909158080816269
2021-09-26 14:44:20,306 DEBUG Gripper pose: [0.09283333271741867, -0.07310054451227188, 0.9309084191918373, -9.964156668771637e-05]
2021-09-26 14:44:20,306 INFO Moving gripper
2021-09-26 14:46:19,607 DEBUG Counter: 85, Error:9.9865265265556e-05
2021-09-26 14:46:19,607 INFO Computing opening width and jaw size
2021-09-26 14:46:19,608 DEBUG w: 161.71685893299545, h: 71.45223999023438
2021-09-26 14:46:19,673 INFO Sampling gripper rotation angle
2021-09-26 14:46:19,673 DEBUG Object yaw: 0.843429876346286
2021-09-26 14:46:19,673 DEBUG Theta0: 0.843429876346286
2021-09-26 14:46:19,674 DEBUG Theta: 0.9842516940024478
2021-09-26 14:46:19,674 INFO Rotating gripper
2021-09-26 14:46:19,674 DEBUG Gripper pose: [0.09279769642389377, -0.07307935418675522, 0.930817567136853, -0.9842516940024478]
2021-09-26 14:54:23,042 DEBUG Counter: 208, Error:9.864301179596247e-05
2021-09-26 14:54:23,115 INFO Moving gripper downwards until contact
2021-09-26 14:54:32,325 DEBUG Counter: 4, Error: 0.06655948351999198, Contact:1
2021-09-26 14:54:32,325 INFO Closing gripper
2021-09-26 17:40:58,033 DEBUG Counter: 2000, Error: 0.001364987266238793
2021-09-26 17:40:58,034 INFO Moving gripper upwards
2021-09-26 17:49:29,986 DEBUG Counter: 87, Error: 9.048459793589077e-05
2021-09-26 17:49:29,987 DEBUG Grasp successful: False
2021-09-26 17:49:29,987 INFO Saving data
