2021-09-25 16:46:22,485 INFO Grasp attempt: 7
2021-09-25 16:47:20,875 INFO Sampling opening angle
2021-09-25 16:47:20,876 DEBUG Opening angle: 0.007696011823301064
2021-09-25 16:47:20,876 INFO Opening gripper
2021-09-25 17:13:16,708 DEBUG Counter: 853, Error:9.729290428949714e-05
2021-09-25 17:13:16,727 INFO Sampling gripper position
2021-09-25 17:13:16,805 DEBUG u: 775, v: 399, d:0.9967277646064758
2021-09-25 17:13:16,805 DEBUG x_world: -0.05694388970732689, y_world: 0.043182648718357086, z_world:0.06909158080816269
2021-09-25 17:13:16,806 DEBUG Gripper pose: [0.043182648718357086, -0.05694388970732689, 0.9309084191918373, -9.609133986829931e-05]
2021-09-25 17:13:16,806 INFO Moving gripper
2021-09-25 17:14:04,498 DEBUG Counter: 85, Error:9.234948269319266e-05
2021-09-25 17:14:04,498 INFO Computing opening width and jaw size
2021-09-25 17:14:04,499 DEBUG w: 283.69867095261196, h: 73.23150634765625
2021-09-25 17:14:04,562 INFO Sampling gripper rotation angle
2021-09-25 17:14:04,562 DEBUG Object yaw: 0.8434273540118091
2021-09-25 17:14:04,562 DEBUG Theta0: 0.8434273540118091
2021-09-25 17:14:04,562 DEBUG Theta: 0.9651689121067981
2021-09-25 17:14:04,563 INFO Rotating gripper
2021-09-25 17:14:04,563 DEBUG Gripper pose: [0.04317354970875974, -0.05693007474811106, 0.9308175633616451, -0.9651689121067981]
2021-09-25 17:16:25,559 DEBUG Counter: 205, Error:9.825610020042236e-05
2021-09-25 17:16:25,628 INFO Moving gripper downwards until contact
2021-09-25 17:16:37,601 DEBUG Counter: 17, Error: 0.02292206742376821, Contact:1
2021-09-25 17:16:37,601 INFO Closing gripper
2021-09-25 18:24:06,464 DEBUG Counter: 2000, Error: 0.6629940674035111
2021-09-25 18:24:06,464 INFO Moving gripper upwards
2021-09-25 18:25:07,748 DEBUG Counter: 98, Error: 9.002096353219863e-05
2021-09-25 18:25:07,749 DEBUG Grasp successful: False
2021-09-25 18:25:07,749 INFO Saving data
