2021-09-26 17:49:30,103 INFO Grasp attempt: 16
2021-09-26 17:52:26,387 INFO Sampling opening angle
2021-09-26 17:52:26,387 DEBUG Opening angle: 0.006744238869397234
2021-09-26 17:52:26,387 INFO Opening gripper
2021-09-26 18:34:34,598 DEBUG Counter: 502, Error:9.96957858997935e-05
2021-09-26 18:34:34,616 INFO Sampling gripper position
2021-09-26 18:34:34,689 DEBUG u: 894, v: 473, d:0.9967277646064758
2021-09-26 18:34:34,690 DEBUG x_world: -0.019970037043094635, y_world: 0.020219195634126663, z_world:0.06909158080816269
2021-09-26 18:34:34,690 DEBUG Gripper pose: [0.020219195634126663, -0.019970037043094635, 0.9309084191918373, -9.880415887606462e-05]
2021-09-26 18:34:34,690 INFO Moving gripper
2021-09-26 18:36:41,685 DEBUG Counter: 85, Error:9.096551713506912e-05
2021-09-26 18:36:41,686 INFO Computing opening width and jaw size
2021-09-26 18:36:41,686 DEBUG w: 283.99572914611, h: 73.23773193359375
2021-09-26 18:36:41,752 INFO Sampling gripper rotation angle
2021-09-26 18:36:41,752 DEBUG Object yaw: 0.8434286824600924
2021-09-26 18:36:41,752 DEBUG Theta0: 0.8434286824600924
2021-09-26 18:36:41,753 DEBUG Theta: 0.6619511193097477
2021-09-26 18:36:41,753 INFO Rotating gripper
2021-09-26 18:36:41,753 DEBUG Gripper pose: [0.020215920481966083, -0.019966811242928675, 0.9308175699051078, -0.6619511193097477]
2021-09-26 18:42:06,446 DEBUG Counter: 157, Error:9.537647196244947e-05
2021-09-26 18:42:06,519 INFO Moving gripper downwards until contact
2021-09-26 18:44:11,619 DEBUG Counter: 69, Error: 9.52930357778097e-05, Contact:0
2021-09-26 18:44:11,619 INFO Closing gripper
