2021-09-25 14:22:15,950 INFO Grasp attempt: 4
2021-09-25 14:22:45,652 INFO Sampling opening angle
2021-09-25 14:22:45,653 DEBUG Opening angle: 0.23320388960916585
2021-09-25 14:22:45,653 INFO Opening gripper
2021-09-25 14:24:24,997 DEBUG Counter: 115, Error:9.616898756723002e-05
2021-09-25 14:24:25,013 INFO Sampling gripper position
2021-09-25 14:24:25,089 DEBUG u: 1261, v: 907, d:0.9967277646064758
2021-09-25 14:24:25,090 DEBUG x_world: 0.09405861794948578, y_world: -0.1144583448767662, z_world:0.06909158080816269
2021-09-25 14:24:25,090 DEBUG Gripper pose: [-0.1144583448767662, 0.09405861794948578, 0.9309084191918373, -9.334239947180049e-05]
2021-09-25 14:24:25,090 INFO Moving gripper
2021-09-25 14:24:51,508 DEBUG Counter: 87, Error:9.432495710639899e-05
2021-09-25 14:24:51,508 INFO Computing opening width and jaw size
2021-09-25 14:24:51,509 DEBUG w: 209.48791614231052, h: 71.9804458618164
2021-09-25 14:24:51,572 INFO Sampling gripper rotation angle
2021-09-25 14:24:51,572 DEBUG Object yaw: 0.8434302084674157
2021-09-25 14:24:51,572 DEBUG Theta0: 0.8434302084674157
2021-09-25 14:24:51,573 DEBUG Theta: 1.2702368657218752
2021-09-25 14:24:51,573 INFO Rotating gripper
2021-09-25 14:24:51,573 DEBUG Gripper pose: [-0.11440740965606025, 0.09402883834258394, 0.9308348258780273, -1.2702368657218752]
2021-09-25 14:26:25,813 DEBUG Counter: 254, Error:9.397136688460428e-05
2021-09-25 14:26:25,883 INFO Moving gripper downwards until contact
2021-09-25 14:26:30,738 DEBUG Counter: 11, Error: 0.04643712151427947, Contact:1
2021-09-25 14:26:30,738 INFO Closing gripper
2021-09-25 15:17:19,586 DEBUG Counter: 2000, Error: 0.0019784506878068875
2021-09-25 15:17:19,587 INFO Moving gripper upwards
2021-09-25 15:18:43,516 DEBUG Counter: 91, Error: 9.039803665495081e-05
2021-09-25 15:18:43,516 DEBUG Grasp successful: False
2021-09-25 15:18:43,517 INFO Saving data
