2021-09-25 20:06:12,918 INFO Grasp attempt: 9
2021-09-25 20:08:26,325 INFO Sampling opening angle
2021-09-25 20:08:26,326 DEBUG Opening angle: 0.08860476714388513
2021-09-25 20:08:26,327 INFO Opening gripper
2021-09-25 20:24:59,912 DEBUG Counter: 289, Error:9.930057861659569e-05
2021-09-25 20:24:59,937 INFO Sampling gripper position
2021-09-25 20:25:00,067 DEBUG u: 1249, v: 744, d:0.9967277646064758
2021-09-25 20:25:00,068 DEBUG x_world: 0.09033018350601196, y_world: -0.0638766810297966, z_world:0.06909158080816269
2021-09-25 20:25:00,068 DEBUG Gripper pose: [-0.0638766810297966, 0.09033018350601196, 0.9309084191918373, -9.632520751923553e-05]
2021-09-25 20:25:00,068 INFO Moving gripper
2021-09-25 20:26:43,082 DEBUG Counter: 85, Error:9.818410202279084e-05
2021-09-25 20:26:43,082 INFO Computing opening width and jaw size
2021-09-25 20:26:43,084 DEBUG w: 257.8500990611325, h: 72.73110961914062
2021-09-25 20:26:43,180 INFO Sampling gripper rotation angle
2021-09-25 20:26:43,181 DEBUG Object yaw: 0.8434294572011299
2021-09-25 20:26:43,181 DEBUG Theta0: 0.8434294572011299
2021-09-25 20:26:43,181 DEBUG Theta: 1.0569361077026382
2021-09-25 20:26:43,181 INFO Rotating gripper
2021-09-25 20:26:43,181 DEBUG Gripper pose: [-0.06386007284787391, 0.09029687066498668, 0.9308175646883382, -1.0569361077026382]
2021-09-25 20:32:17,786 DEBUG Counter: 220, Error:9.432112484919486e-05
2021-09-25 20:32:17,889 INFO Moving gripper downwards until contact
2021-09-25 20:32:45,639 DEBUG Counter: 18, Error: 0.02054438868801072, Contact:1
2021-09-25 20:32:45,640 INFO Closing gripper
2021-09-25 22:27:20,264 DEBUG Counter: 2000, Error: 0.43407026158548323
2021-09-25 22:27:20,265 INFO Moving gripper upwards
2021-09-25 22:32:30,348 DEBUG Counter: 98, Error: 9.84313036000063e-05
2021-09-25 22:32:30,348 DEBUG Grasp successful: True
2021-09-25 22:32:30,348 INFO Saving data
