2021-09-26 08:03:24,739 INFO Grasp attempt: 13
2021-09-26 08:09:00,773 INFO Sampling opening angle
2021-09-26 08:09:00,774 DEBUG Opening angle: 0.3971612362788884
2021-09-26 08:09:00,774 INFO Opening gripper
2021-09-26 08:15:45,036 DEBUG Counter: 106, Error:9.653185006608389e-05
2021-09-26 08:15:45,054 INFO Sampling gripper position
2021-09-26 08:15:45,132 DEBUG u: 1300, v: 935, d:0.9967277646064758
2021-09-26 08:15:45,132 DEBUG x_world: 0.10617610067129135, y_world: -0.12314721196889877, z_world:0.06909158080816269
2021-09-26 08:15:45,133 DEBUG Gripper pose: [-0.12314721196889877, 0.10617610067129135, 0.9309084191918373, -9.692142129095561e-05]
2021-09-26 08:15:45,133 INFO Moving gripper
2021-09-26 08:17:31,120 DEBUG Counter: 88, Error:9.51693984475698e-05
2021-09-26 08:17:31,121 INFO Computing opening width and jaw size
2021-09-26 08:17:31,122 DEBUG w: 151.9407968204759, h: 71.36172485351562
2021-09-26 08:17:31,187 INFO Sampling gripper rotation angle
2021-09-26 08:17:31,188 DEBUG Object yaw: 0.8434302952464167
2021-09-26 08:17:31,188 DEBUG Theta0: 0.8434302952464167
2021-09-26 08:17:31,188 DEBUG Theta: 1.2011250880272202
2021-09-26 08:17:31,188 INFO Rotating gripper
2021-09-26 08:17:31,188 DEBUG Gripper pose: [-0.12308967621243336, 0.10613922751271973, 0.9308421830891004, -1.2011250880272202]
2021-09-26 08:23:22,870 DEBUG Counter: 243, Error:9.391418413939867e-05
2021-09-26 08:23:22,941 INFO Moving gripper downwards until contact
2021-09-26 08:23:40,028 DEBUG Counter: 10, Error: 0.050251755014586494, Contact:1
2021-09-26 08:23:40,028 INFO Closing gripper
2021-09-26 10:55:45,042 DEBUG Counter: 2000, Error: 0.000188640997287437
2021-09-26 10:55:45,042 INFO Moving gripper upwards
2021-09-26 11:00:18,479 DEBUG Counter: 89, Error: 9.902002922535004e-05
2021-09-26 11:00:18,480 DEBUG Grasp successful: False
2021-09-26 11:00:18,480 INFO Saving data
