2021-09-25 15:18:43,584 INFO Grasp attempt: 5
2021-09-25 15:19:47,765 INFO Sampling opening angle
2021-09-25 15:19:47,767 DEBUG Opening angle: 0.2643653280944442
2021-09-25 15:19:47,767 INFO Opening gripper
2021-09-25 15:32:00,972 DEBUG Counter: 381, Error:9.878622344816623e-05
2021-09-25 15:32:00,991 INFO Sampling gripper position
2021-09-25 15:32:01,069 DEBUG u: 747, v: 247, d:0.9967277646064758
2021-09-25 15:32:01,070 DEBUG x_world: -0.06564363837242126, y_world: 0.09035081416368484, z_world:0.06909158080816269
2021-09-25 15:32:01,070 DEBUG Gripper pose: [0.09035081416368484, -0.06564363837242126, 0.9309084191918373, -9.412235104627411e-05]
2021-09-25 15:32:01,070 INFO Moving gripper
2021-09-25 15:32:32,251 DEBUG Counter: 85, Error:9.832647113726262e-05
2021-09-25 15:32:32,251 INFO Computing opening width and jaw size
2021-09-25 15:32:32,252 DEBUG w: 198.68011581081402, h: 71.84652709960938
2021-09-25 15:32:32,314 INFO Sampling gripper rotation angle
2021-09-25 15:32:32,314 DEBUG Object yaw: 0.8434289659988818
2021-09-25 15:32:32,314 DEBUG Theta0: 0.8434289659988818
2021-09-25 15:32:32,314 DEBUG Theta: 0.8162591559762078
2021-09-25 15:32:32,314 INFO Rotating gripper
2021-09-25 15:32:32,314 DEBUG Gripper pose: [0.09031748437365633, -0.06562623593473904, 0.9308175655998022, -0.8162591559762078]
2021-09-25 15:33:58,469 DEBUG Counter: 182, Error:9.106830796956622e-05
2021-09-25 15:33:58,542 INFO Moving gripper downwards until contact
2021-09-25 15:34:01,876 DEBUG Counter: 6, Error: 0.06311192699871221, Contact:1
2021-09-25 15:34:01,876 INFO Closing gripper
2021-09-25 16:17:06,831 DEBUG Counter: 2000, Error: 0.0038326418882307367
2021-09-25 16:17:06,831 INFO Moving gripper upwards
2021-09-25 16:18:50,169 DEBUG Counter: 85, Error: 9.91653157128832e-05
2021-09-25 16:18:50,170 DEBUG Grasp successful: False
2021-09-25 16:18:50,170 INFO Saving data
