2021-09-25 17:07:59,437 INFO Grasp attempt: 6
2021-09-25 17:13:51,371 INFO Sampling opening angle
2021-09-25 17:13:51,372 DEBUG Opening angle: 0.3971952344485927
2021-09-25 17:13:51,372 INFO Opening gripper
2021-09-25 17:23:44,919 DEBUG Counter: 139, Error:9.589106675755854e-05
2021-09-25 17:23:44,965 INFO Sampling gripper position
2021-09-25 17:23:45,091 DEBUG u: 1110, v: 884, d:0.9967252016067505
2021-09-25 17:23:45,091 DEBUG x_world: 0.045896463096141815, y_world: -0.10623259097337723, z_world:0.06913832575082779
2021-09-25 17:23:45,092 DEBUG Gripper pose: [-0.10623259097337723, 0.045896463096141815, 0.9308616742491722, -9.772782464215343e-05]
2021-09-25 17:23:45,092 INFO Moving gripper
2021-09-25 17:25:10,679 DEBUG Counter: 86, Error:9.396794652866875e-05
2021-09-25 17:25:10,679 INFO Computing opening width and jaw size
2021-09-25 17:25:10,680 DEBUG w: 151.95117281895665, h: 71.37228393554688
2021-09-25 17:25:10,769 INFO Sampling gripper rotation angle
2021-09-25 17:25:10,769 DEBUG Object yaw: -2.645796781532261
2021-09-25 17:25:10,769 DEBUG Theta0: 0.49579587205753217
2021-09-25 17:25:10,769 DEBUG Theta: 0.6349409184052761
2021-09-25 17:25:10,769 INFO Rotating gripper
2021-09-25 17:25:10,769 DEBUG Gripper pose: [-0.10618700332975166, 0.045887510822735386, 0.930779994395326, -0.6349409184052761]
2021-09-25 17:28:21,044 DEBUG Counter: 153, Error:9.232117328283884e-05
2021-09-25 17:28:21,145 INFO Moving gripper downwards until contact
2021-09-25 17:28:29,921 DEBUG Counter: 4, Error: 0.06674901824770388, Contact:1
2021-09-25 17:28:29,921 INFO Closing gripper
2021-09-25 18:25:45,551 DEBUG Counter: 741, Error: 2.3392860917015312e-05
2021-09-25 18:25:45,552 INFO Moving gripper upwards
2021-09-25 18:32:47,898 DEBUG Counter: 85, Error: 9.501956970359258e-05
2021-09-25 18:32:47,898 DEBUG Grasp successful: False
2021-09-25 18:32:47,898 INFO Saving data
