2021-09-26 02:00:18,822 INFO Grasp attempt: 10
2021-09-26 02:01:46,636 INFO Sampling opening angle
2021-09-26 02:01:46,637 DEBUG Opening angle: 0.07696039274033102
2021-09-26 02:01:46,637 INFO Opening gripper
2021-09-26 02:33:11,158 DEBUG Counter: 494, Error:9.591588850781096e-05
2021-09-26 02:33:11,186 INFO Sampling gripper position
2021-09-26 02:33:11,335 DEBUG u: 1119, v: 831, d:0.9967252016067505
2021-09-26 02:33:11,335 DEBUG x_world: 0.048692502081394196, y_world: -0.08978759497404099, z_world:0.06913832575082779
2021-09-26 02:33:11,336 DEBUG Gripper pose: [-0.08978759497404099, 0.048692502081394196, 0.9308616742491722, -9.09230566871292e-05]
2021-09-26 02:33:11,336 INFO Moving gripper
2021-09-26 02:35:01,170 DEBUG Counter: 85, Error:9.713384398391007e-05
2021-09-26 02:35:01,170 INFO Computing opening width and jaw size
2021-09-26 02:35:01,172 DEBUG w: 261.66107304504203, h: 72.80755615234375
2021-09-26 02:35:01,270 INFO Sampling gripper rotation angle
2021-09-26 02:35:01,271 DEBUG Object yaw: -2.645791073506236
2021-09-26 02:35:01,271 DEBUG Theta0: 0.4958015800835569
2021-09-26 02:35:01,271 DEBUG Theta: 0.5526748612917741
2021-09-26 02:35:01,271 INFO Rotating gripper
2021-09-26 02:35:01,272 DEBUG Gripper pose: [-0.08975473022763258, 0.048681624161979624, 0.9307709187371643, -0.5526748612917741]
2021-09-26 02:38:40,628 DEBUG Counter: 140, Error:9.132871764516715e-05
2021-09-26 02:38:40,733 INFO Moving gripper downwards until contact
2021-09-26 02:40:27,911 DEBUG Counter: 69, Error: 9.537970585957093e-05, Contact:0
2021-09-26 02:40:27,911 INFO Closing gripper
2021-09-26 04:45:43,424 DEBUG Counter: 2000, Error: 0.6851939069846517
2021-09-26 04:45:43,425 INFO Moving gripper upwards
2021-09-26 04:47:28,242 DEBUG Counter: 103, Error: 9.675265877757771e-05
2021-09-26 04:47:28,243 DEBUG Grasp successful: False
2021-09-26 04:47:28,243 INFO Saving data
