2021-09-26 11:21:59,440 INFO Grasp attempt: 13
2021-09-26 11:29:29,226 INFO Sampling opening angle
2021-09-26 11:29:29,227 DEBUG Opening angle: 0.1394659187141225
2021-09-26 11:29:29,227 INFO Opening gripper
2021-09-26 12:00:44,353 DEBUG Counter: 214, Error:9.782011956913084e-05
2021-09-26 12:00:44,396 INFO Sampling gripper position
2021-09-26 12:00:44,530 DEBUG u: 1196, v: 828, d:0.9967252016067505
2021-09-26 12:00:44,531 DEBUG x_world: 0.0726141631603241, y_world: -0.08885672688484192, z_world:0.06913832575082779
2021-09-26 12:00:44,531 DEBUG Gripper pose: [-0.08885672688484192, 0.0726141631603241, 0.9308616742491722, -9.33229453780434e-05]
2021-09-26 12:00:44,531 INFO Moving gripper
2021-09-26 12:03:14,960 DEBUG Counter: 85, Error:9.8510442704139e-05
2021-09-26 12:03:14,960 INFO Computing opening width and jaw size
2021-09-26 12:03:14,961 DEBUG w: 241.14538698423988, h: 72.45438385009766
2021-09-26 12:03:15,042 INFO Sampling gripper rotation angle
2021-09-26 12:03:15,042 DEBUG Object yaw: -2.645795808919909
2021-09-26 12:03:15,042 DEBUG Theta0: 0.49579684466988416
2021-09-26 12:03:15,042 DEBUG Theta: 0.591472698788451
2021-09-26 12:03:15,042 INFO Rotating gripper
2021-09-26 12:03:15,042 DEBUG Gripper pose: [-0.08882463442203926, 0.07259324171698421, 0.9307709181234197, -0.591472698788451]
2021-09-26 12:07:27,437 DEBUG Counter: 146, Error:9.312365830738134e-05
2021-09-26 12:07:27,581 INFO Moving gripper downwards until contact
2021-09-26 12:07:47,594 DEBUG Counter: 8, Error: 0.058023548455806095, Contact:1
2021-09-26 12:07:47,594 INFO Closing gripper
2021-09-26 16:12:07,967 DEBUG Counter: 1432, Error: 9.519433038629455e-05
2021-09-26 16:12:07,967 INFO Moving gripper upwards
2021-09-26 16:22:31,335 DEBUG Counter: 84, Error: 9.651711416105719e-05
2021-09-26 16:22:31,335 DEBUG Grasp successful: False
2021-09-26 16:22:31,336 INFO Saving data
