2021-09-25 21:45:29,870 INFO Grasp attempt: 8
2021-09-25 21:51:05,526 INFO Sampling opening angle
2021-09-25 21:51:05,527 DEBUG Opening angle: 0.1552789161394642
2021-09-25 21:51:05,527 INFO Opening gripper
2021-09-25 22:06:36,169 DEBUG Counter: 318, Error:9.831632005902202e-05
2021-09-25 22:06:36,195 INFO Sampling gripper position
2021-09-25 22:06:36,329 DEBUG u: 771, v: 296, d:0.9967252016067505
2021-09-25 22:06:36,329 DEBUG x_world: -0.05942102521657944, y_world: 0.07621394097805023, z_world:0.06913832575082779
2021-09-25 22:06:36,330 DEBUG Gripper pose: [0.07621394097805023, -0.05942102521657944, 0.9308616742491722, -9.484575243029665e-05]
2021-09-25 22:06:36,330 INFO Moving gripper
2021-09-25 22:07:55,553 DEBUG Counter: 85, Error:9.478351415481388e-05
2021-09-25 22:07:55,553 INFO Computing opening width and jaw size
2021-09-25 22:07:55,555 DEBUG w: 235.8726208923985, h: 72.37060546875
2021-09-25 22:07:55,654 INFO Sampling gripper rotation angle
2021-09-25 22:07:55,654 DEBUG Object yaw: -2.645793848539767
2021-09-25 22:07:55,655 DEBUG Theta0: 0.49579880505002594
2021-09-25 22:07:55,655 DEBUG Theta: 0.6853279433478489
2021-09-25 22:07:55,655 INFO Rotating gripper
2021-09-25 22:07:55,655 DEBUG Gripper pose: [0.0761909433383999, -0.05940625978497732, 0.9307709163010043, -0.6853279433478489]
2021-09-25 22:10:59,019 DEBUG Counter: 161, Error:9.256361928766711e-05
2021-09-25 22:10:59,123 INFO Moving gripper downwards until contact
2021-09-25 22:11:16,894 DEBUG Counter: 14, Error: 0.03198469727713743, Contact:1
2021-09-25 22:11:16,894 INFO Closing gripper
2021-09-25 23:36:13,366 DEBUG Counter: 2000, Error: 0.4023096020372063
2021-09-25 23:36:13,367 INFO Moving gripper upwards
2021-09-25 23:40:16,672 DEBUG Counter: 95, Error: 9.779902799081612e-05
2021-09-25 23:40:16,672 DEBUG Grasp successful: True
2021-09-25 23:40:16,673 INFO Saving data
