2021-09-26 04:47:28,315 INFO Grasp attempt: 11
2021-09-26 04:48:43,197 INFO Sampling opening angle
2021-09-26 04:48:43,198 DEBUG Opening angle: 0.22332867530040323
2021-09-26 04:48:43,198 INFO Opening gripper
2021-09-26 04:59:39,903 DEBUG Counter: 193, Error:9.909627814047584e-05
2021-09-26 04:59:39,921 INFO Sampling gripper position
2021-09-26 04:59:39,997 DEBUG u: 1103, v: 921, d:0.9967252016067505
2021-09-26 04:59:39,997 DEBUG x_world: 0.0437217652797699, y_world: -0.1177130788564682, z_world:0.06913832575082779
2021-09-26 04:59:39,998 DEBUG Gripper pose: [-0.1177130788564682, 0.0437217652797699, 0.9308616742491722, -9.146670175390677e-05]
2021-09-26 04:59:39,998 INFO Moving gripper
2021-09-26 05:00:59,514 DEBUG Counter: 87, Error:9.244749627309756e-05
2021-09-26 05:00:59,514 INFO Computing opening width and jaw size
2021-09-26 05:00:59,515 DEBUG w: 212.89770615447745, h: 72.03345108032227
2021-09-26 05:00:59,579 INFO Sampling gripper rotation angle
2021-09-26 05:00:59,579 DEBUG Object yaw: -2.6457957798834713
2021-09-26 05:00:59,579 DEBUG Theta0: 0.49579687370632186
2021-09-26 05:00:59,579 DEBUG Theta: 0.49951211469990886
2021-09-26 05:00:59,580 INFO Rotating gripper
2021-09-26 05:00:59,580 DEBUG Gripper pose: [-0.11765752659083498, 0.04371426390196151, 0.9307881608852092, -0.49951211469990886]
2021-09-26 05:03:28,808 DEBUG Counter: 131, Error:9.674848854024366e-05
2021-09-26 05:03:28,878 INFO Moving gripper downwards until contact
2021-09-26 05:03:38,409 DEBUG Counter: 7, Error: 0.06068694458844671, Contact:1
2021-09-26 05:03:38,409 INFO Closing gripper
2021-09-26 07:06:10,483 DEBUG Counter: 1866, Error: 9.800034001083979e-05
2021-09-26 07:06:10,483 INFO Moving gripper upwards
2021-09-26 07:08:04,698 DEBUG Counter: 85, Error: 9.739619654463381e-05
2021-09-26 07:08:04,699 DEBUG Grasp successful: False
2021-09-26 07:08:04,700 INFO Saving data
