2021-09-25 13:14:40,341 INFO Grasp attempt: 1
2021-09-25 13:14:40,341 INFO Sampling opening angle
2021-09-25 13:14:40,341 DEBUG Opening angle: 0.04481465107371139
2021-09-25 13:14:40,341 INFO Opening gripper
2021-09-25 13:14:42,172 DEBUG Counter: 137, Error:9.580854992250615e-05
2021-09-25 13:14:42,190 INFO Sampling gripper position
2021-09-25 13:14:42,296 DEBUG u: 799, v: 300, d:0.9967252016067505
2021-09-25 13:14:42,297 DEBUG x_world: -0.05072224140167236, y_world: 0.07497280836105347, z_world:0.06913832575082779
2021-09-25 13:14:42,297 DEBUG Gripper pose: [0.07497280836105347, -0.05072224140167236, 0.9308616742491722, -8.129303821301848e-13]
2021-09-25 13:14:42,297 INFO Moving gripper
2021-09-25 13:14:42,962 DEBUG Counter: 85, Error:9.432806082416176e-05
2021-09-25 13:14:42,963 INFO Computing opening width and jaw size
2021-09-25 13:14:42,964 DEBUG w: 272.063232421875, h: 73.00213623046875
2021-09-25 13:14:43,052 INFO Sampling gripper rotation angle
2021-09-25 13:14:43,052 DEBUG Object yaw: -2.645794995805268
2021-09-25 13:14:43,053 DEBUG Theta0: 0.4957976577845251
2021-09-25 13:14:43,053 DEBUG Theta: 0.38590029902400846
2021-09-25 13:14:43,053 INFO Rotating gripper
2021-09-25 13:14:43,053 DEBUG Gripper pose: [0.0749506079161668, -0.0507106877921764, 0.9307707268060345, -0.38590029902400846]
2021-09-25 13:14:44,105 DEBUG Counter: 113, Error:9.597161569024905e-05
2021-09-25 13:14:44,195 INFO Moving gripper downwards until contact
2021-09-25 13:14:44,841 DEBUG Counter: 69, Error: 9.53800646386064e-05, Contact:0
2021-09-25 13:14:44,841 INFO Closing gripper
2021-09-25 13:19:21,261 DEBUG Counter: 2000, Error: 0.4358744994541741
2021-09-25 13:19:21,261 INFO Moving gripper upwards
2021-09-25 13:19:49,006 DEBUG Counter: 104, Error: 9.434085714258818e-05
2021-09-25 13:19:49,006 DEBUG Grasp successful: True
2021-09-25 13:19:49,007 INFO Saving data
