2021-09-26 16:22:31,455 INFO Grasp attempt: 14
2021-09-26 16:25:07,083 INFO Sampling opening angle
2021-09-26 16:25:07,084 DEBUG Opening angle: 0.3662876232030276
2021-09-26 16:25:07,084 INFO Opening gripper
2021-09-26 17:40:56,171 DEBUG Counter: 369, Error:9.955951728601864e-05
2021-09-26 17:40:56,216 INFO Sampling gripper position
2021-09-26 17:40:56,361 DEBUG u: 708, v: 80, d:0.9967252016067505
2021-09-26 17:40:56,361 DEBUG x_world: -0.0789932981133461, y_world: 0.14323511719703674, z_world:0.06913832575082779
2021-09-26 17:40:56,361 DEBUG Gripper pose: [0.14323511719703674, -0.0789932981133461, 0.9308616742491722, -9.32745750348935e-05]
2021-09-26 17:40:56,362 INFO Moving gripper
2021-09-26 17:45:21,708 DEBUG Counter: 90, Error:9.663692724057787e-05
2021-09-26 17:45:21,708 INFO Computing opening width and jaw size
2021-09-26 17:45:21,710 DEBUG w: 162.88916105917272, h: 71.46368408203125
2021-09-26 17:45:21,786 INFO Sampling gripper rotation angle
2021-09-26 17:45:21,786 DEBUG Object yaw: -2.645793093202582
2021-09-26 17:45:21,786 DEBUG Theta0: 0.4957995603872112
2021-09-26 17:45:21,786 DEBUG Theta: 0.3531059661172767
2021-09-26 17:45:21,787 INFO Rotating gripper
2021-09-26 17:45:21,787 DEBUG Gripper pose: [0.14315603599726837, -0.07897872602831914, 0.9308080784108295, -0.3531059661172767]
2021-09-26 17:51:12,586 DEBUG Counter: 108, Error:9.356569432134067e-05
2021-09-26 17:51:12,681 INFO Moving gripper downwards until contact
2021-09-26 17:51:47,802 DEBUG Counter: 13, Error: 0.03550486817463504, Contact:1
2021-09-26 17:51:47,803 INFO Closing gripper
