2021-09-25 18:32:47,995 INFO Grasp attempt: 7
2021-09-25 18:34:14,465 INFO Sampling opening angle
2021-09-25 18:34:14,466 DEBUG Opening angle: 0.12596631952360723
2021-09-25 18:34:14,466 INFO Opening gripper
2021-09-25 19:38:46,296 DEBUG Counter: 740, Error:9.760774813466488e-05
2021-09-25 19:38:46,327 INFO Sampling gripper position
2021-09-25 19:38:46,471 DEBUG u: 777, v: 319, d:0.9967252016067505
2021-09-25 19:38:46,472 DEBUG x_world: -0.05755700543522835, y_world: 0.06907741725444794, z_world:0.06913832575082779
2021-09-25 19:38:46,472 DEBUG Gripper pose: [0.06907741725444794, -0.05755700543522835, 0.9308616742491722, -9.247921979934629e-05]
2021-09-25 19:38:46,472 INFO Moving gripper
2021-09-25 19:40:40,657 DEBUG Counter: 85, Error:9.379562396228804e-05
2021-09-25 19:40:40,657 INFO Computing opening width and jaw size
2021-09-25 19:40:40,658 DEBUG w: 245.62078981808892, h: 72.52767944335938
2021-09-25 19:40:40,735 INFO Sampling gripper rotation angle
2021-09-25 19:40:40,736 DEBUG Object yaw: -2.645787671397182
2021-09-25 19:40:40,736 DEBUG Theta0: 0.49580498219261093
2021-09-25 19:40:40,736 DEBUG Theta: 0.6175465402875999
2021-09-25 19:40:40,736 INFO Rotating gripper
2021-09-25 19:40:40,736 DEBUG Gripper pose: [0.06905835692577415, -0.05754297103170756, 0.9307709143545979, -0.6175465402875999]
2021-09-25 19:44:59,514 DEBUG Counter: 150, Error:9.466767957112991e-05
2021-09-25 19:44:59,602 INFO Moving gripper downwards until contact
2021-09-25 19:45:28,790 DEBUG Counter: 14, Error: 0.03198495748152272, Contact:1
2021-09-25 19:45:28,790 INFO Closing gripper
2021-09-25 21:41:47,766 DEBUG Counter: 2000, Error: 0.388895557545965
2021-09-25 21:41:47,766 INFO Moving gripper upwards
2021-09-25 21:45:29,798 DEBUG Counter: 92, Error: 9.971181306352985e-05
2021-09-25 21:45:29,799 DEBUG Grasp successful: True
2021-09-25 21:45:29,799 INFO Saving data
