2021-09-25 13:19:49,079 INFO Grasp attempt: 2
2021-09-25 13:20:28,082 INFO Sampling opening angle
2021-09-25 13:20:28,083 DEBUG Opening angle: 0.16646401339421857
2021-09-25 13:20:28,083 INFO Opening gripper
2021-09-25 13:21:51,461 DEBUG Counter: 198, Error:9.708309267386639e-05
2021-09-25 13:21:51,489 INFO Sampling gripper position
2021-09-25 13:21:51,625 DEBUG u: 939, v: 501, d:0.9967252016067505
2021-09-25 13:21:51,625 DEBUG x_world: -0.007228293921798468, y_world: 0.012605883181095123, z_world:0.06913832575082779
2021-09-25 13:21:51,626 DEBUG Gripper pose: [0.012605883181095123, -0.007228293921798468, 0.9308616742491722, -9.598038504268515e-05]
2021-09-25 13:21:51,626 INFO Moving gripper
2021-09-25 13:22:03,415 DEBUG Counter: 85, Error:9.077356461373068e-05
2021-09-25 13:22:03,415 INFO Computing opening width and jaw size
2021-09-25 13:22:03,417 DEBUG w: 232.12494024232376, h: 72.31271362304688
2021-09-25 13:22:03,517 INFO Sampling gripper rotation angle
2021-09-25 13:22:03,517 DEBUG Object yaw: -2.645796128308351
2021-09-25 13:22:03,517 DEBUG Theta0: 0.49579652528144225
2021-09-25 13:22:03,517 DEBUG Theta: 0.6661822775754292
2021-09-25 13:22:03,517 INFO Rotating gripper
2021-09-25 13:22:03,517 DEBUG Gripper pose: [0.012604030878515842, -0.007227309153431528, 0.9307709249282982, -0.6661822775754292]
2021-09-25 13:22:28,168 DEBUG Counter: 158, Error:9.206742814860114e-05
2021-09-25 13:22:28,232 INFO Moving gripper downwards until contact
2021-09-25 13:22:34,932 DEBUG Counter: 69, Error: 9.537969472387227e-05, Contact:0
2021-09-25 13:22:34,932 INFO Closing gripper
2021-09-25 13:42:37,398 DEBUG Counter: 2000, Error: 0.44682586760665455
2021-09-25 13:42:37,399 INFO Moving gripper upwards
2021-09-25 13:43:31,407 DEBUG Counter: 104, Error: 9.117391323539265e-05
2021-09-25 13:43:31,407 DEBUG Grasp successful: True
2021-09-25 13:43:31,407 INFO Saving data
