2021-09-26 07:08:04,773 INFO Grasp attempt: 12
2021-09-26 07:09:18,957 INFO Sampling opening angle
2021-09-26 07:09:18,958 DEBUG Opening angle: 0.15900275561111174
2021-09-26 07:09:18,959 INFO Opening gripper
2021-09-26 07:36:21,966 DEBUG Counter: 424, Error:9.607523385024574e-05
2021-09-26 07:36:21,996 INFO Sampling gripper position
2021-09-26 07:36:22,143 DEBUG u: 942, v: 605, d:0.9967252016067505
2021-09-26 07:36:22,144 DEBUG x_world: -0.006296276580542326, y_world: -0.019663576036691666, z_world:0.06913832575082779
2021-09-26 07:36:22,144 DEBUG Gripper pose: [-0.019663576036691666, -0.006296276580542326, 0.9308616742491722, -9.68964045624811e-05]
2021-09-26 07:36:22,144 INFO Moving gripper
2021-09-26 07:38:18,848 DEBUG Counter: 85, Error:9.081123860622799e-05
2021-09-26 07:38:18,849 INFO Computing opening width and jaw size
2021-09-26 07:38:18,850 DEBUG w: 234.62719857421573, h: 72.35125732421875
2021-09-26 07:38:18,913 INFO Sampling gripper rotation angle
2021-09-26 07:38:18,914 DEBUG Object yaw: -2.64579258473122
2021-09-26 07:38:18,914 DEBUG Theta0: 0.4958000688585731
2021-09-26 07:38:18,914 DEBUG Theta: 0.42193979967538825
2021-09-26 07:38:18,914 INFO Rotating gripper
2021-09-26 07:38:18,914 DEBUG Gripper pose: [-0.019660410243001636, -0.006295426754712273, 0.9307709221880189, -0.42193979967538825]
2021-09-26 07:41:43,351 DEBUG Counter: 119, Error:9.316170943440842e-05
2021-09-26 07:41:43,430 INFO Moving gripper downwards until contact
2021-09-26 07:42:06,604 DEBUG Counter: 14, Error: 0.031984477256550944, Contact:1
2021-09-26 07:42:06,605 INFO Closing gripper
2021-09-26 11:09:11,802 DEBUG Counter: 2000, Error: 0.40234947099612867
2021-09-26 11:09:11,802 INFO Moving gripper upwards
2021-09-26 11:21:59,338 DEBUG Counter: 94, Error: 9.359454514603823e-05
2021-09-26 11:21:59,339 DEBUG Grasp successful: True
2021-09-26 11:21:59,339 INFO Saving data
