2021-09-25 14:28:32,094 INFO Grasp attempt: 4
2021-09-25 14:29:59,857 INFO Sampling opening angle
2021-09-25 14:29:59,858 DEBUG Opening angle: 0.050892873242486036
2021-09-25 14:29:59,858 INFO Opening gripper
2021-09-25 14:37:21,903 DEBUG Counter: 250, Error:9.844146421576078e-05
2021-09-25 14:37:21,930 INFO Sampling gripper position
2021-09-25 14:37:22,068 DEBUG u: 1096, v: 918, d:0.9967252016067505
2021-09-25 14:37:22,069 DEBUG x_world: 0.04154706746339798, y_world: -0.11678222566843033, z_world:0.06913832575082779
2021-09-25 14:37:22,070 DEBUG Gripper pose: [-0.11678222566843033, 0.04154706746339798, 0.9308616742491722, -9.986993176658685e-05]
2021-09-25 14:37:22,070 INFO Moving gripper
2021-09-25 14:37:59,814 DEBUG Counter: 87, Error:9.162559698627915e-05
2021-09-25 14:37:59,814 INFO Computing opening width and jaw size
2021-09-25 14:37:59,816 DEBUG w: 270.0391861380911, h: 72.9620132446289
2021-09-25 14:37:59,914 INFO Sampling gripper rotation angle
2021-09-25 14:37:59,914 DEBUG Object yaw: -2.645795053911629
2021-09-25 14:37:59,914 DEBUG Theta0: 0.49579759967816406
2021-09-25 14:37:59,914 DEBUG Theta: 0.9226042569326236
2021-09-25 14:37:59,915 INFO Rotating gripper
2021-09-25 14:37:59,915 DEBUG Gripper pose: [-0.1167279834685304, 0.04154009368429902, 0.9307881596235649, -0.9226042569326236]
2021-09-25 14:39:43,964 DEBUG Counter: 199, Error:9.045602385326923e-05
2021-09-25 14:39:44,072 INFO Moving gripper downwards until contact
2021-09-25 14:39:49,785 DEBUG Counter: 9, Error: 0.05493619215154378, Contact:1
2021-09-25 14:39:49,785 INFO Closing gripper
2021-09-25 15:26:59,075 DEBUG Counter: 2000, Error: 0.7398635715561499
2021-09-25 15:26:59,075 INFO Moving gripper upwards
2021-09-25 15:28:05,775 DEBUG Counter: 89, Error: 9.117421594201887e-05
2021-09-25 15:28:05,775 DEBUG Grasp successful: False
2021-09-25 15:28:05,775 INFO Saving data
