2021-09-25 15:28:05,846 INFO Grasp attempt: 5
2021-09-25 15:29:17,477 INFO Sampling opening angle
2021-09-25 15:29:17,479 DEBUG Opening angle: 0.04340218549935218
2021-09-25 15:29:17,479 INFO Opening gripper
2021-09-25 15:33:25,397 DEBUG Counter: 97, Error:9.798115611448638e-05
2021-09-25 15:33:25,425 INFO Sampling gripper position
2021-09-25 15:33:25,563 DEBUG u: 683, v: 88, d:0.9967252016067505
2021-09-25 15:33:25,564 DEBUG x_world: -0.08676008880138397, y_world: 0.1407528519630432, z_world:0.06913832575082779
2021-09-25 15:33:25,564 DEBUG Gripper pose: [0.1407528519630432, -0.08676008880138397, 0.9308616742491722, -9.060139100222021e-05]
2021-09-25 15:33:25,565 INFO Moving gripper
2021-09-25 15:34:00,799 DEBUG Counter: 90, Error:9.338198604655915e-05
2021-09-25 15:34:00,800 INFO Computing opening width and jaw size
2021-09-25 15:34:00,801 DEBUG w: 272.4182141903964, h: 73.00436401367188
2021-09-25 15:34:00,868 INFO Sampling gripper rotation angle
2021-09-25 15:34:00,869 DEBUG Object yaw: -2.6457962734774187
2021-09-25 15:34:00,869 DEBUG Theta0: 0.49579638011237437
2021-09-25 15:34:00,869 DEBUG Theta: 0.4686265700897003
2021-09-25 15:34:00,869 INFO Rotating gripper
2021-09-25 15:34:00,869 DEBUG Gripper pose: [0.14067850447771962, -0.0867421963911227, 0.9308080784620327, -0.4686265700897003]
2021-09-25 15:34:54,434 DEBUG Counter: 126, Error:9.75819214862339e-05
2021-09-25 15:34:54,511 INFO Moving gripper downwards until contact
2021-09-25 15:35:25,056 DEBUG Counter: 69, Error: 9.531067075027773e-05, Contact:0
2021-09-25 15:35:25,057 INFO Closing gripper
2021-09-25 17:03:04,517 DEBUG Counter: 2000, Error: 0.4802748662428504
2021-09-25 17:03:04,517 INFO Moving gripper upwards
2021-09-25 17:07:59,344 DEBUG Counter: 103, Error: 9.354834265105566e-05
2021-09-25 17:07:59,344 DEBUG Grasp successful: True
2021-09-25 17:07:59,344 INFO Saving data
