2021-09-25 13:43:31,479 INFO Grasp attempt: 3
2021-09-25 13:44:32,387 INFO Sampling opening angle
2021-09-25 13:44:32,388 DEBUG Opening angle: 0.05702957159848903
2021-09-25 13:44:32,388 INFO Opening gripper
2021-09-25 13:47:44,059 DEBUG Counter: 336, Error:9.753310238329316e-05
2021-09-25 13:47:44,075 INFO Sampling gripper position
2021-09-25 13:47:44,152 DEBUG u: 732, v: 165, d:0.9967252016067505
2021-09-25 13:47:44,153 DEBUG x_world: -0.07153720408678055, y_world: 0.11686103790998459, z_world:0.06913832575082779
2021-09-25 13:47:44,153 DEBUG Gripper pose: [0.11686103790998459, -0.07153720408678055, 0.9308616742491722, -9.22201345750225e-05]
2021-09-25 13:47:44,153 INFO Moving gripper
2021-09-25 13:47:59,574 DEBUG Counter: 87, Error:9.288824329304326e-05
2021-09-25 13:47:59,574 INFO Computing opening width and jaw size
2021-09-25 13:47:59,575 DEBUG w: 268.0736707604957, h: 72.92422485351562
2021-09-25 13:47:59,640 INFO Sampling gripper rotation angle
2021-09-25 13:47:59,640 DEBUG Object yaw: -2.6457934418354867
2021-09-25 13:47:59,640 DEBUG Theta0: 0.4957992117543064
2021-09-25 13:47:59,640 DEBUG Theta: 0.5139241564872765
2021-09-25 13:47:59,640 INFO Rotating gripper
2021-09-25 13:47:59,640 DEBUG Gripper pose: [0.11680668282747504, -0.07152079817335642, 0.9307881582866051, -0.5139241564872765]
2021-09-25 13:48:28,838 DEBUG Counter: 133, Error:9.974259435741055e-05
2021-09-25 13:48:28,909 INFO Moving gripper downwards until contact
2021-09-25 13:48:44,262 DEBUG Counter: 69, Error: 9.534768117824056e-05, Contact:0
2021-09-25 13:48:44,262 INFO Closing gripper
2021-09-25 14:27:06,632 DEBUG Counter: 2000, Error: 0.40223615425183185
2021-09-25 14:27:06,632 INFO Moving gripper upwards
2021-09-25 14:28:32,021 DEBUG Counter: 103, Error: 9.738142417961133e-05
2021-09-25 14:28:32,021 DEBUG Grasp successful: True
2021-09-25 14:28:32,022 INFO Saving data
