2021-09-25 23:40:16,749 INFO Grasp attempt: 9
2021-09-25 23:46:38,618 INFO Sampling opening angle
2021-09-25 23:46:38,619 DEBUG Opening angle: 0.15329210992270134
2021-09-25 23:46:38,619 INFO Opening gripper
2021-09-25 23:58:06,283 DEBUG Counter: 293, Error:9.71642682013607e-05
2021-09-25 23:58:06,302 INFO Sampling gripper position
2021-09-25 23:58:06,387 DEBUG u: 1162, v: 772, d:0.9967252016067505
2021-09-25 23:58:06,388 DEBUG x_world: 0.06205136701464653, y_world: -0.07148087024688721, z_world:0.06913832575082779
2021-09-25 23:58:06,388 DEBUG Gripper pose: [-0.07148087024688721, 0.06205136701464653, 0.9308616742491722, -9.268290080965695e-05]
2021-09-25 23:58:06,388 INFO Moving gripper
2021-09-25 23:59:02,520 DEBUG Counter: 85, Error:9.431729526202202e-05
2021-09-25 23:59:02,520 INFO Computing opening width and jaw size
2021-09-25 23:59:02,521 DEBUG w: 236.53759886321166, h: 72.38096618652344
2021-09-25 23:59:02,586 INFO Sampling gripper rotation angle
2021-09-25 23:59:02,587 DEBUG Object yaw: -2.6457940518781324
2021-09-25 23:59:02,587 DEBUG Theta0: 0.4957986017116607
2021-09-25 23:59:02,587 DEBUG Theta: 0.7093052522131691
2021-09-25 23:59:02,587 INFO Rotating gripper
2021-09-25 23:59:02,587 DEBUG Gripper pose: [-0.07146065364902648, 0.062035543424525934, 0.9307709182281478, -0.7093052522131691]
2021-09-26 00:01:13,847 DEBUG Counter: 165, Error:9.078816108409882e-05
2021-09-26 00:01:13,918 INFO Moving gripper downwards until contact
2021-09-26 00:01:20,812 DEBUG Counter: 7, Error: 0.06062153201202434, Contact:1
2021-09-26 00:01:20,812 INFO Closing gripper
2021-09-26 01:56:23,784 DEBUG Counter: 2000, Error: 0.0007776129630825412
2021-09-26 01:56:23,785 INFO Moving gripper upwards
2021-09-26 02:00:18,712 DEBUG Counter: 84, Error: 9.480725870771797e-05
2021-09-26 02:00:18,713 DEBUG Grasp successful: False
2021-09-26 02:00:18,713 INFO Saving data
