2021-09-25 13:27:21,580 INFO Grasp attempt: 2
2021-09-25 13:27:27,073 INFO Sampling opening angle
2021-09-25 13:27:27,074 DEBUG Opening angle: 0.010460598672607136
2021-09-25 13:27:27,074 INFO Opening gripper
2021-09-25 13:36:48,469 DEBUG Counter: 528, Error:9.79387384982787e-05
2021-09-25 13:36:48,498 INFO Sampling gripper position
2021-09-25 13:36:48,620 DEBUG u: 1009, v: 514, d:0.9967238306999207
2021-09-25 13:36:48,621 DEBUG x_world: 0.016071278601884842, y_world: 0.007551497779786587, z_world:0.06916310638189316
2021-09-25 13:36:48,621 DEBUG Gripper pose: [0.007551497779786587, 0.016071278601884842, 0.9308368936181068, -9.91024481755702e-05]
2021-09-25 13:36:48,621 INFO Moving gripper
2021-09-25 13:37:10,296 DEBUG Counter: 85, Error:9.073768413574444e-05
2021-09-25 13:37:10,297 INFO Computing opening width and jaw size
2021-09-25 13:37:10,297 DEBUG w: 282.88018958865507, h: 73.22604370117188
2021-09-25 13:37:10,381 INFO Sampling gripper rotation angle
2021-09-25 13:37:10,382 DEBUG Object yaw: 0.34701594101171696
2021-09-25 13:37:10,382 DEBUG Theta0: 0.34701594101171696
2021-09-25 13:37:10,382 DEBUG Theta: 0.517401693305704
2021-09-25 13:37:10,382 INFO Rotating gripper
2021-09-25 13:37:10,382 DEBUG Gripper pose: [0.0075504673367203885, 0.0160688122463437, 0.9307461953127216, -0.517401693305704]
2021-09-25 13:37:49,273 DEBUG Counter: 134, Error:9.519901384558162e-05
2021-09-25 13:37:49,372 INFO Moving gripper downwards until contact
2021-09-25 13:37:55,152 DEBUG Counter: 17, Error: 0.022953510770339757, Contact:1
2021-09-25 13:37:55,152 INFO Closing gripper
2021-09-25 14:09:48,787 DEBUG Counter: 2000, Error: 0.4126905279430837
2021-09-25 14:09:48,788 INFO Moving gripper upwards
2021-09-25 14:10:46,749 DEBUG Counter: 98, Error: 9.293074244101114e-05
2021-09-25 14:10:46,750 DEBUG Grasp successful: True
2021-09-25 14:10:46,750 INFO Saving data
