2021-09-26 01:11:56,720 INFO Grasp attempt: 10
2021-09-26 01:13:09,746 INFO Sampling opening angle
2021-09-26 01:13:09,748 DEBUG Opening angle: 0.20021600054903252
2021-09-26 01:13:09,748 INFO Opening gripper
2021-09-26 01:46:41,109 DEBUG Counter: 503, Error:9.684385045827248e-05
2021-09-26 01:46:41,136 INFO Sampling gripper position
2021-09-26 01:46:41,276 DEBUG u: 1050, v: 924, d:0.9967238306999207
2021-09-26 01:46:41,277 DEBUG x_world: 0.028808046132326126, y_world: -0.11965730041265488, z_world:0.06916310638189316
2021-09-26 01:46:41,278 DEBUG Gripper pose: [-0.11965730041265488, 0.028808046132326126, 0.9308368936181068, -9.399887342701508e-05]
2021-09-26 01:46:41,278 INFO Moving gripper
2021-09-26 01:48:04,732 DEBUG Counter: 87, Error:9.392059028902516e-05
2021-09-26 01:48:04,732 INFO Computing opening width and jaw size
2021-09-26 01:48:04,733 DEBUG w: 220.72631953187084, h: 72.14577102661133
2021-09-26 01:48:04,798 INFO Sampling gripper rotation angle
2021-09-26 01:48:04,798 DEBUG Object yaw: 0.3470166730606053
2021-09-26 01:48:04,798 DEBUG Theta0: 0.3470166730606053
2021-09-26 01:48:04,799 DEBUG Theta: 0.40388995426882246
2021-09-26 01:48:04,799 INFO Rotating gripper
2021-09-26 01:48:04,799 DEBUG Gripper pose: [-0.11959894678594245, 0.02880385205100903, 0.9307634202133154, -0.40388995426882246]
2021-09-26 01:49:46,101 DEBUG Counter: 116, Error:9.444431998695278e-05
2021-09-26 01:49:46,172 INFO Moving gripper downwards until contact
2021-09-26 01:49:58,819 DEBUG Counter: 14, Error: 0.031978471486150316, Contact:1
2021-09-26 01:49:58,819 INFO Closing gripper
2021-09-26 04:10:51,478 DEBUG Counter: 2000, Error: 0.40480118802737525
2021-09-26 04:10:51,478 INFO Moving gripper upwards
2021-09-26 04:15:41,765 DEBUG Counter: 95, Error: 9.720403462789621e-05
2021-09-26 04:15:41,766 DEBUG Grasp successful: False
2021-09-26 04:15:41,766 INFO Saving data
