2021-09-26 14:46:53,792 INFO Grasp attempt: 15
2021-09-26 14:48:29,855 INFO Sampling opening angle
2021-09-26 14:48:29,856 DEBUG Opening angle: 0.3238472381016464
2021-09-26 14:48:29,856 INFO Opening gripper
2021-09-26 15:15:40,789 DEBUG Counter: 351, Error:9.547794667702503e-05
2021-09-26 15:15:40,805 INFO Sampling gripper position
2021-09-26 15:15:40,881 DEBUG u: 902, v: 149, d:0.9967238306999207
2021-09-26 15:15:40,881 DEBUG x_world: -0.017168620601296425, y_world: 0.12079836428165436, z_world:0.06916310638189316
2021-09-26 15:15:40,882 DEBUG Gripper pose: [0.12079836428165436, -0.017168620601296425, 0.9308368936181068, -9.916921069065692e-05]
2021-09-26 15:15:40,882 INFO Moving gripper
2021-09-26 15:17:15,541 DEBUG Counter: 87, Error:9.506894547427681e-05
2021-09-26 15:17:15,542 INFO Computing opening width and jaw size
2021-09-26 15:17:15,543 DEBUG w: 177.9223643734562, h: 71.619873046875
2021-09-26 15:17:15,610 INFO Sampling gripper rotation angle
2021-09-26 15:17:15,610 DEBUG Object yaw: 0.34701255891540217
2021-09-26 15:17:15,610 DEBUG Theta0: 0.34701255891540217
2021-09-26 15:17:15,611 DEBUG Theta: 0.48783437657156403
2021-09-26 15:17:15,611 INFO Rotating gripper
2021-09-26 15:17:15,611 DEBUG Gripper pose: [0.12073807202576495, -0.01716645580917915, 0.930763420752718, -0.48783437657156403]
2021-09-26 15:19:54,106 DEBUG Counter: 129, Error:9.816292150460766e-05
2021-09-26 15:19:54,181 INFO Moving gripper downwards until contact
2021-09-26 15:20:03,567 DEBUG Counter: 5, Error: 0.06514359827939574, Contact:1
2021-09-26 15:20:03,568 INFO Closing gripper
2021-09-26 18:10:58,385 DEBUG Counter: 2000, Error: 0.0013780652682654493
2021-09-26 18:10:58,385 INFO Moving gripper upwards
2021-09-26 18:16:16,935 DEBUG Counter: 85, Error: 9.871759179798897e-05
2021-09-26 18:16:16,935 DEBUG Grasp successful: False
2021-09-26 18:16:16,935 INFO Saving data
