2021-09-25 20:02:07,076 INFO Grasp attempt: 8
2021-09-25 20:02:50,614 INFO Sampling opening angle
2021-09-25 20:02:50,615 DEBUG Opening angle: 0.30440543663556646
2021-09-25 20:02:50,615 INFO Opening gripper
2021-09-25 20:22:50,271 DEBUG Counter: 436, Error:9.70598574861481e-05
2021-09-25 20:22:50,298 INFO Sampling gripper position
2021-09-25 20:22:50,430 DEBUG u: 840, v: 310, d:0.9967238306999207
2021-09-25 20:22:50,431 DEBUG x_world: -0.03642912954092026, y_world: 0.07084564119577408, z_world:0.06916310638189316
2021-09-25 20:22:50,432 DEBUG Gripper pose: [0.07084564119577408, -0.03642912954092026, 0.9308368936181068, -9.792725103650435e-05]
2021-09-25 20:22:50,433 INFO Moving gripper
2021-09-25 20:24:08,707 DEBUG Counter: 85, Error:9.314078408534473e-05
2021-09-25 20:24:08,708 INFO Computing opening width and jaw size
2021-09-25 20:24:08,709 DEBUG w: 184.75848498459555, h: 71.69647216796875
2021-09-25 20:24:08,806 INFO Sampling gripper rotation angle
2021-09-25 20:24:08,806 DEBUG Object yaw: 0.3470145527434841
2021-09-25 20:24:08,807 DEBUG Theta0: 0.3470145527434841
2021-09-25 20:24:08,807 DEBUG Theta: 0.5365436910413071
2021-09-25 20:24:08,807 INFO Rotating gripper
2021-09-25 20:24:08,807 DEBUG Gripper pose: [0.07082572017378354, -0.036421995167356, 0.9307461882750628, -0.5365436910413071]
2021-09-25 20:26:32,920 DEBUG Counter: 137, Error:9.568933824011281e-05
2021-09-25 20:26:33,026 INFO Moving gripper downwards until contact
2021-09-25 20:26:41,703 DEBUG Counter: 6, Error: 0.06328592388496986, Contact:1
2021-09-25 20:26:41,703 INFO Closing gripper
2021-09-25 22:16:53,579 DEBUG Counter: 2000, Error: 0.0005530528111806765
2021-09-25 22:16:53,580 INFO Moving gripper upwards
2021-09-25 22:20:33,489 DEBUG Counter: 84, Error: 9.535481776632783e-05
2021-09-25 22:20:33,489 DEBUG Grasp successful: False
2021-09-25 22:20:33,489 INFO Saving data
