2021-09-26 06:56:25,429 INFO Grasp attempt: 12
2021-09-26 06:57:29,810 INFO Sampling opening angle
2021-09-26 06:57:29,810 DEBUG Opening angle: 0.3383788799012277
2021-09-26 06:57:29,811 INFO Opening gripper
2021-09-26 07:17:48,710 DEBUG Counter: 326, Error:9.745050961118551e-05
2021-09-26 07:17:48,734 INFO Sampling gripper position
2021-09-26 07:17:48,871 DEBUG u: 1041, v: 625, d:0.9967238306999207
2021-09-26 07:17:48,872 DEBUG x_world: 0.026012172922492027, y_world: -0.026887958869338036, z_world:0.06916310638189316
2021-09-26 07:17:48,873 DEBUG Gripper pose: [-0.026887958869338036, 0.026012172922492027, 0.9308368936181068, -9.001516486860537e-05]
2021-09-26 07:17:48,873 INFO Moving gripper
2021-09-26 07:19:51,691 DEBUG Counter: 85, Error:9.093531476911214e-05
2021-09-26 07:19:51,692 INFO Computing opening width and jaw size
2021-09-26 07:19:51,693 DEBUG w: 172.80548183561837, h: 71.57028198242188
2021-09-26 07:19:51,793 INFO Sampling gripper rotation angle
2021-09-26 07:19:51,793 DEBUG Object yaw: 0.34701132237344673
2021-09-26 07:19:51,793 DEBUG Theta0: 0.34701132237344673
2021-09-26 07:19:51,794 DEBUG Theta: 0.2731510531902619
2021-09-26 07:19:51,794 INFO Rotating gripper
2021-09-26 07:19:51,794 DEBUG Gripper pose: [-0.026883251602817664, 0.02600765671140354, 0.9307461925875092, -0.2731510531902619]
2021-09-26 07:22:27,708 DEBUG Counter: 95, Error:9.629627273932693e-05
2021-09-26 07:22:27,814 INFO Moving gripper downwards until contact
2021-09-26 07:22:50,122 DEBUG Counter: 11, Error: 0.04672178002374552, Contact:1
2021-09-26 07:22:50,123 INFO Closing gripper
2021-09-26 09:23:52,083 DEBUG Counter: 1662, Error: 9.838558492591964e-05
2021-09-26 09:23:52,083 INFO Moving gripper upwards
2021-09-26 09:27:42,948 DEBUG Counter: 89, Error: 9.366546348889957e-05
2021-09-26 09:27:42,949 DEBUG Grasp successful: False
2021-09-26 09:27:42,949 INFO Saving data
