2021-09-25 13:14:39,210 INFO Grasp attempt: 1
2021-09-25 13:14:39,210 INFO Sampling opening angle
2021-09-25 13:14:39,210 DEBUG Opening angle: 0.2529098251468953
2021-09-25 13:14:39,210 INFO Opening gripper
2021-09-25 13:14:42,622 DEBUG Counter: 268, Error:9.936560501550007e-05
2021-09-25 13:14:42,639 INFO Sampling gripper position
2021-09-25 13:14:42,709 DEBUG u: 885, v: 313, d:0.9967238306999207
2021-09-25 13:14:42,710 DEBUG x_world: -0.022449733689427376, y_world: 0.06991483271121979, z_world:0.06916310638189316
2021-09-25 13:14:42,710 DEBUG Gripper pose: [0.06991483271121979, -0.022449733689427376, 0.9308368936181068, -1.6333651551635666e-13]
2021-09-25 13:14:42,710 INFO Moving gripper
2021-09-25 13:14:43,291 DEBUG Counter: 85, Error:9.303116211789609e-05
2021-09-25 13:14:43,291 INFO Computing opening width and jaw size
2021-09-25 13:14:43,292 DEBUG w: 202.75299072265625, h: 71.90667724609375
2021-09-25 13:14:43,352 INFO Sampling gripper rotation angle
2021-09-25 13:14:43,352 DEBUG Object yaw: 0.34701349273886184
2021-09-25 13:14:43,352 DEBUG Theta0: 0.34701349273886184
2021-09-25 13:14:43,353 DEBUG Theta: 0.23711613397834516
2021-09-25 13:14:43,353 INFO Rotating gripper
2021-09-25 13:14:43,353 DEBUG Gripper pose: [0.06989536481247453, -0.02244599677676508, 0.930745998989403, -0.23711613397834516]
2021-09-25 13:14:44,043 DEBUG Counter: 89, Error:9.910245950822781e-05
2021-09-25 13:14:44,102 INFO Moving gripper downwards until contact
2021-09-25 13:14:44,206 DEBUG Counter: 11, Error: 0.043557258577607456, Contact:1
2021-09-25 13:14:44,206 INFO Closing gripper
2021-09-25 13:26:59,750 DEBUG Counter: 2000, Error: 0.03952015414930676
2021-09-25 13:26:59,751 INFO Moving gripper upwards
2021-09-25 13:27:21,443 DEBUG Counter: 86, Error: 9.397948082295182e-05
2021-09-25 13:27:21,443 DEBUG Grasp successful: False
2021-09-25 13:27:21,444 INFO Saving data
