2021-09-25 17:15:21,750 INFO Grasp attempt: 6
2021-09-25 17:16:02,515 INFO Sampling opening angle
2021-09-25 17:16:02,516 DEBUG Opening angle: 0.11881397175141428
2021-09-25 17:16:02,516 INFO Opening gripper
2021-09-25 17:41:57,786 DEBUG Counter: 610, Error:9.857629168112669e-05
2021-09-25 17:41:57,812 INFO Sampling gripper position
2021-09-25 17:41:57,955 DEBUG u: 1063, v: 1000, d:0.9967238306999207
2021-09-25 17:41:57,955 DEBUG x_world: 0.032846543937921524, y_world: -0.14323747158050537, z_world:0.06916310638189316
2021-09-25 17:41:57,956 DEBUG Gripper pose: [-0.14323747158050537, 0.032846543937921524, 0.9308368936181068, -9.077195439246354e-05]
2021-09-25 17:41:57,956 INFO Moving gripper
2021-09-25 17:42:36,832 DEBUG Counter: 90, Error:9.560454834823108e-05
2021-09-25 17:42:36,832 INFO Computing opening width and jaw size
2021-09-25 17:42:36,833 DEBUG w: 247.9721691690896, h: 72.56432342529297
2021-09-25 17:42:36,892 INFO Sampling gripper rotation angle
2021-09-25 17:42:36,893 DEBUG Object yaw: 0.34701849071924856
2021-09-25 17:42:36,893 DEBUG Theta0: 0.34701849071924856
2021-09-25 17:42:36,893 DEBUG Theta: 0.4861635370669925
2021-09-25 17:42:36,893 INFO Rotating gripper
2021-09-25 17:42:36,893 DEBUG Gripper pose: [-0.14315836774031893, 0.03284290017677762, 0.9307833255759795, -0.4861635370669925]
2021-09-25 17:43:36,573 DEBUG Counter: 129, Error:9.547423824670142e-05
2021-09-25 17:43:36,643 INFO Moving gripper downwards until contact
2021-09-25 17:43:43,715 DEBUG Counter: 14, Error: 0.03197443012533945, Contact:1
2021-09-25 17:43:43,716 INFO Closing gripper
2021-09-25 18:41:05,296 DEBUG Counter: 2000, Error: 0.5091926985968215
2021-09-25 18:41:05,297 INFO Moving gripper upwards
2021-09-25 18:43:49,521 DEBUG Counter: 94, Error: 9.73807290388621e-05
2021-09-25 18:43:49,521 DEBUG Grasp successful: False
2021-09-25 18:43:49,521 INFO Saving data
