2021-09-26 09:27:43,025 INFO Grasp attempt: 13
2021-09-26 09:28:51,934 INFO Sampling opening angle
2021-09-26 09:28:51,935 DEBUG Opening angle: 0.3957352255864302
2021-09-26 09:28:51,935 INFO Opening gripper
2021-09-26 09:53:00,403 DEBUG Counter: 353, Error:9.75932631076537e-05
2021-09-26 09:53:00,421 INFO Sampling gripper position
2021-09-26 09:53:00,501 DEBUG u: 1115, v: 1059, d:0.9967238306999207
2021-09-26 09:53:00,501 DEBUG x_world: 0.049000512808561325, y_world: -0.1615431308746338, z_world:0.06916310638189316
2021-09-26 09:53:00,502 DEBUG Gripper pose: [-0.1615431308746338, 0.049000512808561325, 0.9308368936181068, -9.64418673096287e-05]
2021-09-26 09:53:00,502 INFO Moving gripper
2021-09-26 09:54:31,190 DEBUG Counter: 94, Error:9.143443897609039e-05
2021-09-26 09:54:31,190 INFO Computing opening width and jaw size
2021-09-26 09:54:31,191 DEBUG w: 152.39453216908365, h: 71.37155437469482
2021-09-26 09:54:31,256 INFO Sampling gripper rotation angle
2021-09-26 09:54:31,256 DEBUG Object yaw: 0.34701190277811145
2021-09-26 09:54:31,256 DEBUG Theta0: 0.34701190277811145
2021-09-26 09:54:31,256 DEBUG Theta: 0.704706695558915
2021-09-26 09:54:31,256 INFO Rotating gripper
2021-09-26 09:54:31,256 DEBUG Gripper pose: [-0.16145882769394848, 0.04899625987414195, 0.9308017490181513, -0.704706695558915]
2021-09-26 09:57:25,163 DEBUG Counter: 164, Error:9.343236682113343e-05
2021-09-26 09:57:25,235 INFO Moving gripper downwards until contact
2021-09-26 09:57:38,812 DEBUG Counter: 10, Error: 0.04991393098658166, Contact:1
2021-09-26 09:57:38,812 INFO Closing gripper
2021-09-26 11:10:29,189 DEBUG Counter: 999, Error: 5.162806128267139e-05
2021-09-26 11:10:29,189 INFO Moving gripper upwards
2021-09-26 11:14:29,470 DEBUG Counter: 89, Error: 9.606184089180881e-05
2021-09-26 11:14:29,471 DEBUG Grasp successful: False
2021-09-26 11:14:29,471 INFO Saving data
