2021-09-25 18:43:49,592 INFO Grasp attempt: 7
2021-09-25 18:44:47,911 INFO Sampling opening angle
2021-09-25 18:44:47,912 DEBUG Opening angle: 0.3579124171198613
2021-09-25 18:44:47,912 INFO Opening gripper
2021-09-25 18:50:04,850 DEBUG Counter: 171, Error:9.750404743941177e-05
2021-09-25 18:50:04,870 INFO Sampling gripper position
2021-09-25 18:50:04,949 DEBUG u: 838, v: 328, d:0.9967238306999207
2021-09-25 18:50:04,949 DEBUG x_world: -0.03705044463276863, y_world: 0.06526084989309311, z_world:0.06916310638189316
2021-09-25 18:50:04,950 DEBUG Gripper pose: [0.06526084989309311, -0.03705044463276863, 0.9308368936181068, -9.562103494623541e-05]
2021-09-25 18:50:04,950 INFO Moving gripper
2021-09-25 18:50:45,946 DEBUG Counter: 85, Error:9.261239401019677e-05
2021-09-25 18:50:45,946 INFO Computing opening width and jaw size
2021-09-25 18:50:45,947 DEBUG w: 165.9583749869696, h: 71.50338745117188
2021-09-25 18:50:46,010 INFO Sampling gripper rotation angle
2021-09-25 18:50:46,010 DEBUG Object yaw: 0.34700794134230073
2021-09-25 18:50:46,010 DEBUG Theta0: 0.34700794134230073
2021-09-25 18:50:46,010 DEBUG Theta: 0.46874949943728966
2021-09-25 18:50:46,010 INFO Rotating gripper
2021-09-25 18:50:46,010 DEBUG Gripper pose: [0.06524361478500917, -0.03704314184857741, 0.9307461925932136, -0.46874949943728966]
2021-09-25 18:51:55,465 DEBUG Counter: 126, Error:9.77726179429706e-05
2021-09-25 18:51:55,535 INFO Moving gripper downwards until contact
2021-09-25 18:51:59,621 DEBUG Counter: 5, Error: 0.06522982934331117, Contact:1
2021-09-25 18:51:59,621 INFO Closing gripper
2021-09-25 19:59:49,648 DEBUG Counter: 2000, Error: 0.0012137395288025488
2021-09-25 19:59:49,649 INFO Moving gripper upwards
2021-09-25 20:02:07,004 DEBUG Counter: 86, Error: 9.172269857513523e-05
2021-09-25 20:02:07,005 DEBUG Grasp successful: False
2021-09-25 20:02:07,005 INFO Saving data
