2021-09-26 18:16:17,009 INFO Grasp attempt: 16
2021-09-26 18:17:53,906 INFO Sampling opening angle
2021-09-26 18:17:53,906 DEBUG Opening angle: 0.38111931839643126
2021-09-26 18:17:53,907 INFO Opening gripper
2021-09-26 18:48:51,042 DEBUG Counter: 331, Error:9.808939260708138e-05
2021-09-26 18:48:51,068 INFO Sampling gripper position
2021-09-26 18:48:51,199 DEBUG u: 861, v: 446, d:0.9967238306999207
2021-09-26 18:48:51,200 DEBUG x_world: -0.029905404895544052, y_world: 0.02864954061806202, z_world:0.06916310638189316
2021-09-26 18:48:51,201 DEBUG Gripper pose: [0.02864954061806202, -0.029905404895544052, 0.9308368936181068, -9.832329733074e-05]
2021-09-26 18:48:51,201 INFO Moving gripper
2021-09-26 18:51:31,119 DEBUG Counter: 85, Error:9.100946574056923e-05
2021-09-26 18:51:31,119 INFO Computing opening width and jaw size
2021-09-26 18:51:31,121 DEBUG w: 157.63452246446005, h: 71.42706298828125
2021-09-26 18:51:31,221 INFO Sampling gripper rotation angle
2021-09-26 18:51:31,222 DEBUG Object yaw: 0.34701197848476184
2021-09-26 18:51:31,222 DEBUG Theta0: 0.34701197848476184
2021-09-26 18:51:31,222 DEBUG Theta: 0.16553441533441718
2021-09-26 18:51:31,222 INFO Rotating gripper
2021-09-26 18:51:31,222 DEBUG Gripper pose: [0.02864440197813165, -0.02989996217796137, 0.9307461924932, -0.16553441533441718]
2021-09-26 18:54:19,609 DEBUG Counter: 78, Error:9.489738757445713e-05
2021-09-26 18:54:19,717 INFO Moving gripper downwards until contact
2021-09-26 18:54:47,065 DEBUG Counter: 10, Error: 0.05146240470469096, Contact:1
2021-09-26 18:54:47,065 INFO Closing gripper
2021-09-26 19:40:51,111 DEBUG Counter: 432, Error: 9.857408222069264e-05
2021-09-26 19:40:51,111 INFO Moving gripper upwards
2021-09-26 19:44:09,860 DEBUG Counter: 88, Error: 9.73185364432823e-05
2021-09-26 19:44:09,861 DEBUG Grasp successful: False
2021-09-26 19:44:09,861 INFO Saving data
