2021-09-25 14:58:42,116 INFO Grasp attempt: 4
2021-09-25 14:59:13,758 INFO Sampling opening angle
2021-09-25 14:59:13,760 DEBUG Opening angle: 0.15931377679299713
2021-09-25 14:59:13,760 INFO Opening gripper
2021-09-25 15:06:40,286 DEBUG Counter: 361, Error:9.92375249830868e-05
2021-09-25 15:06:40,310 INFO Sampling gripper position
2021-09-25 15:06:40,392 DEBUG u: 1109, v: 1035, d:0.9967238306999207
2021-09-25 15:06:40,393 DEBUG x_world: 0.047136589884757996, y_world: -0.154096782207489, z_world:0.06916310638189316
2021-09-25 15:06:40,393 DEBUG Gripper pose: [-0.154096782207489, 0.047136589884757996, 0.9308368936181068, -9.285777797590694e-05]
2021-09-25 15:06:40,393 INFO Moving gripper
2021-09-25 15:07:12,959 DEBUG Counter: 92, Error:9.60009259921178e-05
2021-09-25 15:07:12,959 INFO Computing opening width and jaw size
2021-09-25 15:07:12,961 DEBUG w: 234.50683713401418, h: 72.34476375579834
2021-09-25 15:07:13,057 INFO Sampling gripper rotation angle
2021-09-25 15:07:13,058 DEBUG Object yaw: 0.3470124327328735
2021-09-25 15:07:13,058 DEBUG Theta0: 0.3470124327328735
2021-09-25 15:07:13,058 DEBUG Theta: 0.773819089987333
2021-09-25 15:07:13,058 INFO Rotating gripper
2021-09-25 15:07:13,058 DEBUG Gripper pose: [-0.15401128922207075, 0.0471316333730423, 0.9307935051377552, -0.773819089987333]
2021-09-25 15:08:19,469 DEBUG Counter: 175, Error:9.349055521168381e-05
2021-09-25 15:08:19,539 INFO Moving gripper downwards until contact
2021-09-25 15:08:24,927 DEBUG Counter: 15, Error: 0.028621574156535105, Contact:1
2021-09-25 15:08:24,928 INFO Closing gripper
2021-09-25 15:56:04,883 DEBUG Counter: 2000, Error: 0.49234968739846546
2021-09-25 15:56:04,884 INFO Moving gripper upwards
2021-09-25 15:58:01,420 DEBUG Counter: 96, Error: 9.480116008430096e-05
2021-09-25 15:58:01,421 DEBUG Grasp successful: False
2021-09-25 15:58:01,421 INFO Saving data
