2021-09-25 15:58:01,525 INFO Grasp attempt: 5
2021-09-25 15:58:57,927 INFO Sampling opening angle
2021-09-25 15:58:57,929 DEBUG Opening angle: 0.07850880207605396
2021-09-25 15:58:57,929 INFO Opening gripper
2021-09-25 16:07:50,925 DEBUG Counter: 254, Error:9.639670978729697e-05
2021-09-25 16:07:50,951 INFO Sampling gripper position
2021-09-25 16:07:51,080 DEBUG u: 875, v: 156, d:0.9967238306999207
2021-09-25 16:07:51,081 DEBUG x_world: -0.025556271895766258, y_world: 0.11862648278474808, z_world:0.06916310638189316
2021-09-25 16:07:51,082 DEBUG Gripper pose: [0.11862648278474808, -0.025556271895766258, 0.9308368936181068, -9.364072382859405e-05]
2021-09-25 16:07:51,082 INFO Moving gripper
2021-09-25 16:08:34,397 DEBUG Counter: 87, Error:9.295401519574544e-05
2021-09-25 16:08:34,397 INFO Computing opening width and jaw size
2021-09-25 16:08:34,398 DEBUG w: 261.1624158879778, h: 72.79940795898438
2021-09-25 16:08:34,494 INFO Sampling gripper rotation angle
2021-09-25 16:08:34,494 DEBUG Object yaw: 0.34701124667018435
2021-09-25 16:08:34,494 DEBUG Theta0: 0.34701124667018435
2021-09-25 16:08:34,495 DEBUG Theta: 0.3198414366475103
2021-09-25 16:08:34,495 INFO Rotating gripper
2021-09-25 16:08:34,495 DEBUG Gripper pose: [0.11856965435863501, -0.025552694973840436, 0.9307634212793932, -0.3198414366475103]
2021-09-25 16:09:34,452 DEBUG Counter: 103, Error:9.063565520855977e-05
2021-09-25 16:09:34,554 INFO Moving gripper downwards until contact
2021-09-25 16:09:42,403 DEBUG Counter: 11, Error: 0.043871421514169735, Contact:1
2021-09-25 16:09:42,403 INFO Closing gripper
2021-09-25 17:12:00,652 DEBUG Counter: 2000, Error: 0.004540257898325795
2021-09-25 17:12:00,653 INFO Moving gripper upwards
2021-09-25 17:15:21,643 DEBUG Counter: 92, Error: 9.715887012346435e-05
2021-09-25 17:15:21,644 DEBUG Grasp successful: False
2021-09-25 17:15:21,644 INFO Saving data
