2021-09-26 19:44:09,936 INFO Grasp attempt: 17
2021-09-26 19:45:12,606 INFO Sampling opening angle
2021-09-26 19:45:12,607 DEBUG Opening angle: 0.24765049308934098
2021-09-26 19:45:12,607 INFO Opening gripper
2021-09-26 20:19:29,816 DEBUG Counter: 389, Error:9.953971671758377e-05
2021-09-26 20:19:29,834 INFO Sampling gripper position
2021-09-26 20:19:29,911 DEBUG u: 875, v: 420, d:0.9967238306999207
2021-09-26 20:19:29,912 DEBUG x_world: -0.025556271895766258, y_world: 0.036716438829898834, z_world:0.06916310638189316
2021-09-26 20:19:29,912 DEBUG Gripper pose: [0.036716438829898834, -0.025556271895766258, 0.9308368936181068, -9.505633407985091e-05]
2021-09-26 20:19:29,913 INFO Moving gripper
2021-09-26 20:21:11,600 DEBUG Counter: 85, Error:9.109459607003818e-05
2021-09-26 20:21:11,600 INFO Computing opening width and jaw size
2021-09-26 20:21:11,601 DEBUG w: 204.49286001531163, h: 71.9306640625
2021-09-26 20:21:11,668 INFO Sampling gripper rotation angle
2021-09-26 20:21:11,668 DEBUG Object yaw: 0.3470121551351329
2021-09-26 20:21:11,668 DEBUG Theta0: 0.3470121551351329
2021-09-26 20:21:11,669 DEBUG Theta: 0.22042048408312973
2021-09-26 20:21:11,669 INFO Rotating gripper
2021-09-26 20:21:11,669 DEBUG Gripper pose: [0.036709228443385325, -0.025551858870674325, 0.9307461921243538, -0.22042048408312973]
2021-09-26 20:23:35,132 DEBUG Counter: 87, Error:9.22600991052904e-05
2021-09-26 20:23:35,212 INFO Moving gripper downwards until contact
2021-09-26 20:23:55,033 DEBUG Counter: 12, Error: 0.04005046806189586, Contact:1
2021-09-26 20:23:55,033 INFO Closing gripper
