2021-09-25 14:10:46,820 INFO Grasp attempt: 3
2021-09-25 14:12:17,283 INFO Sampling opening angle
2021-09-25 14:12:17,284 DEBUG Opening angle: 0.12848854935261125
2021-09-25 14:12:17,284 INFO Opening gripper
2021-09-25 14:15:07,410 DEBUG Counter: 248, Error:9.980904019013526e-05
2021-09-25 14:15:07,427 INFO Sampling gripper position
2021-09-25 14:15:07,506 DEBUG u: 751, v: 217, d:0.9967238306999207
2021-09-25 14:15:07,507 DEBUG x_world: -0.06407727301120758, y_world: 0.09970030933618546, z_world:0.06916310638189316
2021-09-25 14:15:07,507 DEBUG Gripper pose: [0.09970030933618546, -0.06407727301120758, 0.9308368936181068, -9.535928783259563e-05]
2021-09-25 14:15:07,507 INFO Moving gripper
2021-09-25 14:15:21,540 DEBUG Counter: 86, Error:9.143776041281724e-05
2021-09-25 14:15:21,541 INFO Computing opening width and jaw size
2021-09-25 14:15:21,542 DEBUG w: 244.79406869960061, h: 72.51638793945312
2021-09-25 14:15:21,601 INFO Sampling gripper rotation angle
2021-09-25 14:15:21,602 DEBUG Object yaw: 0.34701003547115455
2021-09-25 14:15:21,602 DEBUG Theta0: 0.34701003547115455
2021-09-25 14:15:21,602 DEBUG Theta: 0.3651349802041246
2021-09-25 14:15:21,602 INFO Rotating gripper
2021-09-25 14:15:21,602 DEBUG Gripper pose: [0.09966195978376739, -0.06406223973677402, 0.9307552592104196, -0.3651349802041246]
2021-09-25 14:16:00,929 DEBUG Counter: 110, Error:9.270355425644584e-05
2021-09-25 14:16:01,045 INFO Moving gripper downwards until contact
2021-09-25 14:16:10,360 DEBUG Counter: 8, Error: 0.05809156384790815, Contact:1
2021-09-25 14:16:10,360 INFO Closing gripper
2021-09-25 14:57:42,781 DEBUG Counter: 2000, Error: 0.2421492623738436
2021-09-25 14:57:42,781 INFO Moving gripper upwards
2021-09-25 14:58:42,006 DEBUG Counter: 85, Error: 9.725106211150333e-05
2021-09-25 14:58:42,006 DEBUG Grasp successful: False
2021-09-25 14:58:42,007 INFO Saving data
