2021-09-25 22:20:33,591 INFO Grasp attempt: 9
2021-09-25 22:22:10,865 INFO Sampling opening angle
2021-09-25 22:22:10,866 DEBUG Opening angle: 0.26190319814979807
2021-09-25 22:22:10,866 INFO Opening gripper
2021-09-25 22:51:04,008 DEBUG Counter: 398, Error:9.66164947512338e-05
2021-09-25 22:51:04,034 INFO Sampling gripper position
2021-09-25 22:51:04,161 DEBUG u: 1121, v: 829, d:0.9967238306999207
2021-09-25 22:51:04,162 DEBUG x_world: 0.05086440593004227, y_world: -0.0901821032166481, z_world:0.06916310638189316
2021-09-25 22:51:04,162 DEBUG Gripper pose: [-0.0901821032166481, 0.05086440593004227, 0.9308368936181068, -9.584770616645825e-05]
2021-09-25 22:51:04,162 INFO Moving gripper
2021-09-25 22:52:04,191 DEBUG Counter: 85, Error:9.728124512250166e-05
2021-09-25 22:52:04,191 INFO Computing opening width and jaw size
2021-09-25 22:52:04,192 DEBUG w: 199.56726186277896, h: 71.86907958984375
2021-09-25 22:52:04,257 INFO Sampling gripper rotation angle
2021-09-25 22:52:04,257 DEBUG Object yaw: 0.34701387127807587
2021-09-25 22:52:04,257 DEBUG Theta0: 0.34701387127807587
2021-09-25 22:52:04,257 DEBUG Theta: 0.5605205217795843
2021-09-25 22:52:04,257 INFO Rotating gripper
2021-09-25 22:52:04,257 DEBUG Gripper pose: [-0.09014891272540827, 0.050852804837196224, 0.930746188344894, -0.5605205217795843]
2021-09-25 22:54:09,954 DEBUG Counter: 141, Error:9.384384326327488e-05
2021-09-25 22:54:10,058 INFO Moving gripper downwards until contact
2021-09-25 22:54:27,536 DEBUG Counter: 12, Error: 0.04226942336885437, Contact:1
2021-09-25 22:54:27,536 INFO Closing gripper
2021-09-26 01:08:53,030 DEBUG Counter: 2000, Error: 0.003452223755739281
2021-09-26 01:08:53,030 INFO Moving gripper upwards
2021-09-26 01:11:56,649 DEBUG Counter: 90, Error: 9.29544684193994e-05
2021-09-26 01:11:56,650 DEBUG Grasp successful: False
2021-09-26 01:11:56,650 INFO Saving data
