2021-09-26 04:15:41,874 INFO Grasp attempt: 11
2021-09-26 04:16:58,370 INFO Sampling opening angle
2021-09-26 04:16:58,370 DEBUG Opening angle: 0.3673430915835659
2021-09-26 04:16:58,371 INFO Opening gripper
2021-09-26 04:23:20,964 DEBUG Counter: 111, Error:9.817747018059375e-05
2021-09-26 04:23:20,982 INFO Sampling gripper position
2021-09-26 04:23:21,061 DEBUG u: 1083, v: 1038, d:0.9967238306999207
2021-09-26 04:23:21,062 DEBUG x_world: 0.0390595868229866, y_world: -0.15502755343914032, z_world:0.06916310638189316
2021-09-26 04:23:21,062 DEBUG Gripper pose: [-0.15502755343914032, 0.0390595868229866, 0.9308368936181068, -9.459635843909035e-05]
2021-09-26 04:23:21,062 INFO Moving gripper
2021-09-26 04:24:39,138 DEBUG Counter: 92, Error:9.76848133100617e-05
2021-09-26 04:24:39,138 INFO Computing opening width and jaw size
2021-09-26 04:24:39,139 DEBUG w: 162.51971527783726, h: 71.46256041526794
2021-09-26 04:24:39,205 INFO Sampling gripper rotation angle
2021-09-26 04:24:39,205 DEBUG Object yaw: 0.3470062763449677
2021-09-26 04:24:39,205 DEBUG Theta0: 0.3470062763449677
2021-09-26 04:24:39,206 DEBUG Theta: 0.3507215173385547
2021-09-26 04:24:39,206 INFO Rotating gripper
2021-09-26 04:24:39,206 DEBUG Gripper pose: [-0.15494011397412996, 0.039055826698217694, 0.930793505553252, -0.3507215173385547]
2021-09-26 04:26:20,619 DEBUG Counter: 107, Error:9.986386769023091e-05
2021-09-26 04:26:20,689 INFO Moving gripper downwards until contact
2021-09-26 04:26:32,791 DEBUG Counter: 10, Error: 0.05004166846595065, Contact:1
2021-09-26 04:26:32,792 INFO Closing gripper
2021-09-26 06:51:52,066 DEBUG Counter: 2000, Error: 0.0009931253322797984
2021-09-26 06:51:52,066 INFO Moving gripper upwards
2021-09-26 06:56:25,356 DEBUG Counter: 89, Error: 9.614303201175419e-05
2021-09-26 06:56:25,356 DEBUG Grasp successful: False
2021-09-26 06:56:25,357 INFO Saving data
