2021-09-26 11:14:29,548 INFO Grasp attempt: 14
2021-09-26 11:16:14,970 INFO Sampling opening angle
2021-09-26 11:16:14,971 DEBUG Opening angle: 0.2433413361140464
2021-09-26 11:16:14,971 INFO Opening gripper
2021-09-26 11:59:08,761 DEBUG Counter: 461, Error:9.667958698708623e-05
2021-09-26 11:59:08,787 INFO Sampling gripper position
2021-09-26 11:59:08,930 DEBUG u: 936, v: 296, d:0.9967238306999207
2021-09-26 11:59:08,930 DEBUG x_world: -0.00660641398280859, y_world: 0.07518934458494186, z_world:0.06916310638189316
2021-09-26 11:59:08,931 DEBUG Gripper pose: [0.07518934458494186, -0.00660641398280859, 0.9308368936181068, -9.35883484139192e-05]
2021-09-26 11:59:08,931 INFO Moving gripper
2021-09-26 12:01:26,244 DEBUG Counter: 85, Error:9.340968239686228e-05
2021-09-26 12:01:26,244 INFO Computing opening width and jaw size
2021-09-26 12:01:26,246 DEBUG w: 205.9793712123155, h: 71.9495849609375
2021-09-26 12:01:26,340 INFO Sampling gripper rotation angle
2021-09-26 12:01:26,340 DEBUG Object yaw: 0.3470161429525888
2021-09-26 12:01:26,341 DEBUG Theta0: 0.3470161429525888
2021-09-26 12:01:26,341 DEBUG Theta: 0.49463739139373775
2021-09-26 12:01:26,341 INFO Rotating gripper
2021-09-26 12:01:26,341 DEBUG Gripper pose: [0.07516703352646237, -0.0066055202726888335, 0.9307461919824147, -0.49463739139373775]
2021-09-26 12:05:27,047 DEBUG Counter: 130, Error:9.901782420518325e-05
2021-09-26 12:05:27,157 INFO Moving gripper downwards until contact
2021-09-26 12:05:47,173 DEBUG Counter: 8, Error: 0.057376430729760224, Contact:1
2021-09-26 12:05:47,173 INFO Closing gripper
2021-09-26 14:41:45,431 DEBUG Counter: 2000, Error: 0.0017888788270279399
2021-09-26 14:41:45,431 INFO Moving gripper upwards
2021-09-26 14:46:53,715 DEBUG Counter: 88, Error: 9.977623899609832e-05
2021-09-26 14:46:53,716 DEBUG Grasp successful: False
2021-09-26 14:46:53,716 INFO Saving data
