2021-09-26 12:31:09,363 INFO Grasp attempt: 15
2021-09-26 12:40:59,249 INFO Sampling opening angle
2021-09-26 12:40:59,249 DEBUG Opening angle: 0.09302715695133688
2021-09-26 12:40:59,250 INFO Opening gripper
2021-09-26 12:59:02,132 DEBUG Counter: 254, Error:9.798555419467114e-05
2021-09-26 12:59:02,152 INFO Sampling gripper position
2021-09-26 12:59:02,237 DEBUG u: 1411, v: 346, d:0.9967908263206482
2021-09-26 12:59:02,237 DEBUG x_world: 0.1405101716518402, y_world: 0.060389649122953415, z_world:0.06794103235006332
2021-09-26 12:59:02,238 DEBUG Gripper pose: [0.060389649122953415, 0.1405101716518402, 0.9320589676499367, 9.730509164154746e-05]
2021-09-26 12:59:02,238 INFO Moving gripper
2021-09-26 13:00:24,927 DEBUG Counter: 90, Error:9.256276288328175e-05
2021-09-26 13:00:24,927 INFO Computing opening width and jaw size
2021-09-26 13:00:24,928 DEBUG w: 255.6851820744223, h: 72.5
2021-09-26 13:00:24,990 INFO Sampling gripper rotation angle
2021-09-26 13:00:24,991 DEBUG Object yaw: 1.8850444854734953
2021-09-26 13:00:24,991 DEBUG Theta0: -1.2565481681162978
2021-09-26 13:00:24,991 DEBUG Theta: -1.115726350460136
2021-09-26 13:00:24,991 INFO Rotating gripper
2021-09-26 13:00:24,991 DEBUG Gripper pose: [0.06038069719638779, 0.1404363007759813, 0.9320039147500749, 1.115726350460136]
2021-09-26 13:04:16,912 DEBUG Counter: 229, Error:9.799122473008737e-05
2021-09-26 13:04:16,979 INFO Moving gripper downwards until contact
2021-09-26 13:04:30,262 DEBUG Counter: 13, Error: 0.03442862191388981, Contact:1
2021-09-26 13:04:30,262 INFO Closing gripper
2021-09-26 15:30:53,074 DEBUG Counter: 2000, Error: 0.0017102189400217682
2021-09-26 15:30:53,075 INFO Moving gripper upwards
2021-09-26 15:37:33,467 DEBUG Counter: 90, Error: 9.501701101748699e-05
2021-09-26 15:37:33,468 DEBUG Grasp successful: False
2021-09-26 15:37:33,468 INFO Saving data
