2021-09-26 06:38:43,081 INFO Grasp attempt: 13
2021-09-26 06:41:38,316 INFO Sampling opening angle
2021-09-26 06:41:38,317 DEBUG Opening angle: 0.3943393859864071
2021-09-26 06:41:38,317 INFO Opening gripper
2021-09-26 06:58:40,417 DEBUG Counter: 302, Error:9.714658853882119e-05
2021-09-26 06:58:40,433 INFO Sampling gripper position
2021-09-26 06:58:40,511 DEBUG u: 634, v: 732, d:0.9967908263206482
2021-09-26 06:58:40,511 DEBUG x_world: -0.10155203193426132, y_world: -0.0597124882042408, z_world:0.06794103235006332
2021-09-26 06:58:40,511 DEBUG Gripper pose: [-0.0597124882042408, -0.10155203193426132, 0.9320589676499367, 9.001006434154486e-05]
2021-09-26 06:58:40,512 INFO Moving gripper
2021-09-26 06:59:46,777 DEBUG Counter: 86, Error:9.404636940193702e-05
2021-09-26 06:59:46,777 INFO Computing opening width and jaw size
2021-09-26 06:59:46,778 DEBUG w: 152.47784503573442, h: 71.18145751953125
2021-09-26 06:59:46,841 INFO Sampling gripper rotation angle
2021-09-26 06:59:46,842 DEBUG Object yaw: 1.8850503156221727
2021-09-26 06:59:46,842 DEBUG Theta0: -1.2565423379676204
2021-09-26 06:59:46,842 DEBUG Theta: -0.898847545186817
2021-09-26 06:59:46,842 INFO Rotating gripper
2021-09-26 06:59:46,842 DEBUG Gripper pose: [-0.05969909151645216, -0.10151169926059876, 0.9319750717394928, 0.898847545186817]
2021-09-26 07:02:31,123 DEBUG Counter: 195, Error:9.257079614100066e-05
2021-09-26 07:02:31,195 INFO Moving gripper downwards until contact
2021-09-26 07:02:37,250 DEBUG Counter: 4, Error: 0.06552612972708866, Contact:1
2021-09-26 07:02:37,251 INFO Closing gripper
2021-09-26 09:15:09,770 DEBUG Counter: 2000, Error: 0.0023402524354361187
2021-09-26 09:15:09,771 INFO Moving gripper upwards
2021-09-26 09:22:15,285 DEBUG Counter: 86, Error: 9.788715257845954e-05
2021-09-26 09:22:15,285 DEBUG Grasp successful: False
2021-09-26 09:22:15,285 INFO Saving data
