2021-09-26 19:10:20,550 INFO Grasp attempt: 17
2021-09-26 19:13:55,582 INFO Sampling opening angle
2021-09-26 19:13:55,583 DEBUG Opening angle: 0.31701695431683413
2021-09-26 19:13:55,584 INFO Opening gripper
2021-09-26 19:26:09,460 DEBUG Counter: 145, Error:9.606992584659801e-05
2021-09-26 19:26:09,479 INFO Sampling gripper position
2021-09-26 19:26:09,557 DEBUG u: 1233, v: 491, d:0.9967908263206482
2021-09-26 19:26:09,557 DEBUG x_world: 0.08505704998970032, y_world: 0.015273567289113998, z_world:0.06794103235006332
2021-09-26 19:26:09,558 DEBUG Gripper pose: [0.015273567289113998, 0.08505704998970032, 0.9320589676499367, 9.125866880534182e-05]
2021-09-26 19:26:09,558 INFO Moving gripper
2021-09-26 19:27:39,857 DEBUG Counter: 85, Error:9.765845137725546e-05
2021-09-26 19:27:39,857 INFO Computing opening width and jaw size
2021-09-26 19:27:39,858 DEBUG w: 179.81933686975827, h: 71.44403076171875
2021-09-26 19:27:39,922 INFO Sampling gripper rotation angle
2021-09-26 19:27:39,922 DEBUG Object yaw: 1.8850400412884982
2021-09-26 19:27:39,922 DEBUG Theta0: -1.256552612301295
2021-09-26 19:27:39,922 DEBUG Theta: -1.383144283353298
2021-09-26 19:27:39,922 INFO Rotating gripper
2021-09-26 19:27:39,923 DEBUG Gripper pose: [0.015271242696040509, 0.0850280142807631, 0.9319657544695438, 1.383144283353298]
2021-09-26 19:33:02,239 DEBUG Counter: 272, Error:9.37603102273421e-05
2021-09-26 19:33:02,305 INFO Moving gripper downwards until contact
2021-09-26 19:33:15,919 DEBUG Counter: 11, Error: 0.042292181843327344, Contact:1
2021-09-26 19:33:15,919 INFO Closing gripper
2021-09-26 20:23:17,367 DEBUG Counter: 524, Error: 9.955496161373478e-05
2021-09-26 20:23:17,367 INFO Moving gripper upwards
2021-09-26 20:32:18,710 DEBUG Counter: 90, Error: 9.012674981303594e-05
2021-09-26 20:32:18,710 DEBUG Grasp successful: False
2021-09-26 20:32:18,711 INFO Saving data
