2021-09-25 16:28:31,429 INFO Grasp attempt: 7
2021-09-25 16:29:54,635 INFO Sampling opening angle
2021-09-25 16:29:54,637 DEBUG Opening angle: 0.13273314991224505
2021-09-25 16:29:54,637 INFO Opening gripper
2021-09-25 16:47:10,667 DEBUG Counter: 443, Error:9.55754037383072e-05
2021-09-25 16:47:10,692 INFO Sampling gripper position
2021-09-25 16:47:10,824 DEBUG u: 1319, v: 459, d:0.9967908263206482
2021-09-25 16:47:10,825 DEBUG x_world: 0.11184902489185333, y_world: 0.025230208411812782, z_world:0.06794103235006332
2021-09-25 16:47:10,825 DEBUG Gripper pose: [0.025230208411812782, 0.11184902489185333, 0.9320589676499367, 9.078165274669984e-05]
2021-09-25 16:47:10,826 INFO Moving gripper
2021-09-25 16:47:56,358 DEBUG Counter: 86, Error:9.924406801798999e-05
2021-09-25 16:47:56,359 INFO Computing opening width and jaw size
2021-09-25 16:47:56,360 DEBUG w: 242.68725703875916, h: 72.28399658203125
2021-09-25 16:47:56,462 INFO Sampling gripper rotation angle
2021-09-25 16:47:56,462 DEBUG Object yaw: 1.885058116478958
2021-09-25 16:47:56,462 DEBUG Theta0: -1.2565345371108352
2021-09-25 16:47:56,462 DEBUG Theta: -1.1347929790158462
2021-09-25 16:47:56,462 INFO Rotating gripper
2021-09-25 16:47:56,463 DEBUG Gripper pose: [0.025226298139467262, 0.1117961522526898, 0.9319750714114344, 1.1347929790158462]
2021-09-25 16:50:11,355 DEBUG Counter: 232, Error:9.836830361265037e-05
2021-09-25 16:50:11,456 INFO Moving gripper downwards until contact
2021-09-25 16:50:39,104 DEBUG Counter: 69, Error: 9.31425828933207e-05, Contact:0
2021-09-25 16:50:39,104 INFO Closing gripper
2021-09-25 18:02:59,383 DEBUG Counter: 2000, Error: 0.4426553982216832
2021-09-25 18:02:59,384 INFO Moving gripper upwards
2021-09-25 18:05:48,264 DEBUG Counter: 104, Error: 9.361613746099599e-05
2021-09-25 18:05:48,265 DEBUG Grasp successful: True
2021-09-25 18:05:48,265 INFO Saving data
