2021-09-26 09:22:15,392 INFO Grasp attempt: 14
2021-09-26 09:24:22,786 INFO Sampling opening angle
2021-09-26 09:24:22,787 DEBUG Opening angle: 0.21541303150300817
2021-09-26 09:24:22,787 INFO Opening gripper
2021-09-26 09:49:30,785 DEBUG Counter: 379, Error:9.84618810011273e-05
2021-09-26 09:49:30,805 INFO Sampling gripper position
2021-09-26 09:49:30,886 DEBUG u: 1305, v: 446, d:0.9967908263206482
2021-09-26 09:49:30,887 DEBUG x_world: 0.10748752951622009, y_world: 0.02927509695291519, z_world:0.06794103235006332
2021-09-26 09:49:30,887 DEBUG Gripper pose: [0.02927509695291519, 0.10748752951622009, 0.9320589676499367, 9.271637568848867e-05]
2021-09-26 09:49:30,887 INFO Moving gripper
2021-09-26 09:50:44,543 DEBUG Counter: 86, Error:9.626654339917423e-05
2021-09-26 09:50:44,544 INFO Computing opening width and jaw size
2021-09-26 09:50:44,544 DEBUG w: 214.93518177474178, h: 71.8682861328125
2021-09-26 09:50:44,608 INFO Sampling gripper rotation angle
2021-09-26 09:50:44,608 DEBUG Object yaw: 1.8850506095114246
2021-09-26 09:50:44,608 DEBUG Theta0: -1.2565420440783686
2021-09-26 09:50:44,608 DEBUG Theta: -1.1089207956372196
2021-09-26 09:50:44,608 INFO Rotating gripper
2021-09-26 09:50:44,608 DEBUG Gripper pose: [0.02927033535150129, 0.10744055912330722, 0.9319750727351944, 1.1089207956372196]
2021-09-26 09:54:11,919 DEBUG Counter: 228, Error:9.714866141630196e-05
2021-09-26 09:54:11,987 INFO Moving gripper downwards until contact
2021-09-26 09:55:12,759 DEBUG Counter: 69, Error: 9.314257991453806e-05, Contact:0
2021-09-26 09:55:12,760 INFO Closing gripper
2021-09-26 12:24:59,728 DEBUG Counter: 2000, Error: 0.44064682345453016
2021-09-26 12:24:59,728 INFO Moving gripper upwards
2021-09-26 12:31:09,292 DEBUG Counter: 105, Error: 9.258369903755811e-05
2021-09-26 12:31:09,293 DEBUG Grasp successful: True
2021-09-26 12:31:09,293 INFO Saving data
