2021-09-25 14:20:07,392 INFO Grasp attempt: 5
2021-09-25 14:20:56,697 INFO Sampling opening angle
2021-09-25 14:20:56,698 DEBUG Opening angle: 0.139798050935916
2021-09-25 14:20:56,699 INFO Opening gripper
2021-09-25 14:30:31,125 DEBUG Counter: 417, Error:9.570740231787389e-05
2021-09-25 14:30:31,147 INFO Sampling gripper position
2021-09-25 14:30:31,285 DEBUG u: 1423, v: 353, d:0.9967908263206482
2021-09-25 14:30:31,285 DEBUG x_world: 0.1442486047744751, y_world: 0.058211635798215866, z_world:0.06794103235006332
2021-09-25 14:30:31,286 DEBUG Gripper pose: [0.058211635798215866, 0.1442486047744751, 0.9320589676499367, 9.498628744620535e-05]
2021-09-25 14:30:31,286 INFO Moving gripper
2021-09-25 14:31:00,042 DEBUG Counter: 90, Error:9.871521156287068e-05
2021-09-25 14:31:00,043 INFO Computing opening width and jaw size
2021-09-25 14:31:00,044 DEBUG w: 240.33044561977528, h: 72.24072265625
2021-09-25 14:31:00,139 INFO Sampling gripper rotation angle
2021-09-25 14:31:00,139 DEBUG Object yaw: 1.8850560747979075
2021-09-25 14:31:00,140 DEBUG Theta0: -1.2565365787918856
2021-09-25 14:31:00,140 DEBUG Theta: -1.2837063888145597
2021-09-25 14:31:00,140 INFO Rotating gripper
2021-09-25 14:31:00,140 DEBUG Gripper pose: [0.058203210889582066, 0.14416710017619344, 0.9320039157256528, 1.2837063888145597]
2021-09-25 14:32:03,707 DEBUG Counter: 256, Error:9.54396883381392e-05
2021-09-25 14:32:03,774 INFO Moving gripper downwards until contact
2021-09-25 14:32:06,992 DEBUG Counter: 14, Error: 0.030935396674024996, Contact:1
2021-09-25 14:32:06,993 INFO Closing gripper
2021-09-25 15:21:21,583 DEBUG Counter: 2000, Error: 0.443393694363291
2021-09-25 15:21:21,583 INFO Moving gripper upwards
2021-09-25 15:22:19,826 DEBUG Counter: 95, Error: 9.86569879953817e-05
2021-09-25 15:22:19,826 DEBUG Grasp successful: False
2021-09-25 15:22:19,826 INFO Saving data
