2021-09-26 15:37:33,580 INFO Grasp attempt: 16
2021-09-26 15:40:29,742 INFO Sampling opening angle
2021-09-26 15:40:29,743 DEBUG Opening angle: 0.24120553361899688
2021-09-26 15:40:29,743 INFO Opening gripper
2021-09-26 16:10:39,965 DEBUG Counter: 394, Error:9.528781016551746e-05
2021-09-26 16:10:39,984 INFO Sampling gripper position
2021-09-26 16:10:40,066 DEBUG u: 977, v: 500, d:0.9967908263206482
2021-09-26 16:10:40,066 DEBUG x_world: 0.005304252728819847, y_world: 0.012473240494728088, z_world:0.06794103235006332
2021-09-26 16:10:40,067 DEBUG Gripper pose: [0.012473240494728088, 0.005304252728819847, 0.9320589676499367, 9.814860031005134e-05]
2021-09-26 16:10:40,067 INFO Moving gripper
2021-09-26 16:12:03,309 DEBUG Counter: 85, Error:9.322993836414603e-05
2021-09-26 16:12:03,309 INFO Computing opening width and jaw size
2021-09-26 16:12:03,310 DEBUG w: 206.12310910746515, h: 71.75311279296875
2021-09-26 16:12:03,374 INFO Sampling gripper rotation angle
2021-09-26 16:12:03,374 DEBUG Object yaw: 1.885054397880602
2021-09-26 16:12:03,374 DEBUG Theta0: -1.256538255709191
2021-09-26 16:12:03,374 DEBUG Theta: -1.4380158188595358
2021-09-26 16:12:03,375 INFO Rotating gripper
2021-09-26 16:12:03,375 DEBUG Gripper pose: [0.012471411460100595, 0.005303542132873222, 0.9319657583634191, 1.4380158188595358]
2021-09-26 16:17:33,305 DEBUG Counter: 281, Error:9.111581314735773e-05
2021-09-26 16:17:33,372 INFO Moving gripper downwards until contact
2021-09-26 16:17:50,100 DEBUG Counter: 12, Error: 0.039170856801806216, Contact:1
2021-09-26 16:17:50,100 INFO Closing gripper
2021-09-26 19:07:29,297 DEBUG Counter: 2000, Error: 0.39445527608908754
2021-09-26 19:07:29,297 INFO Moving gripper upwards
2021-09-26 19:10:20,472 DEBUG Counter: 93, Error: 9.893238375724726e-05
2021-09-26 19:10:20,472 DEBUG Grasp successful: False
2021-09-26 19:10:20,472 INFO Saving data
