2021-09-25 14:03:16,061 INFO Grasp attempt: 4
2021-09-25 14:06:37,396 INFO Sampling opening angle
2021-09-25 14:06:37,398 DEBUG Opening angle: 0.3417769285849701
2021-09-25 14:06:37,398 INFO Opening gripper
2021-09-25 14:09:15,493 DEBUG Counter: 145, Error:9.716075703997129e-05
2021-09-25 14:09:15,508 INFO Sampling gripper position
2021-09-25 14:09:15,585 DEBUG u: 669, v: 718, d:0.9967908263206482
2021-09-25 14:09:15,586 DEBUG x_world: -0.09064833074808121, y_world: -0.055356454104185104, z_world:0.06794103235006332
2021-09-25 14:09:15,586 DEBUG Gripper pose: [-0.055356454104185104, -0.09064833074808121, 0.9320589676499367, 9.720600889086484e-05]
2021-09-25 14:09:15,586 INFO Moving gripper
2021-09-25 14:09:30,668 DEBUG Counter: 85, Error:9.995697886810943e-05
2021-09-25 14:09:30,669 INFO Computing opening width and jaw size
2021-09-25 14:09:30,670 DEBUG w: 171.11541849972608, h: 71.3546142578125
2021-09-25 14:09:30,732 INFO Sampling gripper rotation angle
2021-09-25 14:09:30,733 DEBUG Object yaw: 1.8850372733497798
2021-09-25 14:09:30,733 DEBUG Theta0: -1.2565553802400133
2021-09-25 14:09:30,733 DEBUG Theta: -1.0823710710243009
2021-09-25 14:09:30,733 INFO Rotating gripper
2021-09-25 14:09:30,733 DEBUG Gripper pose: [-0.0553432188781593, -0.09061475543358583, 0.9319657532482971, 1.0823710710243009]
2021-09-25 14:10:20,247 DEBUG Counter: 224, Error:9.482909342084511e-05
2021-09-25 14:10:20,347 INFO Moving gripper downwards until contact
2021-09-25 14:10:22,444 DEBUG Counter: 4, Error: 0.06514836868289127, Contact:1
2021-09-25 14:10:22,445 INFO Closing gripper
2021-09-25 14:19:36,418 DEBUG Counter: 500, Error: 9.386590120730176e-05
2021-09-25 14:19:36,418 INFO Moving gripper upwards
2021-09-25 14:20:07,324 DEBUG Counter: 86, Error: 9.656280039449779e-05
2021-09-25 14:20:07,325 DEBUG Grasp successful: False
2021-09-25 14:20:07,325 INFO Saving data
