2021-09-25 19:28:37,366 INFO Grasp attempt: 9
2021-09-25 19:33:28,650 INFO Sampling opening angle
2021-09-25 19:33:28,651 DEBUG Opening angle: 0.2695952105031685
2021-09-25 19:33:28,651 INFO Opening gripper
2021-09-25 19:39:32,409 DEBUG Counter: 181, Error:9.996411322449328e-05
2021-09-25 19:39:32,426 INFO Sampling gripper position
2021-09-25 19:39:32,501 DEBUG u: 613, v: 610, d:0.9967908263206482
2021-09-25 19:39:32,502 DEBUG x_world: -0.10809425264596939, y_world: -0.021752748638391495, z_world:0.06794103235006332
2021-09-25 19:39:32,502 DEBUG Gripper pose: [-0.021752748638391495, -0.10809425264596939, 0.9320589676499367, 9.054669193179488e-05]
2021-09-25 19:39:32,502 INFO Moving gripper
2021-09-25 19:40:12,860 DEBUG Counter: 86, Error:9.667228242102524e-05
2021-09-25 19:40:12,861 INFO Computing opening width and jaw size
2021-09-25 19:40:12,862 DEBUG w: 196.33139137065476, h: 71.62936401367188
2021-09-25 19:40:12,926 INFO Sampling gripper rotation angle
2021-09-25 19:40:12,927 DEBUG Object yaw: 1.8850384387443353
2021-09-25 19:40:12,927 DEBUG Theta0: -1.2565542148454578
2021-09-25 19:40:12,927 DEBUG Theta: -1.0430475643439494
2021-09-25 19:40:12,927 INFO Rotating gripper
2021-09-25 19:40:12,927 DEBUG Gripper pose: [-0.021749522128519872, -0.1080463281906364, 0.9319750726774796, 1.0430475643439494]
2021-09-25 19:42:06,447 DEBUG Counter: 218, Error:9.218180500636386e-05
2021-09-25 19:42:06,514 INFO Moving gripper downwards until contact
2021-09-25 19:42:11,206 DEBUG Counter: 6, Error: 0.06207989221285308, Contact:1
2021-09-25 19:42:11,206 INFO Closing gripper
2021-09-25 21:08:16,559 DEBUG Counter: 2000, Error: 0.001667408838039286
2021-09-25 21:08:16,559 INFO Moving gripper upwards
2021-09-25 21:10:51,483 DEBUG Counter: 86, Error: 9.324631514664364e-05
2021-09-25 21:10:51,484 DEBUG Grasp successful: False
2021-09-25 21:10:51,484 INFO Saving data
