2021-09-26 03:24:32,678 INFO Grasp attempt: 12
2021-09-26 03:27:36,048 INFO Sampling opening angle
2021-09-26 03:27:36,049 DEBUG Opening angle: 0.3891434160102786
2021-09-26 03:27:36,050 INFO Opening gripper
2021-09-26 03:53:27,928 DEBUG Counter: 386, Error:9.757346202721173e-05
2021-09-26 03:53:27,949 INFO Sampling gripper position
2021-09-26 03:53:28,083 DEBUG u: 1041, v: 552, d:0.9967908263206482
2021-09-26 03:53:28,084 DEBUG x_world: 0.02524247020483017, y_world: -0.003706315066665411, z_world:0.06794103235006332
2021-09-26 03:53:28,085 DEBUG Gripper pose: [-0.003706315066665411, 0.02524247020483017, 0.9320589676499367, 9.644769971156403e-05]
2021-09-26 03:53:28,085 INFO Moving gripper
2021-09-26 03:55:02,980 DEBUG Counter: 85, Error:9.331186387303203e-05
2021-09-26 03:55:02,981 INFO Computing opening width and jaw size
2021-09-26 03:55:02,982 DEBUG w: 154.33197113421812, h: 71.1990966796875
2021-09-26 03:55:03,084 INFO Sampling gripper rotation angle
2021-09-26 03:55:03,085 DEBUG Object yaw: 1.8850549117818554
2021-09-26 03:55:03,085 DEBUG Theta0: -1.2565377418079378
2021-09-26 03:55:03,085 DEBUG Theta: -1.3303980109911226
2021-09-26 03:55:03,085 INFO Rotating gripper
2021-09-26 03:55:03,085 DEBUG Gripper pose: [-0.003705834871596399, 0.02523812250770278, 0.9319657583645524, 1.3303980109911226]
2021-09-26 04:00:32,833 DEBUG Counter: 263, Error:9.985520265076708e-05
2021-09-26 04:00:32,937 INFO Moving gripper downwards until contact
2021-09-26 04:00:49,028 DEBUG Counter: 10, Error: 0.04821555818477459, Contact:1
2021-09-26 04:00:49,029 INFO Closing gripper
2021-09-26 06:34:17,258 DEBUG Counter: 2000, Error: 0.0009317371212560488
2021-09-26 06:34:17,259 INFO Moving gripper upwards
2021-09-26 06:38:43,006 DEBUG Counter: 89, Error: 9.749003507313872e-05
2021-09-26 06:38:43,007 DEBUG Grasp successful: False
2021-09-26 06:38:43,007 INFO Saving data
