2021-09-25 13:15:27,065 INFO Grasp attempt: 2
2021-09-25 13:15:31,445 INFO Sampling opening angle
2021-09-25 13:15:31,445 DEBUG Opening angle: 0.38635992277302983
2021-09-25 13:15:31,446 INFO Opening gripper
2021-09-25 13:16:12,891 DEBUG Counter: 374, Error:9.631102092289012e-05
2021-09-25 13:16:12,908 INFO Sampling gripper position
2021-09-25 13:16:12,984 DEBUG u: 656, v: 734, d:0.9967908263206482
2021-09-25 13:16:12,984 DEBUG x_world: -0.09469827264547348, y_world: -0.06033478304743767, z_world:0.06794103235006332
2021-09-25 13:16:12,984 DEBUG Gripper pose: [-0.06033478304743767, -0.09469827264547348, 0.9320589676499367, 9.7356434002288e-05]
2021-09-25 13:16:12,985 INFO Moving gripper
2021-09-25 13:16:16,396 DEBUG Counter: 86, Error:9.139921025966533e-05
2021-09-25 13:16:16,396 INFO Computing opening width and jaw size
2021-09-25 13:16:16,397 DEBUG w: 155.31945895137352, h: 71.20597839355469
2021-09-25 13:16:16,455 INFO Sampling gripper rotation angle
2021-09-25 13:16:16,455 DEBUG Object yaw: 1.8850559289726438
2021-09-25 13:16:16,455 DEBUG Theta0: -1.2565367246171493
2021-09-25 13:16:16,455 DEBUG Theta: -1.0861509723231622
2021-09-25 13:16:16,455 INFO Rotating gripper
2021-09-25 13:16:16,456 DEBUG Gripper pose: [-0.060321158947973956, -0.09466465627717408, 0.9319750740307976, 1.0861509723231622]
2021-09-25 13:16:24,963 DEBUG Counter: 225, Error:9.084790759228412e-05
2021-09-25 13:16:25,030 INFO Moving gripper downwards until contact
2021-09-25 13:16:25,283 DEBUG Counter: 4, Error: 0.06555668738737881, Contact:1
2021-09-25 13:16:25,284 INFO Closing gripper
2021-09-25 13:26:17,246 DEBUG Counter: 1740, Error: 9.532745662388376e-05
2021-09-25 13:26:17,246 INFO Moving gripper upwards
2021-09-25 13:26:45,201 DEBUG Counter: 86, Error: 9.654176612240562e-05
2021-09-25 13:26:45,201 DEBUG Grasp successful: False
2021-09-25 13:26:45,201 INFO Saving data
