2021-09-25 18:05:48,335 INFO Grasp attempt: 8
2021-09-25 18:10:11,392 INFO Sampling opening angle
2021-09-25 18:10:11,393 DEBUG Opening angle: 0.21666633072832414
2021-09-25 18:10:11,393 INFO Opening gripper
2021-09-25 18:17:19,250 DEBUG Counter: 244, Error:9.807052536314753e-05
2021-09-25 18:17:19,271 INFO Sampling gripper position
2021-09-25 18:17:19,357 DEBUG u: 1186, v: 452, d:0.9967908263206482
2021-09-25 18:17:19,358 DEBUG x_world: 0.0704149380326271, y_world: 0.02740822173655033, z_world:0.06794103235006332
2021-09-25 18:17:19,358 DEBUG Gripper pose: [0.02740822173655033, 0.0704149380326271, 0.9320589676499367, 9.849348072299965e-05]
2021-09-25 18:17:19,358 INFO Moving gripper
2021-09-25 18:17:53,414 DEBUG Counter: 85, Error:9.539679687989067e-05
2021-09-25 18:17:53,414 INFO Computing opening width and jaw size
2021-09-25 18:17:53,415 DEBUG w: 214.51330691790528, h: 71.86431884765625
2021-09-25 18:17:53,479 INFO Sampling gripper rotation angle
2021-09-25 18:17:53,479 DEBUG Object yaw: 1.8850436839797489
2021-09-25 18:17:53,479 DEBUG Theta0: -1.2565489696100443
2021-09-25 18:17:53,479 DEBUG Theta: -1.0670198313122214
2021-09-25 18:17:53,479 INFO Rotating gripper
2021-09-25 18:17:53,480 DEBUG Gripper pose: [0.027403384251303557, 0.07039522548926413, 0.9319657551871133, 1.0670198313122214]
2021-09-25 18:19:35,072 DEBUG Counter: 222, Error:9.042247398149961e-05
2021-09-25 18:19:35,141 INFO Moving gripper downwards until contact
2021-09-25 18:20:05,984 DEBUG Counter: 69, Error: 9.315988656609664e-05, Contact:0
2021-09-25 18:20:05,984 INFO Closing gripper
2021-09-25 19:25:20,321 DEBUG Counter: 2000, Error: 0.4365145033858727
2021-09-25 19:25:20,322 INFO Moving gripper upwards
2021-09-25 19:28:37,297 DEBUG Counter: 104, Error: 9.30523422861005e-05
2021-09-25 19:28:37,297 DEBUG Grasp successful: True
2021-09-25 19:28:37,297 INFO Saving data
