2021-09-25 21:10:51,554 INFO Grasp attempt: 10
2021-09-25 21:12:31,820 INFO Sampling opening angle
2021-09-25 21:12:31,821 DEBUG Opening angle: 0.14305672083444754
2021-09-25 21:12:31,821 INFO Opening gripper
2021-09-25 21:50:11,682 DEBUG Counter: 545, Error:9.823753161666837e-05
2021-09-25 21:50:11,713 INFO Sampling gripper position
2021-09-25 21:50:11,855 DEBUG u: 695, v: 646, d:0.9967908263206482
2021-09-25 21:50:11,855 DEBUG x_world: -0.08254843205213547, y_world: -0.032953985035419464, z_world:0.06794103235006332
2021-09-25 21:50:11,856 DEBUG Gripper pose: [-0.032953985035419464, -0.08254843205213547, 0.9320589676499367, 9.232823926220746e-05]
2021-09-25 21:50:11,856 INFO Moving gripper
2021-09-25 21:52:08,293 DEBUG Counter: 85, Error:9.727861505790905e-05
2021-09-25 21:52:08,294 INFO Computing opening width and jaw size
2021-09-25 21:52:08,295 DEBUG w: 239.27313352960343, h: 72.23057556152344
2021-09-25 21:52:08,365 INFO Sampling gripper rotation angle
2021-09-25 21:52:08,365 DEBUG Object yaw: 1.8850646076870092
2021-09-25 21:52:08,365 DEBUG Theta0: -1.2565280459027839
2021-09-25 21:52:08,366 DEBUG Theta: -1.1996547646945668
2021-09-25 21:52:08,366 INFO Rotating gripper
2021-09-25 21:52:08,366 DEBUG Gripper pose: [-0.032947786565328936, -0.0825213036640693, 0.9319657541397729, 1.1996547646945668]
2021-09-25 22:00:21,229 DEBUG Counter: 243, Error:9.154364517938163e-05
2021-09-25 22:00:21,308 INFO Moving gripper downwards until contact
2021-09-25 22:00:58,008 DEBUG Counter: 12, Error: 0.03829217549976979, Contact:1
2021-09-25 22:00:58,009 INFO Closing gripper
2021-09-26 00:32:16,031 DEBUG Counter: 2000, Error: 0.6450101594973008
2021-09-26 00:32:16,032 INFO Moving gripper upwards
2021-09-26 00:35:10,483 DEBUG Counter: 94, Error: 9.118951089186322e-05
2021-09-26 00:35:10,484 DEBUG Grasp successful: False
2021-09-26 00:35:10,484 INFO Saving data
