2021-09-25 13:14:39,240 INFO Grasp attempt: 1
2021-09-25 13:14:39,240 INFO Sampling opening angle
2021-09-25 13:14:39,241 DEBUG Opening angle: 0.3990583813704008
2021-09-25 13:14:39,241 INFO Opening gripper
2021-09-25 13:14:45,147 DEBUG Counter: 356, Error:9.632061489356358e-05
2021-09-25 13:14:45,171 INFO Sampling gripper position
2021-09-25 13:14:45,257 DEBUG u: 1345, v: 453, d:0.9967908263206482
2021-09-25 13:14:45,257 DEBUG x_world: 0.11994890123605728, y_world: 0.027097083628177643, z_world:0.06794103235006332
2021-09-25 13:14:45,257 DEBUG Gripper pose: [0.027097083628177643, 0.11994890123605728, 0.9320589676499367, -4.85462650605382e-13]
2021-09-25 13:14:45,257 INFO Moving gripper
2021-09-25 13:14:45,963 DEBUG Counter: 87, Error:9.597342292568502e-05
2021-09-25 13:14:45,963 INFO Computing opening width and jaw size
2021-09-25 13:14:45,964 DEBUG w: 150.8675537109375, h: 71.16461181640625
2021-09-25 13:14:46,020 INFO Sampling gripper rotation angle
2021-09-25 13:14:46,020 DEBUG Object yaw: 1.885053450470911
2021-09-25 13:14:46,020 DEBUG Theta0: -1.256539203118882
2021-09-25 13:14:46,020 DEBUG Theta: -1.3664365618793988
2021-09-25 13:14:46,021 INFO Rotating gripper
2021-09-25 13:14:46,021 DEBUG Gripper pose: [0.02709322644323791, 0.11988996466898631, 0.9319833204352206, 1.3664365618793988]
2021-09-25 13:14:48,476 DEBUG Counter: 269, Error:9.735645754571642e-05
2021-09-25 13:14:48,538 INFO Moving gripper downwards until contact
2021-09-25 13:14:48,632 DEBUG Counter: 10, Error: 0.0463525250788538, Contact:1
2021-09-25 13:14:48,632 INFO Closing gripper
2021-09-25 13:15:20,865 DEBUG Counter: 545, Error: 8.593687178637399e-05
2021-09-25 13:15:20,866 INFO Moving gripper upwards
2021-09-25 13:15:26,997 DEBUG Counter: 90, Error: 9.482921747986603e-05
2021-09-25 13:15:26,997 DEBUG Grasp successful: False
2021-09-25 13:15:26,997 INFO Saving data
