2021-09-25 13:26:45,270 INFO Grasp attempt: 3
2021-09-25 13:27:07,303 INFO Sampling opening angle
2021-09-25 13:27:07,304 DEBUG Opening angle: 0.1911854685864363
2021-09-25 13:27:07,304 INFO Opening gripper
2021-09-25 13:31:54,983 DEBUG Counter: 583, Error:9.901820079824541e-05
2021-09-25 13:31:54,998 INFO Sampling gripper position
2021-09-25 13:31:55,076 DEBUG u: 1051, v: 522, d:0.9967908263206482
2021-09-25 13:31:55,076 DEBUG x_world: 0.028357798233628273, y_world: 0.005628042854368687, z_world:0.06794103235006332
2021-09-25 13:31:55,077 DEBUG Gripper pose: [0.005628042854368687, 0.028357798233628273, 0.9320589676499367, 9.09896149321894e-05]
2021-09-25 13:31:55,077 INFO Moving gripper
2021-09-25 13:32:06,459 DEBUG Counter: 85, Error:9.335028609760819e-05
2021-09-25 13:32:06,459 INFO Computing opening width and jaw size
2021-09-25 13:32:06,461 DEBUG w: 223.1567393871679, h: 71.98544311523438
2021-09-25 13:32:06,553 INFO Sampling gripper rotation angle
2021-09-25 13:32:06,553 DEBUG Object yaw: 1.8850678906730327
2021-09-25 13:32:06,554 DEBUG Theta0: -1.2565247629167604
2021-09-25 13:32:06,554 DEBUG Theta: -1.2030629482686201
2021-09-25 13:32:06,554 INFO Rotating gripper
2021-09-25 13:32:06,554 DEBUG Gripper pose: [0.005627287196830587, 0.028352729405270616, 0.9319657581446528, 1.2030629482686201]
2021-09-25 13:32:52,331 DEBUG Counter: 243, Error:9.705789703673418e-05
2021-09-25 13:32:52,433 INFO Moving gripper downwards until contact
2021-09-25 13:33:05,471 DEBUG Counter: 69, Error: 9.315988465816391e-05, Contact:0
2021-09-25 13:33:05,471 INFO Closing gripper
2021-09-25 14:01:15,425 DEBUG Counter: 2000, Error: 0.42620039414488176
2021-09-25 14:01:15,426 INFO Moving gripper upwards
2021-09-25 14:03:15,986 DEBUG Counter: 104, Error: 9.086564167077747e-05
2021-09-25 14:03:15,987 DEBUG Grasp successful: True
2021-09-25 14:03:15,987 INFO Saving data
