2021-09-26 00:35:10,594 INFO Grasp attempt: 11
2021-09-26 00:38:02,226 INFO Sampling opening angle
2021-09-26 00:38:02,227 DEBUG Opening angle: 0.3517998091543032
2021-09-26 00:38:02,227 INFO Opening gripper
2021-09-26 00:52:40,147 DEBUG Counter: 219, Error:9.984185892414343e-05
2021-09-26 00:52:40,161 INFO Sampling gripper position
2021-09-26 00:52:40,235 DEBUG u: 646, v: 720, d:0.9967908263206482
2021-09-26 00:52:40,235 DEBUG x_world: -0.09781362116336823, y_world: -0.055978741496801376, z_world:0.06794103235006332
2021-09-26 00:52:40,236 DEBUG Gripper pose: [-0.055978741496801376, -0.09781362116336823, 0.9320589676499367, 9.169296590197264e-05]
2021-09-26 00:52:40,236 INFO Moving gripper
2021-09-26 00:55:37,122 DEBUG Counter: 86, Error:9.230400515572848e-05
2021-09-26 00:55:37,123 INFO Computing opening width and jaw size
2021-09-26 00:55:37,124 DEBUG w: 167.64422696406382, h: 71.31883239746094
2021-09-26 00:55:37,220 INFO Sampling gripper rotation angle
2021-09-26 00:55:37,220 DEBUG Object yaw: 1.8850427368071436
2021-09-26 00:55:37,220 DEBUG Theta0: -1.2565499167826495
2021-09-26 00:55:37,220 DEBUG Theta: -1.2528346757890625
2021-09-26 00:55:37,221 INFO Rotating gripper
2021-09-26 00:55:37,221 DEBUG Gripper pose: [-0.055966625125407295, -0.09777708089399709, 0.9319750746727198, 1.2528346757890625]
2021-09-26 00:59:15,210 DEBUG Counter: 251, Error:9.629941807864917e-05
2021-09-26 00:59:15,278 INFO Moving gripper downwards until contact
2021-09-26 00:59:20,432 DEBUG Counter: 4, Error: 0.06533713732416863, Contact:1
2021-09-26 00:59:20,432 INFO Closing gripper
2021-09-26 03:18:44,758 DEBUG Counter: 2000, Error: 0.0037859190972007184
2021-09-26 03:18:44,759 INFO Moving gripper upwards
2021-09-26 03:24:32,571 DEBUG Counter: 86, Error: 9.040602043394231e-05
2021-09-26 03:24:32,572 DEBUG Grasp successful: False
2021-09-26 03:24:32,572 INFO Saving data
