2021-09-25 15:22:19,893 INFO Grasp attempt: 6
2021-09-25 15:23:34,435 INFO Sampling opening angle
2021-09-25 15:23:34,436 DEBUG Opening angle: 0.23002071773655475
2021-09-25 15:23:34,436 INFO Opening gripper
2021-09-25 15:28:28,760 DEBUG Counter: 163, Error:9.670816430426554e-05
2021-09-25 15:28:28,787 INFO Sampling gripper position
2021-09-25 15:28:28,922 DEBUG u: 718, v: 692, d:0.9967908263206482
2021-09-25 15:28:28,922 DEBUG x_world: -0.07538314908742905, y_world: -0.04726668447256088, z_world:0.06794103235006332
2021-09-25 15:28:28,923 DEBUG Gripper pose: [-0.04726668447256088, -0.07538314908742905, 0.9320589676499367, 9.559329961037052e-05]
2021-09-25 15:28:28,923 INFO Moving gripper
2021-09-25 15:29:09,083 DEBUG Counter: 85, Error:9.643271053461452e-05
2021-09-25 15:29:09,083 INFO Computing opening width and jaw size
2021-09-25 15:29:09,084 DEBUG w: 209.9555065304568, h: 71.80308532714844
2021-09-25 15:29:09,145 INFO Sampling gripper rotation angle
2021-09-25 15:29:09,146 DEBUG Object yaw: 1.8850395313721757
2021-09-25 15:29:09,146 DEBUG Theta0: -1.2565531222176174
2021-09-25 15:29:09,146 DEBUG Theta: -1.1174080758698735
2021-09-25 15:29:09,146 INFO Rotating gripper
2021-09-25 15:29:09,146 DEBUG Gripper pose: [-0.047256281354741976, -0.07536073744802622, 0.9319657541250598, 1.1174080758698735]
2021-09-25 15:30:57,166 DEBUG Counter: 230, Error:9.064247698997718e-05
2021-09-25 15:30:57,236 INFO Moving gripper downwards until contact
2021-09-25 15:30:59,751 DEBUG Counter: 6, Error: 0.06200839397599632, Contact:1
2021-09-25 15:30:59,752 INFO Closing gripper
2021-09-25 16:25:41,354 DEBUG Counter: 2000, Error: 0.003783425451316158
2021-09-25 16:25:41,354 INFO Moving gripper upwards
2021-09-25 16:28:31,325 DEBUG Counter: 86, Error: 9.74054420369393e-05
2021-09-25 16:28:31,326 DEBUG Grasp successful: False
2021-09-25 16:28:31,326 INFO Saving data
