2021-09-25 14:17:17,652 INFO Grasp attempt: 3
2021-09-25 14:17:37,960 INFO Sampling opening angle
2021-09-25 14:17:37,961 DEBUG Opening angle: 0.2951785572977508
2021-09-25 14:17:37,961 INFO Opening gripper
2021-09-25 14:24:04,027 DEBUG Counter: 176, Error:9.622223800243024e-05
2021-09-25 14:24:04,054 INFO Sampling gripper position
2021-09-25 14:24:04,191 DEBUG u: 1094, v: 243, d:0.9967222213745117
2021-09-25 14:24:04,191 DEBUG x_world: 0.04090313985943794, y_world: 0.09161712229251862, z_world:0.06919284164905548
2021-09-25 14:24:04,192 DEBUG Gripper pose: [0.09161712229251862, 0.04090313985943794, 0.9308071583509445, 9.063647807025225e-05]
2021-09-25 14:24:04,192 INFO Moving gripper
2021-09-25 14:24:44,573 DEBUG Counter: 85, Error:9.73169060081748e-05
2021-09-25 14:24:44,573 INFO Computing opening width and jaw size
2021-09-25 14:24:44,574 DEBUG w: 188.00146580202392, h: 71.7374267578125
2021-09-25 14:24:44,668 INFO Sampling gripper rotation angle
2021-09-25 14:24:44,668 DEBUG Object yaw: -0.5278074657367181
2021-09-25 14:24:44,668 DEBUG Theta0: -0.5278074657367181
2021-09-25 14:24:44,668 DEBUG Theta: -0.509682521003748
2021-09-25 14:24:44,668 INFO Rotating gripper
2021-09-25 14:24:44,668 DEBUG Gripper pose: [0.09158271706924212, 0.04089472450447052, 0.9307165159623668, 0.509682521003748]
2021-09-25 14:26:13,285 DEBUG Counter: 133, Error:9.288511923255531e-05
2021-09-25 14:26:13,397 INFO Moving gripper downwards until contact
2021-09-25 14:26:19,008 DEBUG Counter: 6, Error: 0.06297156237098718, Contact:1
2021-09-25 14:26:19,008 INFO Closing gripper
2021-09-25 15:40:16,288 DEBUG Counter: 2000, Error: 0.0021459239303344146
2021-09-25 15:40:16,288 INFO Moving gripper upwards
2021-09-25 15:41:18,999 DEBUG Counter: 84, Error: 9.922170062479108e-05
2021-09-25 15:41:19,000 DEBUG Grasp successful: False
2021-09-25 15:41:19,000 INFO Saving data
