2021-09-26 03:54:26,947 INFO Grasp attempt: 8
2021-09-26 03:55:30,566 INFO Sampling opening angle
2021-09-26 03:55:30,567 DEBUG Opening angle: 0.332415994097745
2021-09-26 03:55:30,567 INFO Opening gripper
2021-09-26 04:51:29,641 DEBUG Counter: 410, Error:9.995012776736756e-05
2021-09-26 04:51:29,655 INFO Sampling gripper position
2021-09-26 04:51:29,774 DEBUG u: 1161, v: 331, d:0.9967222213745117
2021-09-26 04:51:29,775 DEBUG x_world: 0.061715468764305115, y_world: 0.06431566178798676, z_world:0.06919284164905548
2021-09-26 04:51:29,775 DEBUG Gripper pose: [0.06431566178798676, 0.061715468764305115, 0.9308071583509445, 9.81431123088884e-05]
2021-09-26 04:51:29,775 INFO Moving gripper
2021-09-26 04:52:27,060 DEBUG Counter: 85, Error:9.351413949402102e-05
2021-09-26 04:52:27,061 INFO Computing opening width and jaw size
2021-09-26 04:52:27,061 DEBUG w: 174.9212656983348, h: 71.59677124023438
2021-09-26 04:52:27,136 INFO Sampling gripper rotation angle
2021-09-26 04:52:27,136 DEBUG Object yaw: -0.5278243825155501
2021-09-26 04:52:27,136 DEBUG Theta0: -0.5278243825155501
2021-09-26 04:52:27,136 DEBUG Theta: -0.33829524421772716
2021-09-26 04:52:27,136 INFO Rotating gripper
2021-09-26 04:52:27,136 DEBUG Gripper pose: [0.0642988508126754, 0.06169977697312035, 0.9307165159045753, 0.33829524421772716]
2021-09-26 04:53:28,514 DEBUG Counter: 106, Error:9.006696829222529e-05
2021-09-26 04:53:28,608 INFO Moving gripper downwards until contact
2021-09-26 04:53:40,339 DEBUG Counter: 5, Error: 0.06510893150909806, Contact:1
2021-09-26 04:53:40,339 INFO Closing gripper
2021-09-26 07:12:08,838 DEBUG Counter: 2000, Error: 0.0005419327244382544
2021-09-26 07:12:08,838 INFO Moving gripper upwards
2021-09-26 07:14:11,146 DEBUG Counter: 85, Error: 9.720886374220499e-05
2021-09-26 07:14:11,146 DEBUG Grasp successful: False
2021-09-26 07:14:11,146 INFO Saving data
