2021-09-25 22:48:54,077 INFO Grasp attempt: 7
2021-09-25 22:49:54,216 INFO Sampling opening angle
2021-09-25 22:49:54,217 DEBUG Opening angle: 0.38130499323267564
2021-09-25 22:49:54,217 INFO Opening gripper
2021-09-25 23:31:41,498 DEBUG Counter: 414, Error:9.833496325389879e-05
2021-09-25 23:31:41,522 INFO Sampling gripper position
2021-09-25 23:31:41,668 DEBUG u: 1114, v: 349, d:0.9967222213745117
2021-09-25 23:31:41,668 DEBUG x_world: 0.047115784138441086, y_world: 0.05873127654194832, z_world:0.06919284164905548
2021-09-25 23:31:41,668 DEBUG Gripper pose: [0.05873127654194832, 0.047115784138441086, 0.9308071583509445, 9.04216126900707e-05]
2021-09-25 23:31:41,669 INFO Moving gripper
2021-09-25 23:33:21,330 DEBUG Counter: 85, Error:9.23687930990356e-05
2021-09-25 23:33:21,331 INFO Computing opening width and jaw size
2021-09-25 23:33:21,332 DEBUG w: 157.5797127441456, h: 71.4312744140625
2021-09-25 23:33:21,396 INFO Sampling gripper rotation angle
2021-09-25 23:33:21,396 DEBUG Object yaw: -0.5278245232304328
2021-09-25 23:33:21,397 DEBUG Theta0: -0.5278245232304328
2021-09-25 23:33:21,397 DEBUG Theta: -0.4060829651354439
2021-09-25 23:33:21,397 INFO Rotating gripper
2021-09-25 23:33:21,397 DEBUG Gripper pose: [0.05871682132505951, 0.047105430827378766, 0.9307165170270723, 0.4060829651354439]
2021-09-25 23:36:04,964 DEBUG Counter: 116, Error:9.799688232764453e-05
2021-09-25 23:36:05,045 INFO Moving gripper downwards until contact
2021-09-25 23:36:18,945 DEBUG Counter: 6, Error: 0.062279122235035914, Contact:1
2021-09-25 23:36:18,945 INFO Closing gripper
2021-09-26 03:46:17,330 DEBUG Counter: 2000, Error: 0.002251131482047475
2021-09-26 03:46:17,330 INFO Moving gripper upwards
2021-09-26 03:54:26,866 DEBUG Counter: 88, Error: 9.125010601701682e-05
2021-09-26 03:54:26,866 DEBUG Grasp successful: False
2021-09-26 03:54:26,867 INFO Saving data
