2021-09-25 13:23:11,133 INFO Grasp attempt: 2
2021-09-25 13:24:17,898 INFO Sampling opening angle
2021-09-25 13:24:17,899 DEBUG Opening angle: 0.14087577499768514
2021-09-25 13:24:17,899 INFO Opening gripper
2021-09-25 13:26:40,573 DEBUG Counter: 227, Error:9.97347108009361e-05
2021-09-25 13:26:40,606 INFO Sampling gripper position
2021-09-25 13:26:40,716 DEBUG u: 1047, v: 516, d:0.9967222213745117
2021-09-25 13:26:40,716 DEBUG x_world: 0.026303455233573914, y_world: 0.006920525338500738, z_world:0.06919284164905548
2021-09-25 13:26:40,716 DEBUG Gripper pose: [0.006920525338500738, 0.026303455233573914, 0.9308071583509445, 9.69421197022479e-05]
2021-09-25 13:26:40,716 INFO Moving gripper
2021-09-25 13:26:50,375 DEBUG Counter: 85, Error:9.075740448440437e-05
2021-09-25 13:26:50,376 INFO Computing opening width and jaw size
2021-09-25 13:26:50,376 DEBUG w: 240.7066663717803, h: 72.45623779296875
2021-09-25 13:26:50,449 INFO Sampling gripper rotation angle
2021-09-25 13:26:50,449 DEBUG Object yaw: -0.5278141248534559
2021-09-25 13:26:50,449 DEBUG Theta0: -0.5278141248534559
2021-09-25 13:26:50,450 DEBUG Theta: -0.3574283725594689
2021-09-25 13:26:50,450 INFO Rotating gripper
2021-09-25 13:26:50,450 DEBUG Gripper pose: [0.006919584416771108, 0.026298876028211907, 0.930716521426828, 0.3574283725594689]
2021-09-25 13:27:05,141 DEBUG Counter: 109, Error:9.049538769712048e-05
2021-09-25 13:27:05,238 INFO Moving gripper downwards until contact
2021-09-25 13:27:07,624 DEBUG Counter: 13, Error: 0.03623953398437782, Contact:1
2021-09-25 13:27:07,624 INFO Closing gripper
2021-09-25 14:14:40,126 DEBUG Counter: 2000, Error: 0.4266414608527878
2021-09-25 14:14:40,127 INFO Moving gripper upwards
2021-09-25 14:17:17,546 DEBUG Counter: 94, Error: 9.624520062650552e-05
2021-09-25 14:17:17,547 DEBUG Grasp successful: False
2021-09-25 14:17:17,547 INFO Saving data
