2021-09-26 15:01:44,008 INFO Grasp attempt: 11
2021-09-26 15:13:46,288 INFO Sampling opening angle
2021-09-26 15:13:46,288 DEBUG Opening angle: 0.18409617608145368
2021-09-26 15:13:46,289 INFO Opening gripper
2021-09-26 15:49:10,805 DEBUG Counter: 256, Error:9.977394729768219e-05
2021-09-26 15:49:10,826 INFO Sampling gripper position
2021-09-26 15:49:10,939 DEBUG u: 692, v: 1003, d:0.9967222213745117
2021-09-26 15:49:10,939 DEBUG x_world: -0.08397082984447479, y_world: -0.14416827261447906, z_world:0.06919284164905548
2021-09-26 15:49:10,940 DEBUG Gripper pose: [-0.14416827261447906, -0.08397082984447479, 0.9308071583509445, 9.1318252581491e-05]
2021-09-26 15:49:10,940 INFO Moving gripper
2021-09-26 15:51:58,395 DEBUG Counter: 90, Error:9.877568791200331e-05
2021-09-26 15:51:58,396 INFO Computing opening width and jaw size
2021-09-26 15:51:58,397 DEBUG w: 226.1918346249622, h: 72.22588157653809
2021-09-26 15:51:58,505 INFO Sampling gripper rotation angle
2021-09-26 15:51:58,506 DEBUG Object yaw: -0.5278146861750521
2021-09-26 15:51:58,506 DEBUG Theta0: -0.5278146861750521
2021-09-26 15:51:58,506 DEBUG Theta: -0.5240994451814651
2021-09-26 15:51:58,506 INFO Rotating gripper
2021-09-26 15:51:58,506 DEBUG Gripper pose: [-0.14408694679622244, -0.08395417418208169, 0.9307536295108896, 0.5240994451814651]
2021-09-26 15:57:20,591 DEBUG Counter: 135, Error:9.588723727849137e-05
2021-09-26 15:57:20,681 INFO Moving gripper downwards until contact
2021-09-26 15:59:57,999 DEBUG Counter: 69, Error: 9.541182923261164e-05, Contact:0
2021-09-26 15:59:57,999 INFO Closing gripper
