2021-09-26 07:14:11,219 INFO Grasp attempt: 9
2021-09-26 07:14:53,225 INFO Sampling opening angle
2021-09-26 07:14:53,226 DEBUG Opening angle: 0.2537417119390282
2021-09-26 07:14:53,226 INFO Opening gripper
2021-09-26 07:40:27,896 DEBUG Counter: 469, Error:9.662985634789623e-05
2021-09-26 07:40:27,913 INFO Sampling gripper position
2021-09-26 07:40:28,012 DEBUG u: 772, v: 806, d:0.9967222213745117
2021-09-26 07:40:28,012 DEBUG x_world: -0.0591202937066555, y_world: -0.08305022120475769, z_world:0.06919284164905548
2021-09-26 07:40:28,013 DEBUG Gripper pose: [-0.08305022120475769, -0.0591202937066555, 0.9308071583509445, 9.020978605106548e-05]
2021-09-26 07:40:28,013 INFO Moving gripper
2021-09-26 07:41:45,272 DEBUG Counter: 85, Error:9.583541574674352e-05
2021-09-26 07:41:45,273 INFO Computing opening width and jaw size
2021-09-26 07:41:45,274 DEBUG w: 202.4054575451258, h: 71.9090347290039
2021-09-26 07:41:45,338 INFO Sampling gripper rotation angle
2021-09-26 07:41:45,338 DEBUG Object yaw: -0.5278278315781935
2021-09-26 07:41:45,338 DEBUG Theta0: -0.5278278315781935
2021-09-26 07:41:45,339 DEBUG Theta: -0.31432118107668505
2021-09-26 07:41:45,339 INFO Rotating gripper
2021-09-26 07:41:45,339 DEBUG Gripper pose: [-0.08302276274997665, -0.05910564959642689, 0.9307165161410862, 0.31432118107668505]
2021-09-26 07:43:06,470 DEBUG Counter: 102, Error:9.178387194563924e-05
2021-09-26 07:43:06,544 INFO Moving gripper downwards until contact
2021-09-26 07:43:18,378 DEBUG Counter: 14, Error: 0.0320285457034876, Contact:1
2021-09-26 07:43:18,378 INFO Closing gripper
2021-09-26 10:24:15,596 DEBUG Counter: 2000, Error: 0.4265097959530975
2021-09-26 10:24:15,596 INFO Moving gripper upwards
2021-09-26 10:31:14,320 DEBUG Counter: 95, Error: 9.67982446254666e-05
2021-09-26 10:31:14,320 DEBUG Grasp successful: False
2021-09-26 10:31:14,320 INFO Saving data
