2021-09-25 13:14:39,608 INFO Grasp attempt: 1
2021-09-25 13:14:39,608 INFO Sampling opening angle
2021-09-25 13:14:39,608 DEBUG Opening angle: 0.0975754580749455
2021-09-25 13:14:39,608 INFO Opening gripper
2021-09-25 13:14:40,947 DEBUG Counter: 164, Error:9.775597954789217e-05
2021-09-25 13:14:40,960 INFO Sampling gripper position
2021-09-25 13:14:41,025 DEBUG u: 1015, v: 335, d:0.9967222213745117
2021-09-25 13:14:41,025 DEBUG x_world: 0.01636321283876896, y_world: 0.06307468563318253, z_world:0.06919284164905548
2021-09-25 13:14:41,025 DEBUG Gripper pose: [0.06307468563318253, 0.01636321283876896, 0.9308071583509445, -6.741050918692921e-13]
2021-09-25 13:14:41,025 INFO Moving gripper
2021-09-25 13:14:41,398 DEBUG Counter: 85, Error:9.230267346924662e-05
2021-09-25 13:14:41,399 INFO Computing opening width and jaw size
2021-09-25 13:14:41,399 DEBUG w: 255.0572509765625, h: 72.6959228515625
2021-09-25 13:14:41,456 INFO Sampling gripper rotation angle
2021-09-25 13:14:41,456 DEBUG Object yaw: -0.5278166521148363
2021-09-25 13:14:41,456 DEBUG Theta0: -0.5278166521148363
2021-09-25 13:14:41,456 DEBUG Theta: -0.637714010875353
2021-09-25 13:14:41,456 INFO Rotating gripper
2021-09-25 13:14:41,456 DEBUG Gripper pose: [0.06305846380169161, 0.016360695336189193, 0.9307163272004871, 0.637714010875353]
2021-09-25 13:14:42,227 DEBUG Counter: 153, Error:9.69641775588892e-05
2021-09-25 13:14:42,287 INFO Moving gripper downwards until contact
2021-09-25 13:14:42,370 DEBUG Counter: 14, Error: 0.032028700743355266, Contact:1
2021-09-25 13:14:42,370 INFO Closing gripper
2021-09-25 13:22:22,906 DEBUG Counter: 2000, Error: 0.4174682074092261
2021-09-25 13:22:22,906 INFO Moving gripper upwards
2021-09-25 13:23:11,028 DEBUG Counter: 95, Error: 9.271388717291729e-05
2021-09-25 13:23:11,028 DEBUG Grasp successful: True
2021-09-25 13:23:11,028 INFO Saving data
