2021-09-26 10:31:14,393 INFO Grasp attempt: 10
2021-09-26 10:32:08,911 INFO Sampling opening angle
2021-09-26 10:32:08,911 DEBUG Opening angle: 0.17999911575990268
2021-09-26 10:32:08,911 INFO Opening gripper
2021-09-26 10:58:39,931 DEBUG Counter: 245, Error:9.952692807138619e-05
2021-09-26 10:58:39,949 INFO Sampling gripper position
2021-09-26 10:58:40,066 DEBUG u: 806, v: 892, d:0.9967222213745117
2021-09-26 10:58:40,066 DEBUG x_world: -0.048558808863162994, y_world: -0.10973120480775833, z_world:0.06919284164905548
2021-09-26 10:58:40,067 DEBUG Gripper pose: [-0.10973120480775833, -0.048558808863162994, 0.9308071583509445, 9.192976352615603e-05]
2021-09-26 10:58:40,067 INFO Moving gripper
2021-09-26 11:00:40,651 DEBUG Counter: 86, Error:9.618587298603708e-05
2021-09-26 11:00:40,651 INFO Computing opening width and jaw size
2021-09-26 11:00:40,652 DEBUG w: 227.5921642368316, h: 72.25166320800781
2021-09-26 11:00:40,716 INFO Sampling gripper rotation angle
2021-09-26 11:00:40,716 DEBUG Object yaw: -0.5278118804274544
2021-09-26 11:00:40,716 DEBUG Theta0: -0.5278118804274544
2021-09-26 11:00:40,716 DEBUG Theta: -0.4709385992192372
2021-09-26 11:00:40,716 INFO Rotating gripper
2021-09-26 11:00:40,716 DEBUG Gripper pose: [-0.10968119051379162, -0.048549060006866984, 0.9307255786208517, 0.4709385992192372]
2021-09-26 11:04:16,755 DEBUG Counter: 127, Error:9.118713531641735e-05
2021-09-26 11:04:16,829 INFO Moving gripper downwards until contact
2021-09-26 11:04:37,603 DEBUG Counter: 15, Error: 0.02865737122916296, Contact:1
2021-09-26 11:04:37,603 INFO Closing gripper
2021-09-26 14:49:01,986 DEBUG Counter: 2000, Error: 0.3930464376546253
2021-09-26 14:49:01,986 INFO Moving gripper upwards
2021-09-26 15:01:43,902 DEBUG Counter: 95, Error: 9.742428058844763e-05
2021-09-26 15:01:43,903 DEBUG Grasp successful: True
2021-09-26 15:01:43,903 INFO Saving data
