2021-09-25 16:36:07,445 INFO Grasp attempt: 5
2021-09-25 16:37:48,270 INFO Sampling opening angle
2021-09-25 16:37:48,271 DEBUG Opening angle: 0.3748446303203153
2021-09-25 16:37:48,271 INFO Opening gripper
2021-09-25 16:43:45,737 DEBUG Counter: 132, Error:9.936586709036188e-05
2021-09-25 16:43:45,770 INFO Sampling gripper position
2021-09-25 16:43:45,889 DEBUG u: 1058, v: 182, d:0.9967222213745117
2021-09-25 16:43:45,889 DEBUG x_world: 0.029720386490225792, y_world: 0.11054199188947678, z_world:0.06919284164905548
2021-09-25 16:43:45,889 DEBUG Gripper pose: [0.11054199188947678, 0.029720386490225792, 0.9308071583509445, 1.0098891137687074e-05]
2021-09-25 16:43:45,889 INFO Moving gripper
2021-09-25 16:44:23,979 DEBUG Counter: 86, Error:9.641035961844449e-05
2021-09-25 16:44:23,979 INFO Computing opening width and jaw size
2021-09-25 16:44:23,980 DEBUG w: 159.9541626095806, h: 71.44915771484375
2021-09-25 16:44:24,075 INFO Sampling gripper rotation angle
2021-09-25 16:44:24,075 DEBUG Object yaw: -0.5278030563816833
2021-09-25 16:44:24,075 DEBUG Theta0: -0.5278030563816833
2021-09-25 16:44:24,075 DEBUG Theta: -0.5549728664043574
2021-09-25 16:44:24,075 INFO Rotating gripper
2021-09-25 16:44:24,075 DEBUG Gripper pose: [0.11049084203210348, 0.02971552329775175, 0.9307255801743811, 0.5549728664043574]
2021-09-25 16:45:35,978 DEBUG Counter: 140, Error:9.516695336708736e-05
2021-09-25 16:45:36,080 INFO Moving gripper downwards until contact
2021-09-25 16:45:39,487 DEBUG Counter: 4, Error: 0.0667174007429488, Contact:1
2021-09-25 16:45:39,487 INFO Closing gripper
2021-09-25 18:54:22,311 DEBUG Counter: 2000, Error: 0.004460526679010202
2021-09-25 18:54:22,311 INFO Moving gripper upwards
2021-09-25 19:01:08,568 DEBUG Counter: 87, Error: 9.009195360581056e-05
2021-09-25 19:01:08,568 DEBUG Grasp successful: False
2021-09-25 19:01:08,568 INFO Saving data
