2021-09-25 15:41:19,074 INFO Grasp attempt: 4
2021-09-25 15:41:37,618 INFO Sampling opening angle
2021-09-25 15:41:37,618 DEBUG Opening angle: 0.19260237895799076
2021-09-25 15:41:37,619 INFO Opening gripper
2021-09-25 15:47:01,804 DEBUG Counter: 390, Error:9.9291016300046e-05
2021-09-25 15:47:01,819 INFO Sampling gripper position
2021-09-25 15:47:01,906 DEBUG u: 684, v: 1000, d:0.9967222213745117
2021-09-25 15:47:01,906 DEBUG x_world: -0.08645589649677277, y_world: -0.14323754608631134, z_world:0.06919284164905548
2021-09-25 15:47:01,906 DEBUG Gripper pose: [-0.14323754608631134, -0.08645589649677277, 0.9308071583509445, 9.303165908680805e-05]
2021-09-25 15:47:01,906 INFO Moving gripper
2021-09-25 15:47:22,633 DEBUG Counter: 90, Error:9.713530603445586e-05
2021-09-25 15:47:22,633 INFO Computing opening width and jaw size
2021-09-25 15:47:22,634 DEBUG w: 223.31323358078836, h: 72.18400573730469
2021-09-25 15:47:22,699 INFO Sampling gripper rotation angle
2021-09-25 15:47:22,700 DEBUG Object yaw: -0.5278245232304328
2021-09-25 15:47:22,700 DEBUG Theta0: -0.5278245232304328
2021-09-25 15:47:22,700 DEBUG Theta: -0.10101786597597334
2021-09-25 15:47:22,700 INFO Rotating gripper
2021-09-25 15:47:22,700 DEBUG Gripper pose: [-0.14315846008582833, -0.0864381381206667, 0.9307536297391179, 0.10101786597597334]
2021-09-25 15:47:40,380 DEBUG Counter: 68, Error:9.212975460033861e-05
2021-09-25 15:47:40,456 INFO Moving gripper downwards until contact
2021-09-25 15:47:58,269 DEBUG Counter: 69, Error: 9.541182683776636e-05, Contact:0
2021-09-25 15:47:58,270 INFO Closing gripper
2021-09-25 16:34:08,397 DEBUG Counter: 2000, Error: 0.4846128832012669
2021-09-25 16:34:08,397 INFO Moving gripper upwards
2021-09-25 16:36:07,350 DEBUG Counter: 103, Error: 9.905009272822954e-05
2021-09-25 16:36:07,350 DEBUG Grasp successful: True
2021-09-25 16:36:07,350 INFO Saving data
