2021-09-25 19:01:08,652 INFO Grasp attempt: 6
2021-09-25 19:02:05,062 INFO Sampling opening angle
2021-09-25 19:02:05,062 DEBUG Opening angle: 0.2098652852074635
2021-09-25 19:02:05,062 INFO Opening gripper
2021-09-25 19:36:36,425 DEBUG Counter: 402, Error:9.735405044969392e-05
2021-09-25 19:36:36,444 INFO Sampling gripper position
2021-09-25 19:36:36,586 DEBUG u: 648, v: 963, d:0.9967222213745117
2021-09-25 19:36:36,586 DEBUG x_world: -0.09763862937688828, y_world: -0.13175852596759796, z_world:0.06919284164905548
2021-09-25 19:36:36,587 DEBUG Gripper pose: [-0.13175852596759796, -0.09763862937688828, 0.9308071583509445, 9.518328907817814e-05]
2021-09-25 19:36:36,587 INFO Moving gripper
2021-09-25 19:38:12,505 DEBUG Counter: 89, Error:9.206318980419175e-05
2021-09-25 19:38:12,506 INFO Computing opening width and jaw size
2021-09-25 19:38:12,506 DEBUG w: 217.44940304324035, h: 72.10213851928711
2021-09-25 19:38:12,569 INFO Sampling gripper rotation angle
2021-09-25 19:38:12,569 DEBUG Object yaw: -0.5278257899063603
2021-09-25 19:38:12,569 DEBUG Theta0: -0.5278257899063603
2021-09-25 19:38:12,569 DEBUG Theta: -0.38868074355861637
2021-09-25 19:38:12,569 INFO Rotating gripper
2021-09-25 19:38:12,570 DEBUG Gripper pose: [-0.13169345054223536, -0.09761210802764356, 0.9307476819861847, 0.38868074355861637]
2021-09-25 19:40:43,772 DEBUG Counter: 114, Error:9.028306223646254e-05
2021-09-25 19:40:43,851 INFO Moving gripper downwards until contact
2021-09-25 19:41:03,673 DEBUG Counter: 12, Error: 0.04158941460575022, Contact:1
2021-09-25 19:41:03,673 INFO Closing gripper
2021-09-25 22:42:04,556 DEBUG Counter: 2000, Error: 0.0017879850288049504
2021-09-25 22:42:04,557 INFO Moving gripper upwards
2021-09-25 22:48:53,983 DEBUG Counter: 89, Error: 9.888018955276731e-05
2021-09-25 22:48:53,983 DEBUG Grasp successful: False
2021-09-25 22:48:53,983 INFO Saving data
