2021-09-26 04:40:00,707 INFO Grasp attempt: 13
2021-09-26 04:42:47,161 INFO Sampling opening angle
2021-09-26 04:42:47,162 DEBUG Opening angle: 0.35823602114101466
2021-09-26 04:42:47,162 INFO Opening gripper
2021-09-26 05:05:47,877 DEBUG Counter: 330, Error:9.596855198273913e-05
2021-09-26 05:05:47,894 INFO Sampling gripper position
2021-09-26 05:05:47,977 DEBUG u: 1219, v: 668, d:0.9967243075370789
2021-09-26 05:05:47,978 DEBUG x_world: 0.07974477857351303, y_world: -0.03901895508170128, z_world:0.06915461272001266
2021-09-26 05:05:47,978 DEBUG Gripper pose: [-0.03901895508170128, 0.07974477857351303, 0.9308453872799873, -9.689040781986478e-05]
2021-09-26 05:05:47,978 INFO Moving gripper
2021-09-26 05:06:57,588 DEBUG Counter: 85, Error:9.448335813796836e-05
2021-09-26 05:06:57,589 INFO Computing opening width and jaw size
2021-09-26 05:06:57,590 DEBUG w: 165.77136328916103, h: 71.50028991699219
2021-09-26 05:06:57,688 INFO Sampling gripper rotation angle
2021-09-26 05:06:57,689 DEBUG Object yaw: -1.651351124089088
2021-09-26 05:06:57,689 DEBUG Theta0: 1.4902415295007052
2021-09-26 05:06:57,689 DEBUG Theta: 1.8479363222815086
2021-09-26 05:06:57,689 INFO Rotating gripper
2021-09-26 05:06:57,689 DEBUG Gripper pose: [-0.03901110389229491, 0.07971957545353182, 0.9307546664635605, -1.8479363222815086]
2021-09-26 05:13:00,636 DEBUG Counter: 346, Error:9.386771112714364e-05
2021-09-26 05:13:00,737 INFO Moving gripper downwards until contact
2021-09-26 05:13:09,955 DEBUG Counter: 5, Error: 0.06524233717589195, Contact:1
2021-09-26 05:13:09,955 INFO Closing gripper
2021-09-26 06:20:04,863 DEBUG Counter: 908, Error: 4.3317012507149144e-05
2021-09-26 06:20:04,864 INFO Moving gripper upwards
2021-09-26 06:22:32,922 DEBUG Counter: 86, Error: 9.911122741357589e-05
2021-09-26 06:22:32,922 DEBUG Grasp successful: False
2021-09-26 06:22:32,922 INFO Saving data
