2021-09-26 03:35:27,927 INFO Grasp attempt: 12
2021-09-26 03:38:37,146 INFO Sampling opening angle
2021-09-26 03:38:37,147 DEBUG Opening angle: 0.316423703320323
2021-09-26 03:38:37,147 INFO Opening gripper
2021-09-26 03:52:55,758 DEBUG Counter: 213, Error:9.767401008187182e-05
2021-09-26 03:52:55,774 INFO Sampling gripper position
2021-09-26 03:52:55,854 DEBUG u: 626, v: 546, d:0.9967243075370789
2021-09-26 03:52:55,854 DEBUG x_world: -0.10447622090578079, y_world: -0.0011658333241939545, z_world:0.06915461272001266
2021-09-26 03:52:55,855 DEBUG Gripper pose: [-0.0011658333241939545, -0.10447622090578079, 0.9308453872799873, -9.041975639305233e-05]
2021-09-26 03:52:55,855 INFO Moving gripper
2021-09-26 03:53:48,463 DEBUG Counter: 86, Error:9.254749656530543e-05
2021-09-26 03:53:48,464 INFO Computing opening width and jaw size
2021-09-26 03:53:48,465 DEBUG w: 180.60235687291265, h: 71.64814758300781
2021-09-26 03:53:48,531 INFO Sampling gripper rotation angle
2021-09-26 03:53:48,531 DEBUG Object yaw: -1.6513439826860807
2021-09-26 03:53:48,531 DEBUG Theta0: 1.4902486709037124
2021-09-26 03:53:48,531 DEBUG Theta: 1.4163884017205275
2021-09-26 03:53:48,531 INFO Rotating gripper
2021-09-26 03:53:48,532 DEBUG Gripper pose: [-0.00116569796359425, -0.10443264367211387, 0.9307637414258124, -1.4163884017205275]
2021-09-26 03:56:43,529 DEBUG Counter: 277, Error:9.674417673971516e-05
2021-09-26 03:56:43,598 INFO Moving gripper downwards until contact
2021-09-26 03:56:53,092 DEBUG Counter: 12, Error: 0.03949418970739564, Contact:1
2021-09-26 03:56:53,093 INFO Closing gripper
2021-09-26 04:37:00,262 DEBUG Counter: 649, Error: 1.3158505746790894e-05
2021-09-26 04:37:00,262 INFO Moving gripper upwards
2021-09-26 04:40:00,635 DEBUG Counter: 90, Error: 9.2212616900332e-05
2021-09-26 04:40:00,636 DEBUG Grasp successful: False
2021-09-26 04:40:00,636 INFO Saving data
