2021-09-25 22:00:06,451 INFO Grasp attempt: 10
2021-09-25 22:08:20,116 INFO Sampling opening angle
2021-09-25 22:08:20,117 DEBUG Opening angle: 0.24450363762810554
2021-09-25 22:08:20,117 INFO Opening gripper
2021-09-25 22:18:48,179 DEBUG Counter: 216, Error:9.888490697124164e-05
2021-09-25 22:18:48,194 INFO Sampling gripper position
2021-09-25 22:18:48,273 DEBUG u: 905, v: 596, d:0.9967243075370789
2021-09-25 22:18:48,274 DEBUG x_world: -0.017802275717258453, y_world: -0.016679400578141212, z_world:0.06915461272001266
2021-09-25 22:18:48,274 DEBUG Gripper pose: [-0.016679400578141212, -0.017802275717258453, 0.9308453872799873, -9.439794051786075e-05]
2021-09-25 22:18:48,274 INFO Moving gripper
2021-09-25 22:19:29,369 DEBUG Counter: 85, Error:9.079682533695479e-05
2021-09-25 22:19:29,369 INFO Computing opening width and jaw size
2021-09-25 22:19:29,370 DEBUG w: 205.57409779279672, h: 71.94305419921875
2021-09-25 22:19:29,427 INFO Sampling gripper rotation angle
2021-09-25 22:19:29,428 DEBUG Object yaw: -1.651346409291625
2021-09-25 22:19:29,428 DEBUG Theta0: 1.490246244298168
2021-09-25 22:19:29,428 DEBUG Theta: 1.5471195255063852
2021-09-25 22:19:29,428 INFO Rotating gripper
2021-09-25 22:19:29,428 DEBUG Gripper pose: [-0.01667682144547037, -0.017799476245474004, 0.9307546702775916, -1.5471195255063852]
2021-09-25 22:22:08,837 DEBUG Counter: 298, Error:9.487965463363298e-05
2021-09-25 22:22:08,938 INFO Moving gripper downwards until contact
2021-09-25 22:22:21,550 DEBUG Counter: 12, Error: 0.04256063644476756, Contact:1
2021-09-25 22:22:21,551 INFO Closing gripper
2021-09-26 00:48:28,748 DEBUG Counter: 2000, Error: 0.3855552296700975
2021-09-26 00:48:28,749 INFO Moving gripper upwards
2021-09-26 00:51:12,771 DEBUG Counter: 93, Error: 9.056602476601639e-05
2021-09-26 00:51:12,771 DEBUG Grasp successful: False
2021-09-26 00:51:12,771 INFO Saving data
