2021-09-25 19:52:48,666 INFO Grasp attempt: 9
2021-09-25 19:54:32,304 INFO Sampling opening angle
2021-09-25 19:54:32,305 DEBUG Opening angle: 0.07566512432015232
2021-09-25 19:54:32,305 INFO Opening gripper
2021-09-25 20:14:45,932 DEBUG Counter: 590, Error:9.844762866405288e-05
2021-09-25 20:14:45,948 INFO Sampling gripper position
2021-09-25 20:14:46,027 DEBUG u: 1011, v: 576, d:0.9967243075370789
2021-09-25 20:14:46,028 DEBUG x_world: 0.015127625316381454, y_world: -0.010473973117768764, z_world:0.06915461272001266
2021-09-25 20:14:46,028 DEBUG Gripper pose: [-0.010473973117768764, 0.015127625316381454, 0.9308453872799873, -9.62968793485685e-05]
2021-09-25 20:14:46,028 INFO Moving gripper
2021-09-25 20:15:21,107 DEBUG Counter: 85, Error:9.075869950012922e-05
2021-09-25 20:15:21,107 INFO Computing opening width and jaw size
2021-09-25 20:15:21,108 DEBUG w: 262.089295856797, h: 72.81816101074219
2021-09-25 20:15:21,171 INFO Sampling gripper rotation angle
2021-09-25 20:15:21,171 DEBUG Object yaw: -1.6513720673188872
2021-09-25 20:15:21,171 DEBUG Theta0: 1.490220586270906
2021-09-25 20:15:21,171 DEBUG Theta: 1.7037272367724143
2021-09-25 20:15:21,171 INFO Rotating gripper
2021-09-25 20:15:21,171 DEBUG Gripper pose: [-0.010472475185064696, 0.01512532630645818, 0.9307546700694596, -1.7037272367724143]
2021-09-25 20:17:42,348 DEBUG Counter: 323, Error:9.424213125604196e-05
2021-09-25 20:17:42,414 INFO Moving gripper downwards until contact
2021-09-25 20:18:12,651 DEBUG Counter: 69, Error: 9.54097518529523e-05, Contact:0
2021-09-25 20:18:12,651 INFO Closing gripper
2021-09-25 21:56:28,874 DEBUG Counter: 2000, Error: 0.42099052481200233
2021-09-25 21:56:28,875 INFO Moving gripper upwards
2021-09-25 22:00:06,383 DEBUG Counter: 103, Error: 9.944390507847133e-05
2021-09-25 22:00:06,383 DEBUG Grasp successful: True
2021-09-25 22:00:06,383 INFO Saving data
