2021-09-25 14:23:49,946 INFO Grasp attempt: 4
2021-09-25 14:25:39,510 INFO Sampling opening angle
2021-09-25 14:25:39,511 DEBUG Opening angle: 0.3164146245327677
2021-09-25 14:25:39,511 INFO Opening gripper
2021-09-25 14:26:46,982 DEBUG Counter: 72, Error:9.831630084861098e-05
2021-09-25 14:26:46,997 INFO Sampling gripper position
2021-09-25 14:26:47,070 DEBUG u: 1316, v: 653, d:0.9967243075370789
2021-09-25 14:26:47,071 DEBUG x_world: 0.10987869650125504, y_world: -0.03436487913131714, z_world:0.06915461272001266
2021-09-25 14:26:47,071 DEBUG Gripper pose: [-0.03436487913131714, 0.10987869650125504, 0.9308453872799873, -9.329850367764613e-05]
2021-09-25 14:26:47,071 INFO Moving gripper
2021-09-25 14:27:01,413 DEBUG Counter: 86, Error:9.603443253168573e-05
2021-09-25 14:27:01,414 INFO Computing opening width and jaw size
2021-09-25 14:27:01,415 DEBUG w: 180.53625586473234, h: 71.6474609375
2021-09-25 14:27:01,478 INFO Sampling gripper rotation angle
2021-09-25 14:27:01,478 DEBUG Object yaw: -1.6513343464570986
2021-09-25 14:27:01,478 DEBUG Theta0: 1.4902583071326945
2021-09-25 14:27:01,478 DEBUG Theta: 1.917064964387154
2021-09-25 14:27:01,479 INFO Rotating gripper
2021-09-25 14:27:01,479 DEBUG Gripper pose: [-0.034358958014512386, 0.10982848980776495, 0.930763736557172, -1.917064964387154]
2021-09-25 14:29:42,160 DEBUG Counter: 357, Error:9.395218974321556e-05
2021-09-25 14:29:42,256 INFO Moving gripper downwards until contact
2021-09-25 14:29:44,648 DEBUG Counter: 5, Error: 0.06515307408285248, Contact:1
2021-09-25 14:29:44,648 INFO Closing gripper
2021-09-25 14:45:42,838 DEBUG Counter: 750, Error: 7.092128642804951e-06
2021-09-25 14:45:42,838 INFO Moving gripper upwards
2021-09-25 14:46:55,632 DEBUG Counter: 86, Error: 9.516433859333177e-05
2021-09-25 14:46:55,632 DEBUG Grasp successful: False
2021-09-25 14:46:55,632 INFO Saving data
