2021-09-25 14:46:55,733 INFO Grasp attempt: 5
2021-09-25 14:48:07,124 INFO Sampling opening angle
2021-09-25 14:48:07,125 DEBUG Opening angle: 0.3972848364780075
2021-09-25 14:48:07,126 INFO Opening gripper
2021-09-25 14:56:14,436 DEBUG Counter: 302, Error:9.835162799148867e-05
2021-09-25 14:56:14,458 INFO Sampling gripper position
2021-09-25 14:56:14,595 DEBUG u: 683, v: 454, d:0.9967243075370789
2021-09-25 14:56:14,596 DEBUG x_world: -0.08676864206790924, y_world: 0.02737913839519024, z_world:0.06915461272001266
2021-09-25 14:56:14,596 DEBUG Gripper pose: [0.02737913839519024, -0.08676864206790924, 0.9308453872799873, -9.41030734816861e-05]
2021-09-25 14:56:14,596 INFO Moving gripper
2021-09-25 14:56:40,513 DEBUG Counter: 85, Error:9.577135650830189e-05
2021-09-25 14:56:40,513 INFO Computing opening width and jaw size
2021-09-25 14:56:40,515 DEBUG w: 151.85913173377818, h: 71.37570190429688
2021-09-25 14:56:40,601 INFO Sampling gripper rotation angle
2021-09-25 14:56:40,602 DEBUG Object yaw: -1.6513547297447917
2021-09-25 14:56:40,602 DEBUG Theta0: 1.4902379238450014
2021-09-25 14:56:40,602 DEBUG Theta: 1.4630681138223274
2021-09-25 14:56:40,602 INFO Rotating gripper
2021-09-25 14:56:40,602 DEBUG Gripper pose: [0.02737430796982598, -0.08673833656340668, 0.9307546657493836, -1.4630681138223274]
2021-09-25 14:58:13,461 DEBUG Counter: 285, Error:9.102315174282233e-05
2021-09-25 14:58:13,560 INFO Moving gripper downwards until contact
2021-09-25 14:58:18,220 DEBUG Counter: 10, Error: 0.05094257668556884, Contact:1
2021-09-25 14:58:18,220 INFO Closing gripper
2021-09-25 15:30:03,811 DEBUG Counter: 1248, Error: 1.2234568262603496e-05
2021-09-25 15:30:03,812 INFO Moving gripper upwards
2021-09-25 15:31:46,217 DEBUG Counter: 90, Error: 9.01547864179841e-05
2021-09-25 15:31:46,218 DEBUG Grasp successful: False
2021-09-25 15:31:46,218 INFO Saving data
