2021-09-25 13:14:38,792 INFO Grasp attempt: 1
2021-09-25 13:14:38,792 INFO Sampling opening angle
2021-09-25 13:14:38,792 DEBUG Opening angle: 0.08007875368795468
2021-09-25 13:14:38,792 INFO Opening gripper
2021-09-25 13:14:40,178 DEBUG Counter: 155, Error:9.726543234871154e-05
2021-09-25 13:14:40,196 INFO Sampling gripper position
2021-09-25 13:14:40,297 DEBUG u: 541, v: 499, d:0.9967243075370789
2021-09-25 13:14:40,298 DEBUG x_world: -0.13088227808475494, y_world: 0.013416935689747334, z_world:0.06915461272001266
2021-09-25 13:14:40,298 DEBUG Gripper pose: [0.013416935689747334, -0.13088227808475494, 0.9308453872799873, -5.519622618078878e-13]
2021-09-25 13:14:40,298 INFO Moving gripper
2021-09-25 13:14:40,616 DEBUG Counter: 88, Error:9.683966450105618e-05
2021-09-25 13:14:40,616 INFO Computing opening width and jaw size
2021-09-25 13:14:40,616 DEBUG w: 260.71258544921875, h: 72.78643798828125
2021-09-25 13:14:40,673 INFO Sampling gripper rotation angle
2021-09-25 13:14:40,673 DEBUG Object yaw: -1.651337466293688
2021-09-25 13:14:40,673 DEBUG Theta0: 1.4902551872961052
2021-09-25 13:14:40,673 DEBUG Theta: 1.3803578285355884
2021-09-25 13:14:40,674 INFO Rotating gripper
2021-09-25 13:14:40,674 DEBUG Gripper pose: [0.013415480579800533, -0.13081168735759932, 0.9307791094366658, -1.3803578285355884]
2021-09-25 13:14:42,232 DEBUG Counter: 271, Error:9.95580467450863e-05
2021-09-25 13:14:42,323 INFO Moving gripper downwards until contact
2021-09-25 13:14:42,743 DEBUG Counter: 69, Error: 9.536217537406728e-05, Contact:0
2021-09-25 13:14:42,743 INFO Closing gripper
2021-09-25 13:20:12,444 DEBUG Counter: 2000, Error: 0.41004878567674025
2021-09-25 13:20:12,444 INFO Moving gripper upwards
2021-09-25 13:20:38,922 DEBUG Counter: 104, Error: 9.212221590900176e-05
2021-09-25 13:20:38,923 DEBUG Grasp successful: True
2021-09-25 13:20:38,923 INFO Saving data
