2021-09-25 13:41:22,621 INFO Grasp attempt: 3
2021-09-25 13:44:00,137 INFO Sampling opening angle
2021-09-25 13:44:00,138 DEBUG Opening angle: 0.11663447922176227
2021-09-25 13:44:00,139 INFO Opening gripper
2021-09-25 13:48:51,100 DEBUG Counter: 304, Error:9.852766487078446e-05
2021-09-25 13:48:51,116 INFO Sampling gripper position
2021-09-25 13:48:51,192 DEBUG u: 474, v: 477, d:0.9967243075370789
2021-09-25 13:48:51,192 DEBUG x_world: -0.15169644355773926, y_world: 0.020242907106876373, z_world:0.06915461272001266
2021-09-25 13:48:51,192 DEBUG Gripper pose: [0.020242907106876373, -0.15169644355773926, 0.9308453872799873, -9.57842256060823e-05]
2021-09-25 13:48:51,192 INFO Moving gripper
2021-09-25 13:49:01,627 DEBUG Counter: 92, Error:9.11656948338651e-05
2021-09-25 13:49:01,628 INFO Computing opening width and jaw size
2021-09-25 13:49:01,628 DEBUG w: 248.67849866100659, h: 72.5731201171875
2021-09-25 13:49:01,689 INFO Sampling gripper rotation angle
2021-09-25 13:49:01,690 DEBUG Object yaw: -1.6513525108569376
2021-09-25 13:49:01,690 DEBUG Theta0: 1.4902401427328555
2021-09-25 13:49:01,690 DEBUG Theta: 1.5083650874658256
2021-09-25 13:49:01,690 INFO Rotating gripper
2021-09-25 13:49:01,690 DEBUG Gripper pose: [0.020241338381779387, -0.1516162839604696, 0.9308019918656941, -1.5083650874658256]
2021-09-25 13:49:35,781 DEBUG Counter: 292, Error:9.313971397881786e-05
2021-09-25 13:49:35,847 INFO Moving gripper downwards until contact
2021-09-25 13:49:44,273 DEBUG Counter: 69, Error: 9.532181983616875e-05, Contact:0
2021-09-25 13:49:44,273 INFO Closing gripper
2021-09-25 14:22:24,448 DEBUG Counter: 2000, Error: 0.47894859237174847
2021-09-25 14:22:24,448 INFO Moving gripper upwards
2021-09-25 14:23:49,878 DEBUG Counter: 103, Error: 9.653221944275932e-05
2021-09-25 14:23:49,878 DEBUG Grasp successful: True
2021-09-25 14:23:49,878 INFO Saving data
