2021-09-25 16:43:44,176 INFO Grasp attempt: 7
2021-09-25 16:45:06,418 INFO Sampling opening angle
2021-09-25 16:45:06,419 DEBUG Opening angle: 0.25372568282460445
2021-09-25 16:45:06,419 INFO Opening gripper
2021-09-25 16:48:10,096 DEBUG Counter: 124, Error:9.595043898535938e-05
2021-09-25 16:48:10,113 INFO Sampling gripper position
2021-09-25 16:48:10,190 DEBUG u: 440, v: 502, d:0.9967243075370789
2021-09-25 16:48:10,191 DEBUG x_world: -0.16225884854793549, y_world: 0.012486107647418976, z_world:0.06915461272001266
2021-09-25 16:48:10,191 DEBUG Gripper pose: [0.012486107647418976, -0.16225884854793549, 0.9308453872799873, -9.602301667151768e-05]
2021-09-25 16:48:10,191 INFO Moving gripper
2021-09-25 16:48:36,759 DEBUG Counter: 94, Error:9.27495803156575e-05
2021-09-25 16:48:36,759 INFO Computing opening width and jaw size
2021-09-25 16:48:36,760 DEBUG w: 202.42947501058126, h: 71.89312744140625
2021-09-25 16:48:36,820 INFO Sampling gripper rotation angle
2021-09-25 16:48:36,820 DEBUG Object yaw: -1.6513398229939307
2021-09-25 16:48:36,820 DEBUG Theta0: 1.4902528305958624
2021-09-25 16:48:36,821 DEBUG Theta: 1.6119943886908514
2021-09-25 16:48:36,821 INFO Rotating gripper
2021-09-25 16:48:36,821 DEBUG Gripper pose: [0.012485398159537687, -0.16217302000090486, 0.9308102384280816, -1.6119943886908514]
2021-09-25 16:50:05,873 DEBUG Counter: 308, Error:9.823272184572401e-05
2021-09-25 16:50:05,940 INFO Moving gripper downwards until contact
2021-09-25 16:50:25,907 DEBUG Counter: 69, Error: 9.53061343826086e-05, Contact:0
2021-09-25 16:50:25,907 INFO Closing gripper
2021-09-25 18:04:57,242 DEBUG Counter: 2000, Error: 0.4873716519444644
2021-09-25 18:04:57,243 INFO Moving gripper upwards
2021-09-25 18:09:28,540 DEBUG Counter: 104, Error: 9.48811086630331e-05
2021-09-25 18:09:28,541 DEBUG Grasp successful: True
2021-09-25 18:09:28,541 INFO Saving data
