2021-09-25 18:09:28,640 INFO Grasp attempt: 8
2021-09-25 18:18:12,224 INFO Sampling opening angle
2021-09-25 18:18:12,225 DEBUG Opening angle: 0.33113900992789935
2021-09-25 18:18:12,226 INFO Opening gripper
2021-09-25 18:24:57,275 DEBUG Counter: 144, Error:9.998228576957313e-05
2021-09-25 18:24:57,299 INFO Sampling gripper position
2021-09-25 18:24:57,441 DEBUG u: 886, v: 498, d:0.9967243075370789
2021-09-25 18:24:57,442 DEBUG x_world: -0.023704802617430687, y_world: 0.013727197423577309, z_world:0.06915461272001266
2021-09-25 18:24:57,443 DEBUG Gripper pose: [0.013727197423577309, -0.023704802617430687, 0.9308453872799873, -9.83848322813405e-05]
2021-09-25 18:24:57,443 INFO Moving gripper
2021-09-25 18:25:44,304 DEBUG Counter: 85, Error:9.08254398757704e-05
2021-09-25 18:25:44,305 INFO Computing opening width and jaw size
2021-09-25 18:25:44,306 DEBUG w: 175.42651473884797, h: 71.595703125
2021-09-25 18:25:44,402 INFO Sampling gripper rotation angle
2021-09-25 18:25:44,402 DEBUG Object yaw: -1.651340377604731
2021-09-25 18:25:44,402 DEBUG Theta0: 1.490252275985062
2021-09-25 18:25:44,402 DEBUG Theta: 1.679781414282885
2021-09-25 18:25:44,403 INFO Rotating gripper
2021-09-25 18:25:44,403 DEBUG Gripper pose: [0.013725146482491126, -0.02370079340175863, 0.9307546735524761, -1.679781414282885]
2021-09-25 18:28:48,503 DEBUG Counter: 319, Error:9.613776257786254e-05
2021-09-25 18:28:48,599 INFO Moving gripper downwards until contact
2021-09-25 18:28:57,181 DEBUG Counter: 11, Error: 0.04457635725258602, Contact:1
2021-09-25 18:28:57,181 INFO Closing gripper
2021-09-25 19:50:34,336 DEBUG Counter: 2000, Error: 0.0015666368072074777
2021-09-25 19:50:34,336 INFO Moving gripper upwards
2021-09-25 19:52:48,597 DEBUG Counter: 89, Error: 9.744876762739316e-05
2021-09-25 19:52:48,597 DEBUG Grasp successful: False
2021-09-25 19:52:48,598 INFO Saving data
