2021-09-25 15:31:46,320 INFO Grasp attempt: 6
2021-09-25 15:32:59,935 INFO Sampling opening angle
2021-09-25 15:32:59,936 DEBUG Opening angle: 0.01873107436027386
2021-09-25 15:32:59,936 INFO Opening gripper
2021-09-25 15:43:09,568 DEBUG Counter: 531, Error:9.637934200367598e-05
2021-09-25 15:43:09,589 INFO Sampling gripper position
2021-09-25 15:43:09,669 DEBUG u: 1228, v: 628, d:0.9967243075370789
2021-09-25 15:43:09,670 DEBUG x_world: 0.08254070580005646, y_world: -0.026608092710375786, z_world:0.06915461272001266
2021-09-25 15:43:09,670 DEBUG Gripper pose: [-0.026608092710375786, 0.08254070580005646, 0.9308453872799873, -9.116011277572175e-05]
2021-09-25 15:43:09,670 INFO Moving gripper
2021-09-25 15:43:29,443 DEBUG Counter: 85, Error:9.480286744906433e-05
2021-09-25 15:43:29,444 INFO Computing opening width and jaw size
2021-09-25 15:43:29,445 DEBUG w: 280.2757581876915, h: 73.17074584960938
2021-09-25 15:43:29,507 INFO Sampling gripper rotation angle
2021-09-25 15:43:29,507 DEBUG Object yaw: -1.6513656172208613
2021-09-25 15:43:29,507 DEBUG Theta0: 1.4902270363689318
2021-09-25 15:43:29,507 DEBUG Theta: 1.6293720827166758
2021-09-25 15:43:29,507 INFO Rotating gripper
2021-09-25 15:43:29,507 DEBUG Gripper pose: [-0.02660344693069895, 0.08251358222674429, 0.9307546662119902, -1.6293720827166758]
2021-09-25 15:44:45,499 DEBUG Counter: 311, Error:9.587558565683909e-05
2021-09-25 15:44:45,569 INFO Moving gripper downwards until contact
2021-09-25 15:44:49,047 DEBUG Counter: 10, Error: 0.04778720246173249, Contact:1
2021-09-25 15:44:49,047 INFO Closing gripper
2021-09-25 16:42:39,933 DEBUG Counter: 2000, Error: 0.5865047205660939
2021-09-25 16:42:39,933 INFO Moving gripper upwards
2021-09-25 16:43:44,108 DEBUG Counter: 90, Error: 9.910545751751981e-05
2021-09-25 16:43:44,108 DEBUG Grasp successful: False
2021-09-25 16:43:44,108 INFO Saving data
