2021-09-26 00:51:12,842 INFO Grasp attempt: 11
2021-09-26 00:54:42,173 INFO Sampling opening angle
2021-09-26 00:54:42,174 DEBUG Opening angle: 0.18402872816452628
2021-09-26 00:54:42,174 INFO Opening gripper
2021-09-26 01:16:50,381 DEBUG Counter: 269, Error:9.822116242799717e-05
2021-09-26 01:16:50,402 INFO Sampling gripper position
2021-09-26 01:16:50,530 DEBUG u: 1302, v: 655, d:0.9967243075370789
2021-09-26 01:16:50,530 DEBUG x_world: 0.10552949458360672, y_world: -0.03498542308807373, z_world:0.06915461272001266
2021-09-26 01:16:50,531 DEBUG Gripper pose: [-0.03498542308807373, 0.10552949458360672, 0.9308453872799873, -9.50323669733965e-05]
2021-09-26 01:16:50,531 INFO Moving gripper
2021-09-26 01:17:56,144 DEBUG Counter: 86, Error:9.33247990683929e-05
2021-09-26 01:17:56,145 INFO Computing opening width and jaw size
2021-09-26 01:17:56,146 DEBUG w: 226.2110607939846, h: 72.22511291503906
2021-09-26 01:17:56,208 INFO Sampling gripper rotation angle
2021-09-26 01:17:56,208 DEBUG Object yaw: -1.6513484199737742
2021-09-26 01:17:56,208 DEBUG Theta0: 1.4902442336160189
2021-09-26 01:17:56,209 DEBUG Theta: 1.4939594746096059
2021-09-26 01:17:56,209 INFO Rotating gripper
2021-09-26 01:17:56,209 DEBUG Gripper pose: [-0.03497935133456298, 0.1054847050262861, 0.9307637383517305, -1.4939594746096059]
2021-09-26 01:22:16,266 DEBUG Counter: 290, Error:9.028143487483322e-05
2021-09-26 01:22:16,368 INFO Moving gripper downwards until contact
2021-09-26 01:22:26,070 DEBUG Counter: 7, Error: 0.060813736097258646, Contact:1
2021-09-26 01:22:26,071 INFO Closing gripper
2021-09-26 03:31:06,861 DEBUG Counter: 2000, Error: 0.6343101892414207
2021-09-26 03:31:06,861 INFO Moving gripper upwards
2021-09-26 03:35:27,856 DEBUG Counter: 88, Error: 9.481467578875727e-05
2021-09-26 03:35:27,857 DEBUG Grasp successful: False
2021-09-26 03:35:27,857 INFO Saving data
