2021-09-26 12:21:42,515 INFO Grasp attempt: 16
2021-09-26 12:25:25,580 INFO Sampling opening angle
2021-09-26 12:25:25,581 DEBUG Opening angle: 0.17387735202668636
2021-09-26 12:25:25,581 INFO Opening gripper
2021-09-26 12:37:56,056 DEBUG Counter: 159, Error:9.649515466716996e-05
2021-09-26 12:37:56,074 INFO Sampling gripper position
2021-09-26 12:37:56,152 DEBUG u: 592, v: 520, d:0.9967243075370789
2021-09-26 12:37:56,152 DEBUG x_world: -0.11503864079713821, y_world: 0.006901226472109556, z_world:0.06915461272001266
2021-09-26 12:37:56,153 DEBUG Gripper pose: [0.006901226472109556, -0.11503864079713821, 0.9308453872799873, -9.873934725792001e-05]
2021-09-26 12:37:56,153 INFO Moving gripper
2021-09-26 12:39:02,907 DEBUG Counter: 86, Error:9.980200494142344e-05
2021-09-26 12:39:02,908 INFO Computing opening width and jaw size
2021-09-26 12:39:02,908 DEBUG w: 229.70047130736114, h: 72.27703857421875
2021-09-26 12:39:02,972 INFO Sampling gripper rotation angle
2021-09-26 12:39:02,972 DEBUG Object yaw: -1.6513416948236568
2021-09-26 12:39:02,972 DEBUG Theta0: 1.4902509587661363
2021-09-26 12:39:02,972 DEBUG Theta: 1.3087733956157916
2021-09-26 12:39:02,972 INFO Rotating gripper
2021-09-26 12:39:02,972 DEBUG Gripper pose: [0.006900382130549323, -0.11498125298310734, 0.9307637394626349, -1.3087733956157916]
2021-09-26 12:42:29,655 DEBUG Counter: 260, Error:9.534791209176202e-05
2021-09-26 12:42:29,722 INFO Moving gripper downwards until contact
2021-09-26 12:43:25,671 DEBUG Counter: 69, Error: 9.53921470400097e-05, Contact:0
2021-09-26 12:43:25,671 INFO Closing gripper
2021-09-26 15:14:10,291 DEBUG Counter: 2000, Error: 0.4429195093139327
2021-09-26 15:14:10,291 INFO Moving gripper upwards
2021-09-26 15:24:39,780 DEBUG Counter: 105, Error: 9.873902792872626e-05
2021-09-26 15:24:39,781 DEBUG Grasp successful: True
2021-09-26 15:24:39,781 INFO Saving data
