2021-09-26 06:22:32,991 INFO Grasp attempt: 14
2021-09-26 06:26:00,018 INFO Sampling opening angle
2021-09-26 06:26:00,019 DEBUG Opening angle: 0.05638018871804809
2021-09-26 06:26:00,019 INFO Opening gripper
2021-09-26 06:51:12,492 DEBUG Counter: 447, Error:9.74375817470452e-05
2021-09-26 06:51:12,507 INFO Sampling gripper position
2021-09-26 06:51:12,582 DEBUG u: 1171, v: 495, d:0.9967243075370789
2021-09-26 06:51:12,583 DEBUG x_world: 0.06483310461044312, y_world: 0.014658024534583092, z_world:0.06915461272001266
2021-09-26 06:51:12,583 DEBUG Gripper pose: [0.014658024534583092, 0.06483310461044312, 0.9308453872799873, -9.402442134837681e-05]
2021-09-26 06:51:12,583 INFO Moving gripper
2021-09-26 06:52:09,191 DEBUG Counter: 85, Error:9.233277077786869e-05
2021-09-26 06:52:09,191 INFO Computing opening width and jaw size
2021-09-26 06:52:09,192 DEBUG w: 268.30468888092975, h: 72.93438720703125
2021-09-26 06:52:09,257 INFO Sampling gripper rotation angle
2021-09-26 06:52:09,257 DEBUG Object yaw: -1.6513640221304384
2021-09-26 06:52:09,257 DEBUG Theta0: 1.4902286314593547
2021-09-26 06:52:09,258 DEBUG Theta: 1.6378498799005037
2021-09-26 06:52:09,258 INFO Rotating gripper
2021-09-26 06:52:09,258 DEBUG Gripper pose: [0.014655808870509457, 0.06481606044383081, 0.9307546683306067, -1.6378498799005037]
2021-09-26 06:55:46,750 DEBUG Counter: 312, Error:9.942547094357655e-05
2021-09-26 06:55:46,817 INFO Moving gripper downwards until contact
2021-09-26 06:55:57,408 DEBUG Counter: 11, Error: 0.04415925736007299, Contact:1
2021-09-26 06:55:57,408 INFO Closing gripper
2021-09-26 09:11:06,340 DEBUG Counter: 2000, Error: 0.0013504253671312583
2021-09-26 09:11:06,341 INFO Moving gripper upwards
2021-09-26 09:16:05,622 DEBUG Counter: 89, Error: 9.32931803782855e-05
2021-09-26 09:16:05,623 DEBUG Grasp successful: False
2021-09-26 09:16:05,623 INFO Saving data
