2021-09-26 09:16:05,692 INFO Grasp attempt: 15
2021-09-26 09:19:12,389 INFO Sampling opening angle
2021-09-26 09:19:12,390 DEBUG Opening angle: 0.04823889242268873
2021-09-26 09:19:12,390 INFO Opening gripper
2021-09-26 09:53:51,133 DEBUG Counter: 465, Error:9.613684476476869e-05
2021-09-26 09:53:51,150 INFO Sampling gripper position
2021-09-26 09:53:51,224 DEBUG u: 465, v: 451, d:0.9967243075370789
2021-09-26 09:53:51,225 DEBUG x_world: -0.1544923633337021, y_world: 0.028309965506196022, z_world:0.06915461272001266
2021-09-26 09:53:51,225 DEBUG Gripper pose: [0.028309965506196022, -0.1544923633337021, 0.9308453872799873, -9.957751331987758e-05]
2021-09-26 09:53:51,225 INFO Moving gripper
2021-09-26 09:54:56,800 DEBUG Counter: 92, Error:9.663838730120663e-05
2021-09-26 09:54:56,801 INFO Computing opening width and jaw size
2021-09-26 09:54:56,802 DEBUG w: 270.876588478634, h: 72.97537231445312
2021-09-26 09:54:56,864 INFO Sampling gripper rotation angle
2021-09-26 09:54:56,865 DEBUG Object yaw: -1.6513628541857324
2021-09-26 09:54:56,865 DEBUG Theta0: 1.4902297994040608
2021-09-26 09:54:56,865 DEBUG Theta: 1.6310516170602225
2021-09-26 09:54:56,865 INFO Rotating gripper
2021-09-26 09:54:56,865 DEBUG Gripper pose: [0.028307547053171404, -0.15440604256200152, 0.9308020069462154, -1.6310516170602225]
2021-09-26 10:00:34,711 DEBUG Counter: 311, Error:9.857830016201685e-05
2021-09-26 10:00:34,813 INFO Moving gripper downwards until contact
2021-09-26 10:00:55,663 DEBUG Counter: 17, Error: 0.022912398101663504, Contact:1
2021-09-26 10:00:55,663 INFO Closing gripper
2021-09-26 12:20:34,635 DEBUG Counter: 2000, Error: 0.7191465209670675
2021-09-26 12:20:34,635 INFO Moving gripper upwards
2021-09-26 12:21:42,444 DEBUG Counter: 97, Error: 9.96958040143052e-05
2021-09-26 12:21:42,444 DEBUG Grasp successful: False
2021-09-26 12:21:42,444 INFO Saving data
