2021-09-26 18:49:15,721 INFO Grasp attempt: 18
2021-09-26 18:59:15,402 INFO Sampling opening angle
2021-09-26 18:59:15,403 DEBUG Opening angle: 0.3716726071302481
2021-09-26 18:59:15,403 INFO Opening gripper
2021-09-26 19:05:38,576 DEBUG Counter: 77, Error:9.67768306731065e-05
2021-09-26 19:05:38,596 INFO Sampling gripper position
2021-09-26 19:05:38,682 DEBUG u: 1240, v: 625, d:0.9967243075370789
2021-09-26 19:05:38,682 DEBUG x_world: 0.0862685889005661, y_world: -0.025677276775240898, z_world:0.06915461272001266
2021-09-26 19:05:38,683 DEBUG Gripper pose: [-0.025677276775240898, 0.0862685889005661, 0.9308453872799873, -9.288664258372719e-05]
2021-09-26 19:05:38,683 INFO Moving gripper
2021-09-26 19:06:54,103 DEBUG Counter: 85, Error:9.563562734077297e-05
2021-09-26 19:06:54,103 INFO Computing opening width and jaw size
2021-09-26 19:06:54,104 DEBUG w: 160.99707119700935, h: 71.45576477050781
2021-09-26 19:06:54,168 INFO Sampling gripper rotation angle
2021-09-26 19:06:54,169 DEBUG Object yaw: -1.651333029381652
2021-09-26 19:06:54,169 DEBUG Theta0: 1.4902596242081412
2021-09-26 19:06:54,169 DEBUG Theta: 1.608875103120642
2021-09-26 19:06:54,169 INFO Rotating gripper
2021-09-26 19:06:54,169 DEBUG Gripper pose: [-0.025672834355163227, 0.0862386532344842, 0.930754666312086, -1.608875103120642]
2021-09-26 19:11:33,307 DEBUG Counter: 308, Error:9.319294486356128e-05
2021-09-26 19:11:33,373 INFO Moving gripper downwards until contact
2021-09-26 19:11:41,424 DEBUG Counter: 5, Error: 0.06525749925735896, Contact:1
2021-09-26 19:11:41,424 INFO Closing gripper
