2021-09-26 15:24:39,882 INFO Grasp attempt: 17
2021-09-26 15:37:35,342 INFO Sampling opening angle
2021-09-26 15:37:35,343 DEBUG Opening angle: 0.3599641248801085
2021-09-26 15:37:35,343 INFO Opening gripper
2021-09-26 15:42:51,783 DEBUG Counter: 69, Error:9.566085181800243e-05
2021-09-26 15:42:51,802 INFO Sampling gripper position
2021-09-26 15:42:51,885 DEBUG u: 848, v: 516, d:0.9967243075370789
2021-09-26 15:42:51,886 DEBUG x_world: -0.035509854555130005, y_world: 0.008142315782606602, z_world:0.06915461272001266
2021-09-26 15:42:51,886 DEBUG Gripper pose: [0.008142315782606602, -0.035509854555130005, 0.9308453872799873, -9.549840728930539e-05]
2021-09-26 15:42:51,886 INFO Moving gripper
2021-09-26 15:44:01,872 DEBUG Counter: 85, Error:9.098417199454112e-05
2021-09-26 15:44:01,872 INFO Computing opening width and jaw size
2021-09-26 15:44:01,873 DEBUG w: 165.22631931400895, h: 71.4951171875
2021-09-26 15:44:01,936 INFO Sampling gripper rotation angle
2021-09-26 15:44:01,937 DEBUG Object yaw: -1.6513318509675232
2021-09-26 15:44:01,937 DEBUG Theta0: 1.49026080262227
2021-09-26 15:44:01,937 DEBUG Theta: 1.3636691315702667
2021-09-26 15:44:01,937 INFO Rotating gripper
2021-09-26 15:44:01,937 DEBUG Gripper pose: [0.008141189208078799, -0.03550296728801824, 0.9307546711516799, -1.3636691315702667]
2021-09-26 15:47:52,804 DEBUG Counter: 269, Error:9.27262163928052e-05
2021-09-26 15:47:52,872 INFO Moving gripper downwards until contact
2021-09-26 15:48:06,101 DEBUG Counter: 13, Error: 0.035552934082444344, Contact:1
2021-09-26 15:48:06,102 INFO Closing gripper
2021-09-26 18:42:41,181 DEBUG Counter: 2000, Error: 0.4239377191057624
2021-09-26 18:42:41,182 INFO Moving gripper upwards
2021-09-26 18:49:15,648 DEBUG Counter: 95, Error: 9.546121648520806e-05
2021-09-26 18:49:15,648 DEBUG Grasp successful: True
2021-09-26 18:49:15,648 INFO Saving data
