2021-09-25 13:20:38,986 INFO Grasp attempt: 2
2021-09-25 13:21:23,871 INFO Sampling opening angle
2021-09-25 13:21:23,872 DEBUG Opening angle: 0.18867857760646256
2021-09-25 13:21:23,872 INFO Opening gripper
2021-09-25 13:22:27,823 DEBUG Counter: 202, Error:9.847464967477348e-05
2021-09-25 13:22:27,844 INFO Sampling gripper position
2021-09-25 13:22:27,924 DEBUG u: 562, v: 530, d:0.9967243075370789
2021-09-25 13:22:27,924 DEBUG x_world: -0.1243584156036377, y_world: 0.003798523684963584, z_world:0.06915461272001266
2021-09-25 13:22:27,925 DEBUG Gripper pose: [0.003798523684963584, -0.1243584156036377, 0.9308453872799873, -9.958894714659725e-05]
2021-09-25 13:22:27,925 INFO Moving gripper
2021-09-25 13:22:32,662 DEBUG Counter: 87, Error:9.891515113064249e-05
2021-09-25 13:22:32,662 INFO Computing opening width and jaw size
2021-09-25 13:22:32,663 DEBUG w: 224.6335157310055, h: 72.20062255859375
2021-09-25 13:22:32,726 INFO Sampling gripper rotation angle
2021-09-25 13:22:32,727 DEBUG Object yaw: -1.6513419721361824
2021-09-25 13:22:32,727 DEBUG Theta0: 1.4902506814536107
2021-09-25 13:22:32,727 DEBUG Theta: 1.6606364337475978
2021-09-25 13:22:32,727 INFO Rotating gripper
2021-09-25 13:22:32,727 DEBUG Gripper pose: [0.0037981240209875346, -0.12429220585204233, 0.9307719004363649, -1.6606364337475978]
2021-09-25 13:22:51,411 DEBUG Counter: 316, Error:9.564256728977806e-05
2021-09-25 13:22:51,478 INFO Moving gripper downwards until contact
2021-09-25 13:22:55,871 DEBUG Counter: 69, Error: 9.537787416178891e-05, Contact:0
2021-09-25 13:22:55,871 INFO Closing gripper
2021-09-25 13:39:53,493 DEBUG Counter: 2000, Error: 0.425370792752105
2021-09-25 13:39:53,493 INFO Moving gripper upwards
2021-09-25 13:41:22,517 DEBUG Counter: 104, Error: 9.869200167736896e-05
2021-09-25 13:41:22,518 DEBUG Grasp successful: True
2021-09-25 13:41:22,518 INFO Saving data
