V-HACD V2.2
Syntax: testVHACD [options] --input infile.obj --output outfile.obj --log logfile.txt

Options:
       --input                     Wavefront .obj input file name
       --output                    VRML 2.0 output file name
       --log                       Log file name
       --resolution                Maximum number of voxels generated during the voxelization stage (default=100,000, range=10,000-16,000,000)
       --depth                     Maximum number of clipping stages. During each split stage, parts with a concavity higher than the user defined threshold are clipped according the "best" clipping plane (default=20, range=1-32)
       --concavity                 Maximum allowed concavity (default=0.0025, range=0.0-1.0)
       --planeDownsampling         Controls the granularity of the search for the "best" clipping plane (default=4, range=1-16)
       --convexhullDownsampling    Controls the precision of the convex-hull generation process during the clipping plane selection stage (default=4, range=1-16)
       --alpha                     Controls the bias toward clipping along symmetry planes (default=0.05, range=0.0-1.0)
       --beta                      Controls the bias toward clipping along revolution axes (default=0.05, range=0.0-1.0)
       --gamma                     Controls the maximum allowed concavity during the merge stage (default=0.00125, range=0.0-1.0)
       --delta                     Controls the bias toward maximaxing local concavity (default=0.05, range=0.0-1.0)
       --pca                       Enable/disable normalizing the mesh before applying the convex decomposition (default=0, range={0,1})
       --mode                      0: voxel-based approximate convex decomposition, 1: tetrahedron-based approximate convex decomposition (default=0, range={0,1})
       --maxNumVerticesPerCH       Controls the maximum number of triangles per convex-hull (default=64, range=4-1024)
       --minVolumePerCH            Controls the adaptive sampling of the generated convex-hulls (default=0.0001, range=0.0-0.01)
       --convexhullApproximation   Enable/disable approximation when computing convex-hulls (default=1, range={0,1})
       --oclAcceleration           Enable/disable OpenCL acceleration (default=0, range={0,1})
       --oclPlatformID             OpenCL platform id (default=0, range=0-# OCL platforms)
       --oclDeviceID               OpenCL device id (default=0, range=0-# OCL devices)
       --help                      Print usage

Examples:
       testVHACD.exe --input bunny.obj --output bunny_acd.obj --log log.txt

+ OpenCL (OFF)
+ Parameters
	 input                                       meshes/objects/rock_visual.obj
	 resolution                                  1000000
	 max. depth                                  20
	 max. concavity                              0.001
	 plane down-sampling                         4
	 convex-hull down-sampling                   4
	 alpha                                       0.05
	 beta                                        0.05
	 gamma                                       0.0005
	 pca                                         0
	 mode                                        0
	 max. vertices per convex-hull               64
	 min. volume to add vertices to convex-hulls 0.0001
	 convex-hull approximation                   1
	 OpenCL acceleration                         1
	 OpenCL platform ID                          0
	 OpenCL device ID                            0
	 output                                      meshes/objects/rock_collision.obj
	 log                                         logs/vhacd
+ Load mesh
+ Voxelization
	 dim = 64	-> 87531 voxels
	 dim = 143	-> 954135 voxels
	 dim = 145	-> 994563 voxels
	 time 1.09913s
+ Compute primitive set
	 # primitives               994563
	 # inside surface           917927
	 # on surface               76636
	 time 0.108678s
+ Approximate Convex Decomposition
	 Subdivision level 1
	 -> Part[0] C  = 0.0909346, E  = 0.0707485, VS = 76636, VI = 917927
		 [Regular sampling] Number of clipping planes 101

			 Best  0074 T=0.079802 C=0.076936 B=0.002866 S=0.000000 (0.0, 0.0, 1.0, 0.025)

		 [Refining] Number of clipping planes 9

			 Best  0003 T=0.079813 C=0.076885 B=0.002928 S=0.000000 (0.0, 0.0, 1.0, 0.026)

	 Subdivision level 2
	 -> Part[0] C  = 0.016054, E  = 0.0222227, VS = 24072, VI = 120973
	 -> Part[1] C  = 0.0615048, E  = 0.061032, VS = 66111, VI = 783407
		 [Regular sampling] Number of clipping planes 92

			 Best  0075 T=0.055299 C=0.055173 B=0.000126 S=0.000000 (0.0, 0.0, 1.0, -0.004)

		 [Refining] Number of clipping planes 9

			 Best  0003 T=0.055344 C=0.055155 B=0.000189 S=0.000000 (0.0, 0.0, 1.0, -0.003)

	 Subdivision level 3
	 -> Part[0] C  = 0.0215586, E  = 0.0383958, VS = 41591, VI = 349502
	 -> Part[1] C  = 0.0340461, E  = 0.0422934, VS = 45813, VI = 412612
+ Generate 3 convex-hulls 
	 time 11.271s
+ Merge Convex Hulls
	 time 0.010381s
+ Simplify 3 convex-hulls 
		 Simplify CH[00000] 270 V, 536 T
		 Simplify CH[00001] 323 V, 642 T
		 Simplify CH[00002] 401 V, 798 T
	 time 0.0603963s
+ Generate output: 3 convex-hulls 
	 CH[00000] 64 V, 124 T
	 CH[00001] 64 V, 124 T
	 CH[00002] 64 V, 124 T
